Generating and Compiling synth_mats/vary_col/q_16/r_128_c_32_p_0.05_uniq_16.txt
Running synth_mats/vary_col/q_16/r_128_c_32_p_0.05_uniq_16.txt
Finished running in 28.925ms
Generating and Compiling synth_mats/vary_col/q_16/r_128_c_64_p_0.05_uniq_16.txt
Running synth_mats/vary_col/q_16/r_128_c_64_p_0.05_uniq_16.txt
Finished running in 40.175ms
Generating and Compiling synth_mats/vary_col/q_16/r_128_c_128_p_0.05_uniq_16.txt
Running synth_mats/vary_col/q_16/r_128_c_128_p_0.05_uniq_16.txt
Finished running in 63.194ms
Generating and Compiling synth_mats/vary_col/q_16/r_128_c_256_p_0.05_uniq_16.txt
Running synth_mats/vary_col/q_16/r_128_c_256_p_0.05_uniq_16.txt
Finished running in 136.552ms
Generating and Compiling synth_mats/vary_col/q_16/r_128_c_512_p_0.05_uniq_16.txt
Running synth_mats/vary_col/q_16/r_128_c_512_p_0.05_uniq_16.txt
Finished running in 304.51199999999994ms
Generating and Compiling synth_mats/vary_col/q_16/r_128_c_1024_p_0.05_uniq_16.txt
Running synth_mats/vary_col/q_16/r_128_c_1024_p_0.05_uniq_16.txt
Finished running in 732.288ms
Generating and Compiling synth_mats/vary_col/q_64/r_128_c_32_p_0.05_uniq_64.txt
Running synth_mats/vary_col/q_64/r_128_c_32_p_0.05_uniq_64.txt
Finished running in 27.586ms
Generating and Compiling synth_mats/vary_col/q_64/r_128_c_64_p_0.05_uniq_64.txt
Running synth_mats/vary_col/q_64/r_128_c_64_p_0.05_uniq_64.txt
Finished running in 39.338ms
Generating and Compiling synth_mats/vary_col/q_64/r_128_c_128_p_0.05_uniq_64.txt
Running synth_mats/vary_col/q_64/r_128_c_128_p_0.05_uniq_64.txt
Finished running in 62.709ms
Generating and Compiling synth_mats/vary_col/q_64/r_128_c_256_p_0.05_uniq_64.txt
Running synth_mats/vary_col/q_64/r_128_c_256_p_0.05_uniq_64.txt
Finished running in 134.703ms
Generating and Compiling synth_mats/vary_col/q_64/r_128_c_512_p_0.05_uniq_64.txt
Running synth_mats/vary_col/q_64/r_128_c_512_p_0.05_uniq_64.txt
Finished running in 322.327ms
Generating and Compiling synth_mats/vary_col/q_64/r_128_c_1024_p_0.05_uniq_64.txt
Running synth_mats/vary_col/q_64/r_128_c_1024_p_0.05_uniq_64.txt
Finished running in 722.786ms
Generating and Compiling synth_mats/vary_density/q_16/r_128_c_128_p_0.01_uniq_16.txt
Running synth_mats/vary_density/q_16/r_128_c_128_p_0.01_uniq_16.txt
Finished running in 43.972ms
Generating and Compiling synth_mats/vary_density/q_16/r_128_c_128_p_0.1_uniq_16.txt
Running synth_mats/vary_density/q_16/r_128_c_128_p_0.1_uniq_16.txt
Finished running in 77.044ms
Generating and Compiling synth_mats/vary_density/q_16/r_128_c_128_p_0.2_uniq_16.txt
Running synth_mats/vary_density/q_16/r_128_c_128_p_0.2_uniq_16.txt
Finished running in 119.885ms
Generating and Compiling synth_mats/vary_density/q_16/r_128_c_128_p_0.3_uniq_16.txt
Running synth_mats/vary_density/q_16/r_128_c_128_p_0.3_uniq_16.txt
Finished running in 162.951ms
Generating and Compiling synth_mats/vary_density/q_16/r_128_c_128_p_0.4_uniq_16.txt
Running synth_mats/vary_density/q_16/r_128_c_128_p_0.4_uniq_16.txt
Finished running in 205.698ms
Generating and Compiling synth_mats/vary_density/q_16/r_128_c_128_p_0.5_uniq_16.txt
Running synth_mats/vary_density/q_16/r_128_c_128_p_0.5_uniq_16.txt
Finished running in 247.40499999999997ms
Generating and Compiling synth_mats/vary_density/q_16/r_128_c_128_p_0.05_uniq_16.txt
Running synth_mats/vary_density/q_16/r_128_c_128_p_0.05_uniq_16.txt
Finished running in 62.338ms
Generating and Compiling synth_mats/vary_density/q_16/r_128_c_128_p_0.15_uniq_16.txt
Running synth_mats/vary_density/q_16/r_128_c_128_p_0.15_uniq_16.txt
Finished running in 98.465ms
Generating and Compiling synth_mats/vary_density/q_16/r_128_c_128_p_0.025_uniq_16.txt
Running synth_mats/vary_density/q_16/r_128_c_128_p_0.025_uniq_16.txt
Finished running in 62.243ms
Generating and Compiling synth_mats/vary_density/q_16/r_128_c_128_p_0.25_uniq_16.txt
Running synth_mats/vary_density/q_16/r_128_c_128_p_0.25_uniq_16.txt
Finished running in 141.03499999999997ms
Generating and Compiling synth_mats/vary_density/q_16/r_128_c_128_p_0.075_uniq_16.txt
Running synth_mats/vary_density/q_16/r_128_c_128_p_0.075_uniq_16.txt
Finished running in 69.448ms
Generating and Compiling synth_mats/vary_density/q_16/r_128_c_128_p_0.125_uniq_16.txt
Running synth_mats/vary_density/q_16/r_128_c_128_p_0.125_uniq_16.txt
Finished running in 87.54ms
Generating and Compiling synth_mats/vary_density/q_64/r_128_c_128_p_0.1_uniq_64.txt
Running synth_mats/vary_density/q_64/r_128_c_128_p_0.1_uniq_64.txt
Finished running in 77.466ms
Generating and Compiling synth_mats/vary_density/q_64/r_128_c_128_p_0.01_uniq_64.txt
Running synth_mats/vary_density/q_64/r_128_c_128_p_0.01_uniq_64.txt
Finished running in 43.888ms
Generating and Compiling synth_mats/vary_density/q_64/r_128_c_128_p_0.2_uniq_64.txt
Running synth_mats/vary_density/q_64/r_128_c_128_p_0.2_uniq_64.txt
Finished running in 119.446ms
Generating and Compiling synth_mats/vary_density/q_64/r_128_c_128_p_0.3_uniq_64.txt
Running synth_mats/vary_density/q_64/r_128_c_128_p_0.3_uniq_64.txt
Finished running in 162.003ms
Generating and Compiling synth_mats/vary_density/q_64/r_128_c_128_p_0.4_uniq_64.txt
Running synth_mats/vary_density/q_64/r_128_c_128_p_0.4_uniq_64.txt
Finished running in 203.036ms
Generating and Compiling synth_mats/vary_density/q_64/r_128_c_128_p_0.05_uniq_64.txt
Running synth_mats/vary_density/q_64/r_128_c_128_p_0.05_uniq_64.txt
Finished running in 62.672ms
Generating and Compiling synth_mats/vary_density/q_64/r_128_c_128_p_0.5_uniq_64.txt
Running synth_mats/vary_density/q_64/r_128_c_128_p_0.5_uniq_64.txt
Finished running in 244.364ms
Generating and Compiling synth_mats/vary_density/q_64/r_128_c_128_p_0.15_uniq_64.txt
Running synth_mats/vary_density/q_64/r_128_c_128_p_0.15_uniq_64.txt
Finished running in 98.22799999999995ms
Generating and Compiling synth_mats/vary_density/q_64/r_128_c_128_p_0.025_uniq_64.txt
Running synth_mats/vary_density/q_64/r_128_c_128_p_0.025_uniq_64.txt
Finished running in 61.569ms
Generating and Compiling synth_mats/vary_density/q_64/r_128_c_128_p_0.25_uniq_64.txt
Running synth_mats/vary_density/q_64/r_128_c_128_p_0.25_uniq_64.txt
Finished running in 140.975ms
Generating and Compiling synth_mats/vary_density/q_64/r_128_c_128_p_0.075_uniq_64.txt
Running synth_mats/vary_density/q_64/r_128_c_128_p_0.075_uniq_64.txt
Finished running in 68.719ms
Generating and Compiling synth_mats/vary_density/q_64/r_128_c_128_p_0.125_uniq_64.txt
Running synth_mats/vary_density/q_64/r_128_c_128_p_0.125_uniq_64.txt
Finished running in 87.674ms
Generating and Compiling synth_mats/vary_row/q_16/r_32_c_128_p_0.05_uniq_16.txt
Running synth_mats/vary_row/q_16/r_32_c_128_p_0.05_uniq_16.txt
Finished running in 35.159ms
Generating and Compiling synth_mats/vary_row/q_16/r_64_c_128_p_0.05_uniq_16.txt
Running synth_mats/vary_row/q_16/r_64_c_128_p_0.05_uniq_16.txt
Finished running in 49.325ms
Generating and Compiling synth_mats/vary_row/q_16/r_128_c_128_p_0.05_uniq_16.txt
Running synth_mats/vary_row/q_16/r_128_c_128_p_0.05_uniq_16.txt
Finished running in 62.379ms
Generating and Compiling synth_mats/vary_row/q_16/r_256_c_128_p_0.05_uniq_16.txt
Running synth_mats/vary_row/q_16/r_256_c_128_p_0.05_uniq_16.txt
Finished running in 104.216ms
Generating and Compiling synth_mats/vary_row/q_16/r_512_c_128_p_0.05_uniq_16.txt
Running synth_mats/vary_row/q_16/r_512_c_128_p_0.05_uniq_16.txt
Finished running in 193.017ms
Generating and Compiling synth_mats/vary_row/q_16/r_1024_c_128_p_0.05_uniq_16.txt
Running synth_mats/vary_row/q_16/r_1024_c_128_p_0.05_uniq_16.txt
Finished running in 379.793ms
Generating and Compiling synth_mats/vary_row/q_64/r_32_c_128_p_0.05_uniq_64.txt
Running synth_mats/vary_row/q_64/r_32_c_128_p_0.05_uniq_64.txt
Finished running in 34.125ms
Generating and Compiling synth_mats/vary_row/q_64/r_64_c_128_p_0.05_uniq_64.txt
Running synth_mats/vary_row/q_64/r_64_c_128_p_0.05_uniq_64.txt
Finished running in 50.513000000000034ms
Generating and Compiling synth_mats/vary_row/q_64/r_128_c_128_p_0.05_uniq_64.txt
Running synth_mats/vary_row/q_64/r_128_c_128_p_0.05_uniq_64.txt
Finished running in 63.017ms
Generating and Compiling synth_mats/vary_row/q_64/r_256_c_128_p_0.05_uniq_64.txt
Running synth_mats/vary_row/q_64/r_256_c_128_p_0.05_uniq_64.txt
Finished running in 103.22ms
Generating and Compiling synth_mats/vary_row/q_64/r_512_c_128_p_0.05_uniq_64.txt
Running synth_mats/vary_row/q_64/r_512_c_128_p_0.05_uniq_64.txt
Finished running in 192.939ms
Generating and Compiling synth_mats/vary_row/q_64/r_1024_c_128_p_0.05_uniq_64.txt
Running synth_mats/vary_row/q_64/r_1024_c_128_p_0.05_uniq_64.txt
Finished running in 379.315ms
Generating and Compiling synth_mats/vary_unique/r_128_c_128_p_0.05_uniq_8.txt
Running synth_mats/vary_unique/r_128_c_128_p_0.05_uniq_8.txt
Finished running in 63.246ms
Generating and Compiling synth_mats/vary_unique/r_128_c_128_p_0.05_uniq_16.txt
Running synth_mats/vary_unique/r_128_c_128_p_0.05_uniq_16.txt
Finished running in 62.372ms
Generating and Compiling synth_mats/vary_unique/r_128_c_128_p_0.05_uniq_24.txt
Running synth_mats/vary_unique/r_128_c_128_p_0.05_uniq_24.txt
Finished running in 61.525ms
Generating and Compiling synth_mats/vary_unique/r_128_c_128_p_0.05_uniq_31.txt
Running synth_mats/vary_unique/r_128_c_128_p_0.05_uniq_31.txt
Finished running in 63.214ms
Generating and Compiling synth_mats/vary_unique/r_128_c_128_p_0.05_uniq_40.txt
Running synth_mats/vary_unique/r_128_c_128_p_0.05_uniq_40.txt
Finished running in 62.883ms
Generating and Compiling synth_mats/vary_unique/r_128_c_128_p_0.05_uniq_48.txt
Running synth_mats/vary_unique/r_128_c_128_p_0.05_uniq_48.txt
Finished running in 63.307ms
Generating and Compiling synth_mats/vary_unique/r_128_c_128_p_0.05_uniq_56.txt
Running synth_mats/vary_unique/r_128_c_128_p_0.05_uniq_56.txt
Finished running in 61.578ms
Generating and Compiling synth_mats/vary_unique/r_128_c_128_p_0.05_uniq_64.txt
Running synth_mats/vary_unique/r_128_c_128_p_0.05_uniq_64.txt
Finished running in 62.272ms
Generating and Compiling synth_mats/vary_unique/r_128_c_128_p_0.05_uniq_78.txt
Running synth_mats/vary_unique/r_128_c_128_p_0.05_uniq_78.txt
Finished running in 62.293ms
Generating and Compiling synth_mats/vary_unique/r_128_c_128_p_0.05_uniq_96.txt
Running synth_mats/vary_unique/r_128_c_128_p_0.05_uniq_96.txt
Finished running in 62.022ms
Generating and Compiling synth_mats/vary_unique/r_128_c_128_p_0.05_uniq_112.txt
Running synth_mats/vary_unique/r_128_c_128_p_0.05_uniq_112.txt
Finished running in 63.36800000000005ms
Generating and Compiling synth_mats/vary_unique/r_128_c_128_p_0.05_uniq_128.txt
Running synth_mats/vary_unique/r_128_c_128_p_0.05_uniq_128.txt
Finished running in 63.418ms
Generating and Compiling synth_mats/vary_unique/r_128_c_128_p_0.05_uniq_144.txt
Running synth_mats/vary_unique/r_128_c_128_p_0.05_uniq_144.txt
Finished running in 61.103ms
Generating and Compiling synth_mats/vary_unique/r_128_c_128_p_0.05_uniq_160.txt
Running synth_mats/vary_unique/r_128_c_128_p_0.05_uniq_160.txt
Finished running in 79.236ms
Generating and Compiling synth_mats/vary_unique/r_128_c_128_p_0.05_uniq_176.txt
Running synth_mats/vary_unique/r_128_c_128_p_0.05_uniq_176.txt
Finished running in 79.568ms
Generating and Compiling synth_mats/vary_unique/r_128_c_128_p_0.05_uniq_192.txt
Running synth_mats/vary_unique/r_128_c_128_p_0.05_uniq_192.txt
Finished running in 179.246ms
