Generating and Compiling synth_mats_small/vary_col/q_16/r_128_c_32_p_0.05_uniq_16.txt
Running synth_mats_small/vary_col/q_16/r_128_c_32_p_0.05_uniq_16.txt
Finished running in 28.646ms
Generating and Compiling synth_mats_small/vary_col/q_16/r_128_c_64_p_0.05_uniq_16.txt
Running synth_mats_small/vary_col/q_16/r_128_c_64_p_0.05_uniq_16.txt
Finished running in 40.181ms
Generating and Compiling synth_mats_small/vary_col/q_16/r_128_c_128_p_0.05_uniq_16.txt
Running synth_mats_small/vary_col/q_16/r_128_c_128_p_0.05_uniq_16.txt
Finished running in 62.942ms
Generating and Compiling synth_mats_small/vary_col/q_16/r_128_c_256_p_0.05_uniq_16.txt
Running synth_mats_small/vary_col/q_16/r_128_c_256_p_0.05_uniq_16.txt
Finished running in 136.695ms
Generating and Compiling synth_mats_small/vary_col/q_16/r_128_c_512_p_0.05_uniq_16.txt
Running synth_mats_small/vary_col/q_16/r_128_c_512_p_0.05_uniq_16.txt
Finished running in 316.034ms
Generating and Compiling synth_mats_small/vary_col/q_16/r_128_c_1024_p_0.05_uniq_16.txt
Running synth_mats_small/vary_col/q_16/r_128_c_1024_p_0.05_uniq_16.txt
Finished running in 734.877ms
Generating and Compiling synth_mats_small/vary_density/q_16/r_128_c_128_p_0.01_uniq_16.txt
Running synth_mats_small/vary_density/q_16/r_128_c_128_p_0.01_uniq_16.txt
Finished running in 44.676ms
Generating and Compiling synth_mats_small/vary_density/q_16/r_128_c_128_p_0.1_uniq_16.txt
Running synth_mats_small/vary_density/q_16/r_128_c_128_p_0.1_uniq_16.txt
Finished running in 76.723ms
Generating and Compiling synth_mats_small/vary_density/q_16/r_128_c_128_p_0.2_uniq_16.txt
Running synth_mats_small/vary_density/q_16/r_128_c_128_p_0.2_uniq_16.txt
Finished running in 118.054ms
Generating and Compiling synth_mats_small/vary_density/q_16/r_128_c_128_p_0.3_uniq_16.txt
Running synth_mats_small/vary_density/q_16/r_128_c_128_p_0.3_uniq_16.txt
Finished running in 156.286ms
Generating and Compiling synth_mats_small/vary_density/q_16/r_128_c_128_p_0.4_uniq_16.txt
Running synth_mats_small/vary_density/q_16/r_128_c_128_p_0.4_uniq_16.txt
Finished running in 197.999ms
Generating and Compiling synth_mats_small/vary_density/q_16/r_128_c_128_p_0.5_uniq_16.txt
Running synth_mats_small/vary_density/q_16/r_128_c_128_p_0.5_uniq_16.txt
Finished running in 240.22ms
Generating and Compiling synth_mats_small/vary_density/q_16/r_128_c_128_p_0.05_uniq_16.txt
Running synth_mats_small/vary_density/q_16/r_128_c_128_p_0.05_uniq_16.txt
Finished running in 62.152ms
Generating and Compiling synth_mats_small/vary_density/q_16/r_128_c_128_p_0.15_uniq_16.txt
Running synth_mats_small/vary_density/q_16/r_128_c_128_p_0.15_uniq_16.txt
Finished running in 98.678ms
Generating and Compiling synth_mats_small/vary_density/q_16/r_128_c_128_p_0.025_uniq_16.txt
Running synth_mats_small/vary_density/q_16/r_128_c_128_p_0.025_uniq_16.txt
Finished running in 64.045ms
Generating and Compiling synth_mats_small/vary_density/q_16/r_128_c_128_p_0.25_uniq_16.txt
Running synth_mats_small/vary_density/q_16/r_128_c_128_p_0.25_uniq_16.txt
Finished running in 135.76ms
Generating and Compiling synth_mats_small/vary_density/q_16/r_128_c_128_p_0.075_uniq_16.txt
Running synth_mats_small/vary_density/q_16/r_128_c_128_p_0.075_uniq_16.txt
Finished running in 69.162ms
Generating and Compiling synth_mats_small/vary_density/q_16/r_128_c_128_p_0.125_uniq_16.txt
Running synth_mats_small/vary_density/q_16/r_128_c_128_p_0.125_uniq_16.txt
Finished running in 87.427ms
Generating and Compiling synth_mats_small/vary_row/q_16/r_32_c_128_p_0.05_uniq_16.txt
Running synth_mats_small/vary_row/q_16/r_32_c_128_p_0.05_uniq_16.txt
Finished running in 35.604ms
Generating and Compiling synth_mats_small/vary_row/q_16/r_64_c_128_p_0.05_uniq_16.txt
Running synth_mats_small/vary_row/q_16/r_64_c_128_p_0.05_uniq_16.txt
Finished running in 50.469ms
Generating and Compiling synth_mats_small/vary_row/q_16/r_128_c_128_p_0.05_uniq_16.txt
Running synth_mats_small/vary_row/q_16/r_128_c_128_p_0.05_uniq_16.txt
Finished running in 61.947ms
Generating and Compiling synth_mats_small/vary_row/q_16/r_256_c_128_p_0.05_uniq_16.txt
Running synth_mats_small/vary_row/q_16/r_256_c_128_p_0.05_uniq_16.txt
Finished running in 104.211ms
Generating and Compiling synth_mats_small/vary_row/q_16/r_512_c_128_p_0.05_uniq_16.txt
Running synth_mats_small/vary_row/q_16/r_512_c_128_p_0.05_uniq_16.txt
Finished running in 192.347ms
Generating and Compiling synth_mats_small/vary_row/q_16/r_1024_c_128_p_0.05_uniq_16.txt
Running synth_mats_small/vary_row/q_16/r_1024_c_128_p_0.05_uniq_16.txt
Finished running in 375.962ms
Generating and Compiling synth_mats_small/vary_unique/r_128_c_128_p_0.05_uniq_8.txt
Running synth_mats_small/vary_unique/r_128_c_128_p_0.05_uniq_8.txt
Finished running in 62.875ms
Generating and Compiling synth_mats_small/vary_unique/r_128_c_128_p_0.05_uniq_16.txt
Running synth_mats_small/vary_unique/r_128_c_128_p_0.05_uniq_16.txt
Finished running in 62.318ms
Generating and Compiling synth_mats_small/vary_unique/r_128_c_128_p_0.05_uniq_24.txt
Running synth_mats_small/vary_unique/r_128_c_128_p_0.05_uniq_24.txt
Finished running in 61.126ms
