Generating and Compiling example_mats_med/hex/p1/gauss-legendre/m0.txt
Running example_mats_med/hex/p1/gauss-legendre/m0.txt
Finished running in 5.468ms
Generating and Compiling example_mats_med/hex/p1/gauss-legendre/m3.txt
Running example_mats_med/hex/p1/gauss-legendre/m3.txt
Finished running in 3.176ms
Generating and Compiling example_mats_med/hex/p1/gauss-legendre/m6.txt
Running example_mats_med/hex/p1/gauss-legendre/m6.txt
Finished running in 6.397ms
Generating and Compiling example_mats_med/hex/p1/gauss-legendre/m132.txt
Running example_mats_med/hex/p1/gauss-legendre/m132.txt
Finished running in 3.205ms
Generating and Compiling example_mats_med/hex/p1/gauss-legendre/m460.txt
Running example_mats_med/hex/p1/gauss-legendre/m460.txt
Finished running in 5.347ms
Generating and Compiling example_mats_med/hex/p2/gauss-legendre-lobatto/m0.txt
Running example_mats_med/hex/p2/gauss-legendre-lobatto/m0.txt
Finished running in 13.461ms
Generating and Compiling example_mats_med/hex/p2/gauss-legendre-lobatto/m3.txt
Running example_mats_med/hex/p2/gauss-legendre-lobatto/m3.txt
Finished running in 14.076ms
Generating and Compiling example_mats_med/hex/p2/gauss-legendre-lobatto/m6.txt
Running example_mats_med/hex/p2/gauss-legendre-lobatto/m6.txt
Finished running in 30.005ms
Generating and Compiling example_mats_med/hex/p2/gauss-legendre-lobatto/m132.txt
Running example_mats_med/hex/p2/gauss-legendre-lobatto/m132.txt
Finished running in 29.859ms
Generating and Compiling example_mats_med/hex/p2/gauss-legendre-lobatto/m460.txt
Running example_mats_med/hex/p2/gauss-legendre-lobatto/m460.txt
Finished running in 21.975ms
Generating and Compiling example_mats_med/hex/p2/gauss-legendre/m0.txt
Running example_mats_med/hex/p2/gauss-legendre/m0.txt
Finished running in 16.53ms
Generating and Compiling example_mats_med/hex/p2/gauss-legendre/m3.txt
Running example_mats_med/hex/p2/gauss-legendre/m3.txt
Finished running in 14.228ms
Generating and Compiling example_mats_med/hex/p2/gauss-legendre/m6.txt
Running example_mats_med/hex/p2/gauss-legendre/m6.txt
Finished running in 30.799ms
Generating and Compiling example_mats_med/hex/p2/gauss-legendre/m132.txt
Running example_mats_med/hex/p2/gauss-legendre/m132.txt
Finished running in 29.422ms
Generating and Compiling example_mats_med/hex/p2/gauss-legendre/m460.txt
Running example_mats_med/hex/p2/gauss-legendre/m460.txt
Finished running in 22.214ms
Generating and Compiling example_mats_med/hex/p3/gauss-legendre-lobatto/m0.txt
Running example_mats_med/hex/p3/gauss-legendre-lobatto/m0.txt
Finished running in 35.427ms
Generating and Compiling example_mats_med/hex/p3/gauss-legendre-lobatto/m3.txt
Running example_mats_med/hex/p3/gauss-legendre-lobatto/m3.txt
Finished running in 41.189ms
Generating and Compiling example_mats_med/hex/p3/gauss-legendre-lobatto/m6.txt
Running example_mats_med/hex/p3/gauss-legendre-lobatto/m6.txt
Finished running in 62.046ms
Generating and Compiling example_mats_med/hex/p3/gauss-legendre-lobatto/m132.txt
Running example_mats_med/hex/p3/gauss-legendre-lobatto/m132.txt
Finished running in 65.886ms
Generating and Compiling example_mats_med/hex/p3/gauss-legendre-lobatto/m460.txt
Running example_mats_med/hex/p3/gauss-legendre-lobatto/m460.txt
Finished running in 58.357ms
Generating and Compiling example_mats_med/hex/p3/gauss-legendre/m0.txt
Running example_mats_med/hex/p3/gauss-legendre/m0.txt
Finished running in 32.806ms
Generating and Compiling example_mats_med/hex/p3/gauss-legendre/m3.txt
Running example_mats_med/hex/p3/gauss-legendre/m3.txt
Finished running in 40.778ms
Generating and Compiling example_mats_med/hex/p3/gauss-legendre/m6.txt
Running example_mats_med/hex/p3/gauss-legendre/m6.txt
Finished running in 62.22ms
Generating and Compiling example_mats_med/hex/p3/gauss-legendre/m132.txt
Running example_mats_med/hex/p3/gauss-legendre/m132.txt
Finished running in 60.88ms
Generating and Compiling example_mats_med/hex/p3/gauss-legendre/m460.txt
Running example_mats_med/hex/p3/gauss-legendre/m460.txt
Finished running in 59.873ms
Generating and Compiling example_mats_med/hex/p4/gauss-legendre-lobatto/m0.txt
Running example_mats_med/hex/p4/gauss-legendre-lobatto/m0.txt
Finished running in 59.737ms
Generating and Compiling example_mats_med/hex/p4/gauss-legendre-lobatto/m3.txt
Running example_mats_med/hex/p4/gauss-legendre-lobatto/m3.txt
Finished running in 63.872ms
Generating and Compiling example_mats_med/hex/p4/gauss-legendre-lobatto/m6.txt
Running example_mats_med/hex/p4/gauss-legendre-lobatto/m6.txt
Finished running in 120.063ms
Generating and Compiling example_mats_med/hex/p4/gauss-legendre-lobatto/m132.txt
Running example_mats_med/hex/p4/gauss-legendre-lobatto/m132.txt
Finished running in 170.456ms
Generating and Compiling example_mats_med/hex/p4/gauss-legendre-lobatto/m460.txt
Running example_mats_med/hex/p4/gauss-legendre-lobatto/m460.txt
Finished running in 130.916ms
Generating and Compiling example_mats_med/hex/p4/gauss-legendre/m0.txt
Running example_mats_med/hex/p4/gauss-legendre/m0.txt
Finished running in 65.345ms
Generating and Compiling example_mats_med/hex/p4/gauss-legendre/m3.txt
Running example_mats_med/hex/p4/gauss-legendre/m3.txt
Finished running in 63.828ms
Generating and Compiling example_mats_med/hex/p4/gauss-legendre/m6.txt
Running example_mats_med/hex/p4/gauss-legendre/m6.txt
Finished running in 120.193ms
Generating and Compiling example_mats_med/hex/p4/gauss-legendre/m132.txt
Running example_mats_med/hex/p4/gauss-legendre/m132.txt
Finished running in 162.502ms
Generating and Compiling example_mats_med/hex/p4/gauss-legendre/m460.txt
Running example_mats_med/hex/p4/gauss-legendre/m460.txt
Finished running in 132.024ms
Generating and Compiling example_mats_med/hex/p5/gauss-legendre-lobatto/m0.txt
Running example_mats_med/hex/p5/gauss-legendre-lobatto/m0.txt
Finished running in 88.171ms
Generating and Compiling example_mats_med/hex/p5/gauss-legendre-lobatto/m3.txt
Running example_mats_med/hex/p5/gauss-legendre-lobatto/m3.txt
Finished running in 104.812ms
Generating and Compiling example_mats_med/hex/p5/gauss-legendre-lobatto/m6.txt
Running example_mats_med/hex/p5/gauss-legendre-lobatto/m6.txt
Finished running in 199.91ms
Generating and Compiling example_mats_med/hex/p5/gauss-legendre-lobatto/m132.txt
Running example_mats_med/hex/p5/gauss-legendre-lobatto/m132.txt
Finished running in 381.29999999999995ms
Generating and Compiling example_mats_med/hex/p5/gauss-legendre-lobatto/m460.txt
Running example_mats_med/hex/p5/gauss-legendre-lobatto/m460.txt
Finished running in 245.401ms
Generating and Compiling example_mats_med/hex/p5/gauss-legendre/m0.txt
Running example_mats_med/hex/p5/gauss-legendre/m0.txt
Finished running in 118.97699999999998ms
Generating and Compiling example_mats_med/hex/p5/gauss-legendre/m3.txt
Running example_mats_med/hex/p5/gauss-legendre/m3.txt
Finished running in 104.434ms
Generating and Compiling example_mats_med/hex/p5/gauss-legendre/m6.txt
Running example_mats_med/hex/p5/gauss-legendre/m6.txt
Finished running in 199.759ms
Generating and Compiling example_mats_med/hex/p5/gauss-legendre/m132.txt
Running example_mats_med/hex/p5/gauss-legendre/m132.txt
Finished running in 435.746ms
Generating and Compiling example_mats_med/hex/p5/gauss-legendre/m460.txt
Running example_mats_med/hex/p5/gauss-legendre/m460.txt
Finished running in 253.638ms
Generating and Compiling example_mats_med/hex/p6/gauss-legendre-lobatto/m0.txt
Running example_mats_med/hex/p6/gauss-legendre-lobatto/m0.txt
Finished running in 122.223ms
Generating and Compiling example_mats_med/hex/p6/gauss-legendre-lobatto/m3.txt
Running example_mats_med/hex/p6/gauss-legendre-lobatto/m3.txt
Finished running in 167.463ms
Generating and Compiling example_mats_med/hex/p6/gauss-legendre-lobatto/m6.txt
Running example_mats_med/hex/p6/gauss-legendre-lobatto/m6.txt
Finished running in 332.211ms
Generating and Compiling example_mats_med/hex/p6/gauss-legendre-lobatto/m132.txt
Running example_mats_med/hex/p6/gauss-legendre-lobatto/m132.txt
Finished running in 717.3969999999999ms
Generating and Compiling example_mats_med/hex/p6/gauss-legendre-lobatto/m460.txt
Running example_mats_med/hex/p6/gauss-legendre-lobatto/m460.txt
Finished running in 574.784ms
Generating and Compiling example_mats_med/hex/p6/gauss-legendre/m0.txt
Running example_mats_med/hex/p6/gauss-legendre/m0.txt
Finished running in 283.006ms
Generating and Compiling example_mats_med/hex/p6/gauss-legendre/m3.txt
Running example_mats_med/hex/p6/gauss-legendre/m3.txt
Finished running in 167.458ms
Generating and Compiling example_mats_med/hex/p6/gauss-legendre/m6.txt
Running example_mats_med/hex/p6/gauss-legendre/m6.txt
Finished running in 332.918ms
Generating and Compiling example_mats_med/hex/p6/gauss-legendre/m132.txt
Running example_mats_med/hex/p6/gauss-legendre/m132.txt
Finished running in 757.692ms
Generating and Compiling example_mats_med/hex/p6/gauss-legendre/m460.txt
Running example_mats_med/hex/p6/gauss-legendre/m460.txt
Finished running in 610.557ms
Generating and Compiling example_mats_med/quad/p1/gauss-legendre/m0.txt
Running example_mats_med/quad/p1/gauss-legendre/m0.txt
Finished running in 1.449ms
Generating and Compiling example_mats_med/quad/p1/gauss-legendre/m3.txt
Running example_mats_med/quad/p1/gauss-legendre/m3.txt
Finished running in 1.013ms
Generating and Compiling example_mats_med/quad/p1/gauss-legendre/m6.txt
Running example_mats_med/quad/p1/gauss-legendre/m6.txt
Finished running in 1.714ms
Generating and Compiling example_mats_med/quad/p1/gauss-legendre/m132.txt
Running example_mats_med/quad/p1/gauss-legendre/m132.txt
Finished running in 1.117ms
Generating and Compiling example_mats_med/quad/p1/gauss-legendre/m460.txt
Running example_mats_med/quad/p1/gauss-legendre/m460.txt
Finished running in 1.402ms
Generating and Compiling example_mats_med/quad/p2/gauss-legendre-lobatto/m0.txt
Running example_mats_med/quad/p2/gauss-legendre-lobatto/m0.txt
Finished running in 2.662ms
Generating and Compiling example_mats_med/quad/p2/gauss-legendre-lobatto/m3.txt
Running example_mats_med/quad/p2/gauss-legendre-lobatto/m3.txt
Finished running in 2.491ms
Generating and Compiling example_mats_med/quad/p2/gauss-legendre-lobatto/m6.txt
Running example_mats_med/quad/p2/gauss-legendre-lobatto/m6.txt
Finished running in 4.186ms
Generating and Compiling example_mats_med/quad/p2/gauss-legendre-lobatto/m132.txt
Running example_mats_med/quad/p2/gauss-legendre-lobatto/m132.txt
Finished running in 3.007ms
Generating and Compiling example_mats_med/quad/p2/gauss-legendre-lobatto/m460.txt
Running example_mats_med/quad/p2/gauss-legendre-lobatto/m460.txt
Finished running in 4.191ms
Generating and Compiling example_mats_med/quad/p2/gauss-legendre/m0.txt
Running example_mats_med/quad/p2/gauss-legendre/m0.txt
Finished running in 2.89ms
Generating and Compiling example_mats_med/quad/p2/gauss-legendre/m3.txt
Running example_mats_med/quad/p2/gauss-legendre/m3.txt
Finished running in 2.396ms
Generating and Compiling example_mats_med/quad/p2/gauss-legendre/m6.txt
Running example_mats_med/quad/p2/gauss-legendre/m6.txt
Finished running in 4.259ms
Generating and Compiling example_mats_med/quad/p2/gauss-legendre/m132.txt
Running example_mats_med/quad/p2/gauss-legendre/m132.txt
Finished running in 3.019ms
Generating and Compiling example_mats_med/quad/p2/gauss-legendre/m460.txt
Running example_mats_med/quad/p2/gauss-legendre/m460.txt
Finished running in 4.276ms
Generating and Compiling example_mats_med/quad/p3/gauss-legendre-lobatto/m0.txt
Running example_mats_med/quad/p3/gauss-legendre-lobatto/m0.txt
Finished running in 3.734ms
Generating and Compiling example_mats_med/quad/p3/gauss-legendre-lobatto/m3.txt
Running example_mats_med/quad/p3/gauss-legendre-lobatto/m3.txt
Finished running in 4.502ms
Generating and Compiling example_mats_med/quad/p3/gauss-legendre-lobatto/m6.txt
Running example_mats_med/quad/p3/gauss-legendre-lobatto/m6.txt
Finished running in 7.669ms
Generating and Compiling example_mats_med/quad/p3/gauss-legendre-lobatto/m132.txt
Running example_mats_med/quad/p3/gauss-legendre-lobatto/m132.txt
Finished running in 6.806ms
Generating and Compiling example_mats_med/quad/p3/gauss-legendre-lobatto/m460.txt
Running example_mats_med/quad/p3/gauss-legendre-lobatto/m460.txt
Finished running in 8.874ms
Generating and Compiling example_mats_med/quad/p3/gauss-legendre/m0.txt
Running example_mats_med/quad/p3/gauss-legendre/m0.txt
Finished running in 4.835ms
Generating and Compiling example_mats_med/quad/p3/gauss-legendre/m3.txt
Running example_mats_med/quad/p3/gauss-legendre/m3.txt
Finished running in 4.526ms
Generating and Compiling example_mats_med/quad/p3/gauss-legendre/m6.txt
Running example_mats_med/quad/p3/gauss-legendre/m6.txt
Finished running in 7.67ms
Generating and Compiling example_mats_med/quad/p3/gauss-legendre/m132.txt
Running example_mats_med/quad/p3/gauss-legendre/m132.txt
Finished running in 7.091ms
Generating and Compiling example_mats_med/quad/p3/gauss-legendre/m460.txt
Running example_mats_med/quad/p3/gauss-legendre/m460.txt
Finished running in 9.101ms
Generating and Compiling example_mats_med/quad/p4/gauss-legendre-lobatto/m0.txt
Running example_mats_med/quad/p4/gauss-legendre-lobatto/m0.txt
Finished running in 4.872ms
Generating and Compiling example_mats_med/quad/p4/gauss-legendre-lobatto/m3.txt
Running example_mats_med/quad/p4/gauss-legendre-lobatto/m3.txt
Finished running in 7.118ms
Generating and Compiling example_mats_med/quad/p4/gauss-legendre-lobatto/m6.txt
Running example_mats_med/quad/p4/gauss-legendre-lobatto/m6.txt
Finished running in 12.326ms
Generating and Compiling example_mats_med/quad/p4/gauss-legendre-lobatto/m132.txt
Running example_mats_med/quad/p4/gauss-legendre-lobatto/m132.txt
Finished running in 13.787ms
Generating and Compiling example_mats_med/quad/p4/gauss-legendre-lobatto/m460.txt
Running example_mats_med/quad/p4/gauss-legendre-lobatto/m460.txt
Finished running in 15.316ms
Generating and Compiling example_mats_med/quad/p4/gauss-legendre/m0.txt
Running example_mats_med/quad/p4/gauss-legendre/m0.txt
Finished running in 7.14ms
Generating and Compiling example_mats_med/quad/p4/gauss-legendre/m3.txt
Running example_mats_med/quad/p4/gauss-legendre/m3.txt
Finished running in 7.23ms
Generating and Compiling example_mats_med/quad/p4/gauss-legendre/m6.txt
Running example_mats_med/quad/p4/gauss-legendre/m6.txt
Finished running in 12.186ms
Generating and Compiling example_mats_med/quad/p4/gauss-legendre/m132.txt
Running example_mats_med/quad/p4/gauss-legendre/m132.txt
Finished running in 14.017ms
Generating and Compiling example_mats_med/quad/p4/gauss-legendre/m460.txt
Running example_mats_med/quad/p4/gauss-legendre/m460.txt
Finished running in 15.58ms
Generating and Compiling example_mats_med/quad/p5/gauss-legendre-lobatto/m0.txt
Running example_mats_med/quad/p5/gauss-legendre-lobatto/m0.txt
Finished running in 6.036ms
Generating and Compiling example_mats_med/quad/p5/gauss-legendre-lobatto/m3.txt
Running example_mats_med/quad/p5/gauss-legendre-lobatto/m3.txt
Finished running in 10.62ms
Generating and Compiling example_mats_med/quad/p5/gauss-legendre-lobatto/m6.txt
Running example_mats_med/quad/p5/gauss-legendre-lobatto/m6.txt
Finished running in 17.961ms
Generating and Compiling example_mats_med/quad/p5/gauss-legendre-lobatto/m132.txt
Running example_mats_med/quad/p5/gauss-legendre-lobatto/m132.txt
Finished running in 21.369ms
Generating and Compiling example_mats_med/quad/p5/gauss-legendre-lobatto/m460.txt
Running example_mats_med/quad/p5/gauss-legendre-lobatto/m460.txt
Finished running in 23.798ms
Generating and Compiling example_mats_med/quad/p5/gauss-legendre/m0.txt
Running example_mats_med/quad/p5/gauss-legendre/m0.txt
Finished running in 10.23ms
Generating and Compiling example_mats_med/quad/p5/gauss-legendre/m3.txt
Running example_mats_med/quad/p5/gauss-legendre/m3.txt
Finished running in 10.541ms
Generating and Compiling example_mats_med/quad/p5/gauss-legendre/m6.txt
Running example_mats_med/quad/p5/gauss-legendre/m6.txt
Finished running in 17.877ms
Generating and Compiling example_mats_med/quad/p5/gauss-legendre/m132.txt
Running example_mats_med/quad/p5/gauss-legendre/m132.txt
Finished running in 22.298ms
Generating and Compiling example_mats_med/quad/p5/gauss-legendre/m460.txt
Running example_mats_med/quad/p5/gauss-legendre/m460.txt
Finished running in 24.659ms
Generating and Compiling example_mats_med/quad/p6/gauss-legendre-lobatto/m0.txt
Running example_mats_med/quad/p6/gauss-legendre-lobatto/m0.txt
Finished running in 7.129ms
Generating and Compiling example_mats_med/quad/p6/gauss-legendre-lobatto/m3.txt
Running example_mats_med/quad/p6/gauss-legendre-lobatto/m3.txt
Finished running in 14.607ms
Generating and Compiling example_mats_med/quad/p6/gauss-legendre-lobatto/m6.txt
Running example_mats_med/quad/p6/gauss-legendre-lobatto/m6.txt
Finished running in 25.173ms
Generating and Compiling example_mats_med/quad/p6/gauss-legendre-lobatto/m132.txt
Running example_mats_med/quad/p6/gauss-legendre-lobatto/m132.txt
Finished running in 30.921ms
Generating and Compiling example_mats_med/quad/p6/gauss-legendre-lobatto/m460.txt
Running example_mats_med/quad/p6/gauss-legendre-lobatto/m460.txt
Finished running in 33.895ms
Generating and Compiling example_mats_med/quad/p6/gauss-legendre/m0.txt
Running example_mats_med/quad/p6/gauss-legendre/m0.txt
Finished running in 14.428ms
Generating and Compiling example_mats_med/quad/p6/gauss-legendre/m3.txt
Running example_mats_med/quad/p6/gauss-legendre/m3.txt
Finished running in 14.596ms
Generating and Compiling example_mats_med/quad/p6/gauss-legendre/m6.txt
Running example_mats_med/quad/p6/gauss-legendre/m6.txt
Finished running in 25.114ms
Generating and Compiling example_mats_med/quad/p6/gauss-legendre/m132.txt
Running example_mats_med/quad/p6/gauss-legendre/m132.txt
Finished running in 32.415ms
Generating and Compiling example_mats_med/quad/p6/gauss-legendre/m460.txt
Running example_mats_med/quad/p6/gauss-legendre/m460.txt
Finished running in 34.701ms
Generating and Compiling example_mats_med/tet/p1/shunn-ham/m0.txt
Running example_mats_med/tet/p1/shunn-ham/m0.txt
Finished running in 2.543ms
Generating and Compiling example_mats_med/tet/p1/shunn-ham/m3.txt
Running example_mats_med/tet/p1/shunn-ham/m3.txt
Finished running in 1.866ms
Generating and Compiling example_mats_med/tet/p1/shunn-ham/m6.txt
Running example_mats_med/tet/p1/shunn-ham/m6.txt
Finished running in 3.215ms
Generating and Compiling example_mats_med/tet/p1/shunn-ham/m132.txt
Running example_mats_med/tet/p1/shunn-ham/m132.txt
Finished running in 1.45ms
Generating and Compiling example_mats_med/tet/p1/shunn-ham/m460.txt
Running example_mats_med/tet/p1/shunn-ham/m460.txt
Finished running in 1.451ms
Generating and Compiling example_mats_med/tet/p2/shunn-ham/m0.txt
Running example_mats_med/tet/p2/shunn-ham/m0.txt
Finished running in 7.722ms
Generating and Compiling example_mats_med/tet/p2/shunn-ham/m3.txt
Running example_mats_med/tet/p2/shunn-ham/m3.txt
Finished running in 8.373ms
Generating and Compiling example_mats_med/tet/p2/shunn-ham/m6.txt
Running example_mats_med/tet/p2/shunn-ham/m6.txt
Finished running in 12.859ms
Generating and Compiling example_mats_med/tet/p2/shunn-ham/m132.txt
Running example_mats_med/tet/p2/shunn-ham/m132.txt
Finished running in 9.277ms
Generating and Compiling example_mats_med/tet/p2/shunn-ham/m460.txt
Running example_mats_med/tet/p2/shunn-ham/m460.txt
Finished running in 9.337ms
Generating and Compiling example_mats_med/tet/p3/shunn-ham/m0.txt
Running example_mats_med/tet/p3/shunn-ham/m0.txt
Finished running in 26.349ms
Generating and Compiling example_mats_med/tet/p3/shunn-ham/m3.txt
Running example_mats_med/tet/p3/shunn-ham/m3.txt
Finished running in 25.463ms
Generating and Compiling example_mats_med/tet/p3/shunn-ham/m6.txt
Running example_mats_med/tet/p3/shunn-ham/m6.txt
Finished running in 40.888ms
Generating and Compiling example_mats_med/tet/p4/shunn-ham/m0.txt
Running example_mats_med/tet/p4/shunn-ham/m0.txt
Finished running in 63.614ms
Generating and Compiling example_mats_med/tri/p1/williams-shunn/m0.txt
Running example_mats_med/tri/p1/williams-shunn/m0.txt
Finished running in 0.941ms
Generating and Compiling example_mats_med/tri/p1/williams-shunn/m3.txt
Running example_mats_med/tri/p1/williams-shunn/m3.txt
Finished running in 0.772ms
Generating and Compiling example_mats_med/tri/p1/williams-shunn/m6.txt
Running example_mats_med/tri/p1/williams-shunn/m6.txt
Finished running in 1.418ms
Generating and Compiling example_mats_med/tri/p1/williams-shunn/m132.txt
Running example_mats_med/tri/p1/williams-shunn/m132.txt
Finished running in 0.825ms
Generating and Compiling example_mats_med/tri/p1/williams-shunn/m460.txt
Running example_mats_med/tri/p1/williams-shunn/m460.txt
Finished running in 0.782ms
Generating and Compiling example_mats_med/tri/p2/williams-shunn/m0.txt
Running example_mats_med/tri/p2/williams-shunn/m0.txt
Finished running in 2.191ms
Generating and Compiling example_mats_med/tri/p2/williams-shunn/m3.txt
Running example_mats_med/tri/p2/williams-shunn/m3.txt
Finished running in 1.978ms
Generating and Compiling example_mats_med/tri/p2/williams-shunn/m6.txt
Running example_mats_med/tri/p2/williams-shunn/m6.txt
Finished running in 3.055ms
Generating and Compiling example_mats_med/tri/p2/williams-shunn/m132.txt
Running example_mats_med/tri/p2/williams-shunn/m132.txt
Finished running in 2.399ms
Generating and Compiling example_mats_med/tri/p2/williams-shunn/m460.txt
Running example_mats_med/tri/p2/williams-shunn/m460.txt
Finished running in 2.718ms
Generating and Compiling example_mats_med/tri/p3/williams-shunn/m0.txt
Running example_mats_med/tri/p3/williams-shunn/m0.txt
Finished running in 3.972ms
Generating and Compiling example_mats_med/tri/p3/williams-shunn/m3.txt
Running example_mats_med/tri/p3/williams-shunn/m3.txt
Finished running in 4.183ms
Generating and Compiling example_mats_med/tri/p3/williams-shunn/m6.txt
Running example_mats_med/tri/p3/williams-shunn/m6.txt
Finished running in 5.625ms
Generating and Compiling example_mats_med/tri/p3/williams-shunn/m132.txt
Running example_mats_med/tri/p3/williams-shunn/m132.txt
Finished running in 6.73ms
Generating and Compiling example_mats_med/tri/p3/williams-shunn/m460.txt
Running example_mats_med/tri/p3/williams-shunn/m460.txt
Finished running in 6.368ms
Generating and Compiling example_mats_med/tri/p4/williams-shunn/m0.txt
Running example_mats_med/tri/p4/williams-shunn/m0.txt
Finished running in 8.141ms
Generating and Compiling example_mats_med/tri/p4/williams-shunn/m3.txt
Running example_mats_med/tri/p4/williams-shunn/m3.txt
Finished running in 8.307ms
Generating and Compiling example_mats_med/tri/p4/williams-shunn/m6.txt
Running example_mats_med/tri/p4/williams-shunn/m6.txt
Finished running in 10.157ms
Generating and Compiling example_mats_med/tri/p5/williams-shunn/m0.txt
Running example_mats_med/tri/p5/williams-shunn/m0.txt
Finished running in 12.52ms
Generating and Compiling example_mats_med/tri/p5/williams-shunn/m3.txt
Running example_mats_med/tri/p5/williams-shunn/m3.txt
Finished running in 12.923ms
Generating and Compiling example_mats_med/tri/p5/williams-shunn/m6.txt
Running example_mats_med/tri/p5/williams-shunn/m6.txt
Finished running in 17.172ms
Generating and Compiling example_mats_med/tri/p6/williams-shunn/m0.txt
Running example_mats_med/tri/p6/williams-shunn/m0.txt
Finished running in 18.942ms
