Generating and Compiling example_mats_small/hex/p1/gauss-legendre/m0.txt
Running example_mats_small/hex/p1/gauss-legendre/m0.txt
Finished running in 7.673ms
Generating and Compiling example_mats_small/hex/p1/gauss-legendre/m3.txt
Running example_mats_small/hex/p1/gauss-legendre/m3.txt
Finished running in 4.309ms
Generating and Compiling example_mats_small/hex/p1/gauss-legendre/m6.txt
Running example_mats_small/hex/p1/gauss-legendre/m6.txt
Finished running in 8.771ms
Generating and Compiling example_mats_small/hex/p1/gauss-legendre/m132.txt
Running example_mats_small/hex/p1/gauss-legendre/m132.txt
Finished running in 4.349ms
Generating and Compiling example_mats_small/hex/p1/gauss-legendre/m460.txt
Running example_mats_small/hex/p1/gauss-legendre/m460.txt
Finished running in 7.499ms
Generating and Compiling example_mats_small/hex/p2/gauss-legendre-lobatto/m0.txt
Running example_mats_small/hex/p2/gauss-legendre-lobatto/m0.txt
Finished running in 18.208ms
Generating and Compiling example_mats_small/hex/p2/gauss-legendre-lobatto/m3.txt
Running example_mats_small/hex/p2/gauss-legendre-lobatto/m3.txt
Finished running in 23.414ms
Generating and Compiling example_mats_small/hex/p2/gauss-legendre-lobatto/m6.txt
Running example_mats_small/hex/p2/gauss-legendre-lobatto/m6.txt
Finished running in 36.355ms
Generating and Compiling example_mats_small/hex/p2/gauss-legendre-lobatto/m132.txt
Running example_mats_small/hex/p2/gauss-legendre-lobatto/m132.txt
Finished running in 32.024ms
Generating and Compiling example_mats_small/hex/p2/gauss-legendre-lobatto/m460.txt
Running example_mats_small/hex/p2/gauss-legendre-lobatto/m460.txt
Finished running in 29.609ms
Generating and Compiling example_mats_small/hex/p2/gauss-legendre/m0.txt
Running example_mats_small/hex/p2/gauss-legendre/m0.txt
Finished running in 22.266ms
Generating and Compiling example_mats_small/hex/p2/gauss-legendre/m3.txt
Running example_mats_small/hex/p2/gauss-legendre/m3.txt
Finished running in 23.465ms
Generating and Compiling example_mats_small/hex/p2/gauss-legendre/m6.txt
Running example_mats_small/hex/p2/gauss-legendre/m6.txt
Finished running in 36.366ms
Generating and Compiling example_mats_small/hex/p2/gauss-legendre/m132.txt
Running example_mats_small/hex/p2/gauss-legendre/m132.txt
Finished running in 31.929ms
Generating and Compiling example_mats_small/hex/p2/gauss-legendre/m460.txt
Running example_mats_small/hex/p2/gauss-legendre/m460.txt
Finished running in 29.765ms
Generating and Compiling example_mats_small/hex/p3/gauss-legendre-lobatto/m0.txt
Running example_mats_small/hex/p3/gauss-legendre-lobatto/m0.txt
Finished running in 41.129ms
Generating and Compiling example_mats_small/hex/p3/gauss-legendre-lobatto/m3.txt
Running example_mats_small/hex/p3/gauss-legendre-lobatto/m3.txt
Finished running in 49.259ms
Generating and Compiling example_mats_small/hex/p3/gauss-legendre-lobatto/m6.txt
Running example_mats_small/hex/p3/gauss-legendre-lobatto/m6.txt
Finished running in 80.477ms
Generating and Compiling example_mats_small/hex/p3/gauss-legendre-lobatto/m132.txt
Running example_mats_small/hex/p3/gauss-legendre-lobatto/m132.txt
Finished running in 87.295ms
Generating and Compiling example_mats_small/hex/p3/gauss-legendre-lobatto/m460.txt
Running example_mats_small/hex/p3/gauss-legendre-lobatto/m460.txt
Finished running in 79.26ms
Generating and Compiling example_mats_small/hex/p3/gauss-legendre/m0.txt
Running example_mats_small/hex/p3/gauss-legendre/m0.txt
Finished running in 50.138ms
Generating and Compiling example_mats_small/hex/p3/gauss-legendre/m3.txt
Running example_mats_small/hex/p3/gauss-legendre/m3.txt
Finished running in 48.74ms
Generating and Compiling example_mats_small/hex/p3/gauss-legendre/m6.txt
Running example_mats_small/hex/p3/gauss-legendre/m6.txt
Finished running in 80.498ms
Generating and Compiling example_mats_small/hex/p3/gauss-legendre/m132.txt
Running example_mats_small/hex/p3/gauss-legendre/m132.txt
Finished running in 95.029ms
Generating and Compiling example_mats_small/hex/p3/gauss-legendre/m460.txt
Running example_mats_small/hex/p3/gauss-legendre/m460.txt
Finished running in 81.49ms
Generating and Compiling example_mats_small/hex/p4/gauss-legendre-lobatto/m0.txt
Running example_mats_small/hex/p4/gauss-legendre-lobatto/m0.txt
Finished running in 67.142ms
Generating and Compiling example_mats_small/hex/p4/gauss-legendre-lobatto/m3.txt
Running example_mats_small/hex/p4/gauss-legendre-lobatto/m3.txt
Finished running in 86.857ms
Generating and Compiling example_mats_small/hex/p4/gauss-legendre-lobatto/m6.txt
Running example_mats_small/hex/p4/gauss-legendre-lobatto/m6.txt
Finished running in 152.336ms
Generating and Compiling example_mats_small/hex/p4/gauss-legendre-lobatto/m132.txt
Running example_mats_small/hex/p4/gauss-legendre-lobatto/m132.txt
Finished running in 203.33ms
Generating and Compiling example_mats_small/hex/p4/gauss-legendre-lobatto/m460.txt
Running example_mats_small/hex/p4/gauss-legendre-lobatto/m460.txt
Finished running in 175.154ms
Generating and Compiling example_mats_small/hex/p4/gauss-legendre/m0.txt
Running example_mats_small/hex/p4/gauss-legendre/m0.txt
Finished running in 96.848ms
Generating and Compiling example_mats_small/hex/p4/gauss-legendre/m3.txt
Running example_mats_small/hex/p4/gauss-legendre/m3.txt
Finished running in 87.81700000000001ms
Generating and Compiling example_mats_small/hex/p4/gauss-legendre/m6.txt
Running example_mats_small/hex/p4/gauss-legendre/m6.txt
Finished running in 153.12099999999998ms
Generating and Compiling example_mats_small/hex/p4/gauss-legendre/m132.txt
Running example_mats_small/hex/p4/gauss-legendre/m132.txt
Finished running in 211.014ms
Generating and Compiling example_mats_small/hex/p4/gauss-legendre/m460.txt
Running example_mats_small/hex/p4/gauss-legendre/m460.txt
Finished running in 180.29899999999998ms
Generating and Compiling example_mats_small/hex/p5/gauss-legendre-lobatto/m0.txt
Running example_mats_small/hex/p5/gauss-legendre-lobatto/m0.txt
Finished running in 100.198ms
Generating and Compiling example_mats_small/hex/p5/gauss-legendre-lobatto/m3.txt
Running example_mats_small/hex/p5/gauss-legendre-lobatto/m3.txt
Finished running in 145.197ms
Generating and Compiling example_mats_small/hex/p5/gauss-legendre-lobatto/m6.txt
Running example_mats_small/hex/p5/gauss-legendre-lobatto/m6.txt
Finished running in 257.26099999999997ms
Generating and Compiling example_mats_small/hex/p5/gauss-legendre/m0.txt
Running example_mats_small/hex/p5/gauss-legendre/m0.txt
Finished running in 174.701ms
Generating and Compiling example_mats_small/hex/p5/gauss-legendre/m3.txt
Running example_mats_small/hex/p5/gauss-legendre/m3.txt
Finished running in 145.042ms
Generating and Compiling example_mats_small/hex/p5/gauss-legendre/m6.txt
Running example_mats_small/hex/p5/gauss-legendre/m6.txt
Finished running in 256.394ms
Generating and Compiling example_mats_small/hex/p6/gauss-legendre-lobatto/m0.txt
Running example_mats_small/hex/p6/gauss-legendre-lobatto/m0.txt
Finished running in 139.889ms
Generating and Compiling example_mats_small/hex/p6/gauss-legendre-lobatto/m3.txt
Running example_mats_small/hex/p6/gauss-legendre-lobatto/m3.txt
Finished running in 220.537ms
Generating and Compiling example_mats_small/hex/p6/gauss-legendre-lobatto/m6.txt
Running example_mats_small/hex/p6/gauss-legendre-lobatto/m6.txt
Finished running in 408.007ms
Generating and Compiling example_mats_small/hex/p6/gauss-legendre/m0.txt
Running example_mats_small/hex/p6/gauss-legendre/m0.txt
Finished running in 357.067ms
Generating and Compiling example_mats_small/hex/p6/gauss-legendre/m3.txt
Running example_mats_small/hex/p6/gauss-legendre/m3.txt
Finished running in 220.781ms
Generating and Compiling example_mats_small/hex/p6/gauss-legendre/m6.txt
Running example_mats_small/hex/p6/gauss-legendre/m6.txt
Finished running in 411.071ms
Generating and Compiling example_mats_small/quad/p1/gauss-legendre/m0.txt
Running example_mats_small/quad/p1/gauss-legendre/m0.txt
Finished running in 2.191ms
Generating and Compiling example_mats_small/quad/p1/gauss-legendre/m3.txt
Running example_mats_small/quad/p1/gauss-legendre/m3.txt
Finished running in 1.474ms
Generating and Compiling example_mats_small/quad/p1/gauss-legendre/m6.txt
Running example_mats_small/quad/p1/gauss-legendre/m6.txt
Finished running in 2.576ms
Generating and Compiling example_mats_small/quad/p1/gauss-legendre/m132.txt
Running example_mats_small/quad/p1/gauss-legendre/m132.txt
Finished running in 1.43ms
Generating and Compiling example_mats_small/quad/p1/gauss-legendre/m460.txt
Running example_mats_small/quad/p1/gauss-legendre/m460.txt
Finished running in 2.259ms
Generating and Compiling example_mats_small/quad/p2/gauss-legendre-lobatto/m0.txt
Running example_mats_small/quad/p2/gauss-legendre-lobatto/m0.txt
Finished running in 3.724ms
Generating and Compiling example_mats_small/quad/p2/gauss-legendre-lobatto/m3.txt
Running example_mats_small/quad/p2/gauss-legendre-lobatto/m3.txt
Finished running in 3.454ms
Generating and Compiling example_mats_small/quad/p2/gauss-legendre-lobatto/m6.txt
Running example_mats_small/quad/p2/gauss-legendre-lobatto/m6.txt
Finished running in 5.674ms
Generating and Compiling example_mats_small/quad/p2/gauss-legendre-lobatto/m132.txt
Running example_mats_small/quad/p2/gauss-legendre-lobatto/m132.txt
Finished running in 4.135ms
Generating and Compiling example_mats_small/quad/p2/gauss-legendre-lobatto/m460.txt
Running example_mats_small/quad/p2/gauss-legendre-lobatto/m460.txt
Finished running in 5.775ms
Generating and Compiling example_mats_small/quad/p2/gauss-legendre/m0.txt
Running example_mats_small/quad/p2/gauss-legendre/m0.txt
Finished running in 4.099ms
Generating and Compiling example_mats_small/quad/p2/gauss-legendre/m3.txt
Running example_mats_small/quad/p2/gauss-legendre/m3.txt
Finished running in 3.491ms
Generating and Compiling example_mats_small/quad/p2/gauss-legendre/m6.txt
Running example_mats_small/quad/p2/gauss-legendre/m6.txt
Finished running in 5.791ms
Generating and Compiling example_mats_small/quad/p2/gauss-legendre/m132.txt
Running example_mats_small/quad/p2/gauss-legendre/m132.txt
Finished running in 4.14ms
Generating and Compiling example_mats_small/quad/p2/gauss-legendre/m460.txt
Running example_mats_small/quad/p2/gauss-legendre/m460.txt
Finished running in 5.797ms
Generating and Compiling example_mats_small/quad/p3/gauss-legendre-lobatto/m0.txt
Running example_mats_small/quad/p3/gauss-legendre-lobatto/m0.txt
Finished running in 5.221ms
Generating and Compiling example_mats_small/quad/p3/gauss-legendre-lobatto/m3.txt
Running example_mats_small/quad/p3/gauss-legendre-lobatto/m3.txt
Finished running in 6.187ms
Generating and Compiling example_mats_small/quad/p3/gauss-legendre-lobatto/m6.txt
Running example_mats_small/quad/p3/gauss-legendre-lobatto/m6.txt
Finished running in 10.417ms
Generating and Compiling example_mats_small/quad/p3/gauss-legendre-lobatto/m132.txt
Running example_mats_small/quad/p3/gauss-legendre-lobatto/m132.txt
Finished running in 9.087ms
Generating and Compiling example_mats_small/quad/p3/gauss-legendre-lobatto/m460.txt
Running example_mats_small/quad/p3/gauss-legendre-lobatto/m460.txt
Finished running in 11.618ms
Generating and Compiling example_mats_small/quad/p3/gauss-legendre/m0.txt
Running example_mats_small/quad/p3/gauss-legendre/m0.txt
Finished running in 6.608ms
Generating and Compiling example_mats_small/quad/p3/gauss-legendre/m3.txt
Running example_mats_small/quad/p3/gauss-legendre/m3.txt
Finished running in 6.17ms
Generating and Compiling example_mats_small/quad/p3/gauss-legendre/m6.txt
Running example_mats_small/quad/p3/gauss-legendre/m6.txt
Finished running in 10.286ms
Generating and Compiling example_mats_small/quad/p3/gauss-legendre/m132.txt
Running example_mats_small/quad/p3/gauss-legendre/m132.txt
Finished running in 9.752ms
Generating and Compiling example_mats_small/quad/p3/gauss-legendre/m460.txt
Running example_mats_small/quad/p3/gauss-legendre/m460.txt
Finished running in 11.931ms
Generating and Compiling example_mats_small/quad/p4/gauss-legendre-lobatto/m0.txt
Running example_mats_small/quad/p4/gauss-legendre-lobatto/m0.txt
Finished running in 6.489ms
Generating and Compiling example_mats_small/quad/p4/gauss-legendre-lobatto/m3.txt
Running example_mats_small/quad/p4/gauss-legendre-lobatto/m3.txt
Finished running in 9.818ms
Generating and Compiling example_mats_small/quad/p4/gauss-legendre-lobatto/m6.txt
Running example_mats_small/quad/p4/gauss-legendre-lobatto/m6.txt
Finished running in 16.385ms
Generating and Compiling example_mats_small/quad/p4/gauss-legendre-lobatto/m132.txt
Running example_mats_small/quad/p4/gauss-legendre-lobatto/m132.txt
Finished running in 19.048ms
Generating and Compiling example_mats_small/quad/p4/gauss-legendre-lobatto/m460.txt
Running example_mats_small/quad/p4/gauss-legendre-lobatto/m460.txt
Finished running in 20.483ms
Generating and Compiling example_mats_small/quad/p4/gauss-legendre/m0.txt
Running example_mats_small/quad/p4/gauss-legendre/m0.txt
Finished running in 9.918ms
Generating and Compiling example_mats_small/quad/p4/gauss-legendre/m3.txt
Running example_mats_small/quad/p4/gauss-legendre/m3.txt
Finished running in 9.819ms
Generating and Compiling example_mats_small/quad/p4/gauss-legendre/m6.txt
Running example_mats_small/quad/p4/gauss-legendre/m6.txt
Finished running in 16.512ms
Generating and Compiling example_mats_small/quad/p4/gauss-legendre/m132.txt
Running example_mats_small/quad/p4/gauss-legendre/m132.txt
Finished running in 19.986ms
Generating and Compiling example_mats_small/quad/p4/gauss-legendre/m460.txt
Running example_mats_small/quad/p4/gauss-legendre/m460.txt
Finished running in 20.878ms
Generating and Compiling example_mats_small/quad/p5/gauss-legendre-lobatto/m0.txt
Running example_mats_small/quad/p5/gauss-legendre-lobatto/m0.txt
Finished running in 8.199ms
Generating and Compiling example_mats_small/quad/p5/gauss-legendre-lobatto/m3.txt
Running example_mats_small/quad/p5/gauss-legendre-lobatto/m3.txt
Finished running in 14.159ms
Generating and Compiling example_mats_small/quad/p5/gauss-legendre-lobatto/m6.txt
Running example_mats_small/quad/p5/gauss-legendre-lobatto/m6.txt
Finished running in 23.808ms
Generating and Compiling example_mats_small/quad/p5/gauss-legendre/m0.txt
Running example_mats_small/quad/p5/gauss-legendre/m0.txt
Finished running in 14.608ms
Generating and Compiling example_mats_small/quad/p5/gauss-legendre/m3.txt
Running example_mats_small/quad/p5/gauss-legendre/m3.txt
Finished running in 14.167ms
Generating and Compiling example_mats_small/quad/p5/gauss-legendre/m6.txt
Running example_mats_small/quad/p5/gauss-legendre/m6.txt
Finished running in 23.861ms
Generating and Compiling example_mats_small/quad/p6/gauss-legendre-lobatto/m0.txt
Running example_mats_small/quad/p6/gauss-legendre-lobatto/m0.txt
Finished running in 9.645ms
Generating and Compiling example_mats_small/quad/p6/gauss-legendre-lobatto/m3.txt
Running example_mats_small/quad/p6/gauss-legendre-lobatto/m3.txt
Finished running in 19.497ms
Generating and Compiling example_mats_small/quad/p6/gauss-legendre-lobatto/m6.txt
Running example_mats_small/quad/p6/gauss-legendre-lobatto/m6.txt
Finished running in 32.668ms
Generating and Compiling example_mats_small/quad/p6/gauss-legendre/m0.txt
Running example_mats_small/quad/p6/gauss-legendre/m0.txt
Finished running in 20.71ms
Generating and Compiling example_mats_small/quad/p6/gauss-legendre/m3.txt
Running example_mats_small/quad/p6/gauss-legendre/m3.txt
Finished running in 19.538ms
Generating and Compiling example_mats_small/quad/p6/gauss-legendre/m6.txt
Running example_mats_small/quad/p6/gauss-legendre/m6.txt
Finished running in 32.596ms
Generating and Compiling example_mats_small/tet/p1/shunn-ham/m0.txt
Running example_mats_small/tet/p1/shunn-ham/m0.txt
Finished running in 3.726ms
Generating and Compiling example_mats_small/tet/p1/shunn-ham/m3.txt
Running example_mats_small/tet/p1/shunn-ham/m3.txt
Finished running in 2.082ms
Generating and Compiling example_mats_small/tet/p1/shunn-ham/m6.txt
Running example_mats_small/tet/p1/shunn-ham/m6.txt
Finished running in 4.498ms
Generating and Compiling example_mats_small/tet/p1/shunn-ham/m132.txt
Running example_mats_small/tet/p1/shunn-ham/m132.txt
Finished running in 1.81ms
Generating and Compiling example_mats_small/tet/p1/shunn-ham/m460.txt
Running example_mats_small/tet/p1/shunn-ham/m460.txt
Finished running in 1.881ms
Generating and Compiling example_mats_small/tet/p2/shunn-ham/m0.txt
Running example_mats_small/tet/p2/shunn-ham/m0.txt
Finished running in 10.056ms
Generating and Compiling example_mats_small/tet/p2/shunn-ham/m3.txt
Running example_mats_small/tet/p2/shunn-ham/m3.txt
Finished running in 9.442ms
Generating and Compiling example_mats_small/tet/p2/shunn-ham/m6.txt
Running example_mats_small/tet/p2/shunn-ham/m6.txt
Finished running in 16.227ms
Generating and Compiling example_mats_small/tri/p1/williams-shunn/m0.txt
Running example_mats_small/tri/p1/williams-shunn/m0.txt
Finished running in 1.729ms
Generating and Compiling example_mats_small/tri/p1/williams-shunn/m3.txt
Running example_mats_small/tri/p1/williams-shunn/m3.txt
Finished running in 1.044ms
Generating and Compiling example_mats_small/tri/p1/williams-shunn/m6.txt
Running example_mats_small/tri/p1/williams-shunn/m6.txt
Finished running in 1.891ms
Generating and Compiling example_mats_small/tri/p1/williams-shunn/m132.txt
Running example_mats_small/tri/p1/williams-shunn/m132.txt
Finished running in 0.955ms
Generating and Compiling example_mats_small/tri/p1/williams-shunn/m460.txt
Running example_mats_small/tri/p1/williams-shunn/m460.txt
Finished running in 1.096ms
Generating and Compiling example_mats_small/tri/p2/williams-shunn/m0.txt
Running example_mats_small/tri/p2/williams-shunn/m0.txt
Finished running in 3.099ms
Generating and Compiling example_mats_small/tri/p2/williams-shunn/m3.txt
Running example_mats_small/tri/p2/williams-shunn/m3.txt
Finished running in 2.488ms
Generating and Compiling example_mats_small/tri/p2/williams-shunn/m6.txt
Running example_mats_small/tri/p2/williams-shunn/m6.txt
Finished running in 4.299ms
Generating and Compiling example_mats_small/tri/p2/williams-shunn/m132.txt
Running example_mats_small/tri/p2/williams-shunn/m132.txt
Finished running in 2.91ms
Generating and Compiling example_mats_small/tri/p2/williams-shunn/m460.txt
Running example_mats_small/tri/p2/williams-shunn/m460.txt
Finished running in 4.032ms
Generating and Compiling example_mats_small/tri/p3/williams-shunn/m0.txt
Running example_mats_small/tri/p3/williams-shunn/m0.txt
Finished running in 5.17ms
