Generating and Compiling example_mats_med/hex/p1/gauss-legendre/m0.txt
Running example_mats_med/hex/p1/gauss-legendre/m0.txt
Finished running in 5.522ms
Generating and Compiling example_mats_med/hex/p1/gauss-legendre/m3.txt
Running example_mats_med/hex/p1/gauss-legendre/m3.txt
Finished running in 3.16ms
Generating and Compiling example_mats_med/hex/p1/gauss-legendre/m6.txt
Running example_mats_med/hex/p1/gauss-legendre/m6.txt
Finished running in 6.384ms
Generating and Compiling example_mats_med/hex/p1/gauss-legendre/m132.txt
Running example_mats_med/hex/p1/gauss-legendre/m132.txt
Finished running in 3.2ms
Generating and Compiling example_mats_med/hex/p1/gauss-legendre/m460.txt
Running example_mats_med/hex/p1/gauss-legendre/m460.txt
Finished running in 5.644ms
Generating and Compiling example_mats_med/hex/p2/gauss-legendre-lobatto/m0.txt
Running example_mats_med/hex/p2/gauss-legendre-lobatto/m0.txt
Finished running in 13.447ms
Generating and Compiling example_mats_med/hex/p2/gauss-legendre-lobatto/m3.txt
Running example_mats_med/hex/p2/gauss-legendre-lobatto/m3.txt
Finished running in 18.662ms
Generating and Compiling example_mats_med/hex/p2/gauss-legendre-lobatto/m6.txt
Running example_mats_med/hex/p2/gauss-legendre-lobatto/m6.txt
Finished running in 31.407ms
Generating and Compiling example_mats_med/hex/p2/gauss-legendre-lobatto/m132.txt
Running example_mats_med/hex/p2/gauss-legendre-lobatto/m132.txt
Finished running in 27.148ms
Generating and Compiling example_mats_med/hex/p2/gauss-legendre-lobatto/m460.txt
Running example_mats_med/hex/p2/gauss-legendre-lobatto/m460.txt
Finished running in 21.964ms
Generating and Compiling example_mats_med/hex/p2/gauss-legendre/m0.txt
Running example_mats_med/hex/p2/gauss-legendre/m0.txt
Finished running in 16.323ms
Generating and Compiling example_mats_med/hex/p2/gauss-legendre/m3.txt
Running example_mats_med/hex/p2/gauss-legendre/m3.txt
Finished running in 19.951ms
Generating and Compiling example_mats_med/hex/p2/gauss-legendre/m6.txt
Running example_mats_med/hex/p2/gauss-legendre/m6.txt
Finished running in 31.37ms
Generating and Compiling example_mats_med/hex/p2/gauss-legendre/m132.txt
Running example_mats_med/hex/p2/gauss-legendre/m132.txt
Finished running in 27.003ms
Generating and Compiling example_mats_med/hex/p2/gauss-legendre/m460.txt
Running example_mats_med/hex/p2/gauss-legendre/m460.txt
Finished running in 22.068ms
Generating and Compiling example_mats_med/hex/p3/gauss-legendre-lobatto/m0.txt
Running example_mats_med/hex/p3/gauss-legendre-lobatto/m0.txt
Finished running in 35.513ms
Generating and Compiling example_mats_med/hex/p3/gauss-legendre-lobatto/m3.txt
Running example_mats_med/hex/p3/gauss-legendre-lobatto/m3.txt
Finished running in 42.536ms
Generating and Compiling example_mats_med/hex/p3/gauss-legendre-lobatto/m6.txt
Running example_mats_med/hex/p3/gauss-legendre-lobatto/m6.txt
Finished running in 66.718ms
Generating and Compiling example_mats_med/hex/p3/gauss-legendre-lobatto/m132.txt
Running example_mats_med/hex/p3/gauss-legendre-lobatto/m132.txt
Finished running in 74.967ms
Generating and Compiling example_mats_med/hex/p3/gauss-legendre-lobatto/m460.txt
Running example_mats_med/hex/p3/gauss-legendre-lobatto/m460.txt
Finished running in 57.653ms
Generating and Compiling example_mats_med/hex/p3/gauss-legendre/m0.txt
Running example_mats_med/hex/p3/gauss-legendre/m0.txt
Finished running in 34.428ms
Generating and Compiling example_mats_med/hex/p3/gauss-legendre/m3.txt
Running example_mats_med/hex/p3/gauss-legendre/m3.txt
Finished running in 42.059ms
Generating and Compiling example_mats_med/hex/p3/gauss-legendre/m6.txt
Running example_mats_med/hex/p3/gauss-legendre/m6.txt
Finished running in 66.871ms
Generating and Compiling example_mats_med/hex/p3/gauss-legendre/m132.txt
Running example_mats_med/hex/p3/gauss-legendre/m132.txt
Finished running in 72.59ms
Generating and Compiling example_mats_med/hex/p3/gauss-legendre/m460.txt
Running example_mats_med/hex/p3/gauss-legendre/m460.txt
Finished running in 58.725ms
Generating and Compiling example_mats_med/hex/p4/gauss-legendre-lobatto/m0.txt
Running example_mats_med/hex/p4/gauss-legendre-lobatto/m0.txt
Finished running in 58.12ms
Generating and Compiling example_mats_med/hex/p4/gauss-legendre-lobatto/m3.txt
Running example_mats_med/hex/p4/gauss-legendre-lobatto/m3.txt
Finished running in 75.301ms
Generating and Compiling example_mats_med/hex/p4/gauss-legendre-lobatto/m6.txt
Running example_mats_med/hex/p4/gauss-legendre-lobatto/m6.txt
Finished running in 121.394ms
Generating and Compiling example_mats_med/hex/p4/gauss-legendre-lobatto/m132.txt
Running example_mats_med/hex/p4/gauss-legendre-lobatto/m132.txt
Finished running in 165.168ms
Generating and Compiling example_mats_med/hex/p4/gauss-legendre-lobatto/m460.txt
Running example_mats_med/hex/p4/gauss-legendre-lobatto/m460.txt
Finished running in 136.552ms
Generating and Compiling example_mats_med/hex/p4/gauss-legendre/m0.txt
Running example_mats_med/hex/p4/gauss-legendre/m0.txt
Finished running in 66.704ms
Generating and Compiling example_mats_med/hex/p4/gauss-legendre/m3.txt
Running example_mats_med/hex/p4/gauss-legendre/m3.txt
Finished running in 75.145ms
Generating and Compiling example_mats_med/hex/p4/gauss-legendre/m6.txt
Running example_mats_med/hex/p4/gauss-legendre/m6.txt
Finished running in 121.595ms
Generating and Compiling example_mats_med/hex/p4/gauss-legendre/m132.txt
Running example_mats_med/hex/p4/gauss-legendre/m132.txt
Finished running in 166.471ms
Generating and Compiling example_mats_med/hex/p4/gauss-legendre/m460.txt
Running example_mats_med/hex/p4/gauss-legendre/m460.txt
Finished running in 138.471ms
Generating and Compiling example_mats_med/hex/p5/gauss-legendre-lobatto/m0.txt
Running example_mats_med/hex/p5/gauss-legendre-lobatto/m0.txt
Finished running in 87.382ms
Generating and Compiling example_mats_med/hex/p5/gauss-legendre-lobatto/m3.txt
Running example_mats_med/hex/p5/gauss-legendre-lobatto/m3.txt
Finished running in 112.822ms
Generating and Compiling example_mats_med/hex/p5/gauss-legendre-lobatto/m6.txt
Running example_mats_med/hex/p5/gauss-legendre-lobatto/m6.txt
Finished running in 206.879ms
Generating and Compiling example_mats_med/hex/p5/gauss-legendre-lobatto/m132.txt
Running example_mats_med/hex/p5/gauss-legendre-lobatto/m132.txt
Finished running in 340.027ms
Generating and Compiling example_mats_med/hex/p5/gauss-legendre-lobatto/m460.txt
Running example_mats_med/hex/p5/gauss-legendre-lobatto/m460.txt
Finished running in 270.014ms
Generating and Compiling example_mats_med/hex/p5/gauss-legendre/m0.txt
Running example_mats_med/hex/p5/gauss-legendre/m0.txt
Finished running in 135.32600000000002ms
Generating and Compiling example_mats_med/hex/p5/gauss-legendre/m3.txt
Running example_mats_med/hex/p5/gauss-legendre/m3.txt
Finished running in 113.067ms
Generating and Compiling example_mats_med/hex/p5/gauss-legendre/m6.txt
Running example_mats_med/hex/p5/gauss-legendre/m6.txt
Finished running in 206.675ms
Generating and Compiling example_mats_med/hex/p5/gauss-legendre/m132.txt
Running example_mats_med/hex/p5/gauss-legendre/m132.txt
Finished running in 383.683ms
Generating and Compiling example_mats_med/hex/p5/gauss-legendre/m460.txt
Running example_mats_med/hex/p5/gauss-legendre/m460.txt
Finished running in 278.649ms
Generating and Compiling example_mats_med/hex/p6/gauss-legendre-lobatto/m0.txt
Running example_mats_med/hex/p6/gauss-legendre-lobatto/m0.txt
Finished running in 122.50099999999998ms
Generating and Compiling example_mats_med/hex/p6/gauss-legendre-lobatto/m3.txt
Running example_mats_med/hex/p6/gauss-legendre-lobatto/m3.txt
Finished running in 167.37ms
Generating and Compiling example_mats_med/hex/p6/gauss-legendre-lobatto/m6.txt
Running example_mats_med/hex/p6/gauss-legendre-lobatto/m6.txt
Finished running in 320.24300000000005ms
Generating and Compiling example_mats_med/hex/p6/gauss-legendre-lobatto/m132.txt
Running example_mats_med/hex/p6/gauss-legendre-lobatto/m132.txt
Finished running in 663.402ms
Generating and Compiling example_mats_med/hex/p6/gauss-legendre-lobatto/m460.txt
Running example_mats_med/hex/p6/gauss-legendre-lobatto/m460.txt
Finished running in 550.162ms
Generating and Compiling example_mats_med/hex/p6/gauss-legendre/m0.txt
Running example_mats_med/hex/p6/gauss-legendre/m0.txt
Finished running in 274.507ms
Generating and Compiling example_mats_med/hex/p6/gauss-legendre/m3.txt
Running example_mats_med/hex/p6/gauss-legendre/m3.txt
Finished running in 167.236ms
Generating and Compiling example_mats_med/hex/p6/gauss-legendre/m6.txt
Running example_mats_med/hex/p6/gauss-legendre/m6.txt
Finished running in 321.378ms
Generating and Compiling example_mats_med/hex/p6/gauss-legendre/m132.txt
Running example_mats_med/hex/p6/gauss-legendre/m132.txt
Finished running in 724.076ms
Generating and Compiling example_mats_med/hex/p6/gauss-legendre/m460.txt
Running example_mats_med/hex/p6/gauss-legendre/m460.txt
Finished running in 576.728ms
Generating and Compiling example_mats_med/quad/p1/gauss-legendre/m0.txt
Running example_mats_med/quad/p1/gauss-legendre/m0.txt
Finished running in 1.567ms
Generating and Compiling example_mats_med/quad/p1/gauss-legendre/m3.txt
Running example_mats_med/quad/p1/gauss-legendre/m3.txt
Finished running in 1.016ms
Generating and Compiling example_mats_med/quad/p1/gauss-legendre/m6.txt
Running example_mats_med/quad/p1/gauss-legendre/m6.txt
Finished running in 1.85ms
Generating and Compiling example_mats_med/quad/p1/gauss-legendre/m132.txt
Running example_mats_med/quad/p1/gauss-legendre/m132.txt
Finished running in 1.153ms
Generating and Compiling example_mats_med/quad/p1/gauss-legendre/m460.txt
Running example_mats_med/quad/p1/gauss-legendre/m460.txt
Finished running in 1.538ms
Generating and Compiling example_mats_med/quad/p2/gauss-legendre-lobatto/m0.txt
Running example_mats_med/quad/p2/gauss-legendre-lobatto/m0.txt
Finished running in 2.677ms
Generating and Compiling example_mats_med/quad/p2/gauss-legendre-lobatto/m3.txt
Running example_mats_med/quad/p2/gauss-legendre-lobatto/m3.txt
Finished running in 2.394ms
Generating and Compiling example_mats_med/quad/p2/gauss-legendre-lobatto/m6.txt
Running example_mats_med/quad/p2/gauss-legendre-lobatto/m6.txt
Finished running in 4.215ms
Generating and Compiling example_mats_med/quad/p2/gauss-legendre-lobatto/m132.txt
Running example_mats_med/quad/p2/gauss-legendre-lobatto/m132.txt
Finished running in 2.889ms
Generating and Compiling example_mats_med/quad/p2/gauss-legendre-lobatto/m460.txt
Running example_mats_med/quad/p2/gauss-legendre-lobatto/m460.txt
Finished running in 4.113ms
Generating and Compiling example_mats_med/quad/p2/gauss-legendre/m0.txt
Running example_mats_med/quad/p2/gauss-legendre/m0.txt
Finished running in 2.889ms
Generating and Compiling example_mats_med/quad/p2/gauss-legendre/m3.txt
Running example_mats_med/quad/p2/gauss-legendre/m3.txt
Finished running in 2.495ms
Generating and Compiling example_mats_med/quad/p2/gauss-legendre/m6.txt
Running example_mats_med/quad/p2/gauss-legendre/m6.txt
Finished running in 4.109ms
Generating and Compiling example_mats_med/quad/p2/gauss-legendre/m132.txt
Running example_mats_med/quad/p2/gauss-legendre/m132.txt
Finished running in 2.913ms
Generating and Compiling example_mats_med/quad/p2/gauss-legendre/m460.txt
Running example_mats_med/quad/p2/gauss-legendre/m460.txt
Finished running in 4.212ms
Generating and Compiling example_mats_med/quad/p3/gauss-legendre-lobatto/m0.txt
Running example_mats_med/quad/p3/gauss-legendre-lobatto/m0.txt
Finished running in 3.739ms
Generating and Compiling example_mats_med/quad/p3/gauss-legendre-lobatto/m3.txt
Running example_mats_med/quad/p3/gauss-legendre-lobatto/m3.txt
Finished running in 4.39ms
Generating and Compiling example_mats_med/quad/p3/gauss-legendre-lobatto/m6.txt
Running example_mats_med/quad/p3/gauss-legendre-lobatto/m6.txt
Finished running in 7.568ms
Generating and Compiling example_mats_med/quad/p3/gauss-legendre-lobatto/m132.txt
Running example_mats_med/quad/p3/gauss-legendre-lobatto/m132.txt
Finished running in 6.605ms
Generating and Compiling example_mats_med/quad/p3/gauss-legendre-lobatto/m460.txt
Running example_mats_med/quad/p3/gauss-legendre-lobatto/m460.txt
Finished running in 8.534ms
Generating and Compiling example_mats_med/quad/p3/gauss-legendre/m0.txt
Running example_mats_med/quad/p3/gauss-legendre/m0.txt
Finished running in 4.758ms
Generating and Compiling example_mats_med/quad/p3/gauss-legendre/m3.txt
Running example_mats_med/quad/p3/gauss-legendre/m3.txt
Finished running in 4.461ms
Generating and Compiling example_mats_med/quad/p3/gauss-legendre/m6.txt
Running example_mats_med/quad/p3/gauss-legendre/m6.txt
Finished running in 7.57ms
Generating and Compiling example_mats_med/quad/p3/gauss-legendre/m132.txt
Running example_mats_med/quad/p3/gauss-legendre/m132.txt
Finished running in 6.694ms
Generating and Compiling example_mats_med/quad/p3/gauss-legendre/m460.txt
Running example_mats_med/quad/p3/gauss-legendre/m460.txt
Finished running in 8.736ms
Generating and Compiling example_mats_med/quad/p4/gauss-legendre-lobatto/m0.txt
Running example_mats_med/quad/p4/gauss-legendre-lobatto/m0.txt
Finished running in 4.948ms
Generating and Compiling example_mats_med/quad/p4/gauss-legendre-lobatto/m3.txt
Running example_mats_med/quad/p4/gauss-legendre-lobatto/m3.txt
Finished running in 6.923ms
Generating and Compiling example_mats_med/quad/p4/gauss-legendre-lobatto/m6.txt
Running example_mats_med/quad/p4/gauss-legendre-lobatto/m6.txt
Finished running in 12.141ms
Generating and Compiling example_mats_med/quad/p4/gauss-legendre-lobatto/m132.txt
Running example_mats_med/quad/p4/gauss-legendre-lobatto/m132.txt
Finished running in 13.25ms
Generating and Compiling example_mats_med/quad/p4/gauss-legendre-lobatto/m460.txt
Running example_mats_med/quad/p4/gauss-legendre-lobatto/m460.txt
Finished running in 14.71ms
Generating and Compiling example_mats_med/quad/p4/gauss-legendre/m0.txt
Running example_mats_med/quad/p4/gauss-legendre/m0.txt
Finished running in 6.929ms
Generating and Compiling example_mats_med/quad/p4/gauss-legendre/m3.txt
Running example_mats_med/quad/p4/gauss-legendre/m3.txt
Finished running in 7.015ms
Generating and Compiling example_mats_med/quad/p4/gauss-legendre/m6.txt
Running example_mats_med/quad/p4/gauss-legendre/m6.txt
Finished running in 12.291ms
Generating and Compiling example_mats_med/quad/p4/gauss-legendre/m132.txt
Running example_mats_med/quad/p4/gauss-legendre/m132.txt
Finished running in 13.786ms
Generating and Compiling example_mats_med/quad/p4/gauss-legendre/m460.txt
Running example_mats_med/quad/p4/gauss-legendre/m460.txt
Finished running in 15.265ms
Generating and Compiling example_mats_med/quad/p5/gauss-legendre-lobatto/m0.txt
Running example_mats_med/quad/p5/gauss-legendre-lobatto/m0.txt
Finished running in 6.081ms
Generating and Compiling example_mats_med/quad/p5/gauss-legendre-lobatto/m3.txt
Running example_mats_med/quad/p5/gauss-legendre-lobatto/m3.txt
Finished running in 10.433ms
Generating and Compiling example_mats_med/quad/p5/gauss-legendre-lobatto/m6.txt
Running example_mats_med/quad/p5/gauss-legendre-lobatto/m6.txt
Finished running in 17.802ms
Generating and Compiling example_mats_med/quad/p5/gauss-legendre-lobatto/m132.txt
Running example_mats_med/quad/p5/gauss-legendre-lobatto/m132.txt
Finished running in 22.424ms
Generating and Compiling example_mats_med/quad/p5/gauss-legendre-lobatto/m460.txt
Running example_mats_med/quad/p5/gauss-legendre-lobatto/m460.txt
Finished running in 24.26ms
Generating and Compiling example_mats_med/quad/p5/gauss-legendre/m0.txt
Running example_mats_med/quad/p5/gauss-legendre/m0.txt
Finished running in 10.137ms
Generating and Compiling example_mats_med/quad/p5/gauss-legendre/m3.txt
Running example_mats_med/quad/p5/gauss-legendre/m3.txt
Finished running in 10.466ms
Generating and Compiling example_mats_med/quad/p5/gauss-legendre/m6.txt
Running example_mats_med/quad/p5/gauss-legendre/m6.txt
Finished running in 17.876ms
Generating and Compiling example_mats_med/quad/p5/gauss-legendre/m132.txt
Running example_mats_med/quad/p5/gauss-legendre/m132.txt
Finished running in 23.051ms
Generating and Compiling example_mats_med/quad/p5/gauss-legendre/m460.txt
Running example_mats_med/quad/p5/gauss-legendre/m460.txt
Finished running in 25.014ms
Generating and Compiling example_mats_med/quad/p6/gauss-legendre-lobatto/m0.txt
Running example_mats_med/quad/p6/gauss-legendre-lobatto/m0.txt
Finished running in 7.203ms
Generating and Compiling example_mats_med/quad/p6/gauss-legendre-lobatto/m3.txt
Running example_mats_med/quad/p6/gauss-legendre-lobatto/m3.txt
Finished running in 14.484ms
Generating and Compiling example_mats_med/quad/p6/gauss-legendre-lobatto/m6.txt
Running example_mats_med/quad/p6/gauss-legendre-lobatto/m6.txt
Finished running in 24.359ms
Generating and Compiling example_mats_med/quad/p6/gauss-legendre-lobatto/m132.txt
Running example_mats_med/quad/p6/gauss-legendre-lobatto/m132.txt
Finished running in 33.864ms
Generating and Compiling example_mats_med/quad/p6/gauss-legendre-lobatto/m460.txt
Running example_mats_med/quad/p6/gauss-legendre-lobatto/m460.txt
Finished running in 34.303ms
Generating and Compiling example_mats_med/quad/p6/gauss-legendre/m0.txt
Running example_mats_med/quad/p6/gauss-legendre/m0.txt
Finished running in 14.004ms
Generating and Compiling example_mats_med/quad/p6/gauss-legendre/m3.txt
Running example_mats_med/quad/p6/gauss-legendre/m3.txt
Finished running in 14.431ms
Generating and Compiling example_mats_med/quad/p6/gauss-legendre/m6.txt
Running example_mats_med/quad/p6/gauss-legendre/m6.txt
Finished running in 24.413ms
Generating and Compiling example_mats_med/quad/p6/gauss-legendre/m132.txt
Running example_mats_med/quad/p6/gauss-legendre/m132.txt
Finished running in 35.318ms
Generating and Compiling example_mats_med/quad/p6/gauss-legendre/m460.txt
Running example_mats_med/quad/p6/gauss-legendre/m460.txt
Finished running in 34.599ms
Generating and Compiling example_mats_med/tet/p1/shunn-ham/m0.txt
Running example_mats_med/tet/p1/shunn-ham/m0.txt
Finished running in 2.419ms
Generating and Compiling example_mats_med/tet/p1/shunn-ham/m3.txt
Running example_mats_med/tet/p1/shunn-ham/m3.txt
Finished running in 1.716ms
Generating and Compiling example_mats_med/tet/p1/shunn-ham/m6.txt
Running example_mats_med/tet/p1/shunn-ham/m6.txt
Finished running in 3.196ms
Generating and Compiling example_mats_med/tet/p1/shunn-ham/m132.txt
Running example_mats_med/tet/p1/shunn-ham/m132.txt
Finished running in 1.419ms
Generating and Compiling example_mats_med/tet/p1/shunn-ham/m460.txt
Running example_mats_med/tet/p1/shunn-ham/m460.txt
Finished running in 1.351ms
Generating and Compiling example_mats_med/tet/p2/shunn-ham/m0.txt
Running example_mats_med/tet/p2/shunn-ham/m0.txt
Finished running in 7.332ms
Generating and Compiling example_mats_med/tet/p2/shunn-ham/m3.txt
Running example_mats_med/tet/p2/shunn-ham/m3.txt
Finished running in 8.81ms
Generating and Compiling example_mats_med/tet/p2/shunn-ham/m6.txt
Running example_mats_med/tet/p2/shunn-ham/m6.txt
Finished running in 11.444ms
Generating and Compiling example_mats_med/tet/p2/shunn-ham/m132.txt
Running example_mats_med/tet/p2/shunn-ham/m132.txt
Finished running in 9.549ms
Generating and Compiling example_mats_med/tet/p2/shunn-ham/m460.txt
Running example_mats_med/tet/p2/shunn-ham/m460.txt
Finished running in 8.344ms
Generating and Compiling example_mats_med/tet/p3/shunn-ham/m0.txt
Running example_mats_med/tet/p3/shunn-ham/m0.txt
Finished running in 24.526ms
Generating and Compiling example_mats_med/tet/p3/shunn-ham/m3.txt
Running example_mats_med/tet/p3/shunn-ham/m3.txt
Finished running in 25.705ms
Generating and Compiling example_mats_med/tet/p3/shunn-ham/m6.txt
Running example_mats_med/tet/p3/shunn-ham/m6.txt
Finished running in 39.145ms
Generating and Compiling example_mats_med/tet/p4/shunn-ham/m0.txt
Running example_mats_med/tet/p4/shunn-ham/m0.txt
Finished running in 63.988ms
Generating and Compiling example_mats_med/tri/p1/williams-shunn/m0.txt
Running example_mats_med/tri/p1/williams-shunn/m0.txt
Finished running in 1.038ms
Generating and Compiling example_mats_med/tri/p1/williams-shunn/m3.txt
Running example_mats_med/tri/p1/williams-shunn/m3.txt
Finished running in 0.736ms
Generating and Compiling example_mats_med/tri/p1/williams-shunn/m6.txt
Running example_mats_med/tri/p1/williams-shunn/m6.txt
Finished running in 1.332ms
Generating and Compiling example_mats_med/tri/p1/williams-shunn/m132.txt
Running example_mats_med/tri/p1/williams-shunn/m132.txt
Finished running in 0.684ms
Generating and Compiling example_mats_med/tri/p1/williams-shunn/m460.txt
Running example_mats_med/tri/p1/williams-shunn/m460.txt
Finished running in 0.766ms
Generating and Compiling example_mats_med/tri/p2/williams-shunn/m0.txt
Running example_mats_med/tri/p2/williams-shunn/m0.txt
Finished running in 1.99ms
Generating and Compiling example_mats_med/tri/p2/williams-shunn/m3.txt
Running example_mats_med/tri/p2/williams-shunn/m3.txt
Finished running in 1.75ms
Generating and Compiling example_mats_med/tri/p2/williams-shunn/m6.txt
Running example_mats_med/tri/p2/williams-shunn/m6.txt
Finished running in 3.013ms
Generating and Compiling example_mats_med/tri/p2/williams-shunn/m132.txt
Running example_mats_med/tri/p2/williams-shunn/m132.txt
Finished running in 2.277ms
Generating and Compiling example_mats_med/tri/p2/williams-shunn/m460.txt
Running example_mats_med/tri/p2/williams-shunn/m460.txt
Finished running in 2.712ms
Generating and Compiling example_mats_med/tri/p3/williams-shunn/m0.txt
Running example_mats_med/tri/p3/williams-shunn/m0.txt
Finished running in 3.674ms
Generating and Compiling example_mats_med/tri/p3/williams-shunn/m3.txt
Running example_mats_med/tri/p3/williams-shunn/m3.txt
Finished running in 3.716ms
Generating and Compiling example_mats_med/tri/p3/williams-shunn/m6.txt
Running example_mats_med/tri/p3/williams-shunn/m6.txt
Finished running in 5.407ms
Generating and Compiling example_mats_med/tri/p3/williams-shunn/m132.txt
Running example_mats_med/tri/p3/williams-shunn/m132.txt
Finished running in 6.309ms
Generating and Compiling example_mats_med/tri/p3/williams-shunn/m460.txt
Running example_mats_med/tri/p3/williams-shunn/m460.txt
Finished running in 5.883ms
Generating and Compiling example_mats_med/tri/p4/williams-shunn/m0.txt
Running example_mats_med/tri/p4/williams-shunn/m0.txt
Finished running in 6.897ms
Generating and Compiling example_mats_med/tri/p4/williams-shunn/m3.txt
Running example_mats_med/tri/p4/williams-shunn/m3.txt
Finished running in 6.957ms
Generating and Compiling example_mats_med/tri/p4/williams-shunn/m6.txt
Running example_mats_med/tri/p4/williams-shunn/m6.txt
Finished running in 9.356ms
Generating and Compiling example_mats_med/tri/p5/williams-shunn/m0.txt
Running example_mats_med/tri/p5/williams-shunn/m0.txt
Finished running in 12.298ms
Generating and Compiling example_mats_med/tri/p5/williams-shunn/m3.txt
Running example_mats_med/tri/p5/williams-shunn/m3.txt
Finished running in 11.42ms
Generating and Compiling example_mats_med/tri/p5/williams-shunn/m6.txt
Running example_mats_med/tri/p5/williams-shunn/m6.txt
Finished running in 15.261ms
Generating and Compiling example_mats_med/tri/p6/williams-shunn/m0.txt
Running example_mats_med/tri/p6/williams-shunn/m0.txt
Finished running in 19.98ms
