Generating and Compiling synth_mats/vary_col/q_16/r_128_c_32_p_0.05_uniq_16.txt
Running synth_mats/vary_col/q_16/r_128_c_32_p_0.05_uniq_16.txt
Finished running in 30.343ms
Generating and Compiling synth_mats/vary_col/q_16/r_128_c_64_p_0.05_uniq_16.txt
Running synth_mats/vary_col/q_16/r_128_c_64_p_0.05_uniq_16.txt
Finished running in 50.919ms
Generating and Compiling synth_mats/vary_col/q_16/r_128_c_128_p_0.05_uniq_16.txt
Running synth_mats/vary_col/q_16/r_128_c_128_p_0.05_uniq_16.txt
Finished running in 76.407ms
Generating and Compiling synth_mats/vary_col/q_16/r_128_c_256_p_0.05_uniq_16.txt
Running synth_mats/vary_col/q_16/r_128_c_256_p_0.05_uniq_16.txt
Finished running in 142.377ms
Generating and Compiling synth_mats/vary_col/q_16/r_128_c_512_p_0.05_uniq_16.txt
Running synth_mats/vary_col/q_16/r_128_c_512_p_0.05_uniq_16.txt
Finished running in 355.615ms
Generating and Compiling synth_mats/vary_col/q_16/r_128_c_1024_p_0.05_uniq_16.txt
Running synth_mats/vary_col/q_16/r_128_c_1024_p_0.05_uniq_16.txt
Finished running in 853.429ms
Generating and Compiling synth_mats/vary_col/q_64/r_128_c_32_p_0.05_uniq_64.txt
Running synth_mats/vary_col/q_64/r_128_c_32_p_0.05_uniq_64.txt
Finished running in 29.022ms
Generating and Compiling synth_mats/vary_col/q_64/r_128_c_64_p_0.05_uniq_64.txt
Running synth_mats/vary_col/q_64/r_128_c_64_p_0.05_uniq_64.txt
Finished running in 50.698ms
Generating and Compiling synth_mats/vary_col/q_64/r_128_c_128_p_0.05_uniq_64.txt
Running synth_mats/vary_col/q_64/r_128_c_128_p_0.05_uniq_64.txt
Finished running in 76.535ms
Generating and Compiling synth_mats/vary_col/q_64/r_128_c_256_p_0.05_uniq_64.txt
Running synth_mats/vary_col/q_64/r_128_c_256_p_0.05_uniq_64.txt
Finished running in 143.125ms
Generating and Compiling synth_mats/vary_col/q_64/r_128_c_512_p_0.05_uniq_64.txt
Running synth_mats/vary_col/q_64/r_128_c_512_p_0.05_uniq_64.txt
Finished running in 360.75ms
Generating and Compiling synth_mats/vary_col/q_64/r_128_c_1024_p_0.05_uniq_64.txt
Running synth_mats/vary_col/q_64/r_128_c_1024_p_0.05_uniq_64.txt
Finished running in 845.221ms
Generating and Compiling synth_mats/vary_density/q_16/r_128_c_128_p_0.01_uniq_16.txt
Running synth_mats/vary_density/q_16/r_128_c_128_p_0.01_uniq_16.txt
Finished running in 44.925ms
Generating and Compiling synth_mats/vary_density/q_16/r_128_c_128_p_0.1_uniq_16.txt
Running synth_mats/vary_density/q_16/r_128_c_128_p_0.1_uniq_16.txt
Finished running in 103.161ms
Generating and Compiling synth_mats/vary_density/q_16/r_128_c_128_p_0.2_uniq_16.txt
Running synth_mats/vary_density/q_16/r_128_c_128_p_0.2_uniq_16.txt
Finished running in 154.547ms
Generating and Compiling synth_mats/vary_density/q_16/r_128_c_128_p_0.3_uniq_16.txt
Running synth_mats/vary_density/q_16/r_128_c_128_p_0.3_uniq_16.txt
Finished running in 198.81ms
Generating and Compiling synth_mats/vary_density/q_16/r_128_c_128_p_0.4_uniq_16.txt
Running synth_mats/vary_density/q_16/r_128_c_128_p_0.4_uniq_16.txt
Finished running in 244.067ms
Generating and Compiling synth_mats/vary_density/q_16/r_128_c_128_p_0.5_uniq_16.txt
Running synth_mats/vary_density/q_16/r_128_c_128_p_0.5_uniq_16.txt
Finished running in 292.494ms
Generating and Compiling synth_mats/vary_density/q_16/r_128_c_128_p_0.05_uniq_16.txt
Running synth_mats/vary_density/q_16/r_128_c_128_p_0.05_uniq_16.txt
Finished running in 76.405ms
Generating and Compiling synth_mats/vary_density/q_16/r_128_c_128_p_0.15_uniq_16.txt
Running synth_mats/vary_density/q_16/r_128_c_128_p_0.15_uniq_16.txt
Finished running in 129.544ms
Generating and Compiling synth_mats/vary_density/q_16/r_128_c_128_p_0.025_uniq_16.txt
Running synth_mats/vary_density/q_16/r_128_c_128_p_0.025_uniq_16.txt
Finished running in 64.236ms
Generating and Compiling synth_mats/vary_density/q_16/r_128_c_128_p_0.25_uniq_16.txt
Running synth_mats/vary_density/q_16/r_128_c_128_p_0.25_uniq_16.txt
Finished running in 174.746ms
Generating and Compiling synth_mats/vary_density/q_16/r_128_c_128_p_0.075_uniq_16.txt
Running synth_mats/vary_density/q_16/r_128_c_128_p_0.075_uniq_16.txt
Finished running in 88.512ms
Generating and Compiling synth_mats/vary_density/q_16/r_128_c_128_p_0.125_uniq_16.txt
Running synth_mats/vary_density/q_16/r_128_c_128_p_0.125_uniq_16.txt
Finished running in 117.378ms
Generating and Compiling synth_mats/vary_density/q_64/r_128_c_128_p_0.1_uniq_64.txt
Running synth_mats/vary_density/q_64/r_128_c_128_p_0.1_uniq_64.txt
Finished running in 103.252ms
Generating and Compiling synth_mats/vary_density/q_64/r_128_c_128_p_0.01_uniq_64.txt
Running synth_mats/vary_density/q_64/r_128_c_128_p_0.01_uniq_64.txt
Finished running in 44.99ms
Generating and Compiling synth_mats/vary_density/q_64/r_128_c_128_p_0.2_uniq_64.txt
Running synth_mats/vary_density/q_64/r_128_c_128_p_0.2_uniq_64.txt
Finished running in 152.458ms
Generating and Compiling synth_mats/vary_density/q_64/r_128_c_128_p_0.3_uniq_64.txt
Running synth_mats/vary_density/q_64/r_128_c_128_p_0.3_uniq_64.txt
Finished running in 200.203ms
Generating and Compiling synth_mats/vary_density/q_64/r_128_c_128_p_0.4_uniq_64.txt
Running synth_mats/vary_density/q_64/r_128_c_128_p_0.4_uniq_64.txt
Finished running in 245.079ms
Generating and Compiling synth_mats/vary_density/q_64/r_128_c_128_p_0.05_uniq_64.txt
Running synth_mats/vary_density/q_64/r_128_c_128_p_0.05_uniq_64.txt
Finished running in 76.509ms
Generating and Compiling synth_mats/vary_density/q_64/r_128_c_128_p_0.5_uniq_64.txt
Running synth_mats/vary_density/q_64/r_128_c_128_p_0.5_uniq_64.txt
Finished running in 286.296ms
Generating and Compiling synth_mats/vary_density/q_64/r_128_c_128_p_0.15_uniq_64.txt
Running synth_mats/vary_density/q_64/r_128_c_128_p_0.15_uniq_64.txt
Finished running in 131.02ms
Generating and Compiling synth_mats/vary_density/q_64/r_128_c_128_p_0.025_uniq_64.txt
Running synth_mats/vary_density/q_64/r_128_c_128_p_0.025_uniq_64.txt
Finished running in 64.427ms
Generating and Compiling synth_mats/vary_density/q_64/r_128_c_128_p_0.25_uniq_64.txt
Running synth_mats/vary_density/q_64/r_128_c_128_p_0.25_uniq_64.txt
Finished running in 178.059ms
Generating and Compiling synth_mats/vary_density/q_64/r_128_c_128_p_0.075_uniq_64.txt
Running synth_mats/vary_density/q_64/r_128_c_128_p_0.075_uniq_64.txt
Finished running in 87.202ms
Generating and Compiling synth_mats/vary_density/q_64/r_128_c_128_p_0.125_uniq_64.txt
Running synth_mats/vary_density/q_64/r_128_c_128_p_0.125_uniq_64.txt
Finished running in 116.906ms
Generating and Compiling synth_mats/vary_row/q_16/r_32_c_128_p_0.05_uniq_16.txt
Running synth_mats/vary_row/q_16/r_32_c_128_p_0.05_uniq_16.txt
Finished running in 35.492ms
Generating and Compiling synth_mats/vary_row/q_16/r_64_c_128_p_0.05_uniq_16.txt
Running synth_mats/vary_row/q_16/r_64_c_128_p_0.05_uniq_16.txt
Finished running in 51.623ms
Generating and Compiling synth_mats/vary_row/q_16/r_128_c_128_p_0.05_uniq_16.txt
Running synth_mats/vary_row/q_16/r_128_c_128_p_0.05_uniq_16.txt
Finished running in 76.355ms
Generating and Compiling synth_mats/vary_row/q_16/r_256_c_128_p_0.05_uniq_16.txt
Running synth_mats/vary_row/q_16/r_256_c_128_p_0.05_uniq_16.txt
Finished running in 127.216ms
Generating and Compiling synth_mats/vary_row/q_16/r_512_c_128_p_0.05_uniq_16.txt
Running synth_mats/vary_row/q_16/r_512_c_128_p_0.05_uniq_16.txt
Finished running in 227.018ms
Generating and Compiling synth_mats/vary_row/q_16/r_1024_c_128_p_0.05_uniq_16.txt
Running synth_mats/vary_row/q_16/r_1024_c_128_p_0.05_uniq_16.txt
Finished running in 435.256ms
Generating and Compiling synth_mats/vary_row/q_64/r_32_c_128_p_0.05_uniq_64.txt
Running synth_mats/vary_row/q_64/r_32_c_128_p_0.05_uniq_64.txt
Finished running in 34.255ms
Generating and Compiling synth_mats/vary_row/q_64/r_64_c_128_p_0.05_uniq_64.txt
Running synth_mats/vary_row/q_64/r_64_c_128_p_0.05_uniq_64.txt
Finished running in 53.135ms
Generating and Compiling synth_mats/vary_row/q_64/r_128_c_128_p_0.05_uniq_64.txt
Running synth_mats/vary_row/q_64/r_128_c_128_p_0.05_uniq_64.txt
Finished running in 76.651ms
Generating and Compiling synth_mats/vary_row/q_64/r_256_c_128_p_0.05_uniq_64.txt
Running synth_mats/vary_row/q_64/r_256_c_128_p_0.05_uniq_64.txt
Finished running in 127.09ms
Generating and Compiling synth_mats/vary_row/q_64/r_512_c_128_p_0.05_uniq_64.txt
Running synth_mats/vary_row/q_64/r_512_c_128_p_0.05_uniq_64.txt
Finished running in 227.031ms
Generating and Compiling synth_mats/vary_row/q_64/r_1024_c_128_p_0.05_uniq_64.txt
Running synth_mats/vary_row/q_64/r_1024_c_128_p_0.05_uniq_64.txt
Finished running in 434.754ms
Generating and Compiling synth_mats/vary_unique/r_128_c_128_p_0.05_uniq_8.txt
Running synth_mats/vary_unique/r_128_c_128_p_0.05_uniq_8.txt
Finished running in 76.62ms
Generating and Compiling synth_mats/vary_unique/r_128_c_128_p_0.05_uniq_16.txt
Running synth_mats/vary_unique/r_128_c_128_p_0.05_uniq_16.txt
Finished running in 76.834ms
Generating and Compiling synth_mats/vary_unique/r_128_c_128_p_0.05_uniq_24.txt
Running synth_mats/vary_unique/r_128_c_128_p_0.05_uniq_24.txt
Finished running in 77.701ms
Generating and Compiling synth_mats/vary_unique/r_128_c_128_p_0.05_uniq_31.txt
Running synth_mats/vary_unique/r_128_c_128_p_0.05_uniq_31.txt
Finished running in 76.581ms
Generating and Compiling synth_mats/vary_unique/r_128_c_128_p_0.05_uniq_40.txt
Running synth_mats/vary_unique/r_128_c_128_p_0.05_uniq_40.txt
Finished running in 76.98ms
Generating and Compiling synth_mats/vary_unique/r_128_c_128_p_0.05_uniq_48.txt
Running synth_mats/vary_unique/r_128_c_128_p_0.05_uniq_48.txt
Finished running in 76.31100000000004ms
Generating and Compiling synth_mats/vary_unique/r_128_c_128_p_0.05_uniq_56.txt
Running synth_mats/vary_unique/r_128_c_128_p_0.05_uniq_56.txt
Finished running in 76.269ms
Generating and Compiling synth_mats/vary_unique/r_128_c_128_p_0.05_uniq_64.txt
Running synth_mats/vary_unique/r_128_c_128_p_0.05_uniq_64.txt
Finished running in 76.515ms
Generating and Compiling synth_mats/vary_unique/r_128_c_128_p_0.05_uniq_78.txt
Running synth_mats/vary_unique/r_128_c_128_p_0.05_uniq_78.txt
Finished running in 77.963ms
Generating and Compiling synth_mats/vary_unique/r_128_c_128_p_0.05_uniq_96.txt
Running synth_mats/vary_unique/r_128_c_128_p_0.05_uniq_96.txt
Finished running in 77.096ms
Generating and Compiling synth_mats/vary_unique/r_128_c_128_p_0.05_uniq_112.txt
Running synth_mats/vary_unique/r_128_c_128_p_0.05_uniq_112.txt
Finished running in 76.856ms
Generating and Compiling synth_mats/vary_unique/r_128_c_128_p_0.05_uniq_128.txt
Running synth_mats/vary_unique/r_128_c_128_p_0.05_uniq_128.txt
Finished running in 76.972ms
Generating and Compiling synth_mats/vary_unique/r_128_c_128_p_0.05_uniq_144.txt
Running synth_mats/vary_unique/r_128_c_128_p_0.05_uniq_144.txt
Finished running in 75.994ms
Generating and Compiling synth_mats/vary_unique/r_128_c_128_p_0.05_uniq_160.txt
Running synth_mats/vary_unique/r_128_c_128_p_0.05_uniq_160.txt
Finished running in 76.33ms
Generating and Compiling synth_mats/vary_unique/r_128_c_128_p_0.05_uniq_176.txt
Running synth_mats/vary_unique/r_128_c_128_p_0.05_uniq_176.txt
Finished running in 179.157ms
Generating and Compiling synth_mats/vary_unique/r_128_c_128_p_0.05_uniq_192.txt
Running synth_mats/vary_unique/r_128_c_128_p_0.05_uniq_192.txt
Finished running in 180.344ms
