Generating and Compiling synth_mats_small/vary_col/q_16/r_128_c_32_p_0.05_uniq_16.txt
Running synth_mats_small/vary_col/q_16/r_128_c_32_p_0.05_uniq_16.txt
Finished running in 38.207ms
Generating and Compiling synth_mats_small/vary_col/q_16/r_128_c_64_p_0.05_uniq_16.txt
Running synth_mats_small/vary_col/q_16/r_128_c_64_p_0.05_uniq_16.txt
Finished running in 60.223ms
Generating and Compiling synth_mats_small/vary_col/q_16/r_128_c_128_p_0.05_uniq_16.txt
Running synth_mats_small/vary_col/q_16/r_128_c_128_p_0.05_uniq_16.txt
Finished running in 91.473ms
Generating and Compiling synth_mats_small/vary_col/q_16/r_128_c_256_p_0.05_uniq_16.txt
Running synth_mats_small/vary_col/q_16/r_128_c_256_p_0.05_uniq_16.txt
Finished running in 182.765ms
Generating and Compiling synth_mats_small/vary_col/q_16/r_128_c_512_p_0.05_uniq_16.txt
Running synth_mats_small/vary_col/q_16/r_128_c_512_p_0.05_uniq_16.txt
Finished running in 417.673ms
Generating and Compiling synth_mats_small/vary_col/q_16/r_128_c_1024_p_0.05_uniq_16.txt
Running synth_mats_small/vary_col/q_16/r_128_c_1024_p_0.05_uniq_16.txt
Finished running in 926.797ms
Generating and Compiling synth_mats_small/vary_density/q_16/r_128_c_128_p_0.01_uniq_16.txt
Running synth_mats_small/vary_density/q_16/r_128_c_128_p_0.01_uniq_16.txt
Finished running in 50.014ms
Generating and Compiling synth_mats_small/vary_density/q_16/r_128_c_128_p_0.1_uniq_16.txt
Running synth_mats_small/vary_density/q_16/r_128_c_128_p_0.1_uniq_16.txt
Finished running in 136.598ms
Generating and Compiling synth_mats_small/vary_density/q_16/r_128_c_128_p_0.2_uniq_16.txt
Running synth_mats_small/vary_density/q_16/r_128_c_128_p_0.2_uniq_16.txt
Finished running in 212.731ms
Generating and Compiling synth_mats_small/vary_density/q_16/r_128_c_128_p_0.3_uniq_16.txt
Running synth_mats_small/vary_density/q_16/r_128_c_128_p_0.3_uniq_16.txt
Finished running in 287.896ms
Generating and Compiling synth_mats_small/vary_density/q_16/r_128_c_128_p_0.4_uniq_16.txt
Running synth_mats_small/vary_density/q_16/r_128_c_128_p_0.4_uniq_16.txt
Finished running in 351.072ms
Generating and Compiling synth_mats_small/vary_density/q_16/r_128_c_128_p_0.5_uniq_16.txt
Running synth_mats_small/vary_density/q_16/r_128_c_128_p_0.5_uniq_16.txt
Finished running in 413.113ms
Generating and Compiling synth_mats_small/vary_density/q_16/r_128_c_128_p_0.05_uniq_16.txt
Running synth_mats_small/vary_density/q_16/r_128_c_128_p_0.05_uniq_16.txt
Finished running in 92.646ms
Generating and Compiling synth_mats_small/vary_density/q_16/r_128_c_128_p_0.15_uniq_16.txt
Running synth_mats_small/vary_density/q_16/r_128_c_128_p_0.15_uniq_16.txt
Finished running in 176.469ms
Generating and Compiling synth_mats_small/vary_density/q_16/r_128_c_128_p_0.025_uniq_16.txt
Running synth_mats_small/vary_density/q_16/r_128_c_128_p_0.025_uniq_16.txt
Finished running in 73.175ms
Generating and Compiling synth_mats_small/vary_density/q_16/r_128_c_128_p_0.25_uniq_16.txt
Running synth_mats_small/vary_density/q_16/r_128_c_128_p_0.25_uniq_16.txt
Finished running in 251.595ms
Generating and Compiling synth_mats_small/vary_density/q_16/r_128_c_128_p_0.075_uniq_16.txt
Running synth_mats_small/vary_density/q_16/r_128_c_128_p_0.075_uniq_16.txt
Finished running in 114.354ms
Generating and Compiling synth_mats_small/vary_density/q_16/r_128_c_128_p_0.125_uniq_16.txt
Running synth_mats_small/vary_density/q_16/r_128_c_128_p_0.125_uniq_16.txt
Finished running in 155.303ms
Generating and Compiling synth_mats_small/vary_row/q_16/r_32_c_128_p_0.05_uniq_16.txt
Running synth_mats_small/vary_row/q_16/r_32_c_128_p_0.05_uniq_16.txt
Finished running in 39.337ms
Generating and Compiling synth_mats_small/vary_row/q_16/r_64_c_128_p_0.05_uniq_16.txt
Running synth_mats_small/vary_row/q_16/r_64_c_128_p_0.05_uniq_16.txt
Finished running in 58.413ms
Generating and Compiling synth_mats_small/vary_row/q_16/r_128_c_128_p_0.05_uniq_16.txt
Running synth_mats_small/vary_row/q_16/r_128_c_128_p_0.05_uniq_16.txt
Finished running in 92.429ms
Generating and Compiling synth_mats_small/vary_row/q_16/r_256_c_128_p_0.05_uniq_16.txt
Running synth_mats_small/vary_row/q_16/r_256_c_128_p_0.05_uniq_16.txt
Finished running in 159.401ms
Generating and Compiling synth_mats_small/vary_row/q_16/r_512_c_128_p_0.05_uniq_16.txt
Running synth_mats_small/vary_row/q_16/r_512_c_128_p_0.05_uniq_16.txt
Finished running in 294.647ms
Generating and Compiling synth_mats_small/vary_row/q_16/r_1024_c_128_p_0.05_uniq_16.txt
Running synth_mats_small/vary_row/q_16/r_1024_c_128_p_0.05_uniq_16.txt
Finished running in 591.823ms
Generating and Compiling synth_mats_small/vary_unique/r_128_c_128_p_0.05_uniq_8.txt
Running synth_mats_small/vary_unique/r_128_c_128_p_0.05_uniq_8.txt
Finished running in 92.401ms
Generating and Compiling synth_mats_small/vary_unique/r_128_c_128_p_0.05_uniq_16.txt
Running synth_mats_small/vary_unique/r_128_c_128_p_0.05_uniq_16.txt
Finished running in 92.128ms
Generating and Compiling synth_mats_small/vary_unique/r_128_c_128_p_0.05_uniq_24.txt
Running synth_mats_small/vary_unique/r_128_c_128_p_0.05_uniq_24.txt
Finished running in 91.229ms
