Generating and Compiling synth_mats/vary_col/q_16/r_128_c_32_p_0.05_uniq_16.txt
Running synth_mats/vary_col/q_16/r_128_c_32_p_0.05_uniq_16.txt
Finished running in 29.569ms
Generating and Compiling synth_mats/vary_col/q_16/r_128_c_64_p_0.05_uniq_16.txt
Running synth_mats/vary_col/q_16/r_128_c_64_p_0.05_uniq_16.txt
Finished running in 49.886ms
Generating and Compiling synth_mats/vary_col/q_16/r_128_c_128_p_0.05_uniq_16.txt
Running synth_mats/vary_col/q_16/r_128_c_128_p_0.05_uniq_16.txt
Finished running in 76.333ms
Generating and Compiling synth_mats/vary_col/q_16/r_128_c_256_p_0.05_uniq_16.txt
Running synth_mats/vary_col/q_16/r_128_c_256_p_0.05_uniq_16.txt
Finished running in 143.762ms
Generating and Compiling synth_mats/vary_col/q_16/r_128_c_512_p_0.05_uniq_16.txt
Running synth_mats/vary_col/q_16/r_128_c_512_p_0.05_uniq_16.txt
Finished running in 368.74300000000005ms
Generating and Compiling synth_mats/vary_col/q_16/r_128_c_1024_p_0.05_uniq_16.txt
Running synth_mats/vary_col/q_16/r_128_c_1024_p_0.05_uniq_16.txt
Finished running in 826.8050000000001ms
Generating and Compiling synth_mats/vary_col/q_64/r_128_c_32_p_0.05_uniq_64.txt
Running synth_mats/vary_col/q_64/r_128_c_32_p_0.05_uniq_64.txt
Finished running in 28.618ms
Generating and Compiling synth_mats/vary_col/q_64/r_128_c_64_p_0.05_uniq_64.txt
Running synth_mats/vary_col/q_64/r_128_c_64_p_0.05_uniq_64.txt
Finished running in 49.665ms
Generating and Compiling synth_mats/vary_col/q_64/r_128_c_128_p_0.05_uniq_64.txt
Running synth_mats/vary_col/q_64/r_128_c_128_p_0.05_uniq_64.txt
Finished running in 77.059ms
Generating and Compiling synth_mats/vary_col/q_64/r_128_c_256_p_0.05_uniq_64.txt
Running synth_mats/vary_col/q_64/r_128_c_256_p_0.05_uniq_64.txt
Finished running in 142.438ms
Generating and Compiling synth_mats/vary_col/q_64/r_128_c_512_p_0.05_uniq_64.txt
Running synth_mats/vary_col/q_64/r_128_c_512_p_0.05_uniq_64.txt
Finished running in 348.422ms
Generating and Compiling synth_mats/vary_col/q_64/r_128_c_1024_p_0.05_uniq_64.txt
Running synth_mats/vary_col/q_64/r_128_c_1024_p_0.05_uniq_64.txt
Finished running in 821.72ms
Generating and Compiling synth_mats/vary_density/q_16/r_128_c_128_p_0.01_uniq_16.txt
Running synth_mats/vary_density/q_16/r_128_c_128_p_0.01_uniq_16.txt
Finished running in 44.393ms
Generating and Compiling synth_mats/vary_density/q_16/r_128_c_128_p_0.1_uniq_16.txt
Running synth_mats/vary_density/q_16/r_128_c_128_p_0.1_uniq_16.txt
Finished running in 101.674ms
Generating and Compiling synth_mats/vary_density/q_16/r_128_c_128_p_0.2_uniq_16.txt
Running synth_mats/vary_density/q_16/r_128_c_128_p_0.2_uniq_16.txt
Finished running in 152.783ms
Generating and Compiling synth_mats/vary_density/q_16/r_128_c_128_p_0.3_uniq_16.txt
Running synth_mats/vary_density/q_16/r_128_c_128_p_0.3_uniq_16.txt
Finished running in 218.706ms
Generating and Compiling synth_mats/vary_density/q_16/r_128_c_128_p_0.4_uniq_16.txt
Running synth_mats/vary_density/q_16/r_128_c_128_p_0.4_uniq_16.txt
Finished running in 285.844ms
Generating and Compiling synth_mats/vary_density/q_16/r_128_c_128_p_0.5_uniq_16.txt
Running synth_mats/vary_density/q_16/r_128_c_128_p_0.5_uniq_16.txt
Finished running in 352.248ms
Generating and Compiling synth_mats/vary_density/q_16/r_128_c_128_p_0.05_uniq_16.txt
Running synth_mats/vary_density/q_16/r_128_c_128_p_0.05_uniq_16.txt
Finished running in 75.509ms
Generating and Compiling synth_mats/vary_density/q_16/r_128_c_128_p_0.15_uniq_16.txt
Running synth_mats/vary_density/q_16/r_128_c_128_p_0.15_uniq_16.txt
Finished running in 121.858ms
Generating and Compiling synth_mats/vary_density/q_16/r_128_c_128_p_0.025_uniq_16.txt
Running synth_mats/vary_density/q_16/r_128_c_128_p_0.025_uniq_16.txt
Finished running in 64.635ms
Generating and Compiling synth_mats/vary_density/q_16/r_128_c_128_p_0.25_uniq_16.txt
Running synth_mats/vary_density/q_16/r_128_c_128_p_0.25_uniq_16.txt
Finished running in 185.469ms
Generating and Compiling synth_mats/vary_density/q_16/r_128_c_128_p_0.075_uniq_16.txt
Running synth_mats/vary_density/q_16/r_128_c_128_p_0.075_uniq_16.txt
Finished running in 90.36ms
Generating and Compiling synth_mats/vary_density/q_16/r_128_c_128_p_0.125_uniq_16.txt
Running synth_mats/vary_density/q_16/r_128_c_128_p_0.125_uniq_16.txt
Finished running in 108.51ms
Generating and Compiling synth_mats/vary_density/q_64/r_128_c_128_p_0.1_uniq_64.txt
Running synth_mats/vary_density/q_64/r_128_c_128_p_0.1_uniq_64.txt
Finished running in 99.319ms
Generating and Compiling synth_mats/vary_density/q_64/r_128_c_128_p_0.01_uniq_64.txt
Running synth_mats/vary_density/q_64/r_128_c_128_p_0.01_uniq_64.txt
Finished running in 43.369ms
Generating and Compiling synth_mats/vary_density/q_64/r_128_c_128_p_0.2_uniq_64.txt
Running synth_mats/vary_density/q_64/r_128_c_128_p_0.2_uniq_64.txt
Finished running in 152.589ms
Generating and Compiling synth_mats/vary_density/q_64/r_128_c_128_p_0.3_uniq_64.txt
Running synth_mats/vary_density/q_64/r_128_c_128_p_0.3_uniq_64.txt
Finished running in 177.034ms
Generating and Compiling synth_mats/vary_density/q_64/r_128_c_128_p_0.4_uniq_64.txt
Running synth_mats/vary_density/q_64/r_128_c_128_p_0.4_uniq_64.txt
Finished running in 177.196ms
Generating and Compiling synth_mats/vary_density/q_64/r_128_c_128_p_0.05_uniq_64.txt
Running synth_mats/vary_density/q_64/r_128_c_128_p_0.05_uniq_64.txt
Finished running in 75.314ms
Generating and Compiling synth_mats/vary_density/q_64/r_128_c_128_p_0.5_uniq_64.txt
Running synth_mats/vary_density/q_64/r_128_c_128_p_0.5_uniq_64.txt
Finished running in 177.198ms
Generating and Compiling synth_mats/vary_density/q_64/r_128_c_128_p_0.15_uniq_64.txt
Running synth_mats/vary_density/q_64/r_128_c_128_p_0.15_uniq_64.txt
Finished running in 122.017ms
Generating and Compiling synth_mats/vary_density/q_64/r_128_c_128_p_0.025_uniq_64.txt
Running synth_mats/vary_density/q_64/r_128_c_128_p_0.025_uniq_64.txt
Finished running in 62.866ms
Generating and Compiling synth_mats/vary_density/q_64/r_128_c_128_p_0.25_uniq_64.txt
Running synth_mats/vary_density/q_64/r_128_c_128_p_0.25_uniq_64.txt
Finished running in 177.207ms
Generating and Compiling synth_mats/vary_density/q_64/r_128_c_128_p_0.075_uniq_64.txt
Running synth_mats/vary_density/q_64/r_128_c_128_p_0.075_uniq_64.txt
Finished running in 86.573ms
Generating and Compiling synth_mats/vary_density/q_64/r_128_c_128_p_0.125_uniq_64.txt
Running synth_mats/vary_density/q_64/r_128_c_128_p_0.125_uniq_64.txt
Finished running in 108.489ms
Generating and Compiling synth_mats/vary_row/q_16/r_32_c_128_p_0.05_uniq_16.txt
Running synth_mats/vary_row/q_16/r_32_c_128_p_0.05_uniq_16.txt
Finished running in 33.775ms
Generating and Compiling synth_mats/vary_row/q_16/r_64_c_128_p_0.05_uniq_16.txt
Running synth_mats/vary_row/q_16/r_64_c_128_p_0.05_uniq_16.txt
Finished running in 50.307ms
Generating and Compiling synth_mats/vary_row/q_16/r_128_c_128_p_0.05_uniq_16.txt
Running synth_mats/vary_row/q_16/r_128_c_128_p_0.05_uniq_16.txt
Finished running in 74.814ms
Generating and Compiling synth_mats/vary_row/q_16/r_256_c_128_p_0.05_uniq_16.txt
Running synth_mats/vary_row/q_16/r_256_c_128_p_0.05_uniq_16.txt
Finished running in 125.311ms
Generating and Compiling synth_mats/vary_row/q_16/r_512_c_128_p_0.05_uniq_16.txt
Running synth_mats/vary_row/q_16/r_512_c_128_p_0.05_uniq_16.txt
Finished running in 223.116ms
Generating and Compiling synth_mats/vary_row/q_16/r_1024_c_128_p_0.05_uniq_16.txt
Running synth_mats/vary_row/q_16/r_1024_c_128_p_0.05_uniq_16.txt
Finished running in 429.434ms
Generating and Compiling synth_mats/vary_row/q_64/r_32_c_128_p_0.05_uniq_64.txt
Running synth_mats/vary_row/q_64/r_32_c_128_p_0.05_uniq_64.txt
Finished running in 33.087ms
Generating and Compiling synth_mats/vary_row/q_64/r_64_c_128_p_0.05_uniq_64.txt
Running synth_mats/vary_row/q_64/r_64_c_128_p_0.05_uniq_64.txt
Finished running in 51.869ms
Generating and Compiling synth_mats/vary_row/q_64/r_128_c_128_p_0.05_uniq_64.txt
Running synth_mats/vary_row/q_64/r_128_c_128_p_0.05_uniq_64.txt
Finished running in 77.931ms
Generating and Compiling synth_mats/vary_row/q_64/r_256_c_128_p_0.05_uniq_64.txt
Running synth_mats/vary_row/q_64/r_256_c_128_p_0.05_uniq_64.txt
Finished running in 125.384ms
Generating and Compiling synth_mats/vary_row/q_64/r_512_c_128_p_0.05_uniq_64.txt
Running synth_mats/vary_row/q_64/r_512_c_128_p_0.05_uniq_64.txt
Finished running in 224.659ms
Generating and Compiling synth_mats/vary_row/q_64/r_1024_c_128_p_0.05_uniq_64.txt
Running synth_mats/vary_row/q_64/r_1024_c_128_p_0.05_uniq_64.txt
Finished running in 430.54600000000005ms
Generating and Compiling synth_mats/vary_unique/r_128_c_128_p_0.05_uniq_8.txt
Running synth_mats/vary_unique/r_128_c_128_p_0.05_uniq_8.txt
Finished running in 77.721ms
Generating and Compiling synth_mats/vary_unique/r_128_c_128_p_0.05_uniq_16.txt
Running synth_mats/vary_unique/r_128_c_128_p_0.05_uniq_16.txt
Finished running in 76.828ms
Generating and Compiling synth_mats/vary_unique/r_128_c_128_p_0.05_uniq_24.txt
Running synth_mats/vary_unique/r_128_c_128_p_0.05_uniq_24.txt
Finished running in 77.517ms
Generating and Compiling synth_mats/vary_unique/r_128_c_128_p_0.05_uniq_31.txt
Running synth_mats/vary_unique/r_128_c_128_p_0.05_uniq_31.txt
Finished running in 78.485ms
Generating and Compiling synth_mats/vary_unique/r_128_c_128_p_0.05_uniq_40.txt
Running synth_mats/vary_unique/r_128_c_128_p_0.05_uniq_40.txt
Finished running in 76.765ms
Generating and Compiling synth_mats/vary_unique/r_128_c_128_p_0.05_uniq_48.txt
Running synth_mats/vary_unique/r_128_c_128_p_0.05_uniq_48.txt
Finished running in 75.203ms
Generating and Compiling synth_mats/vary_unique/r_128_c_128_p_0.05_uniq_56.txt
Running synth_mats/vary_unique/r_128_c_128_p_0.05_uniq_56.txt
Finished running in 76.111ms
Generating and Compiling synth_mats/vary_unique/r_128_c_128_p_0.05_uniq_64.txt
Running synth_mats/vary_unique/r_128_c_128_p_0.05_uniq_64.txt
Finished running in 75.718ms
Generating and Compiling synth_mats/vary_unique/r_128_c_128_p_0.05_uniq_78.txt
Running synth_mats/vary_unique/r_128_c_128_p_0.05_uniq_78.txt
Finished running in 78.5ms
Generating and Compiling synth_mats/vary_unique/r_128_c_128_p_0.05_uniq_96.txt
Running synth_mats/vary_unique/r_128_c_128_p_0.05_uniq_96.txt
Finished running in 76.884ms
Generating and Compiling synth_mats/vary_unique/r_128_c_128_p_0.05_uniq_112.txt
Running synth_mats/vary_unique/r_128_c_128_p_0.05_uniq_112.txt
Finished running in 78.369ms
Generating and Compiling synth_mats/vary_unique/r_128_c_128_p_0.05_uniq_128.txt
Running synth_mats/vary_unique/r_128_c_128_p_0.05_uniq_128.txt
Finished running in 77.188ms
Generating and Compiling synth_mats/vary_unique/r_128_c_128_p_0.05_uniq_144.txt
Running synth_mats/vary_unique/r_128_c_128_p_0.05_uniq_144.txt
Finished running in 74.488ms
Generating and Compiling synth_mats/vary_unique/r_128_c_128_p_0.05_uniq_160.txt
Running synth_mats/vary_unique/r_128_c_128_p_0.05_uniq_160.txt
Finished running in 77.39ms
Generating and Compiling synth_mats/vary_unique/r_128_c_128_p_0.05_uniq_176.txt
Running synth_mats/vary_unique/r_128_c_128_p_0.05_uniq_176.txt
Finished running in 78.676ms
Generating and Compiling synth_mats/vary_unique/r_128_c_128_p_0.05_uniq_192.txt
Running synth_mats/vary_unique/r_128_c_128_p_0.05_uniq_192.txt
Finished running in 176.532ms
