Generating and Compiling example_mats_small/hex/p1/gauss-legendre/m0.txt
Running example_mats_small/hex/p1/gauss-legendre/m0.txt
Finished running in 5.247ms
Generating and Compiling example_mats_small/hex/p1/gauss-legendre/m3.txt
Running example_mats_small/hex/p1/gauss-legendre/m3.txt
Finished running in 3.062ms
Generating and Compiling example_mats_small/hex/p1/gauss-legendre/m6.txt
Running example_mats_small/hex/p1/gauss-legendre/m6.txt
Finished running in 6.151ms
Generating and Compiling example_mats_small/hex/p1/gauss-legendre/m132.txt
Running example_mats_small/hex/p1/gauss-legendre/m132.txt
Finished running in 3.05ms
Generating and Compiling example_mats_small/hex/p1/gauss-legendre/m460.txt
Running example_mats_small/hex/p1/gauss-legendre/m460.txt
Finished running in 5.252ms
Generating and Compiling example_mats_small/hex/p2/gauss-legendre-lobatto/m0.txt
Running example_mats_small/hex/p2/gauss-legendre-lobatto/m0.txt
Finished running in 13.301ms
Generating and Compiling example_mats_small/hex/p2/gauss-legendre-lobatto/m3.txt
Running example_mats_small/hex/p2/gauss-legendre-lobatto/m3.txt
Finished running in 13.408ms
Generating and Compiling example_mats_small/hex/p2/gauss-legendre-lobatto/m6.txt
Running example_mats_small/hex/p2/gauss-legendre-lobatto/m6.txt
Finished running in 28.092ms
Generating and Compiling example_mats_small/hex/p2/gauss-legendre-lobatto/m132.txt
Running example_mats_small/hex/p2/gauss-legendre-lobatto/m132.txt
Finished running in 25.448ms
Generating and Compiling example_mats_small/hex/p2/gauss-legendre-lobatto/m460.txt
Running example_mats_small/hex/p2/gauss-legendre-lobatto/m460.txt
Finished running in 21.696ms
Generating and Compiling example_mats_small/hex/p2/gauss-legendre/m0.txt
Running example_mats_small/hex/p2/gauss-legendre/m0.txt
Finished running in 15.984ms
Generating and Compiling example_mats_small/hex/p2/gauss-legendre/m3.txt
Running example_mats_small/hex/p2/gauss-legendre/m3.txt
Finished running in 13.095ms
Generating and Compiling example_mats_small/hex/p2/gauss-legendre/m6.txt
Running example_mats_small/hex/p2/gauss-legendre/m6.txt
Finished running in 27.696ms
Generating and Compiling example_mats_small/hex/p2/gauss-legendre/m132.txt
Running example_mats_small/hex/p2/gauss-legendre/m132.txt
Finished running in 25.283ms
Generating and Compiling example_mats_small/hex/p2/gauss-legendre/m460.txt
Running example_mats_small/hex/p2/gauss-legendre/m460.txt
Finished running in 21.77ms
Generating and Compiling example_mats_small/hex/p3/gauss-legendre-lobatto/m0.txt
Running example_mats_small/hex/p3/gauss-legendre-lobatto/m0.txt
Finished running in 31.678ms
Generating and Compiling example_mats_small/hex/p3/gauss-legendre-lobatto/m3.txt
Running example_mats_small/hex/p3/gauss-legendre-lobatto/m3.txt
Finished running in 35.772ms
Generating and Compiling example_mats_small/hex/p3/gauss-legendre-lobatto/m6.txt
Running example_mats_small/hex/p3/gauss-legendre-lobatto/m6.txt
Finished running in 61.144ms
Generating and Compiling example_mats_small/hex/p3/gauss-legendre-lobatto/m132.txt
Running example_mats_small/hex/p3/gauss-legendre-lobatto/m132.txt
Finished running in 61.481ms
Generating and Compiling example_mats_small/hex/p3/gauss-legendre-lobatto/m460.txt
Running example_mats_small/hex/p3/gauss-legendre-lobatto/m460.txt
Finished running in 57.961ms
Generating and Compiling example_mats_small/hex/p3/gauss-legendre/m0.txt
Running example_mats_small/hex/p3/gauss-legendre/m0.txt
Finished running in 34.232ms
Generating and Compiling example_mats_small/hex/p3/gauss-legendre/m3.txt
Running example_mats_small/hex/p3/gauss-legendre/m3.txt
Finished running in 36.062ms
Generating and Compiling example_mats_small/hex/p3/gauss-legendre/m6.txt
Running example_mats_small/hex/p3/gauss-legendre/m6.txt
Finished running in 60.9ms
Generating and Compiling example_mats_small/hex/p3/gauss-legendre/m132.txt
Running example_mats_small/hex/p3/gauss-legendre/m132.txt
Finished running in 57.951ms
Generating and Compiling example_mats_small/hex/p3/gauss-legendre/m460.txt
Running example_mats_small/hex/p3/gauss-legendre/m460.txt
Finished running in 60.25ms
Generating and Compiling example_mats_small/hex/p4/gauss-legendre-lobatto/m0.txt
Running example_mats_small/hex/p4/gauss-legendre-lobatto/m0.txt
Finished running in 55.704ms
Generating and Compiling example_mats_small/hex/p4/gauss-legendre-lobatto/m3.txt
Running example_mats_small/hex/p4/gauss-legendre-lobatto/m3.txt
Finished running in 62.158ms
Generating and Compiling example_mats_small/hex/p4/gauss-legendre-lobatto/m6.txt
Running example_mats_small/hex/p4/gauss-legendre-lobatto/m6.txt
Finished running in 115.543ms
Generating and Compiling example_mats_small/hex/p4/gauss-legendre-lobatto/m132.txt
Running example_mats_small/hex/p4/gauss-legendre-lobatto/m132.txt
Finished running in 159.301ms
Generating and Compiling example_mats_small/hex/p4/gauss-legendre-lobatto/m460.txt
Running example_mats_small/hex/p4/gauss-legendre-lobatto/m460.txt
Finished running in 130.89800000000002ms
Generating and Compiling example_mats_small/hex/p4/gauss-legendre/m0.txt
Running example_mats_small/hex/p4/gauss-legendre/m0.txt
Finished running in 64.68ms
Generating and Compiling example_mats_small/hex/p4/gauss-legendre/m3.txt
Running example_mats_small/hex/p4/gauss-legendre/m3.txt
Finished running in 62.163ms
Generating and Compiling example_mats_small/hex/p4/gauss-legendre/m6.txt
Running example_mats_small/hex/p4/gauss-legendre/m6.txt
Finished running in 115.691ms
Generating and Compiling example_mats_small/hex/p4/gauss-legendre/m132.txt
Running example_mats_small/hex/p4/gauss-legendre/m132.txt
Finished running in 164.58000000000004ms
Generating and Compiling example_mats_small/hex/p4/gauss-legendre/m460.txt
Running example_mats_small/hex/p4/gauss-legendre/m460.txt
Finished running in 132.34ms
Generating and Compiling example_mats_small/hex/p5/gauss-legendre-lobatto/m0.txt
Running example_mats_small/hex/p5/gauss-legendre-lobatto/m0.txt
Finished running in 86.311ms
Generating and Compiling example_mats_small/hex/p5/gauss-legendre-lobatto/m3.txt
Running example_mats_small/hex/p5/gauss-legendre-lobatto/m3.txt
Finished running in 103.613ms
Generating and Compiling example_mats_small/hex/p5/gauss-legendre-lobatto/m6.txt
Running example_mats_small/hex/p5/gauss-legendre-lobatto/m6.txt
Finished running in 194.309ms
Generating and Compiling example_mats_small/hex/p5/gauss-legendre/m0.txt
Running example_mats_small/hex/p5/gauss-legendre/m0.txt
Finished running in 137.958ms
Generating and Compiling example_mats_small/hex/p5/gauss-legendre/m3.txt
Running example_mats_small/hex/p5/gauss-legendre/m3.txt
Finished running in 102.96ms
Generating and Compiling example_mats_small/hex/p5/gauss-legendre/m6.txt
Running example_mats_small/hex/p5/gauss-legendre/m6.txt
Finished running in 193.442ms
Generating and Compiling example_mats_small/hex/p6/gauss-legendre-lobatto/m0.txt
Running example_mats_small/hex/p6/gauss-legendre-lobatto/m0.txt
Finished running in 123.189ms
Generating and Compiling example_mats_small/hex/p6/gauss-legendre-lobatto/m3.txt
Running example_mats_small/hex/p6/gauss-legendre-lobatto/m3.txt
Finished running in 163.279ms
Generating and Compiling example_mats_small/hex/p6/gauss-legendre-lobatto/m6.txt
Running example_mats_small/hex/p6/gauss-legendre-lobatto/m6.txt
Finished running in 327.867ms
Generating and Compiling example_mats_small/hex/p6/gauss-legendre/m0.txt
Running example_mats_small/hex/p6/gauss-legendre/m0.txt
Finished running in 271.394ms
Generating and Compiling example_mats_small/hex/p6/gauss-legendre/m3.txt
Running example_mats_small/hex/p6/gauss-legendre/m3.txt
Finished running in 163.743ms
Generating and Compiling example_mats_small/hex/p6/gauss-legendre/m6.txt
Running example_mats_small/hex/p6/gauss-legendre/m6.txt
Finished running in 328.728ms
Generating and Compiling example_mats_small/quad/p1/gauss-legendre/m0.txt
Running example_mats_small/quad/p1/gauss-legendre/m0.txt
Finished running in 1.304ms
Generating and Compiling example_mats_small/quad/p1/gauss-legendre/m3.txt
Running example_mats_small/quad/p1/gauss-legendre/m3.txt
Finished running in 0.976ms
Generating and Compiling example_mats_small/quad/p1/gauss-legendre/m6.txt
Running example_mats_small/quad/p1/gauss-legendre/m6.txt
Finished running in 1.603ms
Generating and Compiling example_mats_small/quad/p1/gauss-legendre/m132.txt
Running example_mats_small/quad/p1/gauss-legendre/m132.txt
Finished running in 0.96ms
Generating and Compiling example_mats_small/quad/p1/gauss-legendre/m460.txt
Running example_mats_small/quad/p1/gauss-legendre/m460.txt
Finished running in 1.265ms
Generating and Compiling example_mats_small/quad/p2/gauss-legendre-lobatto/m0.txt
Running example_mats_small/quad/p2/gauss-legendre-lobatto/m0.txt
Finished running in 2.474ms
Generating and Compiling example_mats_small/quad/p2/gauss-legendre-lobatto/m3.txt
Running example_mats_small/quad/p2/gauss-legendre-lobatto/m3.txt
Finished running in 2.492ms
Generating and Compiling example_mats_small/quad/p2/gauss-legendre-lobatto/m6.txt
Running example_mats_small/quad/p2/gauss-legendre-lobatto/m6.txt
Finished running in 4.123ms
Generating and Compiling example_mats_small/quad/p2/gauss-legendre-lobatto/m132.txt
Running example_mats_small/quad/p2/gauss-legendre-lobatto/m132.txt
Finished running in 2.963ms
Generating and Compiling example_mats_small/quad/p2/gauss-legendre-lobatto/m460.txt
Running example_mats_small/quad/p2/gauss-legendre-lobatto/m460.txt
Finished running in 4.012ms
Generating and Compiling example_mats_small/quad/p2/gauss-legendre/m0.txt
Running example_mats_small/quad/p2/gauss-legendre/m0.txt
Finished running in 2.868ms
Generating and Compiling example_mats_small/quad/p2/gauss-legendre/m3.txt
Running example_mats_small/quad/p2/gauss-legendre/m3.txt
Finished running in 2.337ms
Generating and Compiling example_mats_small/quad/p2/gauss-legendre/m6.txt
Running example_mats_small/quad/p2/gauss-legendre/m6.txt
Finished running in 4.029ms
Generating and Compiling example_mats_small/quad/p2/gauss-legendre/m132.txt
Running example_mats_small/quad/p2/gauss-legendre/m132.txt
Finished running in 2.969ms
Generating and Compiling example_mats_small/quad/p2/gauss-legendre/m460.txt
Running example_mats_small/quad/p2/gauss-legendre/m460.txt
Finished running in 4.208ms
Generating and Compiling example_mats_small/quad/p3/gauss-legendre-lobatto/m0.txt
Running example_mats_small/quad/p3/gauss-legendre-lobatto/m0.txt
Finished running in 3.572ms
Generating and Compiling example_mats_small/quad/p3/gauss-legendre-lobatto/m3.txt
Running example_mats_small/quad/p3/gauss-legendre-lobatto/m3.txt
Finished running in 4.407ms
Generating and Compiling example_mats_small/quad/p3/gauss-legendre-lobatto/m6.txt
Running example_mats_small/quad/p3/gauss-legendre-lobatto/m6.txt
Finished running in 7.549ms
Generating and Compiling example_mats_small/quad/p3/gauss-legendre-lobatto/m132.txt
Running example_mats_small/quad/p3/gauss-legendre-lobatto/m132.txt
Finished running in 6.603ms
Generating and Compiling example_mats_small/quad/p3/gauss-legendre-lobatto/m460.txt
Running example_mats_small/quad/p3/gauss-legendre-lobatto/m460.txt
Finished running in 8.592ms
Generating and Compiling example_mats_small/quad/p3/gauss-legendre/m0.txt
Running example_mats_small/quad/p3/gauss-legendre/m0.txt
Finished running in 4.654ms
Generating and Compiling example_mats_small/quad/p3/gauss-legendre/m3.txt
Running example_mats_small/quad/p3/gauss-legendre/m3.txt
Finished running in 4.417ms
Generating and Compiling example_mats_small/quad/p3/gauss-legendre/m6.txt
Running example_mats_small/quad/p3/gauss-legendre/m6.txt
Finished running in 7.455ms
Generating and Compiling example_mats_small/quad/p3/gauss-legendre/m132.txt
Running example_mats_small/quad/p3/gauss-legendre/m132.txt
Finished running in 6.883ms
Generating and Compiling example_mats_small/quad/p3/gauss-legendre/m460.txt
Running example_mats_small/quad/p3/gauss-legendre/m460.txt
Finished running in 8.922ms
Generating and Compiling example_mats_small/quad/p4/gauss-legendre-lobatto/m0.txt
Running example_mats_small/quad/p4/gauss-legendre-lobatto/m0.txt
Finished running in 4.843ms
Generating and Compiling example_mats_small/quad/p4/gauss-legendre-lobatto/m3.txt
Running example_mats_small/quad/p4/gauss-legendre-lobatto/m3.txt
Finished running in 7.102ms
Generating and Compiling example_mats_small/quad/p4/gauss-legendre-lobatto/m6.txt
Running example_mats_small/quad/p4/gauss-legendre-lobatto/m6.txt
Finished running in 11.973ms
Generating and Compiling example_mats_small/quad/p4/gauss-legendre-lobatto/m132.txt
Running example_mats_small/quad/p4/gauss-legendre-lobatto/m132.txt
Finished running in 12.882ms
Generating and Compiling example_mats_small/quad/p4/gauss-legendre-lobatto/m460.txt
Running example_mats_small/quad/p4/gauss-legendre-lobatto/m460.txt
Finished running in 14.925ms
Generating and Compiling example_mats_small/quad/p4/gauss-legendre/m0.txt
Running example_mats_small/quad/p4/gauss-legendre/m0.txt
Finished running in 6.882ms
Generating and Compiling example_mats_small/quad/p4/gauss-legendre/m3.txt
Running example_mats_small/quad/p4/gauss-legendre/m3.txt
Finished running in 7.07ms
Generating and Compiling example_mats_small/quad/p4/gauss-legendre/m6.txt
Running example_mats_small/quad/p4/gauss-legendre/m6.txt
Finished running in 11.922ms
Generating and Compiling example_mats_small/quad/p4/gauss-legendre/m132.txt
Running example_mats_small/quad/p4/gauss-legendre/m132.txt
Finished running in 13.214ms
Generating and Compiling example_mats_small/quad/p4/gauss-legendre/m460.txt
Running example_mats_small/quad/p4/gauss-legendre/m460.txt
Finished running in 15.205ms
Generating and Compiling example_mats_small/quad/p5/gauss-legendre-lobatto/m0.txt
Running example_mats_small/quad/p5/gauss-legendre-lobatto/m0.txt
Finished running in 5.946ms
Generating and Compiling example_mats_small/quad/p5/gauss-legendre-lobatto/m3.txt
Running example_mats_small/quad/p5/gauss-legendre-lobatto/m3.txt
Finished running in 10.334ms
Generating and Compiling example_mats_small/quad/p5/gauss-legendre-lobatto/m6.txt
Running example_mats_small/quad/p5/gauss-legendre-lobatto/m6.txt
Finished running in 17.706ms
Generating and Compiling example_mats_small/quad/p5/gauss-legendre/m0.txt
Running example_mats_small/quad/p5/gauss-legendre/m0.txt
Finished running in 10.0ms
Generating and Compiling example_mats_small/quad/p5/gauss-legendre/m3.txt
Running example_mats_small/quad/p5/gauss-legendre/m3.txt
Finished running in 10.314ms
Generating and Compiling example_mats_small/quad/p5/gauss-legendre/m6.txt
Running example_mats_small/quad/p5/gauss-legendre/m6.txt
Finished running in 17.804ms
Generating and Compiling example_mats_small/quad/p6/gauss-legendre-lobatto/m0.txt
Running example_mats_small/quad/p6/gauss-legendre-lobatto/m0.txt
Finished running in 7.05ms
Generating and Compiling example_mats_small/quad/p6/gauss-legendre-lobatto/m3.txt
Running example_mats_small/quad/p6/gauss-legendre-lobatto/m3.txt
Finished running in 14.58ms
Generating and Compiling example_mats_small/quad/p6/gauss-legendre-lobatto/m6.txt
Running example_mats_small/quad/p6/gauss-legendre-lobatto/m6.txt
Finished running in 24.736ms
Generating and Compiling example_mats_small/quad/p6/gauss-legendre/m0.txt
Running example_mats_small/quad/p6/gauss-legendre/m0.txt
Finished running in 13.412ms
Generating and Compiling example_mats_small/quad/p6/gauss-legendre/m3.txt
Running example_mats_small/quad/p6/gauss-legendre/m3.txt
Finished running in 14.631ms
Generating and Compiling example_mats_small/quad/p6/gauss-legendre/m6.txt
Running example_mats_small/quad/p6/gauss-legendre/m6.txt
Finished running in 24.828ms
Generating and Compiling example_mats_small/tet/p1/shunn-ham/m0.txt
Running example_mats_small/tet/p1/shunn-ham/m0.txt
Finished running in 2.387ms
Generating and Compiling example_mats_small/tet/p1/shunn-ham/m3.txt
Running example_mats_small/tet/p1/shunn-ham/m3.txt
Finished running in 1.79ms
Generating and Compiling example_mats_small/tet/p1/shunn-ham/m6.txt
Running example_mats_small/tet/p1/shunn-ham/m6.txt
Finished running in 3.075ms
Generating and Compiling example_mats_small/tet/p1/shunn-ham/m132.txt
Running example_mats_small/tet/p1/shunn-ham/m132.txt
Finished running in 1.439ms
Generating and Compiling example_mats_small/tet/p1/shunn-ham/m460.txt
Running example_mats_small/tet/p1/shunn-ham/m460.txt
Finished running in 1.358ms
Generating and Compiling example_mats_small/tet/p2/shunn-ham/m0.txt
Running example_mats_small/tet/p2/shunn-ham/m0.txt
Finished running in 7.324ms
Generating and Compiling example_mats_small/tet/p2/shunn-ham/m3.txt
Running example_mats_small/tet/p2/shunn-ham/m3.txt
Finished running in 8.402ms
Generating and Compiling example_mats_small/tet/p2/shunn-ham/m6.txt
Running example_mats_small/tet/p2/shunn-ham/m6.txt
Finished running in 12.058ms
Generating and Compiling example_mats_small/tri/p1/williams-shunn/m0.txt
Running example_mats_small/tri/p1/williams-shunn/m0.txt
Finished running in 1.226ms
Generating and Compiling example_mats_small/tri/p1/williams-shunn/m3.txt
Running example_mats_small/tri/p1/williams-shunn/m3.txt
Finished running in 0.909ms
Generating and Compiling example_mats_small/tri/p1/williams-shunn/m6.txt
Running example_mats_small/tri/p1/williams-shunn/m6.txt
Finished running in 1.436ms
Generating and Compiling example_mats_small/tri/p1/williams-shunn/m132.txt
Running example_mats_small/tri/p1/williams-shunn/m132.txt
Finished running in 0.839ms
Generating and Compiling example_mats_small/tri/p1/williams-shunn/m460.txt
Running example_mats_small/tri/p1/williams-shunn/m460.txt
Finished running in 0.903ms
Generating and Compiling example_mats_small/tri/p2/williams-shunn/m0.txt
Running example_mats_small/tri/p2/williams-shunn/m0.txt
Finished running in 2.146ms
Generating and Compiling example_mats_small/tri/p2/williams-shunn/m3.txt
Running example_mats_small/tri/p2/williams-shunn/m3.txt
Finished running in 1.893ms
Generating and Compiling example_mats_small/tri/p2/williams-shunn/m6.txt
Running example_mats_small/tri/p2/williams-shunn/m6.txt
Finished running in 3.069ms
Generating and Compiling example_mats_small/tri/p2/williams-shunn/m132.txt
Running example_mats_small/tri/p2/williams-shunn/m132.txt
Finished running in 2.316ms
Generating and Compiling example_mats_small/tri/p2/williams-shunn/m460.txt
Running example_mats_small/tri/p2/williams-shunn/m460.txt
Finished running in 2.779ms
Generating and Compiling example_mats_small/tri/p3/williams-shunn/m0.txt
Running example_mats_small/tri/p3/williams-shunn/m0.txt
Finished running in 3.892ms
