Generating and Compiling example_mats_small/hex/p1/gauss-legendre/m0.txt
Running example_mats_small/hex/p1/gauss-legendre/m0.txt
Finished running in 5.232ms
Generating and Compiling example_mats_small/hex/p1/gauss-legendre/m3.txt
Running example_mats_small/hex/p1/gauss-legendre/m3.txt
Finished running in 3.111ms
Generating and Compiling example_mats_small/hex/p1/gauss-legendre/m6.txt
Running example_mats_small/hex/p1/gauss-legendre/m6.txt
Finished running in 6.251ms
Generating and Compiling example_mats_small/hex/p1/gauss-legendre/m132.txt
Running example_mats_small/hex/p1/gauss-legendre/m132.txt
Finished running in 3.08ms
Generating and Compiling example_mats_small/hex/p1/gauss-legendre/m460.txt
Running example_mats_small/hex/p1/gauss-legendre/m460.txt
Finished running in 5.166ms
Generating and Compiling example_mats_small/hex/p2/gauss-legendre-lobatto/m0.txt
Running example_mats_small/hex/p2/gauss-legendre-lobatto/m0.txt
Finished running in 13.269ms
Generating and Compiling example_mats_small/hex/p2/gauss-legendre-lobatto/m3.txt
Running example_mats_small/hex/p2/gauss-legendre-lobatto/m3.txt
Finished running in 12.955ms
Generating and Compiling example_mats_small/hex/p2/gauss-legendre-lobatto/m6.txt
Running example_mats_small/hex/p2/gauss-legendre-lobatto/m6.txt
Finished running in 27.316ms
Generating and Compiling example_mats_small/hex/p2/gauss-legendre-lobatto/m132.txt
Running example_mats_small/hex/p2/gauss-legendre-lobatto/m132.txt
Finished running in 25.258ms
Generating and Compiling example_mats_small/hex/p2/gauss-legendre-lobatto/m460.txt
Running example_mats_small/hex/p2/gauss-legendre-lobatto/m460.txt
Finished running in 21.805ms
Generating and Compiling example_mats_small/hex/p2/gauss-legendre/m0.txt
Running example_mats_small/hex/p2/gauss-legendre/m0.txt
Finished running in 15.907ms
Generating and Compiling example_mats_small/hex/p2/gauss-legendre/m3.txt
Running example_mats_small/hex/p2/gauss-legendre/m3.txt
Finished running in 13.112ms
Generating and Compiling example_mats_small/hex/p2/gauss-legendre/m6.txt
Running example_mats_small/hex/p2/gauss-legendre/m6.txt
Finished running in 27.492ms
Generating and Compiling example_mats_small/hex/p2/gauss-legendre/m132.txt
Running example_mats_small/hex/p2/gauss-legendre/m132.txt
Finished running in 25.681ms
Generating and Compiling example_mats_small/hex/p2/gauss-legendre/m460.txt
Running example_mats_small/hex/p2/gauss-legendre/m460.txt
Finished running in 21.696ms
Generating and Compiling example_mats_small/hex/p3/gauss-legendre-lobatto/m0.txt
Running example_mats_small/hex/p3/gauss-legendre-lobatto/m0.txt
Finished running in 32.084ms
Generating and Compiling example_mats_small/hex/p3/gauss-legendre-lobatto/m3.txt
Running example_mats_small/hex/p3/gauss-legendre-lobatto/m3.txt
Finished running in 35.593ms
Generating and Compiling example_mats_small/hex/p3/gauss-legendre-lobatto/m6.txt
Running example_mats_small/hex/p3/gauss-legendre-lobatto/m6.txt
Finished running in 60.84ms
Generating and Compiling example_mats_small/hex/p3/gauss-legendre-lobatto/m132.txt
Running example_mats_small/hex/p3/gauss-legendre-lobatto/m132.txt
Finished running in 61.199ms
Generating and Compiling example_mats_small/hex/p3/gauss-legendre-lobatto/m460.txt
Running example_mats_small/hex/p3/gauss-legendre-lobatto/m460.txt
Finished running in 57.488ms
Generating and Compiling example_mats_small/hex/p3/gauss-legendre/m0.txt
Running example_mats_small/hex/p3/gauss-legendre/m0.txt
Finished running in 33.952ms
Generating and Compiling example_mats_small/hex/p3/gauss-legendre/m3.txt
Running example_mats_small/hex/p3/gauss-legendre/m3.txt
Finished running in 35.88ms
Generating and Compiling example_mats_small/hex/p3/gauss-legendre/m6.txt
Running example_mats_small/hex/p3/gauss-legendre/m6.txt
Finished running in 60.824ms
Generating and Compiling example_mats_small/hex/p3/gauss-legendre/m132.txt
Running example_mats_small/hex/p3/gauss-legendre/m132.txt
Finished running in 57.935ms
Generating and Compiling example_mats_small/hex/p3/gauss-legendre/m460.txt
Running example_mats_small/hex/p3/gauss-legendre/m460.txt
Finished running in 59.9ms
Generating and Compiling example_mats_small/hex/p4/gauss-legendre-lobatto/m0.txt
Running example_mats_small/hex/p4/gauss-legendre-lobatto/m0.txt
Finished running in 55.523ms
Generating and Compiling example_mats_small/hex/p4/gauss-legendre-lobatto/m3.txt
Running example_mats_small/hex/p4/gauss-legendre-lobatto/m3.txt
Finished running in 61.931ms
Generating and Compiling example_mats_small/hex/p4/gauss-legendre-lobatto/m6.txt
Running example_mats_small/hex/p4/gauss-legendre-lobatto/m6.txt
Finished running in 114.799ms
Generating and Compiling example_mats_small/hex/p4/gauss-legendre-lobatto/m132.txt
Running example_mats_small/hex/p4/gauss-legendre-lobatto/m132.txt
Finished running in 152.901ms
Generating and Compiling example_mats_small/hex/p4/gauss-legendre-lobatto/m460.txt
Running example_mats_small/hex/p4/gauss-legendre-lobatto/m460.txt
Finished running in 129.413ms
Generating and Compiling example_mats_small/hex/p4/gauss-legendre/m0.txt
Running example_mats_small/hex/p4/gauss-legendre/m0.txt
Finished running in 64.391ms
Generating and Compiling example_mats_small/hex/p4/gauss-legendre/m3.txt
Running example_mats_small/hex/p4/gauss-legendre/m3.txt
Finished running in 61.969ms
Generating and Compiling example_mats_small/hex/p4/gauss-legendre/m6.txt
Running example_mats_small/hex/p4/gauss-legendre/m6.txt
Finished running in 114.811ms
Generating and Compiling example_mats_small/hex/p4/gauss-legendre/m132.txt
Running example_mats_small/hex/p4/gauss-legendre/m132.txt
Finished running in 162.96ms
Generating and Compiling example_mats_small/hex/p4/gauss-legendre/m460.txt
Running example_mats_small/hex/p4/gauss-legendre/m460.txt
Finished running in 131.01300000000003ms
Generating and Compiling example_mats_small/hex/p5/gauss-legendre-lobatto/m0.txt
Running example_mats_small/hex/p5/gauss-legendre-lobatto/m0.txt
Finished running in 86.159ms
Generating and Compiling example_mats_small/hex/p5/gauss-legendre-lobatto/m3.txt
Running example_mats_small/hex/p5/gauss-legendre-lobatto/m3.txt
Finished running in 103.096ms
Generating and Compiling example_mats_small/hex/p5/gauss-legendre-lobatto/m6.txt
Running example_mats_small/hex/p5/gauss-legendre-lobatto/m6.txt
Finished running in 193.668ms
Generating and Compiling example_mats_small/hex/p5/gauss-legendre/m0.txt
Running example_mats_small/hex/p5/gauss-legendre/m0.txt
Finished running in 132.722ms
Generating and Compiling example_mats_small/hex/p5/gauss-legendre/m3.txt
Running example_mats_small/hex/p5/gauss-legendre/m3.txt
Finished running in 102.734ms
Generating and Compiling example_mats_small/hex/p5/gauss-legendre/m6.txt
Running example_mats_small/hex/p5/gauss-legendre/m6.txt
Finished running in 192.224ms
Generating and Compiling example_mats_small/hex/p6/gauss-legendre-lobatto/m0.txt
Running example_mats_small/hex/p6/gauss-legendre-lobatto/m0.txt
Finished running in 120.709ms
Generating and Compiling example_mats_small/hex/p6/gauss-legendre-lobatto/m3.txt
Running example_mats_small/hex/p6/gauss-legendre-lobatto/m3.txt
Finished running in 161.438ms
Generating and Compiling example_mats_small/hex/p6/gauss-legendre-lobatto/m6.txt
Running example_mats_small/hex/p6/gauss-legendre-lobatto/m6.txt
Finished running in 327.00199999999995ms
Generating and Compiling example_mats_small/hex/p6/gauss-legendre/m0.txt
Running example_mats_small/hex/p6/gauss-legendre/m0.txt
Finished running in 269.271ms
Generating and Compiling example_mats_small/hex/p6/gauss-legendre/m3.txt
Running example_mats_small/hex/p6/gauss-legendre/m3.txt
Finished running in 162.69100000000003ms
Generating and Compiling example_mats_small/hex/p6/gauss-legendre/m6.txt
Running example_mats_small/hex/p6/gauss-legendre/m6.txt
Finished running in 326.71ms
Generating and Compiling example_mats_small/quad/p1/gauss-legendre/m0.txt
Running example_mats_small/quad/p1/gauss-legendre/m0.txt
Finished running in 1.258ms
Generating and Compiling example_mats_small/quad/p1/gauss-legendre/m3.txt
Running example_mats_small/quad/p1/gauss-legendre/m3.txt
Finished running in 0.955ms
Generating and Compiling example_mats_small/quad/p1/gauss-legendre/m6.txt
Running example_mats_small/quad/p1/gauss-legendre/m6.txt
Finished running in 1.743ms
Generating and Compiling example_mats_small/quad/p1/gauss-legendre/m132.txt
Running example_mats_small/quad/p1/gauss-legendre/m132.txt
Finished running in 0.969ms
Generating and Compiling example_mats_small/quad/p1/gauss-legendre/m460.txt
Running example_mats_small/quad/p1/gauss-legendre/m460.txt
Finished running in 1.347ms
Generating and Compiling example_mats_small/quad/p2/gauss-legendre-lobatto/m0.txt
Running example_mats_small/quad/p2/gauss-legendre-lobatto/m0.txt
Finished running in 2.372ms
Generating and Compiling example_mats_small/quad/p2/gauss-legendre-lobatto/m3.txt
Running example_mats_small/quad/p2/gauss-legendre-lobatto/m3.txt
Finished running in 2.3ms
Generating and Compiling example_mats_small/quad/p2/gauss-legendre-lobatto/m6.txt
Running example_mats_small/quad/p2/gauss-legendre-lobatto/m6.txt
Finished running in 4.224ms
Generating and Compiling example_mats_small/quad/p2/gauss-legendre-lobatto/m132.txt
Running example_mats_small/quad/p2/gauss-legendre-lobatto/m132.txt
Finished running in 2.947ms
Generating and Compiling example_mats_small/quad/p2/gauss-legendre-lobatto/m460.txt
Running example_mats_small/quad/p2/gauss-legendre-lobatto/m460.txt
Finished running in 3.933ms
Generating and Compiling example_mats_small/quad/p2/gauss-legendre/m0.txt
Running example_mats_small/quad/p2/gauss-legendre/m0.txt
Finished running in 2.719ms
Generating and Compiling example_mats_small/quad/p2/gauss-legendre/m3.txt
Running example_mats_small/quad/p2/gauss-legendre/m3.txt
Finished running in 2.282ms
Generating and Compiling example_mats_small/quad/p2/gauss-legendre/m6.txt
Running example_mats_small/quad/p2/gauss-legendre/m6.txt
Finished running in 4.132ms
Generating and Compiling example_mats_small/quad/p2/gauss-legendre/m132.txt
Running example_mats_small/quad/p2/gauss-legendre/m132.txt
Finished running in 2.929ms
Generating and Compiling example_mats_small/quad/p2/gauss-legendre/m460.txt
Running example_mats_small/quad/p2/gauss-legendre/m460.txt
Finished running in 3.988ms
Generating and Compiling example_mats_small/quad/p3/gauss-legendre-lobatto/m0.txt
Running example_mats_small/quad/p3/gauss-legendre-lobatto/m0.txt
Finished running in 3.616ms
Generating and Compiling example_mats_small/quad/p3/gauss-legendre-lobatto/m3.txt
Running example_mats_small/quad/p3/gauss-legendre-lobatto/m3.txt
Finished running in 4.357ms
Generating and Compiling example_mats_small/quad/p3/gauss-legendre-lobatto/m6.txt
Running example_mats_small/quad/p3/gauss-legendre-lobatto/m6.txt
Finished running in 7.579ms
Generating and Compiling example_mats_small/quad/p3/gauss-legendre-lobatto/m132.txt
Running example_mats_small/quad/p3/gauss-legendre-lobatto/m132.txt
Finished running in 6.621ms
Generating and Compiling example_mats_small/quad/p3/gauss-legendre-lobatto/m460.txt
Running example_mats_small/quad/p3/gauss-legendre-lobatto/m460.txt
Finished running in 8.696ms
Generating and Compiling example_mats_small/quad/p3/gauss-legendre/m0.txt
Running example_mats_small/quad/p3/gauss-legendre/m0.txt
Finished running in 4.666ms
Generating and Compiling example_mats_small/quad/p3/gauss-legendre/m3.txt
Running example_mats_small/quad/p3/gauss-legendre/m3.txt
Finished running in 4.507ms
Generating and Compiling example_mats_small/quad/p3/gauss-legendre/m6.txt
Running example_mats_small/quad/p3/gauss-legendre/m6.txt
Finished running in 7.547ms
Generating and Compiling example_mats_small/quad/p3/gauss-legendre/m132.txt
Running example_mats_small/quad/p3/gauss-legendre/m132.txt
Finished running in 6.929ms
Generating and Compiling example_mats_small/quad/p3/gauss-legendre/m460.txt
Running example_mats_small/quad/p3/gauss-legendre/m460.txt
Finished running in 8.815ms
Generating and Compiling example_mats_small/quad/p4/gauss-legendre-lobatto/m0.txt
Running example_mats_small/quad/p4/gauss-legendre-lobatto/m0.txt
Finished running in 4.854ms
Generating and Compiling example_mats_small/quad/p4/gauss-legendre-lobatto/m3.txt
Running example_mats_small/quad/p4/gauss-legendre-lobatto/m3.txt
Finished running in 7.085ms
Generating and Compiling example_mats_small/quad/p4/gauss-legendre-lobatto/m6.txt
Running example_mats_small/quad/p4/gauss-legendre-lobatto/m6.txt
Finished running in 11.94ms
Generating and Compiling example_mats_small/quad/p4/gauss-legendre-lobatto/m132.txt
Running example_mats_small/quad/p4/gauss-legendre-lobatto/m132.txt
Finished running in 12.78ms
Generating and Compiling example_mats_small/quad/p4/gauss-legendre-lobatto/m460.txt
Running example_mats_small/quad/p4/gauss-legendre-lobatto/m460.txt
Finished running in 14.91ms
Generating and Compiling example_mats_small/quad/p4/gauss-legendre/m0.txt
Running example_mats_small/quad/p4/gauss-legendre/m0.txt
Finished running in 6.866ms
Generating and Compiling example_mats_small/quad/p4/gauss-legendre/m3.txt
Running example_mats_small/quad/p4/gauss-legendre/m3.txt
Finished running in 6.958ms
Generating and Compiling example_mats_small/quad/p4/gauss-legendre/m6.txt
Running example_mats_small/quad/p4/gauss-legendre/m6.txt
Finished running in 12.02800000000002ms
Generating and Compiling example_mats_small/quad/p4/gauss-legendre/m132.txt
Running example_mats_small/quad/p4/gauss-legendre/m132.txt
Finished running in 13.192ms
Generating and Compiling example_mats_small/quad/p4/gauss-legendre/m460.txt
Running example_mats_small/quad/p4/gauss-legendre/m460.txt
Finished running in 15.099ms
Generating and Compiling example_mats_small/quad/p5/gauss-legendre-lobatto/m0.txt
Running example_mats_small/quad/p5/gauss-legendre-lobatto/m0.txt
Finished running in 5.91ms
Generating and Compiling example_mats_small/quad/p5/gauss-legendre-lobatto/m3.txt
Running example_mats_small/quad/p5/gauss-legendre-lobatto/m3.txt
Finished running in 10.313ms
Generating and Compiling example_mats_small/quad/p5/gauss-legendre-lobatto/m6.txt
Running example_mats_small/quad/p5/gauss-legendre-lobatto/m6.txt
Finished running in 17.749ms
Generating and Compiling example_mats_small/quad/p5/gauss-legendre/m0.txt
Running example_mats_small/quad/p5/gauss-legendre/m0.txt
Finished running in 9.831ms
Generating and Compiling example_mats_small/quad/p5/gauss-legendre/m3.txt
Running example_mats_small/quad/p5/gauss-legendre/m3.txt
Finished running in 10.361ms
Generating and Compiling example_mats_small/quad/p5/gauss-legendre/m6.txt
Running example_mats_small/quad/p5/gauss-legendre/m6.txt
Finished running in 17.723ms
Generating and Compiling example_mats_small/quad/p6/gauss-legendre-lobatto/m0.txt
Running example_mats_small/quad/p6/gauss-legendre-lobatto/m0.txt
Finished running in 7.042ms
Generating and Compiling example_mats_small/quad/p6/gauss-legendre-lobatto/m3.txt
Running example_mats_small/quad/p6/gauss-legendre-lobatto/m3.txt
Finished running in 14.371ms
Generating and Compiling example_mats_small/quad/p6/gauss-legendre-lobatto/m6.txt
Running example_mats_small/quad/p6/gauss-legendre-lobatto/m6.txt
Finished running in 24.332ms
Generating and Compiling example_mats_small/quad/p6/gauss-legendre/m0.txt
Running example_mats_small/quad/p6/gauss-legendre/m0.txt
Finished running in 13.381ms
Generating and Compiling example_mats_small/quad/p6/gauss-legendre/m3.txt
Running example_mats_small/quad/p6/gauss-legendre/m3.txt
Finished running in 14.489ms
Generating and Compiling example_mats_small/quad/p6/gauss-legendre/m6.txt
Running example_mats_small/quad/p6/gauss-legendre/m6.txt
Finished running in 24.757ms
Generating and Compiling example_mats_small/tet/p1/shunn-ham/m0.txt
Running example_mats_small/tet/p1/shunn-ham/m0.txt
Finished running in 2.125ms
Generating and Compiling example_mats_small/tet/p1/shunn-ham/m3.txt
Running example_mats_small/tet/p1/shunn-ham/m3.txt
Finished running in 1.797ms
Generating and Compiling example_mats_small/tet/p1/shunn-ham/m6.txt
Running example_mats_small/tet/p1/shunn-ham/m6.txt
Finished running in 3.121ms
Generating and Compiling example_mats_small/tet/p1/shunn-ham/m132.txt
Running example_mats_small/tet/p1/shunn-ham/m132.txt
Finished running in 1.324ms
Generating and Compiling example_mats_small/tet/p1/shunn-ham/m460.txt
Running example_mats_small/tet/p1/shunn-ham/m460.txt
Finished running in 1.316ms
Generating and Compiling example_mats_small/tet/p2/shunn-ham/m0.txt
Running example_mats_small/tet/p2/shunn-ham/m0.txt
Finished running in 7.254ms
Generating and Compiling example_mats_small/tet/p2/shunn-ham/m3.txt
Running example_mats_small/tet/p2/shunn-ham/m3.txt
Finished running in 8.442ms
Generating and Compiling example_mats_small/tet/p2/shunn-ham/m6.txt
Running example_mats_small/tet/p2/shunn-ham/m6.txt
Finished running in 12.141ms
Generating and Compiling example_mats_small/tri/p1/williams-shunn/m0.txt
Running example_mats_small/tri/p1/williams-shunn/m0.txt
Finished running in 0.905ms
Generating and Compiling example_mats_small/tri/p1/williams-shunn/m3.txt
Running example_mats_small/tri/p1/williams-shunn/m3.txt
Finished running in 0.749ms
Generating and Compiling example_mats_small/tri/p1/williams-shunn/m6.txt
Running example_mats_small/tri/p1/williams-shunn/m6.txt
Finished running in 1.488ms
Generating and Compiling example_mats_small/tri/p1/williams-shunn/m132.txt
Running example_mats_small/tri/p1/williams-shunn/m132.txt
Finished running in 0.708ms
Generating and Compiling example_mats_small/tri/p1/williams-shunn/m460.txt
Running example_mats_small/tri/p1/williams-shunn/m460.txt
Finished running in 0.74ms
Generating and Compiling example_mats_small/tri/p2/williams-shunn/m0.txt
Running example_mats_small/tri/p2/williams-shunn/m0.txt
Finished running in 1.92ms
Generating and Compiling example_mats_small/tri/p2/williams-shunn/m3.txt
Running example_mats_small/tri/p2/williams-shunn/m3.txt
Finished running in 1.622ms
Generating and Compiling example_mats_small/tri/p2/williams-shunn/m6.txt
Running example_mats_small/tri/p2/williams-shunn/m6.txt
Finished running in 2.773ms
Generating and Compiling example_mats_small/tri/p2/williams-shunn/m132.txt
Running example_mats_small/tri/p2/williams-shunn/m132.txt
Finished running in 2.193ms
Generating and Compiling example_mats_small/tri/p2/williams-shunn/m460.txt
Running example_mats_small/tri/p2/williams-shunn/m460.txt
Finished running in 2.464ms
Generating and Compiling example_mats_small/tri/p3/williams-shunn/m0.txt
Running example_mats_small/tri/p3/williams-shunn/m0.txt
Finished running in 3.698ms
