{'a_cols': 8, 'a_nonzero': 48, 'a_rows': 24, 'a_size': 192, 'a_unique': 2, 'alpha': 1.0, 'beta': 0.0, 'density': 0.25, 'gimmik_avg': 5.0506874999999996, 'gimmik_best': 4.818, 'mat_file': 'example_mats_med/hex/p1/gauss-legendre/m0.txt'}
{'a_cols': 24, 'a_nonzero': 48, 'a_rows': 8, 'a_size': 192, 'a_unique': 2, 'alpha': 1.0, 'beta': 0.0, 'density': 0.25, 'gimmik_avg': 3.059604166666668, 'gimmik_best': 2.849, 'mat_file': 'example_mats_med/hex/p1/gauss-legendre/m3.txt'}
{'a_cols': 24, 'a_nonzero': 48, 'a_rows': 24, 'a_size': 576, 'a_unique': 4, 'alpha': 1.0, 'beta': 0.0, 'density': 0.08333333333333333, 'gimmik_avg': 17.495395833333337, 'gimmik_best': 17.182, 'mat_file': 'example_mats_med/hex/p1/gauss-legendre/m6.txt'}
{'a_cols': 24, 'a_nonzero': 48, 'a_rows': 8, 'a_size': 192, 'a_unique': 2, 'alpha': 1.0, 'beta': 0.0, 'density': 0.25, 'gimmik_avg': 3.144604166666667, 'gimmik_best': 2.978, 'mat_file': 'example_mats_med/hex/p1/gauss-legendre/m132.txt'}
{'a_cols': 8, 'a_nonzero': 48, 'a_rows': 24, 'a_size': 192, 'a_unique': 2, 'alpha': 1.0, 'beta': 0.0, 'density': 0.25, 'gimmik_avg': 4.989625, 'gimmik_best': 4.813, 'mat_file': 'example_mats_med/hex/p1/gauss-legendre/m460.txt'}
{'a_cols': 27, 'a_nonzero': 54, 'a_rows': 54, 'a_size': 1458, 'a_unique': 1, 'alpha': 1.0, 'beta': 0.0, 'density': 0.037037037037037035, 'gimmik_avg': 23.506124999999997, 'gimmik_best': 23.474, 'mat_file': 'example_mats_med/hex/p2/gauss-legendre-lobatto/m0.txt'}
{'a_cols': 54, 'a_nonzero': 162, 'a_rows': 27, 'a_size': 1458, 'a_unique': 3, 'alpha': 1.0, 'beta': 0.0, 'density': 0.1111111111111111, 'gimmik_avg': 25.384541666666664, 'gimmik_best': 24.963, 'mat_file': 'example_mats_med/hex/p2/gauss-legendre-lobatto/m3.txt'}
{'a_cols': 54, 'a_nonzero': 162, 'a_rows': 81, 'a_size': 4374, 'a_unique': 6, 'alpha': 1.0, 'beta': 0.0, 'density': 0.037037037037037035, 'gimmik_avg': 57.54220833333333, 'gimmik_best': 57.251, 'mat_file': 'example_mats_med/hex/p2/gauss-legendre-lobatto/m6.txt'}
{'a_cols': 81, 'a_nonzero': 216, 'a_rows': 27, 'a_size': 2187, 'a_unique': 6, 'alpha': 1.0, 'beta': 0.0, 'density': 0.09876543209876543, 'gimmik_avg': 32.4274375, 'gimmik_best': 32.204, 'mat_file': 'example_mats_med/hex/p2/gauss-legendre-lobatto/m132.txt'}
{'a_cols': 27, 'a_nonzero': 216, 'a_rows': 81, 'a_size': 2187, 'a_unique': 6, 'alpha': 1.0, 'beta': 0.0, 'density': 0.09876543209876543, 'gimmik_avg': 56.81941666666666, 'gimmik_best': 56.36, 'mat_file': 'example_mats_med/hex/p2/gauss-legendre-lobatto/m460.txt'}
{'a_cols': 27, 'a_nonzero': 162, 'a_rows': 54, 'a_size': 1458, 'a_unique': 3, 'alpha': 1.0, 'beta': 0.0, 'density': 0.1111111111111111, 'gimmik_avg': 35.644125, 'gimmik_best': 35.386, 'mat_file': 'example_mats_med/hex/p2/gauss-legendre/m0.txt'}
{'a_cols': 54, 'a_nonzero': 162, 'a_rows': 27, 'a_size': 1458, 'a_unique': 3, 'alpha': 1.0, 'beta': 0.0, 'density': 0.1111111111111111, 'gimmik_avg': 25.168895833333337, 'gimmik_best': 24.458, 'mat_file': 'example_mats_med/hex/p2/gauss-legendre/m3.txt'}
{'a_cols': 54, 'a_nonzero': 162, 'a_rows': 81, 'a_size': 4374, 'a_unique': 6, 'alpha': 1.0, 'beta': 0.0, 'density': 0.037037037037037035, 'gimmik_avg': 56.82925000000001, 'gimmik_best': 56.476, 'mat_file': 'example_mats_med/hex/p2/gauss-legendre/m6.txt'}
{'a_cols': 81, 'a_nonzero': 216, 'a_rows': 27, 'a_size': 2187, 'a_unique': 8, 'alpha': 1.0, 'beta': 0.0, 'density': 0.09876543209876543, 'gimmik_avg': 32.16777083333333, 'gimmik_best': 31.934, 'mat_file': 'example_mats_med/hex/p2/gauss-legendre/m132.txt'}
{'a_cols': 27, 'a_nonzero': 216, 'a_rows': 81, 'a_size': 2187, 'a_unique': 8, 'alpha': 1.0, 'beta': 0.0, 'density': 0.09876543209876543, 'gimmik_avg': 56.977125, 'gimmik_best': 56.295, 'mat_file': 'example_mats_med/hex/p2/gauss-legendre/m460.txt'}
{'a_cols': 64, 'a_nonzero': 96, 'a_rows': 96, 'a_size': 6144, 'a_unique': 1, 'alpha': 1.0, 'beta': 0.0, 'density': 0.015625, 'gimmik_avg': 44.7831875, 'gimmik_best': 44.566, 'mat_file': 'example_mats_med/hex/p3/gauss-legendre-lobatto/m0.txt'}
{'a_cols': 96, 'a_nonzero': 384, 'a_rows': 64, 'a_size': 6144, 'a_unique': 4, 'alpha': 1.0, 'beta': 0.0, 'density': 0.0625, 'gimmik_avg': 65.30218749999999, 'gimmik_best': 64.783, 'mat_file': 'example_mats_med/hex/p3/gauss-legendre-lobatto/m3.txt'}
{'a_cols': 96, 'a_nonzero': 384, 'a_rows': 192, 'a_size': 18432, 'a_unique': 6, 'alpha': 1.0, 'beta': 0.0, 'density': 0.020833333333333332, 'gimmik_avg': 133.63556250000002, 'gimmik_best': 132.285, 'mat_file': 'example_mats_med/hex/p3/gauss-legendre-lobatto/m6.txt'}
{'a_cols': 192, 'a_nonzero': 672, 'a_rows': 64, 'a_size': 12288, 'a_unique': 14, 'alpha': 1.0, 'beta': 0.0, 'density': 0.0546875, 'gimmik_avg': 91.19210416666665, 'gimmik_best': 90.57, 'mat_file': 'example_mats_med/hex/p3/gauss-legendre-lobatto/m132.txt'}
{'a_cols': 64, 'a_nonzero': 672, 'a_rows': 192, 'a_size': 12288, 'a_unique': 14, 'alpha': 1.0, 'beta': 0.0, 'density': 0.0546875, 'gimmik_avg': 164.24058333333335, 'gimmik_best': 163.16, 'mat_file': 'example_mats_med/hex/p3/gauss-legendre-lobatto/m460.txt'}
{'a_cols': 64, 'a_nonzero': 384, 'a_rows': 96, 'a_size': 6144, 'a_unique': 4, 'alpha': 1.0, 'beta': 0.0, 'density': 0.0625, 'gimmik_avg': 81.67816666666667, 'gimmik_best': 81.258, 'mat_file': 'example_mats_med/hex/p3/gauss-legendre/m0.txt'}
{'a_cols': 96, 'a_nonzero': 384, 'a_rows': 64, 'a_size': 6144, 'a_unique': 4, 'alpha': 1.0, 'beta': 0.0, 'density': 0.0625, 'gimmik_avg': 65.31864583333333, 'gimmik_best': 64.958, 'mat_file': 'example_mats_med/hex/p3/gauss-legendre/m3.txt'}
{'a_cols': 96, 'a_nonzero': 384, 'a_rows': 192, 'a_size': 18432, 'a_unique': 8, 'alpha': 1.0, 'beta': 0.0, 'density': 0.020833333333333332, 'gimmik_avg': 131.97820833333336, 'gimmik_best': 131.245, 'mat_file': 'example_mats_med/hex/p3/gauss-legendre/m6.txt'}
{'a_cols': 192, 'a_nonzero': 768, 'a_rows': 64, 'a_size': 12288, 'a_unique': 16, 'alpha': 1.0, 'beta': 0.0, 'density': 0.0625, 'gimmik_avg': 93.38335416666666, 'gimmik_best': 93.016, 'mat_file': 'example_mats_med/hex/p3/gauss-legendre/m132.txt'}
{'a_cols': 64, 'a_nonzero': 768, 'a_rows': 192, 'a_size': 12288, 'a_unique': 16, 'alpha': 1.0, 'beta': 0.0, 'density': 0.0625, 'gimmik_avg': 158.86622916666667, 'gimmik_best': 157.511, 'mat_file': 'example_mats_med/hex/p3/gauss-legendre/m460.txt'}
{'a_cols': 125, 'a_nonzero': 150, 'a_rows': 150, 'a_size': 18750, 'a_unique': 1, 'alpha': 1.0, 'beta': 0.0, 'density': 0.008, 'gimmik_avg': 71.85979166666668, 'gimmik_best': 70.997, 'mat_file': 'example_mats_med/hex/p4/gauss-legendre-lobatto/m0.txt'}
{'a_cols': 150, 'a_nonzero': 750, 'a_rows': 125, 'a_size': 18750, 'a_unique': 4, 'alpha': 1.0, 'beta': 0.0, 'density': 0.04, 'gimmik_avg': 117.85983333333336, 'gimmik_best': 116.942, 'mat_file': 'example_mats_med/hex/p4/gauss-legendre-lobatto/m3.txt'}
{'a_cols': 150, 'a_nonzero': 750, 'a_rows': 375, 'a_size': 56250, 'a_unique': 8, 'alpha': 1.0, 'beta': 0.0, 'density': 0.013333333333333334, 'gimmik_avg': 277.2496458333333, 'gimmik_best': 276.449, 'mat_file': 'example_mats_med/hex/p4/gauss-legendre-lobatto/m6.txt'}
{'a_cols': 375, 'a_nonzero': 1650, 'a_rows': 125, 'a_size': 46875, 'a_unique': 22, 'alpha': 1.0, 'beta': 0.0, 'density': 0.0352, 'gimmik_avg': 197.67133333333334, 'gimmik_best': 196.385, 'mat_file': 'example_mats_med/hex/p4/gauss-legendre-lobatto/m132.txt'}
{'a_cols': 125, 'a_nonzero': 1650, 'a_rows': 375, 'a_size': 46875, 'a_unique': 22, 'alpha': 1.0, 'beta': 0.0, 'density': 0.0352, 'gimmik_avg': 330.9957083333333, 'gimmik_best': 329.644, 'mat_file': 'example_mats_med/hex/p4/gauss-legendre-lobatto/m460.txt'}
{'a_cols': 125, 'a_nonzero': 750, 'a_rows': 150, 'a_size': 18750, 'a_unique': 5, 'alpha': 1.0, 'beta': 0.0, 'density': 0.04, 'gimmik_avg': 150.21389583333334, 'gimmik_best': 149.257, 'mat_file': 'example_mats_med/hex/p4/gauss-legendre/m0.txt'}
{'a_cols': 150, 'a_nonzero': 750, 'a_rows': 125, 'a_size': 18750, 'a_unique': 5, 'alpha': 1.0, 'beta': 0.0, 'density': 0.04, 'gimmik_avg': 126.72637500000002, 'gimmik_best': 125.854, 'mat_file': 'example_mats_med/hex/p4/gauss-legendre/m3.txt'}
{'a_cols': 150, 'a_nonzero': 750, 'a_rows': 375, 'a_size': 56250, 'a_unique': 10, 'alpha': 1.0, 'beta': 0.0, 'density': 0.013333333333333334, 'gimmik_avg': 283.0843541666666, 'gimmik_best': 282.084, 'mat_file': 'example_mats_med/hex/p4/gauss-legendre/m6.txt'}
{'a_cols': 375, 'a_nonzero': 1800, 'a_rows': 125, 'a_size': 46875, 'a_unique': 24, 'alpha': 1.0, 'beta': 0.0, 'density': 0.0384, 'gimmik_avg': 194.1869166666667, 'gimmik_best': 193.312, 'mat_file': 'example_mats_med/hex/p4/gauss-legendre/m132.txt'}
{'a_cols': 125, 'a_nonzero': 1800, 'a_rows': 375, 'a_size': 46875, 'a_unique': 24, 'alpha': 1.0, 'beta': 0.0, 'density': 0.0384, 'gimmik_avg': 339.10347916666666, 'gimmik_best': 337.608, 'mat_file': 'example_mats_med/hex/p4/gauss-legendre/m460.txt'}
{'a_cols': 216, 'a_nonzero': 216, 'a_rows': 216, 'a_size': 46656, 'a_unique': 1, 'alpha': 1.0, 'beta': 0.0, 'density': 0.004629629629629629, 'gimmik_avg': 107.33679166666668, 'gimmik_best': 106.923, 'mat_file': 'example_mats_med/hex/p5/gauss-legendre-lobatto/m0.txt'}
{'a_cols': 216, 'a_nonzero': 1296, 'a_rows': 216, 'a_size': 46656, 'a_unique': 6, 'alpha': 1.0, 'beta': 0.0, 'density': 0.027777777777777776, 'gimmik_avg': 204.02554166666667, 'gimmik_best': 203.16, 'mat_file': 'example_mats_med/hex/p5/gauss-legendre-lobatto/m3.txt'}
{'a_cols': 216, 'a_nonzero': 1296, 'a_rows': 648, 'a_size': 139968, 'a_unique': 8, 'alpha': 1.0, 'beta': 0.0, 'density': 0.009259259259259259, 'gimmik_avg': 458.9731041666667, 'gimmik_best': 457.26, 'mat_file': 'example_mats_med/hex/p5/gauss-legendre-lobatto/m6.txt'}
{'a_cols': 648, 'a_nonzero': 3456, 'a_rows': 216, 'a_size': 139968, 'a_unique': 32, 'alpha': 1.0, 'beta': 0.0, 'density': 0.024691358024691357, 'gimmik_avg': 356.3471875, 'gimmik_best': 354.421, 'mat_file': 'example_mats_med/hex/p5/gauss-legendre-lobatto/m132.txt'}
{'a_cols': 216, 'a_nonzero': 3456, 'a_rows': 648, 'a_size': 139968, 'a_unique': 32, 'alpha': 1.0, 'beta': 0.0, 'density': 0.024691358024691357, 'gimmik_avg': 443.63162499999993, 'gimmik_best': 442.871, 'mat_file': 'example_mats_med/hex/p5/gauss-legendre-lobatto/m460.txt'}
{'a_cols': 216, 'a_nonzero': 1296, 'a_rows': 216, 'a_size': 46656, 'a_unique': 6, 'alpha': 1.0, 'beta': 0.0, 'density': 0.027777777777777776, 'gimmik_avg': 210.48685416666663, 'gimmik_best': 209.97299999999996, 'mat_file': 'example_mats_med/hex/p5/gauss-legendre/m0.txt'}
{'a_cols': 216, 'a_nonzero': 1296, 'a_rows': 216, 'a_size': 46656, 'a_unique': 6, 'alpha': 1.0, 'beta': 0.0, 'density': 0.027777777777777776, 'gimmik_avg': 202.6731666666667, 'gimmik_best': 201.889, 'mat_file': 'example_mats_med/hex/p5/gauss-legendre/m3.txt'}
{'a_cols': 216, 'a_nonzero': 1296, 'a_rows': 648, 'a_size': 139968, 'a_unique': 12, 'alpha': 1.0, 'beta': 0.0, 'density': 0.009259259259259259, 'gimmik_avg': 461.11204166666676, 'gimmik_best': 459.396, 'mat_file': 'example_mats_med/hex/p5/gauss-legendre/m6.txt'}
{'a_cols': 648, 'a_nonzero': 3888, 'a_rows': 216, 'a_size': 139968, 'a_unique': 36, 'alpha': 1.0, 'beta': 0.0, 'density': 0.027777777777777776, 'gimmik_avg': 349.3940416666667, 'gimmik_best': 347.466, 'mat_file': 'example_mats_med/hex/p5/gauss-legendre/m132.txt'}
{'a_cols': 216, 'a_nonzero': 3888, 'a_rows': 648, 'a_size': 139968, 'a_unique': 36, 'alpha': 1.0, 'beta': 0.0, 'density': 0.027777777777777776, 'gimmik_avg': 443.7573333333334, 'gimmik_best': 443.189, 'mat_file': 'example_mats_med/hex/p5/gauss-legendre/m460.txt'}
{'a_cols': 343, 'a_nonzero': 294, 'a_rows': 294, 'a_size': 100842, 'a_unique': 1, 'alpha': 1.0, 'beta': 0.0, 'density': 0.0029154518950437317, 'gimmik_avg': 150.939625, 'gimmik_best': 150.599, 'mat_file': 'example_mats_med/hex/p6/gauss-legendre-lobatto/m0.txt'}
{'a_cols': 294, 'a_nonzero': 2058, 'a_rows': 343, 'a_size': 100842, 'a_unique': 5, 'alpha': 1.0, 'beta': 0.0, 'density': 0.02040816326530612, 'gimmik_avg': 311.2659791666667, 'gimmik_best': 308.47799999999995, 'mat_file': 'example_mats_med/hex/p6/gauss-legendre-lobatto/m3.txt'}
{'a_cols': 294, 'a_nonzero': 2058, 'a_rows': 1029, 'a_size': 302526, 'a_unique': 10, 'alpha': 1.0, 'beta': 0.0, 'density': 0.006802721088435374, 'gimmik_avg': 812.3851875, 'gimmik_best': 810.739, 'mat_file': 'example_mats_med/hex/p6/gauss-legendre-lobatto/m6.txt'}
{'a_cols': 1029, 'a_nonzero': 6468, 'a_rows': 343, 'a_size': 352947, 'a_unique': 44, 'alpha': 1.0, 'beta': 0.0, 'density': 0.018325697625989172, 'gimmik_avg': 1721.4656875, 'gimmik_best': 1717.286, 'mat_file': 'example_mats_med/hex/p6/gauss-legendre-lobatto/m132.txt'}
{'a_cols': 343, 'a_nonzero': 6468, 'a_rows': 1029, 'a_size': 352947, 'a_unique': 44, 'alpha': 1.0, 'beta': 0.0, 'density': 0.018325697625989172, 'gimmik_avg': 2776.9196458333336, 'gimmik_best': 2766.081, 'mat_file': 'example_mats_med/hex/p6/gauss-legendre-lobatto/m460.txt'}
{'a_cols': 343, 'a_nonzero': 2058, 'a_rows': 294, 'a_size': 100842, 'a_unique': 7, 'alpha': 1.0, 'beta': 0.0, 'density': 0.02040816326530612, 'gimmik_avg': 365.8715, 'gimmik_best': 364.516, 'mat_file': 'example_mats_med/hex/p6/gauss-legendre/m0.txt'}
{'a_cols': 294, 'a_nonzero': 2058, 'a_rows': 343, 'a_size': 100842, 'a_unique': 7, 'alpha': 1.0, 'beta': 0.0, 'density': 0.02040816326530612, 'gimmik_avg': 301.19616666666667, 'gimmik_best': 297.892, 'mat_file': 'example_mats_med/hex/p6/gauss-legendre/m3.txt'}
{'a_cols': 294, 'a_nonzero': 2058, 'a_rows': 1029, 'a_size': 302526, 'a_unique': 14, 'alpha': 1.0, 'beta': 0.0, 'density': 0.006802721088435374, 'gimmik_avg': 764.5443958333332, 'gimmik_best': 759.159, 'mat_file': 'example_mats_med/hex/p6/gauss-legendre/m6.txt'}
{'a_cols': 1029, 'a_nonzero': 7056, 'a_rows': 343, 'a_size': 352947, 'a_unique': 48, 'alpha': 1.0, 'beta': 0.0, 'density': 0.019991670137442734, 'gimmik_avg': 1755.3295208333332, 'gimmik_best': 1745.695, 'mat_file': 'example_mats_med/hex/p6/gauss-legendre/m132.txt'}
{'a_cols': 343, 'a_nonzero': 7056, 'a_rows': 1029, 'a_size': 352947, 'a_unique': 48, 'alpha': 1.0, 'beta': 0.0, 'density': 0.019991670137442734, 'gimmik_avg': 3082.6615, 'gimmik_best': 3071.977, 'mat_file': 'example_mats_med/hex/p6/gauss-legendre/m460.txt'}
{'a_cols': 4, 'a_nonzero': 16, 'a_rows': 8, 'a_size': 32, 'a_unique': 2, 'alpha': 1.0, 'beta': 0.0, 'density': 0.5, 'gimmik_avg': 1.2073125000000002, 'gimmik_best': 1.171, 'mat_file': 'example_mats_med/quad/p1/gauss-legendre/m0.txt'}
{'a_cols': 8, 'a_nonzero': 16, 'a_rows': 4, 'a_size': 32, 'a_unique': 2, 'alpha': 1.0, 'beta': 0.0, 'density': 0.5, 'gimmik_avg': 0.9328541666666667, 'gimmik_best': 0.917, 'mat_file': 'example_mats_med/quad/p1/gauss-legendre/m3.txt'}
{'a_cols': 8, 'a_nonzero': 16, 'a_rows': 8, 'a_size': 64, 'a_unique': 4, 'alpha': 1.0, 'beta': 0.0, 'density': 0.25, 'gimmik_avg': 1.3705208333333332, 'gimmik_best': 1.33, 'mat_file': 'example_mats_med/quad/p1/gauss-legendre/m6.txt'}
{'a_cols': 8, 'a_nonzero': 16, 'a_rows': 4, 'a_size': 32, 'a_unique': 2, 'alpha': 1.0, 'beta': 0.0, 'density': 0.5, 'gimmik_avg': 0.9326875000000001, 'gimmik_best': 0.915, 'mat_file': 'example_mats_med/quad/p1/gauss-legendre/m132.txt'}
{'a_cols': 4, 'a_nonzero': 16, 'a_rows': 8, 'a_size': 32, 'a_unique': 2, 'alpha': 1.0, 'beta': 0.0, 'density': 0.5, 'gimmik_avg': 1.221666666666667, 'gimmik_best': 1.192, 'mat_file': 'example_mats_med/quad/p1/gauss-legendre/m460.txt'}
{'a_cols': 9, 'a_nonzero': 12, 'a_rows': 12, 'a_size': 108, 'a_unique': 1, 'alpha': 1.0, 'beta': 0.0, 'density': 0.1111111111111111, 'gimmik_avg': 2.6201041666666662, 'gimmik_best': 2.491, 'mat_file': 'example_mats_med/quad/p2/gauss-legendre-lobatto/m0.txt'}
{'a_cols': 12, 'a_nonzero': 36, 'a_rows': 9, 'a_size': 108, 'a_unique': 3, 'alpha': 1.0, 'beta': 0.0, 'density': 0.3333333333333333, 'gimmik_avg': 2.072479166666666, 'gimmik_best': 1.966, 'mat_file': 'example_mats_med/quad/p2/gauss-legendre-lobatto/m3.txt'}
{'a_cols': 12, 'a_nonzero': 36, 'a_rows': 18, 'a_size': 216, 'a_unique': 6, 'alpha': 1.0, 'beta': 0.0, 'density': 0.16666666666666666, 'gimmik_avg': 4.4333124999999995, 'gimmik_best': 4.267, 'mat_file': 'example_mats_med/quad/p2/gauss-legendre-lobatto/m6.txt'}
{'a_cols': 18, 'a_nonzero': 48, 'a_rows': 9, 'a_size': 162, 'a_unique': 6, 'alpha': 1.0, 'beta': 0.0, 'density': 0.2962962962962963, 'gimmik_avg': 2.4925625000000013, 'gimmik_best': 2.357, 'mat_file': 'example_mats_med/quad/p2/gauss-legendre-lobatto/m132.txt'}
{'a_cols': 9, 'a_nonzero': 48, 'a_rows': 18, 'a_size': 162, 'a_unique': 6, 'alpha': 1.0, 'beta': 0.0, 'density': 0.2962962962962963, 'gimmik_avg': 4.0618125, 'gimmik_best': 3.932, 'mat_file': 'example_mats_med/quad/p2/gauss-legendre-lobatto/m460.txt'}
{'a_cols': 9, 'a_nonzero': 36, 'a_rows': 12, 'a_size': 108, 'a_unique': 3, 'alpha': 1.0, 'beta': 0.0, 'density': 0.3333333333333333, 'gimmik_avg': 2.94975, 'gimmik_best': 2.879, 'mat_file': 'example_mats_med/quad/p2/gauss-legendre/m0.txt'}
{'a_cols': 12, 'a_nonzero': 36, 'a_rows': 9, 'a_size': 108, 'a_unique': 3, 'alpha': 1.0, 'beta': 0.0, 'density': 0.3333333333333333, 'gimmik_avg': 2.0603958333333336, 'gimmik_best': 1.954, 'mat_file': 'example_mats_med/quad/p2/gauss-legendre/m3.txt'}
{'a_cols': 12, 'a_nonzero': 36, 'a_rows': 18, 'a_size': 216, 'a_unique': 6, 'alpha': 1.0, 'beta': 0.0, 'density': 0.16666666666666666, 'gimmik_avg': 4.357625, 'gimmik_best': 4.161, 'mat_file': 'example_mats_med/quad/p2/gauss-legendre/m6.txt'}
{'a_cols': 18, 'a_nonzero': 48, 'a_rows': 9, 'a_size': 162, 'a_unique': 8, 'alpha': 1.0, 'beta': 0.0, 'density': 0.2962962962962963, 'gimmik_avg': 2.6718333333333333, 'gimmik_best': 2.394, 'mat_file': 'example_mats_med/quad/p2/gauss-legendre/m132.txt'}
{'a_cols': 9, 'a_nonzero': 48, 'a_rows': 18, 'a_size': 162, 'a_unique': 8, 'alpha': 1.0, 'beta': 0.0, 'density': 0.2962962962962963, 'gimmik_avg': 3.9547708333333333, 'gimmik_best': 3.764, 'mat_file': 'example_mats_med/quad/p2/gauss-legendre/m460.txt'}
{'a_cols': 16, 'a_nonzero': 16, 'a_rows': 16, 'a_size': 256, 'a_unique': 1, 'alpha': 1.0, 'beta': 0.0, 'density': 0.0625, 'gimmik_avg': 3.4526458333333334, 'gimmik_best': 3.23, 'mat_file': 'example_mats_med/quad/p3/gauss-legendre-lobatto/m0.txt'}
{'a_cols': 16, 'a_nonzero': 64, 'a_rows': 16, 'a_size': 256, 'a_unique': 4, 'alpha': 1.0, 'beta': 0.0, 'density': 0.25, 'gimmik_avg': 4.198083333333334, 'gimmik_best': 3.926, 'mat_file': 'example_mats_med/quad/p3/gauss-legendre-lobatto/m3.txt'}
{'a_cols': 16, 'a_nonzero': 64, 'a_rows': 32, 'a_size': 512, 'a_unique': 6, 'alpha': 1.0, 'beta': 0.0, 'density': 0.125, 'gimmik_avg': 20.296270833333335, 'gimmik_best': 9.645, 'mat_file': 'example_mats_med/quad/p3/gauss-legendre-lobatto/m6.txt'}
{'a_cols': 32, 'a_nonzero': 112, 'a_rows': 16, 'a_size': 512, 'a_unique': 14, 'alpha': 1.0, 'beta': 0.0, 'density': 0.21875, 'gimmik_avg': 15.779604166666665, 'gimmik_best': 15.186, 'mat_file': 'example_mats_med/quad/p3/gauss-legendre-lobatto/m132.txt'}
{'a_cols': 16, 'a_nonzero': 112, 'a_rows': 32, 'a_size': 512, 'a_unique': 14, 'alpha': 1.0, 'beta': 0.0, 'density': 0.21875, 'gimmik_avg': 20.849854166666667, 'gimmik_best': 20.535, 'mat_file': 'example_mats_med/quad/p3/gauss-legendre-lobatto/m460.txt'}
{'a_cols': 16, 'a_nonzero': 64, 'a_rows': 16, 'a_size': 256, 'a_unique': 4, 'alpha': 1.0, 'beta': 0.0, 'density': 0.25, 'gimmik_avg': 4.148208333333334, 'gimmik_best': 3.977, 'mat_file': 'example_mats_med/quad/p3/gauss-legendre/m0.txt'}
{'a_cols': 16, 'a_nonzero': 64, 'a_rows': 16, 'a_size': 256, 'a_unique': 4, 'alpha': 1.0, 'beta': 0.0, 'density': 0.25, 'gimmik_avg': 3.969708333333333, 'gimmik_best': 3.7, 'mat_file': 'example_mats_med/quad/p3/gauss-legendre/m3.txt'}
{'a_cols': 16, 'a_nonzero': 64, 'a_rows': 32, 'a_size': 512, 'a_unique': 8, 'alpha': 1.0, 'beta': 0.0, 'density': 0.125, 'gimmik_avg': 19.995333333333335, 'gimmik_best': 14.303, 'mat_file': 'example_mats_med/quad/p3/gauss-legendre/m6.txt'}
{'a_cols': 32, 'a_nonzero': 128, 'a_rows': 16, 'a_size': 512, 'a_unique': 16, 'alpha': 1.0, 'beta': 0.0, 'density': 0.25, 'gimmik_avg': 15.5570625, 'gimmik_best': 14.346, 'mat_file': 'example_mats_med/quad/p3/gauss-legendre/m132.txt'}
{'a_cols': 16, 'a_nonzero': 128, 'a_rows': 32, 'a_size': 512, 'a_unique': 16, 'alpha': 1.0, 'beta': 0.0, 'density': 0.25, 'gimmik_avg': 20.51695833333333, 'gimmik_best': 11.052, 'mat_file': 'example_mats_med/quad/p3/gauss-legendre/m460.txt'}
{'a_cols': 25, 'a_nonzero': 20, 'a_rows': 20, 'a_size': 500, 'a_unique': 1, 'alpha': 1.0, 'beta': 0.0, 'density': 0.04, 'gimmik_avg': 3.6883125000000003, 'gimmik_best': 3.381, 'mat_file': 'example_mats_med/quad/p4/gauss-legendre-lobatto/m0.txt'}
{'a_cols': 20, 'a_nonzero': 100, 'a_rows': 25, 'a_size': 500, 'a_unique': 4, 'alpha': 1.0, 'beta': 0.0, 'density': 0.2, 'gimmik_avg': 16.012604166666662, 'gimmik_best': 12.739, 'mat_file': 'example_mats_med/quad/p4/gauss-legendre-lobatto/m3.txt'}
{'a_cols': 20, 'a_nonzero': 100, 'a_rows': 50, 'a_size': 1000, 'a_unique': 8, 'alpha': 1.0, 'beta': 0.0, 'density': 0.1, 'gimmik_avg': 29.990020833333332, 'gimmik_best': 28.801, 'mat_file': 'example_mats_med/quad/p4/gauss-legendre-lobatto/m6.txt'}
{'a_cols': 50, 'a_nonzero': 220, 'a_rows': 25, 'a_size': 1250, 'a_unique': 22, 'alpha': 1.0, 'beta': 0.0, 'density': 0.176, 'gimmik_avg': 23.548791666666663, 'gimmik_best': 22.887, 'mat_file': 'example_mats_med/quad/p4/gauss-legendre-lobatto/m132.txt'}
{'a_cols': 25, 'a_nonzero': 220, 'a_rows': 50, 'a_size': 1250, 'a_unique': 22, 'alpha': 1.0, 'beta': 0.0, 'density': 0.176, 'gimmik_avg': 36.00510416666667, 'gimmik_best': 35.029, 'mat_file': 'example_mats_med/quad/p4/gauss-legendre-lobatto/m460.txt'}
{'a_cols': 25, 'a_nonzero': 100, 'a_rows': 20, 'a_size': 500, 'a_unique': 5, 'alpha': 1.0, 'beta': 0.0, 'density': 0.2, 'gimmik_avg': 16.58475, 'gimmik_best': 15.013, 'mat_file': 'example_mats_med/quad/p4/gauss-legendre/m0.txt'}
{'a_cols': 20, 'a_nonzero': 100, 'a_rows': 25, 'a_size': 500, 'a_unique': 5, 'alpha': 1.0, 'beta': 0.0, 'density': 0.2, 'gimmik_avg': 16.374791666666667, 'gimmik_best': 12.795, 'mat_file': 'example_mats_med/quad/p4/gauss-legendre/m3.txt'}
{'a_cols': 20, 'a_nonzero': 100, 'a_rows': 50, 'a_size': 1000, 'a_unique': 10, 'alpha': 1.0, 'beta': 0.0, 'density': 0.1, 'gimmik_avg': 29.716166666666663, 'gimmik_best': 27.94, 'mat_file': 'example_mats_med/quad/p4/gauss-legendre/m6.txt'}
{'a_cols': 50, 'a_nonzero': 240, 'a_rows': 25, 'a_size': 1250, 'a_unique': 24, 'alpha': 1.0, 'beta': 0.0, 'density': 0.192, 'gimmik_avg': 24.971520833333333, 'gimmik_best': 24.107, 'mat_file': 'example_mats_med/quad/p4/gauss-legendre/m132.txt'}
{'a_cols': 25, 'a_nonzero': 240, 'a_rows': 50, 'a_size': 1250, 'a_unique': 24, 'alpha': 1.0, 'beta': 0.0, 'density': 0.192, 'gimmik_avg': 35.34947916666667, 'gimmik_best': 34.76, 'mat_file': 'example_mats_med/quad/p4/gauss-legendre/m460.txt'}
{'a_cols': 36, 'a_nonzero': 24, 'a_rows': 24, 'a_size': 864, 'a_unique': 1, 'alpha': 1.0, 'beta': 0.0, 'density': 0.027777777777777776, 'gimmik_avg': 10.652479166666666, 'gimmik_best': 6.768, 'mat_file': 'example_mats_med/quad/p5/gauss-legendre-lobatto/m0.txt'}
{'a_cols': 24, 'a_nonzero': 144, 'a_rows': 36, 'a_size': 864, 'a_unique': 6, 'alpha': 1.0, 'beta': 0.0, 'density': 0.16666666666666666, 'gimmik_avg': 23.782749999999997, 'gimmik_best': 23.345, 'mat_file': 'example_mats_med/quad/p5/gauss-legendre-lobatto/m3.txt'}
{'a_cols': 24, 'a_nonzero': 144, 'a_rows': 72, 'a_size': 1728, 'a_unique': 8, 'alpha': 1.0, 'beta': 0.0, 'density': 0.08333333333333333, 'gimmik_avg': 45.0535625, 'gimmik_best': 44.473, 'mat_file': 'example_mats_med/quad/p5/gauss-legendre-lobatto/m6.txt'}
{'a_cols': 72, 'a_nonzero': 384, 'a_rows': 36, 'a_size': 2592, 'a_unique': 32, 'alpha': 1.0, 'beta': 0.0, 'density': 0.14814814814814814, 'gimmik_avg': 42.24483333333334, 'gimmik_best': 41.449, 'mat_file': 'example_mats_med/quad/p5/gauss-legendre-lobatto/m132.txt'}
{'a_cols': 36, 'a_nonzero': 384, 'a_rows': 72, 'a_size': 2592, 'a_unique': 32, 'alpha': 1.0, 'beta': 0.0, 'density': 0.14814814814814814, 'gimmik_avg': 59.41139583333334, 'gimmik_best': 58.99, 'mat_file': 'example_mats_med/quad/p5/gauss-legendre-lobatto/m460.txt'}
{'a_cols': 36, 'a_nonzero': 144, 'a_rows': 24, 'a_size': 864, 'a_unique': 6, 'alpha': 1.0, 'beta': 0.0, 'density': 0.16666666666666666, 'gimmik_avg': 20.18664583333333, 'gimmik_best': 18.516, 'mat_file': 'example_mats_med/quad/p5/gauss-legendre/m0.txt'}
{'a_cols': 24, 'a_nonzero': 144, 'a_rows': 36, 'a_size': 864, 'a_unique': 6, 'alpha': 1.0, 'beta': 0.0, 'density': 0.16666666666666666, 'gimmik_avg': 23.508583333333334, 'gimmik_best': 22.846, 'mat_file': 'example_mats_med/quad/p5/gauss-legendre/m3.txt'}
{'a_cols': 24, 'a_nonzero': 144, 'a_rows': 72, 'a_size': 1728, 'a_unique': 12, 'alpha': 1.0, 'beta': 0.0, 'density': 0.08333333333333333, 'gimmik_avg': 45.41122916666666, 'gimmik_best': 43.562, 'mat_file': 'example_mats_med/quad/p5/gauss-legendre/m6.txt'}
{'a_cols': 72, 'a_nonzero': 432, 'a_rows': 36, 'a_size': 2592, 'a_unique': 36, 'alpha': 1.0, 'beta': 0.0, 'density': 0.16666666666666666, 'gimmik_avg': 41.56920833333333, 'gimmik_best': 41.033, 'mat_file': 'example_mats_med/quad/p5/gauss-legendre/m132.txt'}
{'a_cols': 36, 'a_nonzero': 432, 'a_rows': 72, 'a_size': 2592, 'a_unique': 36, 'alpha': 1.0, 'beta': 0.0, 'density': 0.16666666666666666, 'gimmik_avg': 61.403166666666664, 'gimmik_best': 60.843, 'mat_file': 'example_mats_med/quad/p5/gauss-legendre/m460.txt'}
{'a_cols': 49, 'a_nonzero': 28, 'a_rows': 28, 'a_size': 1372, 'a_unique': 1, 'alpha': 1.0, 'beta': 0.0, 'density': 0.02040816326530612, 'gimmik_avg': 12.7359375, 'gimmik_best': 11.759, 'mat_file': 'example_mats_med/quad/p6/gauss-legendre-lobatto/m0.txt'}
{'a_cols': 28, 'a_nonzero': 196, 'a_rows': 49, 'a_size': 1372, 'a_unique': 5, 'alpha': 1.0, 'beta': 0.0, 'density': 0.14285714285714285, 'gimmik_avg': 32.604625, 'gimmik_best': 31.869, 'mat_file': 'example_mats_med/quad/p6/gauss-legendre-lobatto/m3.txt'}
{'a_cols': 28, 'a_nonzero': 196, 'a_rows': 98, 'a_size': 2744, 'a_unique': 10, 'alpha': 1.0, 'beta': 0.0, 'density': 0.07142857142857142, 'gimmik_avg': 62.88008333333334, 'gimmik_best': 61.955, 'mat_file': 'example_mats_med/quad/p6/gauss-legendre-lobatto/m6.txt'}
{'a_cols': 98, 'a_nonzero': 616, 'a_rows': 49, 'a_size': 4802, 'a_unique': 44, 'alpha': 1.0, 'beta': 0.0, 'density': 0.1282798833819242, 'gimmik_avg': 56.80587499999999, 'gimmik_best': 56.117, 'mat_file': 'example_mats_med/quad/p6/gauss-legendre-lobatto/m132.txt'}
{'a_cols': 49, 'a_nonzero': 616, 'a_rows': 98, 'a_size': 4802, 'a_unique': 44, 'alpha': 1.0, 'beta': 0.0, 'density': 0.1282798833819242, 'gimmik_avg': 84.04804166666666, 'gimmik_best': 83.479, 'mat_file': 'example_mats_med/quad/p6/gauss-legendre-lobatto/m460.txt'}
{'a_cols': 49, 'a_nonzero': 196, 'a_rows': 28, 'a_size': 1372, 'a_unique': 7, 'alpha': 1.0, 'beta': 0.0, 'density': 0.14285714285714285, 'gimmik_avg': 29.312249999999995, 'gimmik_best': 28.563, 'mat_file': 'example_mats_med/quad/p6/gauss-legendre/m0.txt'}
{'a_cols': 28, 'a_nonzero': 196, 'a_rows': 49, 'a_size': 1372, 'a_unique': 7, 'alpha': 1.0, 'beta': 0.0, 'density': 0.14285714285714285, 'gimmik_avg': 31.352125, 'gimmik_best': 30.023, 'mat_file': 'example_mats_med/quad/p6/gauss-legendre/m3.txt'}
{'a_cols': 28, 'a_nonzero': 196, 'a_rows': 98, 'a_size': 2744, 'a_unique': 14, 'alpha': 1.0, 'beta': 0.0, 'density': 0.07142857142857142, 'gimmik_avg': 61.69141666666667, 'gimmik_best': 61.136, 'mat_file': 'example_mats_med/quad/p6/gauss-legendre/m6.txt'}
{'a_cols': 98, 'a_nonzero': 672, 'a_rows': 49, 'a_size': 4802, 'a_unique': 48, 'alpha': 1.0, 'beta': 0.0, 'density': 0.13994169096209913, 'gimmik_avg': 58.635687499999996, 'gimmik_best': 58.104, 'mat_file': 'example_mats_med/quad/p6/gauss-legendre/m132.txt'}
{'a_cols': 49, 'a_nonzero': 672, 'a_rows': 98, 'a_size': 4802, 'a_unique': 48, 'alpha': 1.0, 'beta': 0.0, 'density': 0.13994169096209913, 'gimmik_avg': 87.26814583333334, 'gimmik_best': 86.542, 'mat_file': 'example_mats_med/quad/p6/gauss-legendre/m460.txt'}
{'a_cols': 4, 'a_nonzero': 48, 'a_rows': 12, 'a_size': 48, 'a_unique': 3, 'alpha': 1.0, 'beta': 0.0, 'density': 1.0, 'gimmik_avg': 2.5930416666666667, 'gimmik_best': 2.53, 'mat_file': 'example_mats_med/tet/p1/shunn-ham/m0.txt'}
{'a_cols': 12, 'a_nonzero': 48, 'a_rows': 4, 'a_size': 48, 'a_unique': 6, 'alpha': 1.0, 'beta': 0.0, 'density': 1.0, 'gimmik_avg': 1.13, 'gimmik_best': 1.105, 'mat_file': 'example_mats_med/tet/p1/shunn-ham/m3.txt'}
{'a_cols': 12, 'a_nonzero': 72, 'a_rows': 12, 'a_size': 144, 'a_unique': 6, 'alpha': 1.0, 'beta': 0.0, 'density': 0.5, 'gimmik_avg': 3.0865833333333335, 'gimmik_best': 2.992, 'mat_file': 'example_mats_med/tet/p1/shunn-ham/m6.txt'}
{'a_cols': 12, 'a_nonzero': 24, 'a_rows': 4, 'a_size': 48, 'a_unique': 2, 'alpha': 1.0, 'beta': 0.0, 'density': 0.5, 'gimmik_avg': 1.18375, 'gimmik_best': 1.152, 'mat_file': 'example_mats_med/tet/p1/shunn-ham/m132.txt'}
{'a_cols': 4, 'a_nonzero': 24, 'a_rows': 12, 'a_size': 48, 'a_unique': 2, 'alpha': 1.0, 'beta': 0.0, 'density': 0.5, 'gimmik_avg': 2.607583333333334, 'gimmik_best': 2.442, 'mat_file': 'example_mats_med/tet/p1/shunn-ham/m460.txt'}
{'a_cols': 10, 'a_nonzero': 240, 'a_rows': 24, 'a_size': 240, 'a_unique': 14, 'alpha': 1.0, 'beta': 0.0, 'density': 1.0, 'gimmik_avg': 7.093083333333333, 'gimmik_best': 6.884, 'mat_file': 'example_mats_med/tet/p2/shunn-ham/m0.txt'}
{'a_cols': 24, 'a_nonzero': 240, 'a_rows': 10, 'a_size': 240, 'a_unique': 28, 'alpha': 1.0, 'beta': 0.0, 'density': 1.0, 'gimmik_avg': 4.393020833333334, 'gimmik_best': 4.262, 'mat_file': 'example_mats_med/tet/p2/shunn-ham/m3.txt'}
{'a_cols': 24, 'a_nonzero': 360, 'a_rows': 30, 'a_size': 720, 'a_unique': 28, 'alpha': 1.0, 'beta': 0.0, 'density': 0.5, 'gimmik_avg': 23.778750000000002, 'gimmik_best': 22.505, 'mat_file': 'example_mats_med/tet/p2/shunn-ham/m6.txt'}
{'a_cols': 30, 'a_nonzero': 252, 'a_rows': 10, 'a_size': 300, 'a_unique': 46, 'alpha': 1.0, 'beta': 0.0, 'density': 0.84, 'gimmik_avg': 10.6579375, 'gimmik_best': 9.231, 'mat_file': 'example_mats_med/tet/p2/shunn-ham/m132.txt'}
{'a_cols': 10, 'a_nonzero': 252, 'a_rows': 30, 'a_size': 300, 'a_unique': 46, 'alpha': 1.0, 'beta': 0.0, 'density': 0.84, 'gimmik_avg': 8.648416666666664, 'gimmik_best': 8.227, 'mat_file': 'example_mats_med/tet/p2/shunn-ham/m460.txt'}
{'a_cols': 20, 'a_nonzero': 800, 'a_rows': 40, 'a_size': 800, 'a_unique': 40, 'alpha': 1.0, 'beta': 0.0, 'density': 1.0, 'gimmik_avg': 44.383562500000004, 'gimmik_best': 42.054, 'mat_file': 'example_mats_med/tet/p3/shunn-ham/m0.txt'}
{'a_cols': 40, 'a_nonzero': 800, 'a_rows': 20, 'a_size': 800, 'a_unique': 80, 'alpha': 1.0, 'beta': 0.0, 'density': 1.0, 'gimmik_avg': 26.836145833333333, 'gimmik_best': 24.806, 'mat_file': 'example_mats_med/tet/p3/shunn-ham/m3.txt'}
{'a_cols': 40, 'a_nonzero': 1200, 'a_rows': 60, 'a_size': 2400, 'a_unique': 80, 'alpha': 1.0, 'beta': 0.0, 'density': 0.5, 'gimmik_avg': 61.959, 'gimmik_best': 60.476, 'mat_file': 'example_mats_med/tet/p3/shunn-ham/m6.txt'}
{'a_cols': 35, 'a_nonzero': 2100, 'a_rows': 60, 'a_size': 2100, 'a_unique': 101, 'alpha': 1.0, 'beta': 0.0, 'density': 1.0, 'gimmik_avg': 118.72935416666667, 'gimmik_best': 114.662, 'mat_file': 'example_mats_med/tet/p4/shunn-ham/m0.txt'}
{'a_cols': 3, 'a_nonzero': 18, 'a_rows': 6, 'a_size': 18, 'a_unique': 3, 'alpha': 1.0, 'beta': 0.0, 'density': 1.0, 'gimmik_avg': 0.9201250000000001, 'gimmik_best': 0.894, 'mat_file': 'example_mats_med/tri/p1/williams-shunn/m0.txt'}
{'a_cols': 6, 'a_nonzero': 18, 'a_rows': 3, 'a_size': 18, 'a_unique': 6, 'alpha': 1.0, 'beta': 0.0, 'density': 1.0, 'gimmik_avg': 0.7458124999999995, 'gimmik_best': 0.733, 'mat_file': 'example_mats_med/tri/p1/williams-shunn/m3.txt'}
{'a_cols': 6, 'a_nonzero': 24, 'a_rows': 6, 'a_size': 36, 'a_unique': 6, 'alpha': 1.0, 'beta': 0.0, 'density': 0.6666666666666666, 'gimmik_avg': 1.033625, 'gimmik_best': 1.002, 'mat_file': 'example_mats_med/tri/p1/williams-shunn/m6.txt'}
{'a_cols': 6, 'a_nonzero': 12, 'a_rows': 3, 'a_size': 18, 'a_unique': 2, 'alpha': 1.0, 'beta': 0.0, 'density': 0.6666666666666666, 'gimmik_avg': 0.7204375000000001, 'gimmik_best': 0.705, 'mat_file': 'example_mats_med/tri/p1/williams-shunn/m132.txt'}
{'a_cols': 3, 'a_nonzero': 12, 'a_rows': 6, 'a_size': 18, 'a_unique': 2, 'alpha': 1.0, 'beta': 0.0, 'density': 0.6666666666666666, 'gimmik_avg': 0.9378333333333333, 'gimmik_best': 0.921, 'mat_file': 'example_mats_med/tri/p1/williams-shunn/m460.txt'}
{'a_cols': 6, 'a_nonzero': 54, 'a_rows': 9, 'a_size': 54, 'a_unique': 10, 'alpha': 1.0, 'beta': 0.0, 'density': 1.0, 'gimmik_avg': 1.5403958333333334, 'gimmik_best': 1.483, 'mat_file': 'example_mats_med/tri/p2/williams-shunn/m0.txt'}
{'a_cols': 9, 'a_nonzero': 54, 'a_rows': 6, 'a_size': 54, 'a_unique': 20, 'alpha': 1.0, 'beta': 0.0, 'density': 1.0, 'gimmik_avg': 1.1496666666666664, 'gimmik_best': 1.13, 'mat_file': 'example_mats_med/tri/p2/williams-shunn/m3.txt'}
{'a_cols': 9, 'a_nonzero': 72, 'a_rows': 12, 'a_size': 108, 'a_unique': 20, 'alpha': 1.0, 'beta': 0.0, 'density': 0.6666666666666666, 'gimmik_avg': 2.8602291666666666, 'gimmik_best': 2.809, 'mat_file': 'example_mats_med/tri/p2/williams-shunn/m6.txt'}
{'a_cols': 12, 'a_nonzero': 64, 'a_rows': 6, 'a_size': 72, 'a_unique': 28, 'alpha': 1.0, 'beta': 0.0, 'density': 0.8888888888888888, 'gimmik_avg': 1.3404791666666662, 'gimmik_best': 1.289, 'mat_file': 'example_mats_med/tri/p2/williams-shunn/m132.txt'}
{'a_cols': 6, 'a_nonzero': 64, 'a_rows': 12, 'a_size': 72, 'a_unique': 28, 'alpha': 1.0, 'beta': 0.0, 'density': 0.8888888888888888, 'gimmik_avg': 2.731, 'gimmik_best': 2.685, 'mat_file': 'example_mats_med/tri/p2/williams-shunn/m460.txt'}
{'a_cols': 10, 'a_nonzero': 120, 'a_rows': 12, 'a_size': 120, 'a_unique': 20, 'alpha': 1.0, 'beta': 0.0, 'density': 1.0, 'gimmik_avg': 3.4891666666666663, 'gimmik_best': 3.373, 'mat_file': 'example_mats_med/tri/p3/williams-shunn/m0.txt'}
{'a_cols': 12, 'a_nonzero': 120, 'a_rows': 10, 'a_size': 120, 'a_unique': 40, 'alpha': 1.0, 'beta': 0.0, 'density': 1.0, 'gimmik_avg': 2.580208333333333, 'gimmik_best': 2.462, 'mat_file': 'example_mats_med/tri/p3/williams-shunn/m3.txt'}
{'a_cols': 12, 'a_nonzero': 160, 'a_rows': 20, 'a_size': 240, 'a_unique': 40, 'alpha': 1.0, 'beta': 0.0, 'density': 0.6666666666666666, 'gimmik_avg': 6.867000000000001, 'gimmik_best': 6.701, 'mat_file': 'example_mats_med/tri/p3/williams-shunn/m6.txt'}
{'a_cols': 20, 'a_nonzero': 192, 'a_rows': 10, 'a_size': 200, 'a_unique': 96, 'alpha': 1.0, 'beta': 0.0, 'density': 0.96, 'gimmik_avg': 4.827833333333333, 'gimmik_best': 4.701, 'mat_file': 'example_mats_med/tri/p3/williams-shunn/m132.txt'}
{'a_cols': 10, 'a_nonzero': 192, 'a_rows': 20, 'a_size': 200, 'a_unique': 96, 'alpha': 1.0, 'beta': 0.0, 'density': 0.96, 'gimmik_avg': 5.390708333333333, 'gimmik_best': 5.123, 'mat_file': 'example_mats_med/tri/p3/williams-shunn/m460.txt'}
{'a_cols': 15, 'a_nonzero': 225, 'a_rows': 15, 'a_size': 225, 'a_unique': 39, 'alpha': 1.0, 'beta': 0.0, 'density': 1.0, 'gimmik_avg': 5.479479166666667, 'gimmik_best': 5.313, 'mat_file': 'example_mats_med/tri/p4/williams-shunn/m0.txt'}
{'a_cols': 15, 'a_nonzero': 225, 'a_rows': 15, 'a_size': 225, 'a_unique': 78, 'alpha': 1.0, 'beta': 0.0, 'density': 1.0, 'gimmik_avg': 4.057020833333334, 'gimmik_best': 3.848, 'mat_file': 'example_mats_med/tri/p4/williams-shunn/m3.txt'}
{'a_cols': 15, 'a_nonzero': 300, 'a_rows': 30, 'a_size': 450, 'a_unique': 78, 'alpha': 1.0, 'beta': 0.0, 'density': 0.6666666666666666, 'gimmik_avg': 23.87958333333333, 'gimmik_best': 18.06, 'mat_file': 'example_mats_med/tri/p4/williams-shunn/m6.txt'}
{'a_cols': 21, 'a_nonzero': 378, 'a_rows': 18, 'a_size': 378, 'a_unique': 63, 'alpha': 1.0, 'beta': 0.0, 'density': 1.0, 'gimmik_avg': 7.754312500000001, 'gimmik_best': 7.403, 'mat_file': 'example_mats_med/tri/p5/williams-shunn/m0.txt'}
{'a_cols': 18, 'a_nonzero': 378, 'a_rows': 21, 'a_size': 378, 'a_unique': 126, 'alpha': 1.0, 'beta': 0.0, 'density': 1.0, 'gimmik_avg': 6.646979166666669, 'gimmik_best': 6.345, 'mat_file': 'example_mats_med/tri/p5/williams-shunn/m3.txt'}
{'a_cols': 18, 'a_nonzero': 504, 'a_rows': 42, 'a_size': 756, 'a_unique': 126, 'alpha': 1.0, 'beta': 0.0, 'density': 0.6666666666666666, 'gimmik_avg': 37.862458333333336, 'gimmik_best': 34.505, 'mat_file': 'example_mats_med/tri/p5/williams-shunn/m6.txt'}
{'a_cols': 28, 'a_nonzero': 588, 'a_rows': 21, 'a_size': 588, 'a_unique': 100, 'alpha': 1.0, 'beta': 0.0, 'density': 1.0, 'gimmik_avg': 24.838104166666668, 'gimmik_best': 24.17, 'mat_file': 'example_mats_med/tri/p6/williams-shunn/m0.txt'}
