{'a_cols': 8, 'a_nonzero': 48, 'a_rows': 24, 'a_size': 192, 'a_unique': 2, 'alpha': 1.0, 'beta': 0.0, 'density': 0.25, 'gimmik_avg': 4.755375, 'gimmik_best': 4.508, 'mat_file': 'example_mats_med/hex/p1/gauss-legendre/m0.txt'}
{'a_cols': 24, 'a_nonzero': 48, 'a_rows': 8, 'a_size': 192, 'a_unique': 2, 'alpha': 1.0, 'beta': 0.0, 'density': 0.25, 'gimmik_avg': 2.6626041666666667, 'gimmik_best': 2.519, 'mat_file': 'example_mats_med/hex/p1/gauss-legendre/m3.txt'}
{'a_cols': 24, 'a_nonzero': 48, 'a_rows': 24, 'a_size': 576, 'a_unique': 4, 'alpha': 1.0, 'beta': 0.0, 'density': 0.08333333333333333, 'gimmik_avg': 15.21670833333333, 'gimmik_best': 14.235, 'mat_file': 'example_mats_med/hex/p1/gauss-legendre/m6.txt'}
{'a_cols': 24, 'a_nonzero': 48, 'a_rows': 8, 'a_size': 192, 'a_unique': 2, 'alpha': 1.0, 'beta': 0.0, 'density': 0.25, 'gimmik_avg': 2.726395833333333, 'gimmik_best': 2.55, 'mat_file': 'example_mats_med/hex/p1/gauss-legendre/m132.txt'}
{'a_cols': 8, 'a_nonzero': 48, 'a_rows': 24, 'a_size': 192, 'a_unique': 2, 'alpha': 1.0, 'beta': 0.0, 'density': 0.25, 'gimmik_avg': 4.471666666666666, 'gimmik_best': 4.337, 'mat_file': 'example_mats_med/hex/p1/gauss-legendre/m460.txt'}
{'a_cols': 27, 'a_nonzero': 54, 'a_rows': 54, 'a_size': 1458, 'a_unique': 1, 'alpha': 1.0, 'beta': 0.0, 'density': 0.037037037037037035, 'gimmik_avg': 22.317729166666663, 'gimmik_best': 21.723, 'mat_file': 'example_mats_med/hex/p2/gauss-legendre-lobatto/m0.txt'}
{'a_cols': 54, 'a_nonzero': 162, 'a_rows': 27, 'a_size': 1458, 'a_unique': 3, 'alpha': 1.0, 'beta': 0.0, 'density': 0.1111111111111111, 'gimmik_avg': 23.648020833333334, 'gimmik_best': 21.952, 'mat_file': 'example_mats_med/hex/p2/gauss-legendre-lobatto/m3.txt'}
{'a_cols': 54, 'a_nonzero': 162, 'a_rows': 81, 'a_size': 4374, 'a_unique': 6, 'alpha': 1.0, 'beta': 0.0, 'density': 0.037037037037037035, 'gimmik_avg': 56.28077083333333, 'gimmik_best': 55.399, 'mat_file': 'example_mats_med/hex/p2/gauss-legendre-lobatto/m6.txt'}
{'a_cols': 81, 'a_nonzero': 216, 'a_rows': 27, 'a_size': 2187, 'a_unique': 6, 'alpha': 1.0, 'beta': 0.0, 'density': 0.09876543209876543, 'gimmik_avg': 31.13325, 'gimmik_best': 29.406, 'mat_file': 'example_mats_med/hex/p2/gauss-legendre-lobatto/m132.txt'}
{'a_cols': 27, 'a_nonzero': 216, 'a_rows': 81, 'a_size': 2187, 'a_unique': 6, 'alpha': 1.0, 'beta': 0.0, 'density': 0.09876543209876543, 'gimmik_avg': 55.394770833333325, 'gimmik_best': 54.802, 'mat_file': 'example_mats_med/hex/p2/gauss-legendre-lobatto/m460.txt'}
{'a_cols': 27, 'a_nonzero': 162, 'a_rows': 54, 'a_size': 1458, 'a_unique': 3, 'alpha': 1.0, 'beta': 0.0, 'density': 0.1111111111111111, 'gimmik_avg': 34.01058333333334, 'gimmik_best': 33.507, 'mat_file': 'example_mats_med/hex/p2/gauss-legendre/m0.txt'}
{'a_cols': 54, 'a_nonzero': 162, 'a_rows': 27, 'a_size': 1458, 'a_unique': 3, 'alpha': 1.0, 'beta': 0.0, 'density': 0.1111111111111111, 'gimmik_avg': 23.78295833333333, 'gimmik_best': 22.095, 'mat_file': 'example_mats_med/hex/p2/gauss-legendre/m3.txt'}
{'a_cols': 54, 'a_nonzero': 162, 'a_rows': 81, 'a_size': 4374, 'a_unique': 6, 'alpha': 1.0, 'beta': 0.0, 'density': 0.037037037037037035, 'gimmik_avg': 55.825770833333344, 'gimmik_best': 55.199, 'mat_file': 'example_mats_med/hex/p2/gauss-legendre/m6.txt'}
{'a_cols': 81, 'a_nonzero': 216, 'a_rows': 27, 'a_size': 2187, 'a_unique': 8, 'alpha': 1.0, 'beta': 0.0, 'density': 0.09876543209876543, 'gimmik_avg': 30.733104166666664, 'gimmik_best': 29.743, 'mat_file': 'example_mats_med/hex/p2/gauss-legendre/m132.txt'}
{'a_cols': 27, 'a_nonzero': 216, 'a_rows': 81, 'a_size': 2187, 'a_unique': 8, 'alpha': 1.0, 'beta': 0.0, 'density': 0.09876543209876543, 'gimmik_avg': 55.63954166666665, 'gimmik_best': 54.572, 'mat_file': 'example_mats_med/hex/p2/gauss-legendre/m460.txt'}
{'a_cols': 64, 'a_nonzero': 96, 'a_rows': 96, 'a_size': 6144, 'a_unique': 1, 'alpha': 1.0, 'beta': 0.0, 'density': 0.015625, 'gimmik_avg': 43.84897916666667, 'gimmik_best': 43.258, 'mat_file': 'example_mats_med/hex/p3/gauss-legendre-lobatto/m0.txt'}
{'a_cols': 96, 'a_nonzero': 384, 'a_rows': 64, 'a_size': 6144, 'a_unique': 4, 'alpha': 1.0, 'beta': 0.0, 'density': 0.0625, 'gimmik_avg': 63.83689583333333, 'gimmik_best': 63.375, 'mat_file': 'example_mats_med/hex/p3/gauss-legendre-lobatto/m3.txt'}
{'a_cols': 96, 'a_nonzero': 384, 'a_rows': 192, 'a_size': 18432, 'a_unique': 6, 'alpha': 1.0, 'beta': 0.0, 'density': 0.020833333333333332, 'gimmik_avg': 132.45402083333335, 'gimmik_best': 131.839, 'mat_file': 'example_mats_med/hex/p3/gauss-legendre-lobatto/m6.txt'}
{'a_cols': 192, 'a_nonzero': 672, 'a_rows': 64, 'a_size': 12288, 'a_unique': 14, 'alpha': 1.0, 'beta': 0.0, 'density': 0.0546875, 'gimmik_avg': 91.71658333333333, 'gimmik_best': 91.027, 'mat_file': 'example_mats_med/hex/p3/gauss-legendre-lobatto/m132.txt'}
{'a_cols': 64, 'a_nonzero': 672, 'a_rows': 192, 'a_size': 12288, 'a_unique': 14, 'alpha': 1.0, 'beta': 0.0, 'density': 0.0546875, 'gimmik_avg': 165.30197916666668, 'gimmik_best': 164.353, 'mat_file': 'example_mats_med/hex/p3/gauss-legendre-lobatto/m460.txt'}
{'a_cols': 64, 'a_nonzero': 384, 'a_rows': 96, 'a_size': 6144, 'a_unique': 4, 'alpha': 1.0, 'beta': 0.0, 'density': 0.0625, 'gimmik_avg': 81.16704166666666, 'gimmik_best': 80.372, 'mat_file': 'example_mats_med/hex/p3/gauss-legendre/m0.txt'}
{'a_cols': 96, 'a_nonzero': 384, 'a_rows': 64, 'a_size': 6144, 'a_unique': 4, 'alpha': 1.0, 'beta': 0.0, 'density': 0.0625, 'gimmik_avg': 65.213875, 'gimmik_best': 63.732, 'mat_file': 'example_mats_med/hex/p3/gauss-legendre/m3.txt'}
{'a_cols': 96, 'a_nonzero': 384, 'a_rows': 192, 'a_size': 18432, 'a_unique': 8, 'alpha': 1.0, 'beta': 0.0, 'density': 0.020833333333333332, 'gimmik_avg': 131.59989583333333, 'gimmik_best': 130.9, 'mat_file': 'example_mats_med/hex/p3/gauss-legendre/m6.txt'}
{'a_cols': 192, 'a_nonzero': 768, 'a_rows': 64, 'a_size': 12288, 'a_unique': 16, 'alpha': 1.0, 'beta': 0.0, 'density': 0.0625, 'gimmik_avg': 95.07110416666666, 'gimmik_best': 94.66, 'mat_file': 'example_mats_med/hex/p3/gauss-legendre/m132.txt'}
{'a_cols': 64, 'a_nonzero': 768, 'a_rows': 192, 'a_size': 12288, 'a_unique': 16, 'alpha': 1.0, 'beta': 0.0, 'density': 0.0625, 'gimmik_avg': 159.05745833333333, 'gimmik_best': 158.385, 'mat_file': 'example_mats_med/hex/p3/gauss-legendre/m460.txt'}
{'a_cols': 125, 'a_nonzero': 150, 'a_rows': 150, 'a_size': 18750, 'a_unique': 1, 'alpha': 1.0, 'beta': 0.0, 'density': 0.008, 'gimmik_avg': 71.70379166666666, 'gimmik_best': 71.21, 'mat_file': 'example_mats_med/hex/p4/gauss-legendre-lobatto/m0.txt'}
{'a_cols': 150, 'a_nonzero': 750, 'a_rows': 125, 'a_size': 18750, 'a_unique': 4, 'alpha': 1.0, 'beta': 0.0, 'density': 0.04, 'gimmik_avg': 118.3357083333333, 'gimmik_best': 117.844, 'mat_file': 'example_mats_med/hex/p4/gauss-legendre-lobatto/m3.txt'}
{'a_cols': 150, 'a_nonzero': 750, 'a_rows': 375, 'a_size': 56250, 'a_unique': 8, 'alpha': 1.0, 'beta': 0.0, 'density': 0.013333333333333334, 'gimmik_avg': 275.60702083333337, 'gimmik_best': 274.484, 'mat_file': 'example_mats_med/hex/p4/gauss-legendre-lobatto/m6.txt'}
{'a_cols': 375, 'a_nonzero': 1650, 'a_rows': 125, 'a_size': 46875, 'a_unique': 22, 'alpha': 1.0, 'beta': 0.0, 'density': 0.0352, 'gimmik_avg': 198.70314583333337, 'gimmik_best': 197.964, 'mat_file': 'example_mats_med/hex/p4/gauss-legendre-lobatto/m132.txt'}
{'a_cols': 125, 'a_nonzero': 1650, 'a_rows': 375, 'a_size': 46875, 'a_unique': 22, 'alpha': 1.0, 'beta': 0.0, 'density': 0.0352, 'gimmik_avg': 330.6010208333333, 'gimmik_best': 329.435, 'mat_file': 'example_mats_med/hex/p4/gauss-legendre-lobatto/m460.txt'}
{'a_cols': 125, 'a_nonzero': 750, 'a_rows': 150, 'a_size': 18750, 'a_unique': 5, 'alpha': 1.0, 'beta': 0.0, 'density': 0.04, 'gimmik_avg': 151.44087499999998, 'gimmik_best': 150.025, 'mat_file': 'example_mats_med/hex/p4/gauss-legendre/m0.txt'}
{'a_cols': 150, 'a_nonzero': 750, 'a_rows': 125, 'a_size': 18750, 'a_unique': 5, 'alpha': 1.0, 'beta': 0.0, 'density': 0.04, 'gimmik_avg': 126.93504166666668, 'gimmik_best': 126.244, 'mat_file': 'example_mats_med/hex/p4/gauss-legendre/m3.txt'}
{'a_cols': 150, 'a_nonzero': 750, 'a_rows': 375, 'a_size': 56250, 'a_unique': 10, 'alpha': 1.0, 'beta': 0.0, 'density': 0.013333333333333334, 'gimmik_avg': 280.8006875, 'gimmik_best': 279.357, 'mat_file': 'example_mats_med/hex/p4/gauss-legendre/m6.txt'}
{'a_cols': 375, 'a_nonzero': 1800, 'a_rows': 125, 'a_size': 46875, 'a_unique': 24, 'alpha': 1.0, 'beta': 0.0, 'density': 0.0384, 'gimmik_avg': 195.1160625, 'gimmik_best': 193.623, 'mat_file': 'example_mats_med/hex/p4/gauss-legendre/m132.txt'}
{'a_cols': 125, 'a_nonzero': 1800, 'a_rows': 375, 'a_size': 46875, 'a_unique': 24, 'alpha': 1.0, 'beta': 0.0, 'density': 0.0384, 'gimmik_avg': 338.2535000000001, 'gimmik_best': 336.111, 'mat_file': 'example_mats_med/hex/p4/gauss-legendre/m460.txt'}
{'a_cols': 216, 'a_nonzero': 216, 'a_rows': 216, 'a_size': 46656, 'a_unique': 1, 'alpha': 1.0, 'beta': 0.0, 'density': 0.004629629629629629, 'gimmik_avg': 106.02158333333334, 'gimmik_best': 105.638, 'mat_file': 'example_mats_med/hex/p5/gauss-legendre-lobatto/m0.txt'}
{'a_cols': 216, 'a_nonzero': 1296, 'a_rows': 216, 'a_size': 46656, 'a_unique': 6, 'alpha': 1.0, 'beta': 0.0, 'density': 0.027777777777777776, 'gimmik_avg': 202.78645833333334, 'gimmik_best': 201.381, 'mat_file': 'example_mats_med/hex/p5/gauss-legendre-lobatto/m3.txt'}
{'a_cols': 216, 'a_nonzero': 1296, 'a_rows': 648, 'a_size': 139968, 'a_unique': 8, 'alpha': 1.0, 'beta': 0.0, 'density': 0.009259259259259259, 'gimmik_avg': 455.54597916666665, 'gimmik_best': 453.279, 'mat_file': 'example_mats_med/hex/p5/gauss-legendre-lobatto/m6.txt'}
{'a_cols': 648, 'a_nonzero': 3456, 'a_rows': 216, 'a_size': 139968, 'a_unique': 32, 'alpha': 1.0, 'beta': 0.0, 'density': 0.024691358024691357, 'gimmik_avg': 351.81137499999994, 'gimmik_best': 350.169, 'mat_file': 'example_mats_med/hex/p5/gauss-legendre-lobatto/m132.txt'}
{'a_cols': 216, 'a_nonzero': 3456, 'a_rows': 648, 'a_size': 139968, 'a_unique': 32, 'alpha': 1.0, 'beta': 0.0, 'density': 0.024691358024691357, 'gimmik_avg': 442.26150000000007, 'gimmik_best': 441.386, 'mat_file': 'example_mats_med/hex/p5/gauss-legendre-lobatto/m460.txt'}
{'a_cols': 216, 'a_nonzero': 1296, 'a_rows': 216, 'a_size': 46656, 'a_unique': 6, 'alpha': 1.0, 'beta': 0.0, 'density': 0.027777777777777776, 'gimmik_avg': 211.16891666666666, 'gimmik_best': 210.043, 'mat_file': 'example_mats_med/hex/p5/gauss-legendre/m0.txt'}
{'a_cols': 216, 'a_nonzero': 1296, 'a_rows': 216, 'a_size': 46656, 'a_unique': 6, 'alpha': 1.0, 'beta': 0.0, 'density': 0.027777777777777776, 'gimmik_avg': 204.01262500000004, 'gimmik_best': 202.809, 'mat_file': 'example_mats_med/hex/p5/gauss-legendre/m3.txt'}
{'a_cols': 216, 'a_nonzero': 1296, 'a_rows': 648, 'a_size': 139968, 'a_unique': 12, 'alpha': 1.0, 'beta': 0.0, 'density': 0.009259259259259259, 'gimmik_avg': 456.8722083333334, 'gimmik_best': 454.81899999999996, 'mat_file': 'example_mats_med/hex/p5/gauss-legendre/m6.txt'}
{'a_cols': 648, 'a_nonzero': 3888, 'a_rows': 216, 'a_size': 139968, 'a_unique': 36, 'alpha': 1.0, 'beta': 0.0, 'density': 0.027777777777777776, 'gimmik_avg': 345.623625, 'gimmik_best': 344.074, 'mat_file': 'example_mats_med/hex/p5/gauss-legendre/m132.txt'}
{'a_cols': 216, 'a_nonzero': 3888, 'a_rows': 648, 'a_size': 139968, 'a_unique': 36, 'alpha': 1.0, 'beta': 0.0, 'density': 0.027777777777777776, 'gimmik_avg': 439.8152916666666, 'gimmik_best': 438.807, 'mat_file': 'example_mats_med/hex/p5/gauss-legendre/m460.txt'}
{'a_cols': 343, 'a_nonzero': 294, 'a_rows': 294, 'a_size': 100842, 'a_unique': 1, 'alpha': 1.0, 'beta': 0.0, 'density': 0.0029154518950437317, 'gimmik_avg': 150.30525, 'gimmik_best': 149.893, 'mat_file': 'example_mats_med/hex/p6/gauss-legendre-lobatto/m0.txt'}
{'a_cols': 294, 'a_nonzero': 2058, 'a_rows': 343, 'a_size': 100842, 'a_unique': 5, 'alpha': 1.0, 'beta': 0.0, 'density': 0.02040816326530612, 'gimmik_avg': 309.90000000000003, 'gimmik_best': 308.629, 'mat_file': 'example_mats_med/hex/p6/gauss-legendre-lobatto/m3.txt'}
{'a_cols': 294, 'a_nonzero': 2058, 'a_rows': 1029, 'a_size': 302526, 'a_unique': 10, 'alpha': 1.0, 'beta': 0.0, 'density': 0.006802721088435374, 'gimmik_avg': 800.0939374999999, 'gimmik_best': 796.359, 'mat_file': 'example_mats_med/hex/p6/gauss-legendre-lobatto/m6.txt'}
{'a_cols': 1029, 'a_nonzero': 6468, 'a_rows': 343, 'a_size': 352947, 'a_unique': 44, 'alpha': 1.0, 'beta': 0.0, 'density': 0.018325697625989172, 'gimmik_avg': 1693.7461874999997, 'gimmik_best': 1689.496, 'mat_file': 'example_mats_med/hex/p6/gauss-legendre-lobatto/m132.txt'}
{'a_cols': 343, 'a_nonzero': 6468, 'a_rows': 1029, 'a_size': 352947, 'a_unique': 44, 'alpha': 1.0, 'beta': 0.0, 'density': 0.018325697625989172, 'gimmik_avg': 2795.5588958333333, 'gimmik_best': 2788.75, 'mat_file': 'example_mats_med/hex/p6/gauss-legendre-lobatto/m460.txt'}
{'a_cols': 343, 'a_nonzero': 2058, 'a_rows': 294, 'a_size': 100842, 'a_unique': 7, 'alpha': 1.0, 'beta': 0.0, 'density': 0.02040816326530612, 'gimmik_avg': 369.7850416666667, 'gimmik_best': 368.549, 'mat_file': 'example_mats_med/hex/p6/gauss-legendre/m0.txt'}
{'a_cols': 294, 'a_nonzero': 2058, 'a_rows': 343, 'a_size': 100842, 'a_unique': 7, 'alpha': 1.0, 'beta': 0.0, 'density': 0.02040816326530612, 'gimmik_avg': 296.46747916666664, 'gimmik_best': 295.417, 'mat_file': 'example_mats_med/hex/p6/gauss-legendre/m3.txt'}
{'a_cols': 294, 'a_nonzero': 2058, 'a_rows': 1029, 'a_size': 302526, 'a_unique': 14, 'alpha': 1.0, 'beta': 0.0, 'density': 0.006802721088435374, 'gimmik_avg': 751.3424583333332, 'gimmik_best': 747.9639999999999, 'mat_file': 'example_mats_med/hex/p6/gauss-legendre/m6.txt'}
{'a_cols': 1029, 'a_nonzero': 7056, 'a_rows': 343, 'a_size': 352947, 'a_unique': 48, 'alpha': 1.0, 'beta': 0.0, 'density': 0.019991670137442734, 'gimmik_avg': 1755.831, 'gimmik_best': 1752.7440000000001, 'mat_file': 'example_mats_med/hex/p6/gauss-legendre/m132.txt'}
{'a_cols': 343, 'a_nonzero': 7056, 'a_rows': 1029, 'a_size': 352947, 'a_unique': 48, 'alpha': 1.0, 'beta': 0.0, 'density': 0.019991670137442734, 'gimmik_avg': 3064.156645833333, 'gimmik_best': 3058.422, 'mat_file': 'example_mats_med/hex/p6/gauss-legendre/m460.txt'}
{'a_cols': 4, 'a_nonzero': 16, 'a_rows': 8, 'a_size': 32, 'a_unique': 2, 'alpha': 1.0, 'beta': 0.0, 'density': 0.5, 'gimmik_avg': 1.1942291666666667, 'gimmik_best': 1.157, 'mat_file': 'example_mats_med/quad/p1/gauss-legendre/m0.txt'}
{'a_cols': 8, 'a_nonzero': 16, 'a_rows': 4, 'a_size': 32, 'a_unique': 2, 'alpha': 1.0, 'beta': 0.0, 'density': 0.5, 'gimmik_avg': 0.9269791666666668, 'gimmik_best': 0.916, 'mat_file': 'example_mats_med/quad/p1/gauss-legendre/m3.txt'}
{'a_cols': 8, 'a_nonzero': 16, 'a_rows': 8, 'a_size': 64, 'a_unique': 4, 'alpha': 1.0, 'beta': 0.0, 'density': 0.25, 'gimmik_avg': 1.3518541666666668, 'gimmik_best': 1.318, 'mat_file': 'example_mats_med/quad/p1/gauss-legendre/m6.txt'}
{'a_cols': 8, 'a_nonzero': 16, 'a_rows': 4, 'a_size': 32, 'a_unique': 2, 'alpha': 1.0, 'beta': 0.0, 'density': 0.5, 'gimmik_avg': 0.9276041666666667, 'gimmik_best': 0.914, 'mat_file': 'example_mats_med/quad/p1/gauss-legendre/m132.txt'}
{'a_cols': 4, 'a_nonzero': 16, 'a_rows': 8, 'a_size': 32, 'a_unique': 2, 'alpha': 1.0, 'beta': 0.0, 'density': 0.5, 'gimmik_avg': 1.1848750000000001, 'gimmik_best': 1.162, 'mat_file': 'example_mats_med/quad/p1/gauss-legendre/m460.txt'}
{'a_cols': 9, 'a_nonzero': 12, 'a_rows': 12, 'a_size': 108, 'a_unique': 1, 'alpha': 1.0, 'beta': 0.0, 'density': 0.1111111111111111, 'gimmik_avg': 2.4796875000000003, 'gimmik_best': 2.389, 'mat_file': 'example_mats_med/quad/p2/gauss-legendre-lobatto/m0.txt'}
{'a_cols': 12, 'a_nonzero': 36, 'a_rows': 9, 'a_size': 108, 'a_unique': 3, 'alpha': 1.0, 'beta': 0.0, 'density': 0.3333333333333333, 'gimmik_avg': 1.9069583333333335, 'gimmik_best': 1.842, 'mat_file': 'example_mats_med/quad/p2/gauss-legendre-lobatto/m3.txt'}
{'a_cols': 12, 'a_nonzero': 36, 'a_rows': 18, 'a_size': 216, 'a_unique': 6, 'alpha': 1.0, 'beta': 0.0, 'density': 0.16666666666666666, 'gimmik_avg': 4.091916666666667, 'gimmik_best': 3.917, 'mat_file': 'example_mats_med/quad/p2/gauss-legendre-lobatto/m6.txt'}
{'a_cols': 18, 'a_nonzero': 48, 'a_rows': 9, 'a_size': 162, 'a_unique': 6, 'alpha': 1.0, 'beta': 0.0, 'density': 0.2962962962962963, 'gimmik_avg': 2.4025416666666666, 'gimmik_best': 2.28, 'mat_file': 'example_mats_med/quad/p2/gauss-legendre-lobatto/m132.txt'}
{'a_cols': 9, 'a_nonzero': 48, 'a_rows': 18, 'a_size': 162, 'a_unique': 6, 'alpha': 1.0, 'beta': 0.0, 'density': 0.2962962962962963, 'gimmik_avg': 3.8162083333333334, 'gimmik_best': 3.703, 'mat_file': 'example_mats_med/quad/p2/gauss-legendre-lobatto/m460.txt'}
{'a_cols': 9, 'a_nonzero': 36, 'a_rows': 12, 'a_size': 108, 'a_unique': 3, 'alpha': 1.0, 'beta': 0.0, 'density': 0.3333333333333333, 'gimmik_avg': 2.8671875, 'gimmik_best': 2.748, 'mat_file': 'example_mats_med/quad/p2/gauss-legendre/m0.txt'}
{'a_cols': 12, 'a_nonzero': 36, 'a_rows': 9, 'a_size': 108, 'a_unique': 3, 'alpha': 1.0, 'beta': 0.0, 'density': 0.3333333333333333, 'gimmik_avg': 1.885416666666667, 'gimmik_best': 1.807, 'mat_file': 'example_mats_med/quad/p2/gauss-legendre/m3.txt'}
{'a_cols': 12, 'a_nonzero': 36, 'a_rows': 18, 'a_size': 216, 'a_unique': 6, 'alpha': 1.0, 'beta': 0.0, 'density': 0.16666666666666666, 'gimmik_avg': 4.155583333333333, 'gimmik_best': 3.986, 'mat_file': 'example_mats_med/quad/p2/gauss-legendre/m6.txt'}
{'a_cols': 18, 'a_nonzero': 48, 'a_rows': 9, 'a_size': 162, 'a_unique': 8, 'alpha': 1.0, 'beta': 0.0, 'density': 0.2962962962962963, 'gimmik_avg': 2.400333333333333, 'gimmik_best': 2.297, 'mat_file': 'example_mats_med/quad/p2/gauss-legendre/m132.txt'}
{'a_cols': 9, 'a_nonzero': 48, 'a_rows': 18, 'a_size': 162, 'a_unique': 8, 'alpha': 1.0, 'beta': 0.0, 'density': 0.2962962962962963, 'gimmik_avg': 3.8278958333333333, 'gimmik_best': 3.698, 'mat_file': 'example_mats_med/quad/p2/gauss-legendre/m460.txt'}
{'a_cols': 16, 'a_nonzero': 16, 'a_rows': 16, 'a_size': 256, 'a_unique': 1, 'alpha': 1.0, 'beta': 0.0, 'density': 0.0625, 'gimmik_avg': 3.3291874999999997, 'gimmik_best': 3.136, 'mat_file': 'example_mats_med/quad/p3/gauss-legendre-lobatto/m0.txt'}
{'a_cols': 16, 'a_nonzero': 64, 'a_rows': 16, 'a_size': 256, 'a_unique': 4, 'alpha': 1.0, 'beta': 0.0, 'density': 0.25, 'gimmik_avg': 3.849916666666667, 'gimmik_best': 3.616, 'mat_file': 'example_mats_med/quad/p3/gauss-legendre-lobatto/m3.txt'}
{'a_cols': 16, 'a_nonzero': 64, 'a_rows': 32, 'a_size': 512, 'a_unique': 6, 'alpha': 1.0, 'beta': 0.0, 'density': 0.125, 'gimmik_avg': 19.653770833333336, 'gimmik_best': 18.051, 'mat_file': 'example_mats_med/quad/p3/gauss-legendre-lobatto/m6.txt'}
{'a_cols': 32, 'a_nonzero': 112, 'a_rows': 16, 'a_size': 512, 'a_unique': 14, 'alpha': 1.0, 'beta': 0.0, 'density': 0.21875, 'gimmik_avg': 14.675125, 'gimmik_best': 13.833, 'mat_file': 'example_mats_med/quad/p3/gauss-legendre-lobatto/m132.txt'}
{'a_cols': 16, 'a_nonzero': 112, 'a_rows': 32, 'a_size': 512, 'a_unique': 14, 'alpha': 1.0, 'beta': 0.0, 'density': 0.21875, 'gimmik_avg': 20.0475625, 'gimmik_best': 18.741, 'mat_file': 'example_mats_med/quad/p3/gauss-legendre-lobatto/m460.txt'}
{'a_cols': 16, 'a_nonzero': 64, 'a_rows': 16, 'a_size': 256, 'a_unique': 4, 'alpha': 1.0, 'beta': 0.0, 'density': 0.25, 'gimmik_avg': 3.989520833333333, 'gimmik_best': 3.779, 'mat_file': 'example_mats_med/quad/p3/gauss-legendre/m0.txt'}
{'a_cols': 16, 'a_nonzero': 64, 'a_rows': 16, 'a_size': 256, 'a_unique': 4, 'alpha': 1.0, 'beta': 0.0, 'density': 0.25, 'gimmik_avg': 3.9183541666666666, 'gimmik_best': 3.739, 'mat_file': 'example_mats_med/quad/p3/gauss-legendre/m3.txt'}
{'a_cols': 16, 'a_nonzero': 64, 'a_rows': 32, 'a_size': 512, 'a_unique': 8, 'alpha': 1.0, 'beta': 0.0, 'density': 0.125, 'gimmik_avg': 18.54372916666667, 'gimmik_best': 17.098, 'mat_file': 'example_mats_med/quad/p3/gauss-legendre/m6.txt'}
{'a_cols': 32, 'a_nonzero': 128, 'a_rows': 16, 'a_size': 512, 'a_unique': 16, 'alpha': 1.0, 'beta': 0.0, 'density': 0.25, 'gimmik_avg': 14.130895833333334, 'gimmik_best': 13.294, 'mat_file': 'example_mats_med/quad/p3/gauss-legendre/m132.txt'}
{'a_cols': 16, 'a_nonzero': 128, 'a_rows': 32, 'a_size': 512, 'a_unique': 16, 'alpha': 1.0, 'beta': 0.0, 'density': 0.25, 'gimmik_avg': 19.322062499999998, 'gimmik_best': 9.083, 'mat_file': 'example_mats_med/quad/p3/gauss-legendre/m460.txt'}
{'a_cols': 25, 'a_nonzero': 20, 'a_rows': 20, 'a_size': 500, 'a_unique': 1, 'alpha': 1.0, 'beta': 0.0, 'density': 0.04, 'gimmik_avg': 3.595729166666666, 'gimmik_best': 3.462, 'mat_file': 'example_mats_med/quad/p4/gauss-legendre-lobatto/m0.txt'}
{'a_cols': 20, 'a_nonzero': 100, 'a_rows': 25, 'a_size': 500, 'a_unique': 4, 'alpha': 1.0, 'beta': 0.0, 'density': 0.2, 'gimmik_avg': 15.642791666666668, 'gimmik_best': 14.541, 'mat_file': 'example_mats_med/quad/p4/gauss-legendre-lobatto/m3.txt'}
{'a_cols': 20, 'a_nonzero': 100, 'a_rows': 50, 'a_size': 1000, 'a_unique': 8, 'alpha': 1.0, 'beta': 0.0, 'density': 0.1, 'gimmik_avg': 29.86825, 'gimmik_best': 29.214, 'mat_file': 'example_mats_med/quad/p4/gauss-legendre-lobatto/m6.txt'}
{'a_cols': 50, 'a_nonzero': 220, 'a_rows': 25, 'a_size': 1250, 'a_unique': 22, 'alpha': 1.0, 'beta': 0.0, 'density': 0.176, 'gimmik_avg': 24.015208333333334, 'gimmik_best': 23.324, 'mat_file': 'example_mats_med/quad/p4/gauss-legendre-lobatto/m132.txt'}
{'a_cols': 25, 'a_nonzero': 220, 'a_rows': 50, 'a_size': 1250, 'a_unique': 22, 'alpha': 1.0, 'beta': 0.0, 'density': 0.176, 'gimmik_avg': 35.880812500000005, 'gimmik_best': 35.47, 'mat_file': 'example_mats_med/quad/p4/gauss-legendre-lobatto/m460.txt'}
{'a_cols': 25, 'a_nonzero': 100, 'a_rows': 20, 'a_size': 500, 'a_unique': 5, 'alpha': 1.0, 'beta': 0.0, 'density': 0.2, 'gimmik_avg': 15.182479166666669, 'gimmik_best': 14.109, 'mat_file': 'example_mats_med/quad/p4/gauss-legendre/m0.txt'}
{'a_cols': 20, 'a_nonzero': 100, 'a_rows': 25, 'a_size': 500, 'a_unique': 5, 'alpha': 1.0, 'beta': 0.0, 'density': 0.2, 'gimmik_avg': 15.820395833333334, 'gimmik_best': 10.216, 'mat_file': 'example_mats_med/quad/p4/gauss-legendre/m3.txt'}
{'a_cols': 20, 'a_nonzero': 100, 'a_rows': 50, 'a_size': 1000, 'a_unique': 10, 'alpha': 1.0, 'beta': 0.0, 'density': 0.1, 'gimmik_avg': 30.169354166666665, 'gimmik_best': 28.879, 'mat_file': 'example_mats_med/quad/p4/gauss-legendre/m6.txt'}
{'a_cols': 50, 'a_nonzero': 240, 'a_rows': 25, 'a_size': 1250, 'a_unique': 24, 'alpha': 1.0, 'beta': 0.0, 'density': 0.192, 'gimmik_avg': 24.718312500000007, 'gimmik_best': 24.302, 'mat_file': 'example_mats_med/quad/p4/gauss-legendre/m132.txt'}
{'a_cols': 25, 'a_nonzero': 240, 'a_rows': 50, 'a_size': 1250, 'a_unique': 24, 'alpha': 1.0, 'beta': 0.0, 'density': 0.192, 'gimmik_avg': 35.0913125, 'gimmik_best': 34.537, 'mat_file': 'example_mats_med/quad/p4/gauss-legendre/m460.txt'}
{'a_cols': 36, 'a_nonzero': 24, 'a_rows': 24, 'a_size': 864, 'a_unique': 1, 'alpha': 1.0, 'beta': 0.0, 'density': 0.027777777777777776, 'gimmik_avg': 10.40675, 'gimmik_best': 8.149, 'mat_file': 'example_mats_med/quad/p5/gauss-legendre-lobatto/m0.txt'}
{'a_cols': 24, 'a_nonzero': 144, 'a_rows': 36, 'a_size': 864, 'a_unique': 6, 'alpha': 1.0, 'beta': 0.0, 'density': 0.16666666666666666, 'gimmik_avg': 23.64639583333333, 'gimmik_best': 23.081, 'mat_file': 'example_mats_med/quad/p5/gauss-legendre-lobatto/m3.txt'}
{'a_cols': 24, 'a_nonzero': 144, 'a_rows': 72, 'a_size': 1728, 'a_unique': 8, 'alpha': 1.0, 'beta': 0.0, 'density': 0.08333333333333333, 'gimmik_avg': 45.05552083333333, 'gimmik_best': 44.537, 'mat_file': 'example_mats_med/quad/p5/gauss-legendre-lobatto/m6.txt'}
{'a_cols': 72, 'a_nonzero': 384, 'a_rows': 36, 'a_size': 2592, 'a_unique': 32, 'alpha': 1.0, 'beta': 0.0, 'density': 0.14814814814814814, 'gimmik_avg': 41.36014583333334, 'gimmik_best': 40.607, 'mat_file': 'example_mats_med/quad/p5/gauss-legendre-lobatto/m132.txt'}
{'a_cols': 36, 'a_nonzero': 384, 'a_rows': 72, 'a_size': 2592, 'a_unique': 32, 'alpha': 1.0, 'beta': 0.0, 'density': 0.14814814814814814, 'gimmik_avg': 59.48429166666666, 'gimmik_best': 59.157, 'mat_file': 'example_mats_med/quad/p5/gauss-legendre-lobatto/m460.txt'}
{'a_cols': 36, 'a_nonzero': 144, 'a_rows': 24, 'a_size': 864, 'a_unique': 6, 'alpha': 1.0, 'beta': 0.0, 'density': 0.16666666666666666, 'gimmik_avg': 19.7656875, 'gimmik_best': 18.161, 'mat_file': 'example_mats_med/quad/p5/gauss-legendre/m0.txt'}
{'a_cols': 24, 'a_nonzero': 144, 'a_rows': 36, 'a_size': 864, 'a_unique': 6, 'alpha': 1.0, 'beta': 0.0, 'density': 0.16666666666666666, 'gimmik_avg': 23.520395833333335, 'gimmik_best': 22.207, 'mat_file': 'example_mats_med/quad/p5/gauss-legendre/m3.txt'}
{'a_cols': 24, 'a_nonzero': 144, 'a_rows': 72, 'a_size': 1728, 'a_unique': 12, 'alpha': 1.0, 'beta': 0.0, 'density': 0.08333333333333333, 'gimmik_avg': 44.34789583333333, 'gimmik_best': 43.85, 'mat_file': 'example_mats_med/quad/p5/gauss-legendre/m6.txt'}
{'a_cols': 72, 'a_nonzero': 432, 'a_rows': 36, 'a_size': 2592, 'a_unique': 36, 'alpha': 1.0, 'beta': 0.0, 'density': 0.16666666666666666, 'gimmik_avg': 41.0678125, 'gimmik_best': 39.97, 'mat_file': 'example_mats_med/quad/p5/gauss-legendre/m132.txt'}
{'a_cols': 36, 'a_nonzero': 432, 'a_rows': 72, 'a_size': 2592, 'a_unique': 36, 'alpha': 1.0, 'beta': 0.0, 'density': 0.16666666666666666, 'gimmik_avg': 60.859437500000006, 'gimmik_best': 60.313, 'mat_file': 'example_mats_med/quad/p5/gauss-legendre/m460.txt'}
{'a_cols': 49, 'a_nonzero': 28, 'a_rows': 28, 'a_size': 1372, 'a_unique': 1, 'alpha': 1.0, 'beta': 0.0, 'density': 0.02040816326530612, 'gimmik_avg': 12.359916666666669, 'gimmik_best': 11.93, 'mat_file': 'example_mats_med/quad/p6/gauss-legendre-lobatto/m0.txt'}
{'a_cols': 28, 'a_nonzero': 196, 'a_rows': 49, 'a_size': 1372, 'a_unique': 5, 'alpha': 1.0, 'beta': 0.0, 'density': 0.14285714285714285, 'gimmik_avg': 32.260125, 'gimmik_best': 30.63, 'mat_file': 'example_mats_med/quad/p6/gauss-legendre-lobatto/m3.txt'}
{'a_cols': 28, 'a_nonzero': 196, 'a_rows': 98, 'a_size': 2744, 'a_unique': 10, 'alpha': 1.0, 'beta': 0.0, 'density': 0.07142857142857142, 'gimmik_avg': 62.258437499999985, 'gimmik_best': 61.906, 'mat_file': 'example_mats_med/quad/p6/gauss-legendre-lobatto/m6.txt'}
{'a_cols': 98, 'a_nonzero': 616, 'a_rows': 49, 'a_size': 4802, 'a_unique': 44, 'alpha': 1.0, 'beta': 0.0, 'density': 0.1282798833819242, 'gimmik_avg': 57.15879166666667, 'gimmik_best': 56.525, 'mat_file': 'example_mats_med/quad/p6/gauss-legendre-lobatto/m132.txt'}
{'a_cols': 49, 'a_nonzero': 616, 'a_rows': 98, 'a_size': 4802, 'a_unique': 44, 'alpha': 1.0, 'beta': 0.0, 'density': 0.1282798833819242, 'gimmik_avg': 84.209375, 'gimmik_best': 83.833, 'mat_file': 'example_mats_med/quad/p6/gauss-legendre-lobatto/m460.txt'}
{'a_cols': 49, 'a_nonzero': 196, 'a_rows': 28, 'a_size': 1372, 'a_unique': 7, 'alpha': 1.0, 'beta': 0.0, 'density': 0.14285714285714285, 'gimmik_avg': 29.39679166666666, 'gimmik_best': 28.523, 'mat_file': 'example_mats_med/quad/p6/gauss-legendre/m0.txt'}
{'a_cols': 28, 'a_nonzero': 196, 'a_rows': 49, 'a_size': 1372, 'a_unique': 7, 'alpha': 1.0, 'beta': 0.0, 'density': 0.14285714285714285, 'gimmik_avg': 31.4809375, 'gimmik_best': 30.542, 'mat_file': 'example_mats_med/quad/p6/gauss-legendre/m3.txt'}
{'a_cols': 28, 'a_nonzero': 196, 'a_rows': 98, 'a_size': 2744, 'a_unique': 14, 'alpha': 1.0, 'beta': 0.0, 'density': 0.07142857142857142, 'gimmik_avg': 61.24277083333334, 'gimmik_best': 60.666, 'mat_file': 'example_mats_med/quad/p6/gauss-legendre/m6.txt'}
{'a_cols': 98, 'a_nonzero': 672, 'a_rows': 49, 'a_size': 4802, 'a_unique': 48, 'alpha': 1.0, 'beta': 0.0, 'density': 0.13994169096209913, 'gimmik_avg': 58.07791666666666, 'gimmik_best': 57.042, 'mat_file': 'example_mats_med/quad/p6/gauss-legendre/m132.txt'}
{'a_cols': 49, 'a_nonzero': 672, 'a_rows': 98, 'a_size': 4802, 'a_unique': 48, 'alpha': 1.0, 'beta': 0.0, 'density': 0.13994169096209913, 'gimmik_avg': 86.76822916666667, 'gimmik_best': 86.297, 'mat_file': 'example_mats_med/quad/p6/gauss-legendre/m460.txt'}
{'a_cols': 4, 'a_nonzero': 48, 'a_rows': 12, 'a_size': 48, 'a_unique': 3, 'alpha': 1.0, 'beta': 0.0, 'density': 1.0, 'gimmik_avg': 2.6098958333333337, 'gimmik_best': 2.54, 'mat_file': 'example_mats_med/tet/p1/shunn-ham/m0.txt'}
{'a_cols': 12, 'a_nonzero': 48, 'a_rows': 4, 'a_size': 48, 'a_unique': 6, 'alpha': 1.0, 'beta': 0.0, 'density': 1.0, 'gimmik_avg': 1.141875, 'gimmik_best': 1.111, 'mat_file': 'example_mats_med/tet/p1/shunn-ham/m3.txt'}
{'a_cols': 12, 'a_nonzero': 72, 'a_rows': 12, 'a_size': 144, 'a_unique': 6, 'alpha': 1.0, 'beta': 0.0, 'density': 0.5, 'gimmik_avg': 3.0318333333333327, 'gimmik_best': 2.949, 'mat_file': 'example_mats_med/tet/p1/shunn-ham/m6.txt'}
{'a_cols': 12, 'a_nonzero': 24, 'a_rows': 4, 'a_size': 48, 'a_unique': 2, 'alpha': 1.0, 'beta': 0.0, 'density': 0.5, 'gimmik_avg': 1.173729166666667, 'gimmik_best': 1.155, 'mat_file': 'example_mats_med/tet/p1/shunn-ham/m132.txt'}
{'a_cols': 4, 'a_nonzero': 24, 'a_rows': 12, 'a_size': 48, 'a_unique': 2, 'alpha': 1.0, 'beta': 0.0, 'density': 0.5, 'gimmik_avg': 2.63275, 'gimmik_best': 2.559, 'mat_file': 'example_mats_med/tet/p1/shunn-ham/m460.txt'}
{'a_cols': 10, 'a_nonzero': 240, 'a_rows': 24, 'a_size': 240, 'a_unique': 14, 'alpha': 1.0, 'beta': 0.0, 'density': 1.0, 'gimmik_avg': 7.214624999999998, 'gimmik_best': 6.984, 'mat_file': 'example_mats_med/tet/p2/shunn-ham/m0.txt'}
{'a_cols': 24, 'a_nonzero': 240, 'a_rows': 10, 'a_size': 240, 'a_unique': 28, 'alpha': 1.0, 'beta': 0.0, 'density': 1.0, 'gimmik_avg': 4.5331875, 'gimmik_best': 4.376, 'mat_file': 'example_mats_med/tet/p2/shunn-ham/m3.txt'}
{'a_cols': 24, 'a_nonzero': 360, 'a_rows': 30, 'a_size': 720, 'a_unique': 28, 'alpha': 1.0, 'beta': 0.0, 'density': 0.5, 'gimmik_avg': 22.987625000000005, 'gimmik_best': 21.478, 'mat_file': 'example_mats_med/tet/p2/shunn-ham/m6.txt'}
{'a_cols': 30, 'a_nonzero': 252, 'a_rows': 10, 'a_size': 300, 'a_unique': 46, 'alpha': 1.0, 'beta': 0.0, 'density': 0.84, 'gimmik_avg': 10.204895833333335, 'gimmik_best': 9.585, 'mat_file': 'example_mats_med/tet/p2/shunn-ham/m132.txt'}
{'a_cols': 10, 'a_nonzero': 252, 'a_rows': 30, 'a_size': 300, 'a_unique': 46, 'alpha': 1.0, 'beta': 0.0, 'density': 0.84, 'gimmik_avg': 8.797479166666667, 'gimmik_best': 8.552, 'mat_file': 'example_mats_med/tet/p2/shunn-ham/m460.txt'}
{'a_cols': 20, 'a_nonzero': 800, 'a_rows': 40, 'a_size': 800, 'a_unique': 40, 'alpha': 1.0, 'beta': 0.0, 'density': 1.0, 'gimmik_avg': 43.78989583333333, 'gimmik_best': 42.843, 'mat_file': 'example_mats_med/tet/p3/shunn-ham/m0.txt'}
{'a_cols': 40, 'a_nonzero': 800, 'a_rows': 20, 'a_size': 800, 'a_unique': 80, 'alpha': 1.0, 'beta': 0.0, 'density': 1.0, 'gimmik_avg': 27.009624999999996, 'gimmik_best': 26.188, 'mat_file': 'example_mats_med/tet/p3/shunn-ham/m3.txt'}
{'a_cols': 40, 'a_nonzero': 1200, 'a_rows': 60, 'a_size': 2400, 'a_unique': 80, 'alpha': 1.0, 'beta': 0.0, 'density': 0.5, 'gimmik_avg': 61.7014375, 'gimmik_best': 61.091, 'mat_file': 'example_mats_med/tet/p3/shunn-ham/m6.txt'}
{'a_cols': 35, 'a_nonzero': 2100, 'a_rows': 60, 'a_size': 2100, 'a_unique': 101, 'alpha': 1.0, 'beta': 0.0, 'density': 1.0, 'gimmik_avg': 118.60820833333334, 'gimmik_best': 114.63, 'mat_file': 'example_mats_med/tet/p4/shunn-ham/m0.txt'}
{'a_cols': 3, 'a_nonzero': 18, 'a_rows': 6, 'a_size': 18, 'a_unique': 3, 'alpha': 1.0, 'beta': 0.0, 'density': 1.0, 'gimmik_avg': 0.9144166666666665, 'gimmik_best': 0.891, 'mat_file': 'example_mats_med/tri/p1/williams-shunn/m0.txt'}
{'a_cols': 6, 'a_nonzero': 18, 'a_rows': 3, 'a_size': 18, 'a_unique': 6, 'alpha': 1.0, 'beta': 0.0, 'density': 1.0, 'gimmik_avg': 0.7493333333333334, 'gimmik_best': 0.736, 'mat_file': 'example_mats_med/tri/p1/williams-shunn/m3.txt'}
{'a_cols': 6, 'a_nonzero': 24, 'a_rows': 6, 'a_size': 36, 'a_unique': 6, 'alpha': 1.0, 'beta': 0.0, 'density': 0.6666666666666666, 'gimmik_avg': 1.0214375, 'gimmik_best': 0.998, 'mat_file': 'example_mats_med/tri/p1/williams-shunn/m6.txt'}
{'a_cols': 6, 'a_nonzero': 12, 'a_rows': 3, 'a_size': 18, 'a_unique': 2, 'alpha': 1.0, 'beta': 0.0, 'density': 0.6666666666666666, 'gimmik_avg': 0.7224166666666666, 'gimmik_best': 0.712, 'mat_file': 'example_mats_med/tri/p1/williams-shunn/m132.txt'}
{'a_cols': 3, 'a_nonzero': 12, 'a_rows': 6, 'a_size': 18, 'a_unique': 2, 'alpha': 1.0, 'beta': 0.0, 'density': 0.6666666666666666, 'gimmik_avg': 0.9139583333333333, 'gimmik_best': 0.898, 'mat_file': 'example_mats_med/tri/p1/williams-shunn/m460.txt'}
{'a_cols': 6, 'a_nonzero': 54, 'a_rows': 9, 'a_size': 54, 'a_unique': 10, 'alpha': 1.0, 'beta': 0.0, 'density': 1.0, 'gimmik_avg': 1.5563333333333336, 'gimmik_best': 1.529, 'mat_file': 'example_mats_med/tri/p2/williams-shunn/m0.txt'}
{'a_cols': 9, 'a_nonzero': 54, 'a_rows': 6, 'a_size': 54, 'a_unique': 20, 'alpha': 1.0, 'beta': 0.0, 'density': 1.0, 'gimmik_avg': 1.1481458333333332, 'gimmik_best': 1.132, 'mat_file': 'example_mats_med/tri/p2/williams-shunn/m3.txt'}
{'a_cols': 9, 'a_nonzero': 72, 'a_rows': 12, 'a_size': 108, 'a_unique': 20, 'alpha': 1.0, 'beta': 0.0, 'density': 0.6666666666666666, 'gimmik_avg': 2.8778333333333337, 'gimmik_best': 2.814, 'mat_file': 'example_mats_med/tri/p2/williams-shunn/m6.txt'}
{'a_cols': 12, 'a_nonzero': 64, 'a_rows': 6, 'a_size': 72, 'a_unique': 28, 'alpha': 1.0, 'beta': 0.0, 'density': 0.8888888888888888, 'gimmik_avg': 1.28475, 'gimmik_best': 1.263, 'mat_file': 'example_mats_med/tri/p2/williams-shunn/m132.txt'}
{'a_cols': 6, 'a_nonzero': 64, 'a_rows': 12, 'a_size': 72, 'a_unique': 28, 'alpha': 1.0, 'beta': 0.0, 'density': 0.8888888888888888, 'gimmik_avg': 2.7225625, 'gimmik_best': 2.658, 'mat_file': 'example_mats_med/tri/p2/williams-shunn/m460.txt'}
{'a_cols': 10, 'a_nonzero': 120, 'a_rows': 12, 'a_size': 120, 'a_unique': 20, 'alpha': 1.0, 'beta': 0.0, 'density': 1.0, 'gimmik_avg': 3.4907500000000002, 'gimmik_best': 3.393, 'mat_file': 'example_mats_med/tri/p3/williams-shunn/m0.txt'}
{'a_cols': 12, 'a_nonzero': 120, 'a_rows': 10, 'a_size': 120, 'a_unique': 40, 'alpha': 1.0, 'beta': 0.0, 'density': 1.0, 'gimmik_avg': 2.537104166666667, 'gimmik_best': 2.493, 'mat_file': 'example_mats_med/tri/p3/williams-shunn/m3.txt'}
{'a_cols': 12, 'a_nonzero': 160, 'a_rows': 20, 'a_size': 240, 'a_unique': 40, 'alpha': 1.0, 'beta': 0.0, 'density': 0.6666666666666666, 'gimmik_avg': 6.5830833333333345, 'gimmik_best': 6.494, 'mat_file': 'example_mats_med/tri/p3/williams-shunn/m6.txt'}
{'a_cols': 20, 'a_nonzero': 192, 'a_rows': 10, 'a_size': 200, 'a_unique': 96, 'alpha': 1.0, 'beta': 0.0, 'density': 0.96, 'gimmik_avg': 4.8053125, 'gimmik_best': 4.698, 'mat_file': 'example_mats_med/tri/p3/williams-shunn/m132.txt'}
{'a_cols': 10, 'a_nonzero': 192, 'a_rows': 20, 'a_size': 200, 'a_unique': 96, 'alpha': 1.0, 'beta': 0.0, 'density': 0.96, 'gimmik_avg': 5.381895833333334, 'gimmik_best': 5.225, 'mat_file': 'example_mats_med/tri/p3/williams-shunn/m460.txt'}
{'a_cols': 15, 'a_nonzero': 225, 'a_rows': 15, 'a_size': 225, 'a_unique': 39, 'alpha': 1.0, 'beta': 0.0, 'density': 1.0, 'gimmik_avg': 5.3224375, 'gimmik_best': 5.144, 'mat_file': 'example_mats_med/tri/p4/williams-shunn/m0.txt'}
{'a_cols': 15, 'a_nonzero': 225, 'a_rows': 15, 'a_size': 225, 'a_unique': 78, 'alpha': 1.0, 'beta': 0.0, 'density': 1.0, 'gimmik_avg': 4.019458333333334, 'gimmik_best': 3.9, 'mat_file': 'example_mats_med/tri/p4/williams-shunn/m3.txt'}
{'a_cols': 15, 'a_nonzero': 300, 'a_rows': 30, 'a_size': 450, 'a_unique': 78, 'alpha': 1.0, 'beta': 0.0, 'density': 0.6666666666666666, 'gimmik_avg': 23.634416666666667, 'gimmik_best': 21.967, 'mat_file': 'example_mats_med/tri/p4/williams-shunn/m6.txt'}
{'a_cols': 21, 'a_nonzero': 378, 'a_rows': 18, 'a_size': 378, 'a_unique': 63, 'alpha': 1.0, 'beta': 0.0, 'density': 1.0, 'gimmik_avg': 7.461374999999999, 'gimmik_best': 7.277, 'mat_file': 'example_mats_med/tri/p5/williams-shunn/m0.txt'}
{'a_cols': 18, 'a_nonzero': 378, 'a_rows': 21, 'a_size': 378, 'a_unique': 126, 'alpha': 1.0, 'beta': 0.0, 'density': 1.0, 'gimmik_avg': 6.4288750000000014, 'gimmik_best': 6.156, 'mat_file': 'example_mats_med/tri/p5/williams-shunn/m3.txt'}
{'a_cols': 18, 'a_nonzero': 504, 'a_rows': 42, 'a_size': 756, 'a_unique': 126, 'alpha': 1.0, 'beta': 0.0, 'density': 0.6666666666666666, 'gimmik_avg': 37.905166666666666, 'gimmik_best': 37.431, 'mat_file': 'example_mats_med/tri/p5/williams-shunn/m6.txt'}
{'a_cols': 28, 'a_nonzero': 588, 'a_rows': 21, 'a_size': 588, 'a_unique': 100, 'alpha': 1.0, 'beta': 0.0, 'density': 1.0, 'gimmik_avg': 24.779354166666664, 'gimmik_best': 22.043, 'mat_file': 'example_mats_med/tri/p6/williams-shunn/m0.txt'}
