{'a_cols': 8, 'a_nonzero': 48, 'a_rows': 24, 'a_size': 192, 'a_unique': 2, 'alpha': 1.0, 'beta': 0.0, 'density': 0.25, 'gimmik_avg': 4.748854166666667, 'gimmik_best': 4.648, 'mat_file': 'example_mats_med/hex/p1/gauss-legendre/m0.txt'}
{'a_cols': 24, 'a_nonzero': 48, 'a_rows': 8, 'a_size': 192, 'a_unique': 2, 'alpha': 1.0, 'beta': 0.0, 'density': 0.25, 'gimmik_avg': 2.8556041666666663, 'gimmik_best': 2.705, 'mat_file': 'example_mats_med/hex/p1/gauss-legendre/m3.txt'}
{'a_cols': 24, 'a_nonzero': 48, 'a_rows': 24, 'a_size': 576, 'a_unique': 4, 'alpha': 1.0, 'beta': 0.0, 'density': 0.08333333333333333, 'gimmik_avg': 11.724541666666667, 'gimmik_best': 11.224, 'mat_file': 'example_mats_med/hex/p1/gauss-legendre/m6.txt'}
{'a_cols': 24, 'a_nonzero': 48, 'a_rows': 8, 'a_size': 192, 'a_unique': 2, 'alpha': 1.0, 'beta': 0.0, 'density': 0.25, 'gimmik_avg': 2.8484791666666656, 'gimmik_best': 2.726, 'mat_file': 'example_mats_med/hex/p1/gauss-legendre/m132.txt'}
{'a_cols': 8, 'a_nonzero': 48, 'a_rows': 24, 'a_size': 192, 'a_unique': 2, 'alpha': 1.0, 'beta': 0.0, 'density': 0.25, 'gimmik_avg': 4.8072291666666676, 'gimmik_best': 4.637, 'mat_file': 'example_mats_med/hex/p1/gauss-legendre/m460.txt'}
{'a_cols': 27, 'a_nonzero': 54, 'a_rows': 54, 'a_size': 1458, 'a_unique': 1, 'alpha': 1.0, 'beta': 0.0, 'density': 0.037037037037037035, 'gimmik_avg': 33.27635416666667, 'gimmik_best': 32.497, 'mat_file': 'example_mats_med/hex/p2/gauss-legendre-lobatto/m0.txt'}
{'a_cols': 54, 'a_nonzero': 162, 'a_rows': 27, 'a_size': 1458, 'a_unique': 3, 'alpha': 1.0, 'beta': 0.0, 'density': 0.1111111111111111, 'gimmik_avg': 23.535000000000007, 'gimmik_best': 22.722, 'mat_file': 'example_mats_med/hex/p2/gauss-legendre-lobatto/m3.txt'}
{'a_cols': 54, 'a_nonzero': 162, 'a_rows': 81, 'a_size': 4374, 'a_unique': 6, 'alpha': 1.0, 'beta': 0.0, 'density': 0.037037037037037035, 'gimmik_avg': 56.18593750000002, 'gimmik_best': 55.697, 'mat_file': 'example_mats_med/hex/p2/gauss-legendre-lobatto/m6.txt'}
{'a_cols': 81, 'a_nonzero': 216, 'a_rows': 27, 'a_size': 2187, 'a_unique': 6, 'alpha': 1.0, 'beta': 0.0, 'density': 0.09876543209876543, 'gimmik_avg': 34.21641666666666, 'gimmik_best': 33.392, 'mat_file': 'example_mats_med/hex/p2/gauss-legendre-lobatto/m132.txt'}
{'a_cols': 27, 'a_nonzero': 216, 'a_rows': 81, 'a_size': 2187, 'a_unique': 6, 'alpha': 1.0, 'beta': 0.0, 'density': 0.09876543209876543, 'gimmik_avg': 58.48616666666668, 'gimmik_best': 57.852, 'mat_file': 'example_mats_med/hex/p2/gauss-legendre-lobatto/m460.txt'}
{'a_cols': 27, 'a_nonzero': 162, 'a_rows': 54, 'a_size': 1458, 'a_unique': 3, 'alpha': 1.0, 'beta': 0.0, 'density': 0.1111111111111111, 'gimmik_avg': 40.30941666666667, 'gimmik_best': 39.257, 'mat_file': 'example_mats_med/hex/p2/gauss-legendre/m0.txt'}
{'a_cols': 54, 'a_nonzero': 162, 'a_rows': 27, 'a_size': 1458, 'a_unique': 3, 'alpha': 1.0, 'beta': 0.0, 'density': 0.1111111111111111, 'gimmik_avg': 23.867520833333334, 'gimmik_best': 23.52, 'mat_file': 'example_mats_med/hex/p2/gauss-legendre/m3.txt'}
{'a_cols': 54, 'a_nonzero': 162, 'a_rows': 81, 'a_size': 4374, 'a_unique': 6, 'alpha': 1.0, 'beta': 0.0, 'density': 0.037037037037037035, 'gimmik_avg': 56.1808125, 'gimmik_best': 55.656, 'mat_file': 'example_mats_med/hex/p2/gauss-legendre/m6.txt'}
{'a_cols': 81, 'a_nonzero': 216, 'a_rows': 27, 'a_size': 2187, 'a_unique': 8, 'alpha': 1.0, 'beta': 0.0, 'density': 0.09876543209876543, 'gimmik_avg': 34.114020833333335, 'gimmik_best': 33.124000000000024, 'mat_file': 'example_mats_med/hex/p2/gauss-legendre/m132.txt'}
{'a_cols': 27, 'a_nonzero': 216, 'a_rows': 81, 'a_size': 2187, 'a_unique': 8, 'alpha': 1.0, 'beta': 0.0, 'density': 0.09876543209876543, 'gimmik_avg': 55.684208333333345, 'gimmik_best': 54.454, 'mat_file': 'example_mats_med/hex/p2/gauss-legendre/m460.txt'}
{'a_cols': 64, 'a_nonzero': 96, 'a_rows': 96, 'a_size': 6144, 'a_unique': 1, 'alpha': 1.0, 'beta': 0.0, 'density': 0.015625, 'gimmik_avg': 65.71502083333336, 'gimmik_best': 65.069, 'mat_file': 'example_mats_med/hex/p3/gauss-legendre-lobatto/m0.txt'}
{'a_cols': 96, 'a_nonzero': 384, 'a_rows': 64, 'a_size': 6144, 'a_unique': 4, 'alpha': 1.0, 'beta': 0.0, 'density': 0.0625, 'gimmik_avg': 58.65758333333333, 'gimmik_best': 58.116, 'mat_file': 'example_mats_med/hex/p3/gauss-legendre-lobatto/m3.txt'}
{'a_cols': 96, 'a_nonzero': 384, 'a_rows': 192, 'a_size': 18432, 'a_unique': 6, 'alpha': 1.0, 'beta': 0.0, 'density': 0.020833333333333332, 'gimmik_avg': 142.8976458333333, 'gimmik_best': 142.038, 'mat_file': 'example_mats_med/hex/p3/gauss-legendre-lobatto/m6.txt'}
{'a_cols': 192, 'a_nonzero': 672, 'a_rows': 64, 'a_size': 12288, 'a_unique': 14, 'alpha': 1.0, 'beta': 0.0, 'density': 0.0546875, 'gimmik_avg': 95.27518750000003, 'gimmik_best': 94.985, 'mat_file': 'example_mats_med/hex/p3/gauss-legendre-lobatto/m132.txt'}
{'a_cols': 64, 'a_nonzero': 672, 'a_rows': 192, 'a_size': 12288, 'a_unique': 14, 'alpha': 1.0, 'beta': 0.0, 'density': 0.0546875, 'gimmik_avg': 184.11097916666665, 'gimmik_best': 183.475, 'mat_file': 'example_mats_med/hex/p3/gauss-legendre-lobatto/m460.txt'}
{'a_cols': 64, 'a_nonzero': 384, 'a_rows': 96, 'a_size': 6144, 'a_unique': 4, 'alpha': 1.0, 'beta': 0.0, 'density': 0.0625, 'gimmik_avg': 91.07904166666664, 'gimmik_best': 90.659, 'mat_file': 'example_mats_med/hex/p3/gauss-legendre/m0.txt'}
{'a_cols': 96, 'a_nonzero': 384, 'a_rows': 64, 'a_size': 6144, 'a_unique': 4, 'alpha': 1.0, 'beta': 0.0, 'density': 0.0625, 'gimmik_avg': 57.68539583333333, 'gimmik_best': 57.188, 'mat_file': 'example_mats_med/hex/p3/gauss-legendre/m3.txt'}
{'a_cols': 96, 'a_nonzero': 384, 'a_rows': 192, 'a_size': 18432, 'a_unique': 8, 'alpha': 1.0, 'beta': 0.0, 'density': 0.020833333333333332, 'gimmik_avg': 145.63493749999995, 'gimmik_best': 145.158, 'mat_file': 'example_mats_med/hex/p3/gauss-legendre/m6.txt'}
{'a_cols': 192, 'a_nonzero': 768, 'a_rows': 64, 'a_size': 12288, 'a_unique': 16, 'alpha': 1.0, 'beta': 0.0, 'density': 0.0625, 'gimmik_avg': 96.63741666666668, 'gimmik_best': 96.259, 'mat_file': 'example_mats_med/hex/p3/gauss-legendre/m132.txt'}
{'a_cols': 64, 'a_nonzero': 768, 'a_rows': 192, 'a_size': 12288, 'a_unique': 16, 'alpha': 1.0, 'beta': 0.0, 'density': 0.0625, 'gimmik_avg': 181.896875, 'gimmik_best': 181.517, 'mat_file': 'example_mats_med/hex/p3/gauss-legendre/m460.txt'}
{'a_cols': 125, 'a_nonzero': 150, 'a_rows': 150, 'a_size': 18750, 'a_unique': 1, 'alpha': 1.0, 'beta': 0.0, 'density': 0.008, 'gimmik_avg': 106.06920833333335, 'gimmik_best': 105.512, 'mat_file': 'example_mats_med/hex/p4/gauss-legendre-lobatto/m0.txt'}
{'a_cols': 150, 'a_nonzero': 750, 'a_rows': 125, 'a_size': 18750, 'a_unique': 4, 'alpha': 1.0, 'beta': 0.0, 'density': 0.04, 'gimmik_avg': 145.0246458333333, 'gimmik_best': 144.315, 'mat_file': 'example_mats_med/hex/p4/gauss-legendre-lobatto/m3.txt'}
{'a_cols': 150, 'a_nonzero': 750, 'a_rows': 375, 'a_size': 56250, 'a_unique': 8, 'alpha': 1.0, 'beta': 0.0, 'density': 0.013333333333333334, 'gimmik_avg': 281.93712500000004, 'gimmik_best': 281.173, 'mat_file': 'example_mats_med/hex/p4/gauss-legendre-lobatto/m6.txt'}
{'a_cols': 375, 'a_nonzero': 1650, 'a_rows': 125, 'a_size': 46875, 'a_unique': 22, 'alpha': 1.0, 'beta': 0.0, 'density': 0.0352, 'gimmik_avg': 189.90270833333338, 'gimmik_best': 189.408, 'mat_file': 'example_mats_med/hex/p4/gauss-legendre-lobatto/m132.txt'}
{'a_cols': 125, 'a_nonzero': 1650, 'a_rows': 375, 'a_size': 46875, 'a_unique': 22, 'alpha': 1.0, 'beta': 0.0, 'density': 0.0352, 'gimmik_avg': 375.01366666666667, 'gimmik_best': 373.962, 'mat_file': 'example_mats_med/hex/p4/gauss-legendre-lobatto/m460.txt'}
{'a_cols': 125, 'a_nonzero': 750, 'a_rows': 150, 'a_size': 18750, 'a_unique': 5, 'alpha': 1.0, 'beta': 0.0, 'density': 0.04, 'gimmik_avg': 167.03412499999996, 'gimmik_best': 166.196, 'mat_file': 'example_mats_med/hex/p4/gauss-legendre/m0.txt'}
{'a_cols': 150, 'a_nonzero': 750, 'a_rows': 125, 'a_size': 18750, 'a_unique': 5, 'alpha': 1.0, 'beta': 0.0, 'density': 0.04, 'gimmik_avg': 126.65989583333334, 'gimmik_best': 126.078, 'mat_file': 'example_mats_med/hex/p4/gauss-legendre/m3.txt'}
{'a_cols': 150, 'a_nonzero': 750, 'a_rows': 375, 'a_size': 56250, 'a_unique': 10, 'alpha': 1.0, 'beta': 0.0, 'density': 0.013333333333333334, 'gimmik_avg': 279.86964583333327, 'gimmik_best': 278.693, 'mat_file': 'example_mats_med/hex/p4/gauss-legendre/m6.txt'}
{'a_cols': 375, 'a_nonzero': 1800, 'a_rows': 125, 'a_size': 46875, 'a_unique': 24, 'alpha': 1.0, 'beta': 0.0, 'density': 0.0384, 'gimmik_avg': 190.35839583333333, 'gimmik_best': 189.936, 'mat_file': 'example_mats_med/hex/p4/gauss-legendre/m132.txt'}
{'a_cols': 125, 'a_nonzero': 1800, 'a_rows': 375, 'a_size': 46875, 'a_unique': 24, 'alpha': 1.0, 'beta': 0.0, 'density': 0.0384, 'gimmik_avg': 387.6433333333335, 'gimmik_best': 386.38, 'mat_file': 'example_mats_med/hex/p4/gauss-legendre/m460.txt'}
{'a_cols': 216, 'a_nonzero': 216, 'a_rows': 216, 'a_size': 46656, 'a_unique': 1, 'alpha': 1.0, 'beta': 0.0, 'density': 0.004629629629629629, 'gimmik_avg': 165.079125, 'gimmik_best': 164.326, 'mat_file': 'example_mats_med/hex/p5/gauss-legendre-lobatto/m0.txt'}
{'a_cols': 216, 'a_nonzero': 1296, 'a_rows': 216, 'a_size': 46656, 'a_unique': 6, 'alpha': 1.0, 'beta': 0.0, 'density': 0.027777777777777776, 'gimmik_avg': 198.37895833333334, 'gimmik_best': 197.723, 'mat_file': 'example_mats_med/hex/p5/gauss-legendre-lobatto/m3.txt'}
{'a_cols': 216, 'a_nonzero': 1296, 'a_rows': 648, 'a_size': 139968, 'a_unique': 8, 'alpha': 1.0, 'beta': 0.0, 'density': 0.009259259259259259, 'gimmik_avg': 470.47462500000023, 'gimmik_best': 468.884, 'mat_file': 'example_mats_med/hex/p5/gauss-legendre-lobatto/m6.txt'}
{'a_cols': 648, 'a_nonzero': 3456, 'a_rows': 216, 'a_size': 139968, 'a_unique': 32, 'alpha': 1.0, 'beta': 0.0, 'density': 0.024691358024691357, 'gimmik_avg': 326.9706875, 'gimmik_best': 326.31600000000003, 'mat_file': 'example_mats_med/hex/p5/gauss-legendre-lobatto/m132.txt'}
{'a_cols': 216, 'a_nonzero': 3456, 'a_rows': 648, 'a_size': 139968, 'a_unique': 32, 'alpha': 1.0, 'beta': 0.0, 'density': 0.024691358024691357, 'gimmik_avg': 685.6457916666668, 'gimmik_best': 683.299, 'mat_file': 'example_mats_med/hex/p5/gauss-legendre-lobatto/m460.txt'}
{'a_cols': 216, 'a_nonzero': 1296, 'a_rows': 216, 'a_size': 46656, 'a_unique': 6, 'alpha': 1.0, 'beta': 0.0, 'density': 0.027777777777777776, 'gimmik_avg': 258.1496875000001, 'gimmik_best': 257.435, 'mat_file': 'example_mats_med/hex/p5/gauss-legendre/m0.txt'}
{'a_cols': 216, 'a_nonzero': 1296, 'a_rows': 216, 'a_size': 46656, 'a_unique': 6, 'alpha': 1.0, 'beta': 0.0, 'density': 0.027777777777777776, 'gimmik_avg': 198.13131249999995, 'gimmik_best': 197.367, 'mat_file': 'example_mats_med/hex/p5/gauss-legendre/m3.txt'}
{'a_cols': 216, 'a_nonzero': 1296, 'a_rows': 648, 'a_size': 139968, 'a_unique': 12, 'alpha': 1.0, 'beta': 0.0, 'density': 0.009259259259259259, 'gimmik_avg': 473.31020833333326, 'gimmik_best': 471.16999999999996, 'mat_file': 'example_mats_med/hex/p5/gauss-legendre/m6.txt'}
{'a_cols': 648, 'a_nonzero': 3888, 'a_rows': 216, 'a_size': 139968, 'a_unique': 36, 'alpha': 1.0, 'beta': 0.0, 'density': 0.027777777777777776, 'gimmik_avg': 329.3910624999999, 'gimmik_best': 328.38, 'mat_file': 'example_mats_med/hex/p5/gauss-legendre/m132.txt'}
{'a_cols': 216, 'a_nonzero': 3888, 'a_rows': 648, 'a_size': 139968, 'a_unique': 36, 'alpha': 1.0, 'beta': 0.0, 'density': 0.027777777777777776, 'gimmik_avg': 703.2903541666666, 'gimmik_best': 700.871, 'mat_file': 'example_mats_med/hex/p5/gauss-legendre/m460.txt'}
{'a_cols': 343, 'a_nonzero': 294, 'a_rows': 294, 'a_size': 100842, 'a_unique': 1, 'alpha': 1.0, 'beta': 0.0, 'density': 0.0029154518950437317, 'gimmik_avg': 225.4711666666667, 'gimmik_best': 224.535, 'mat_file': 'example_mats_med/hex/p6/gauss-legendre-lobatto/m0.txt'}
{'a_cols': 294, 'a_nonzero': 2058, 'a_rows': 343, 'a_size': 100842, 'a_unique': 5, 'alpha': 1.0, 'beta': 0.0, 'density': 0.02040816326530612, 'gimmik_avg': 394.7968958333333, 'gimmik_best': 394.016, 'mat_file': 'example_mats_med/hex/p6/gauss-legendre-lobatto/m3.txt'}
{'a_cols': 294, 'a_nonzero': 2058, 'a_rows': 1029, 'a_size': 302526, 'a_unique': 10, 'alpha': 1.0, 'beta': 0.0, 'density': 0.006802721088435374, 'gimmik_avg': 1953.6994166666664, 'gimmik_best': 1947.702, 'mat_file': 'example_mats_med/hex/p6/gauss-legendre-lobatto/m6.txt'}
{'a_cols': 1029, 'a_nonzero': 6468, 'a_rows': 343, 'a_size': 352947, 'a_unique': 44, 'alpha': 1.0, 'beta': 0.0, 'density': 0.018325697625989172, 'gimmik_avg': 1989.8112291666664, 'gimmik_best': 1980.841, 'mat_file': 'example_mats_med/hex/p6/gauss-legendre-lobatto/m132.txt'}
{'a_cols': 343, 'a_nonzero': 6468, 'a_rows': 1029, 'a_size': 352947, 'a_unique': 44, 'alpha': 1.0, 'beta': 0.0, 'density': 0.018325697625989172, 'gimmik_avg': 3208.4422291666665, 'gimmik_best': 3202.422, 'mat_file': 'example_mats_med/hex/p6/gauss-legendre-lobatto/m460.txt'}
{'a_cols': 343, 'a_nonzero': 2058, 'a_rows': 294, 'a_size': 100842, 'a_unique': 7, 'alpha': 1.0, 'beta': 0.0, 'density': 0.02040816326530612, 'gimmik_avg': 390.79277083333346, 'gimmik_best': 389.868, 'mat_file': 'example_mats_med/hex/p6/gauss-legendre/m0.txt'}
{'a_cols': 294, 'a_nonzero': 2058, 'a_rows': 343, 'a_size': 100842, 'a_unique': 7, 'alpha': 1.0, 'beta': 0.0, 'density': 0.02040816326530612, 'gimmik_avg': 303.17314583333325, 'gimmik_best': 302.486, 'mat_file': 'example_mats_med/hex/p6/gauss-legendre/m3.txt'}
{'a_cols': 294, 'a_nonzero': 2058, 'a_rows': 1029, 'a_size': 302526, 'a_unique': 14, 'alpha': 1.0, 'beta': 0.0, 'density': 0.006802721088435374, 'gimmik_avg': 1498.1885416666664, 'gimmik_best': 1491.277, 'mat_file': 'example_mats_med/hex/p6/gauss-legendre/m6.txt'}
{'a_cols': 1029, 'a_nonzero': 7056, 'a_rows': 343, 'a_size': 352947, 'a_unique': 48, 'alpha': 1.0, 'beta': 0.0, 'density': 0.019991670137442734, 'gimmik_avg': 2064.850812499999, 'gimmik_best': 2055.998, 'mat_file': 'example_mats_med/hex/p6/gauss-legendre/m132.txt'}
{'a_cols': 343, 'a_nonzero': 7056, 'a_rows': 1029, 'a_size': 352947, 'a_unique': 48, 'alpha': 1.0, 'beta': 0.0, 'density': 0.019991670137442734, 'gimmik_avg': 3373.3974791666674, 'gimmik_best': 3367.921, 'mat_file': 'example_mats_med/hex/p6/gauss-legendre/m460.txt'}
{'a_cols': 4, 'a_nonzero': 16, 'a_rows': 8, 'a_size': 32, 'a_unique': 2, 'alpha': 1.0, 'beta': 0.0, 'density': 0.5, 'gimmik_avg': 1.1561874999999995, 'gimmik_best': 1.138, 'mat_file': 'example_mats_med/quad/p1/gauss-legendre/m0.txt'}
{'a_cols': 8, 'a_nonzero': 16, 'a_rows': 4, 'a_size': 32, 'a_unique': 2, 'alpha': 1.0, 'beta': 0.0, 'density': 0.5, 'gimmik_avg': 0.9332499999999998, 'gimmik_best': 0.913, 'mat_file': 'example_mats_med/quad/p1/gauss-legendre/m3.txt'}
{'a_cols': 8, 'a_nonzero': 16, 'a_rows': 8, 'a_size': 64, 'a_unique': 4, 'alpha': 1.0, 'beta': 0.0, 'density': 0.25, 'gimmik_avg': 1.1430416666666665, 'gimmik_best': 1.104, 'mat_file': 'example_mats_med/quad/p1/gauss-legendre/m6.txt'}
{'a_cols': 8, 'a_nonzero': 16, 'a_rows': 4, 'a_size': 32, 'a_unique': 2, 'alpha': 1.0, 'beta': 0.0, 'density': 0.5, 'gimmik_avg': 0.9500624999999997, 'gimmik_best': 0.933, 'mat_file': 'example_mats_med/quad/p1/gauss-legendre/m132.txt'}
{'a_cols': 4, 'a_nonzero': 16, 'a_rows': 8, 'a_size': 32, 'a_unique': 2, 'alpha': 1.0, 'beta': 0.0, 'density': 0.5, 'gimmik_avg': 1.1887083333333335, 'gimmik_best': 1.149, 'mat_file': 'example_mats_med/quad/p1/gauss-legendre/m460.txt'}
{'a_cols': 9, 'a_nonzero': 12, 'a_rows': 12, 'a_size': 108, 'a_unique': 1, 'alpha': 1.0, 'beta': 0.0, 'density': 0.1111111111111111, 'gimmik_avg': 2.573729166666666, 'gimmik_best': 2.49, 'mat_file': 'example_mats_med/quad/p2/gauss-legendre-lobatto/m0.txt'}
{'a_cols': 12, 'a_nonzero': 36, 'a_rows': 9, 'a_size': 108, 'a_unique': 3, 'alpha': 1.0, 'beta': 0.0, 'density': 0.3333333333333333, 'gimmik_avg': 1.9368541666666659, 'gimmik_best': 1.856, 'mat_file': 'example_mats_med/quad/p2/gauss-legendre-lobatto/m3.txt'}
{'a_cols': 12, 'a_nonzero': 36, 'a_rows': 18, 'a_size': 216, 'a_unique': 6, 'alpha': 1.0, 'beta': 0.0, 'density': 0.16666666666666666, 'gimmik_avg': 2.986875000000001, 'gimmik_best': 2.873, 'mat_file': 'example_mats_med/quad/p2/gauss-legendre-lobatto/m6.txt'}
{'a_cols': 18, 'a_nonzero': 48, 'a_rows': 9, 'a_size': 162, 'a_unique': 6, 'alpha': 1.0, 'beta': 0.0, 'density': 0.2962962962962963, 'gimmik_avg': 2.4244375000000002, 'gimmik_best': 2.349, 'mat_file': 'example_mats_med/quad/p2/gauss-legendre-lobatto/m132.txt'}
{'a_cols': 9, 'a_nonzero': 48, 'a_rows': 18, 'a_size': 162, 'a_unique': 6, 'alpha': 1.0, 'beta': 0.0, 'density': 0.2962962962962963, 'gimmik_avg': 3.853041666666666, 'gimmik_best': 3.724, 'mat_file': 'example_mats_med/quad/p2/gauss-legendre-lobatto/m460.txt'}
{'a_cols': 9, 'a_nonzero': 36, 'a_rows': 12, 'a_size': 108, 'a_unique': 3, 'alpha': 1.0, 'beta': 0.0, 'density': 0.3333333333333333, 'gimmik_avg': 2.9114791666666675, 'gimmik_best': 2.851, 'mat_file': 'example_mats_med/quad/p2/gauss-legendre/m0.txt'}
{'a_cols': 12, 'a_nonzero': 36, 'a_rows': 9, 'a_size': 108, 'a_unique': 3, 'alpha': 1.0, 'beta': 0.0, 'density': 0.3333333333333333, 'gimmik_avg': 1.927208333333333, 'gimmik_best': 1.861, 'mat_file': 'example_mats_med/quad/p2/gauss-legendre/m3.txt'}
{'a_cols': 12, 'a_nonzero': 36, 'a_rows': 18, 'a_size': 216, 'a_unique': 6, 'alpha': 1.0, 'beta': 0.0, 'density': 0.16666666666666666, 'gimmik_avg': 2.9625000000000004, 'gimmik_best': 2.718, 'mat_file': 'example_mats_med/quad/p2/gauss-legendre/m6.txt'}
{'a_cols': 18, 'a_nonzero': 48, 'a_rows': 9, 'a_size': 162, 'a_unique': 8, 'alpha': 1.0, 'beta': 0.0, 'density': 0.2962962962962963, 'gimmik_avg': 2.514624999999999, 'gimmik_best': 2.385, 'mat_file': 'example_mats_med/quad/p2/gauss-legendre/m132.txt'}
{'a_cols': 9, 'a_nonzero': 48, 'a_rows': 18, 'a_size': 162, 'a_unique': 8, 'alpha': 1.0, 'beta': 0.0, 'density': 0.2962962962962963, 'gimmik_avg': 3.790833333333333, 'gimmik_best': 3.687, 'mat_file': 'example_mats_med/quad/p2/gauss-legendre/m460.txt'}
{'a_cols': 16, 'a_nonzero': 16, 'a_rows': 16, 'a_size': 256, 'a_unique': 1, 'alpha': 1.0, 'beta': 0.0, 'density': 0.0625, 'gimmik_avg': 3.3161666666666676, 'gimmik_best': 3.187, 'mat_file': 'example_mats_med/quad/p3/gauss-legendre-lobatto/m0.txt'}
{'a_cols': 16, 'a_nonzero': 64, 'a_rows': 16, 'a_size': 256, 'a_unique': 4, 'alpha': 1.0, 'beta': 0.0, 'density': 0.25, 'gimmik_avg': 3.9770000000000003, 'gimmik_best': 3.766, 'mat_file': 'example_mats_med/quad/p3/gauss-legendre-lobatto/m3.txt'}
{'a_cols': 16, 'a_nonzero': 64, 'a_rows': 32, 'a_size': 512, 'a_unique': 6, 'alpha': 1.0, 'beta': 0.0, 'density': 0.125, 'gimmik_avg': 14.616625, 'gimmik_best': 14.155, 'mat_file': 'example_mats_med/quad/p3/gauss-legendre-lobatto/m6.txt'}
{'a_cols': 32, 'a_nonzero': 112, 'a_rows': 16, 'a_size': 512, 'a_unique': 14, 'alpha': 1.0, 'beta': 0.0, 'density': 0.21875, 'gimmik_avg': 15.872812499999995, 'gimmik_best': 15.24, 'mat_file': 'example_mats_med/quad/p3/gauss-legendre-lobatto/m132.txt'}
{'a_cols': 16, 'a_nonzero': 112, 'a_rows': 32, 'a_size': 512, 'a_unique': 14, 'alpha': 1.0, 'beta': 0.0, 'density': 0.21875, 'gimmik_avg': 20.506583333333335, 'gimmik_best': 18.947, 'mat_file': 'example_mats_med/quad/p3/gauss-legendre-lobatto/m460.txt'}
{'a_cols': 16, 'a_nonzero': 64, 'a_rows': 16, 'a_size': 256, 'a_unique': 4, 'alpha': 1.0, 'beta': 0.0, 'density': 0.25, 'gimmik_avg': 3.973875, 'gimmik_best': 3.763, 'mat_file': 'example_mats_med/quad/p3/gauss-legendre/m0.txt'}
{'a_cols': 16, 'a_nonzero': 64, 'a_rows': 16, 'a_size': 256, 'a_unique': 4, 'alpha': 1.0, 'beta': 0.0, 'density': 0.25, 'gimmik_avg': 4.112770833333333, 'gimmik_best': 3.804, 'mat_file': 'example_mats_med/quad/p3/gauss-legendre/m3.txt'}
{'a_cols': 16, 'a_nonzero': 64, 'a_rows': 32, 'a_size': 512, 'a_unique': 8, 'alpha': 1.0, 'beta': 0.0, 'density': 0.125, 'gimmik_avg': 14.125479166666667, 'gimmik_best': 13.591, 'mat_file': 'example_mats_med/quad/p3/gauss-legendre/m6.txt'}
{'a_cols': 32, 'a_nonzero': 128, 'a_rows': 16, 'a_size': 512, 'a_unique': 16, 'alpha': 1.0, 'beta': 0.0, 'density': 0.25, 'gimmik_avg': 15.191208333333334, 'gimmik_best': 13.656, 'mat_file': 'example_mats_med/quad/p3/gauss-legendre/m132.txt'}
{'a_cols': 16, 'a_nonzero': 128, 'a_rows': 32, 'a_size': 512, 'a_unique': 16, 'alpha': 1.0, 'beta': 0.0, 'density': 0.25, 'gimmik_avg': 20.17870833333333, 'gimmik_best': 19.349, 'mat_file': 'example_mats_med/quad/p3/gauss-legendre/m460.txt'}
{'a_cols': 25, 'a_nonzero': 20, 'a_rows': 20, 'a_size': 500, 'a_unique': 1, 'alpha': 1.0, 'beta': 0.0, 'density': 0.04, 'gimmik_avg': 4.387520833333334, 'gimmik_best': 4.228, 'mat_file': 'example_mats_med/quad/p4/gauss-legendre-lobatto/m0.txt'}
{'a_cols': 20, 'a_nonzero': 100, 'a_rows': 25, 'a_size': 500, 'a_unique': 4, 'alpha': 1.0, 'beta': 0.0, 'density': 0.2, 'gimmik_avg': 16.496541666666662, 'gimmik_best': 15.582, 'mat_file': 'example_mats_med/quad/p4/gauss-legendre-lobatto/m3.txt'}
{'a_cols': 20, 'a_nonzero': 100, 'a_rows': 50, 'a_size': 1000, 'a_unique': 8, 'alpha': 1.0, 'beta': 0.0, 'density': 0.1, 'gimmik_avg': 22.94004166666666, 'gimmik_best': 22.242, 'mat_file': 'example_mats_med/quad/p4/gauss-legendre-lobatto/m6.txt'}
{'a_cols': 50, 'a_nonzero': 220, 'a_rows': 25, 'a_size': 1250, 'a_unique': 22, 'alpha': 1.0, 'beta': 0.0, 'density': 0.176, 'gimmik_avg': 24.81977083333334, 'gimmik_best': 23.716, 'mat_file': 'example_mats_med/quad/p4/gauss-legendre-lobatto/m132.txt'}
{'a_cols': 25, 'a_nonzero': 220, 'a_rows': 50, 'a_size': 1250, 'a_unique': 22, 'alpha': 1.0, 'beta': 0.0, 'density': 0.176, 'gimmik_avg': 36.31689583333333, 'gimmik_best': 35.037, 'mat_file': 'example_mats_med/quad/p4/gauss-legendre-lobatto/m460.txt'}
{'a_cols': 25, 'a_nonzero': 100, 'a_rows': 20, 'a_size': 500, 'a_unique': 5, 'alpha': 1.0, 'beta': 0.0, 'density': 0.2, 'gimmik_avg': 15.558812499999997, 'gimmik_best': 14.484000000000037, 'mat_file': 'example_mats_med/quad/p4/gauss-legendre/m0.txt'}
{'a_cols': 20, 'a_nonzero': 100, 'a_rows': 25, 'a_size': 500, 'a_unique': 5, 'alpha': 1.0, 'beta': 0.0, 'density': 0.2, 'gimmik_avg': 16.907500000000002, 'gimmik_best': 15.097, 'mat_file': 'example_mats_med/quad/p4/gauss-legendre/m3.txt'}
{'a_cols': 20, 'a_nonzero': 100, 'a_rows': 50, 'a_size': 1000, 'a_unique': 10, 'alpha': 1.0, 'beta': 0.0, 'density': 0.1, 'gimmik_avg': 30.10556250000001, 'gimmik_best': 29.354, 'mat_file': 'example_mats_med/quad/p4/gauss-legendre/m6.txt'}
{'a_cols': 50, 'a_nonzero': 240, 'a_rows': 25, 'a_size': 1250, 'a_unique': 24, 'alpha': 1.0, 'beta': 0.0, 'density': 0.192, 'gimmik_avg': 24.372458333333327, 'gimmik_best': 23.716, 'mat_file': 'example_mats_med/quad/p4/gauss-legendre/m132.txt'}
{'a_cols': 25, 'a_nonzero': 240, 'a_rows': 50, 'a_size': 1250, 'a_unique': 24, 'alpha': 1.0, 'beta': 0.0, 'density': 0.192, 'gimmik_avg': 35.94797916666666, 'gimmik_best': 35.116, 'mat_file': 'example_mats_med/quad/p4/gauss-legendre/m460.txt'}
{'a_cols': 36, 'a_nonzero': 24, 'a_rows': 24, 'a_size': 864, 'a_unique': 1, 'alpha': 1.0, 'beta': 0.0, 'density': 0.027777777777777776, 'gimmik_avg': 15.015000000000002, 'gimmik_best': 13.432, 'mat_file': 'example_mats_med/quad/p5/gauss-legendre-lobatto/m0.txt'}
{'a_cols': 24, 'a_nonzero': 144, 'a_rows': 36, 'a_size': 864, 'a_unique': 6, 'alpha': 1.0, 'beta': 0.0, 'density': 0.16666666666666666, 'gimmik_avg': 23.555833333333336, 'gimmik_best': 23.036, 'mat_file': 'example_mats_med/quad/p5/gauss-legendre-lobatto/m3.txt'}
{'a_cols': 24, 'a_nonzero': 144, 'a_rows': 72, 'a_size': 1728, 'a_unique': 8, 'alpha': 1.0, 'beta': 0.0, 'density': 0.08333333333333333, 'gimmik_avg': 45.30147916666667, 'gimmik_best': 44.17, 'mat_file': 'example_mats_med/quad/p5/gauss-legendre-lobatto/m6.txt'}
{'a_cols': 72, 'a_nonzero': 384, 'a_rows': 36, 'a_size': 2592, 'a_unique': 32, 'alpha': 1.0, 'beta': 0.0, 'density': 0.14814814814814814, 'gimmik_avg': 38.426437499999984, 'gimmik_best': 37.855, 'mat_file': 'example_mats_med/quad/p5/gauss-legendre-lobatto/m132.txt'}
{'a_cols': 36, 'a_nonzero': 384, 'a_rows': 72, 'a_size': 2592, 'a_unique': 32, 'alpha': 1.0, 'beta': 0.0, 'density': 0.14814814814814814, 'gimmik_avg': 57.61458333333334, 'gimmik_best': 57.23, 'mat_file': 'example_mats_med/quad/p5/gauss-legendre-lobatto/m460.txt'}
{'a_cols': 36, 'a_nonzero': 144, 'a_rows': 24, 'a_size': 864, 'a_unique': 6, 'alpha': 1.0, 'beta': 0.0, 'density': 0.16666666666666666, 'gimmik_avg': 23.30708333333334, 'gimmik_best': 20.28, 'mat_file': 'example_mats_med/quad/p5/gauss-legendre/m0.txt'}
{'a_cols': 24, 'a_nonzero': 144, 'a_rows': 36, 'a_size': 864, 'a_unique': 6, 'alpha': 1.0, 'beta': 0.0, 'density': 0.16666666666666666, 'gimmik_avg': 23.55452083333334, 'gimmik_best': 22.756, 'mat_file': 'example_mats_med/quad/p5/gauss-legendre/m3.txt'}
{'a_cols': 24, 'a_nonzero': 144, 'a_rows': 72, 'a_size': 1728, 'a_unique': 12, 'alpha': 1.0, 'beta': 0.0, 'density': 0.08333333333333333, 'gimmik_avg': 45.36491666666665, 'gimmik_best': 45.034, 'mat_file': 'example_mats_med/quad/p5/gauss-legendre/m6.txt'}
{'a_cols': 72, 'a_nonzero': 432, 'a_rows': 36, 'a_size': 2592, 'a_unique': 36, 'alpha': 1.0, 'beta': 0.0, 'density': 0.16666666666666666, 'gimmik_avg': 39.22441666666667, 'gimmik_best': 38.668, 'mat_file': 'example_mats_med/quad/p5/gauss-legendre/m132.txt'}
{'a_cols': 36, 'a_nonzero': 432, 'a_rows': 72, 'a_size': 2592, 'a_unique': 36, 'alpha': 1.0, 'beta': 0.0, 'density': 0.16666666666666666, 'gimmik_avg': 58.857812499999994, 'gimmik_best': 58.554, 'mat_file': 'example_mats_med/quad/p5/gauss-legendre/m460.txt'}
{'a_cols': 49, 'a_nonzero': 28, 'a_rows': 28, 'a_size': 1372, 'a_unique': 1, 'alpha': 1.0, 'beta': 0.0, 'density': 0.02040816326530612, 'gimmik_avg': 19.49710416666667, 'gimmik_best': 18.226, 'mat_file': 'example_mats_med/quad/p6/gauss-legendre-lobatto/m0.txt'}
{'a_cols': 28, 'a_nonzero': 196, 'a_rows': 49, 'a_size': 1372, 'a_unique': 5, 'alpha': 1.0, 'beta': 0.0, 'density': 0.14285714285714285, 'gimmik_avg': 35.868791666666674, 'gimmik_best': 35.503, 'mat_file': 'example_mats_med/quad/p6/gauss-legendre-lobatto/m3.txt'}
{'a_cols': 28, 'a_nonzero': 196, 'a_rows': 98, 'a_size': 2744, 'a_unique': 10, 'alpha': 1.0, 'beta': 0.0, 'density': 0.07142857142857142, 'gimmik_avg': 68.41141666666665, 'gimmik_best': 68.016, 'mat_file': 'example_mats_med/quad/p6/gauss-legendre-lobatto/m6.txt'}
{'a_cols': 98, 'a_nonzero': 616, 'a_rows': 49, 'a_size': 4802, 'a_unique': 44, 'alpha': 1.0, 'beta': 0.0, 'density': 0.1282798833819242, 'gimmik_avg': 53.97075000000001, 'gimmik_best': 53.407, 'mat_file': 'example_mats_med/quad/p6/gauss-legendre-lobatto/m132.txt'}
{'a_cols': 49, 'a_nonzero': 616, 'a_rows': 98, 'a_size': 4802, 'a_unique': 44, 'alpha': 1.0, 'beta': 0.0, 'density': 0.1282798833819242, 'gimmik_avg': 82.01314583333331, 'gimmik_best': 81.665, 'mat_file': 'example_mats_med/quad/p6/gauss-legendre-lobatto/m460.txt'}
{'a_cols': 49, 'a_nonzero': 196, 'a_rows': 28, 'a_size': 1372, 'a_unique': 7, 'alpha': 1.0, 'beta': 0.0, 'density': 0.14285714285714285, 'gimmik_avg': 27.719062499999996, 'gimmik_best': 27.101, 'mat_file': 'example_mats_med/quad/p6/gauss-legendre/m0.txt'}
{'a_cols': 28, 'a_nonzero': 196, 'a_rows': 49, 'a_size': 1372, 'a_unique': 7, 'alpha': 1.0, 'beta': 0.0, 'density': 0.14285714285714285, 'gimmik_avg': 30.54864583333334, 'gimmik_best': 29.124, 'mat_file': 'example_mats_med/quad/p6/gauss-legendre/m3.txt'}
{'a_cols': 28, 'a_nonzero': 196, 'a_rows': 98, 'a_size': 2744, 'a_unique': 14, 'alpha': 1.0, 'beta': 0.0, 'density': 0.07142857142857142, 'gimmik_avg': 62.395354166666685, 'gimmik_best': 62.053, 'mat_file': 'example_mats_med/quad/p6/gauss-legendre/m6.txt'}
{'a_cols': 98, 'a_nonzero': 672, 'a_rows': 49, 'a_size': 4802, 'a_unique': 48, 'alpha': 1.0, 'beta': 0.0, 'density': 0.13994169096209913, 'gimmik_avg': 54.01052083333334, 'gimmik_best': 53.593, 'mat_file': 'example_mats_med/quad/p6/gauss-legendre/m132.txt'}
{'a_cols': 49, 'a_nonzero': 672, 'a_rows': 98, 'a_size': 4802, 'a_unique': 48, 'alpha': 1.0, 'beta': 0.0, 'density': 0.13994169096209913, 'gimmik_avg': 84.59156250000002, 'gimmik_best': 84.17600000000004, 'mat_file': 'example_mats_med/quad/p6/gauss-legendre/m460.txt'}
{'a_cols': 4, 'a_nonzero': 48, 'a_rows': 12, 'a_size': 48, 'a_unique': 3, 'alpha': 1.0, 'beta': 0.0, 'density': 1.0, 'gimmik_avg': 2.643500000000001, 'gimmik_best': 2.568, 'mat_file': 'example_mats_med/tet/p1/shunn-ham/m0.txt'}
{'a_cols': 12, 'a_nonzero': 48, 'a_rows': 4, 'a_size': 48, 'a_unique': 6, 'alpha': 1.0, 'beta': 0.0, 'density': 1.0, 'gimmik_avg': 1.0900416666666664, 'gimmik_best': 1.065, 'mat_file': 'example_mats_med/tet/p1/shunn-ham/m3.txt'}
{'a_cols': 12, 'a_nonzero': 72, 'a_rows': 12, 'a_size': 144, 'a_unique': 6, 'alpha': 1.0, 'beta': 0.0, 'density': 0.5, 'gimmik_avg': 2.2161458333333335, 'gimmik_best': 2.102, 'mat_file': 'example_mats_med/tet/p1/shunn-ham/m6.txt'}
{'a_cols': 12, 'a_nonzero': 24, 'a_rows': 4, 'a_size': 48, 'a_unique': 2, 'alpha': 1.0, 'beta': 0.0, 'density': 0.5, 'gimmik_avg': 1.0761250000000002, 'gimmik_best': 1.057, 'mat_file': 'example_mats_med/tet/p1/shunn-ham/m132.txt'}
{'a_cols': 4, 'a_nonzero': 24, 'a_rows': 12, 'a_size': 48, 'a_unique': 2, 'alpha': 1.0, 'beta': 0.0, 'density': 0.5, 'gimmik_avg': 1.366375, 'gimmik_best': 1.338, 'mat_file': 'example_mats_med/tet/p1/shunn-ham/m460.txt'}
{'a_cols': 10, 'a_nonzero': 240, 'a_rows': 24, 'a_size': 240, 'a_unique': 14, 'alpha': 1.0, 'beta': 0.0, 'density': 1.0, 'gimmik_avg': 7.2584375, 'gimmik_best': 7.109, 'mat_file': 'example_mats_med/tet/p2/shunn-ham/m0.txt'}
{'a_cols': 24, 'a_nonzero': 240, 'a_rows': 10, 'a_size': 240, 'a_unique': 28, 'alpha': 1.0, 'beta': 0.0, 'density': 1.0, 'gimmik_avg': 5.472354166666669, 'gimmik_best': 5.36, 'mat_file': 'example_mats_med/tet/p2/shunn-ham/m3.txt'}
{'a_cols': 24, 'a_nonzero': 360, 'a_rows': 30, 'a_size': 720, 'a_unique': 28, 'alpha': 1.0, 'beta': 0.0, 'density': 0.5, 'gimmik_avg': 23.60904166666667, 'gimmik_best': 22.344, 'mat_file': 'example_mats_med/tet/p2/shunn-ham/m6.txt'}
{'a_cols': 30, 'a_nonzero': 252, 'a_rows': 10, 'a_size': 300, 'a_unique': 46, 'alpha': 1.0, 'beta': 0.0, 'density': 0.84, 'gimmik_avg': 11.293604166666668, 'gimmik_best': 10.788, 'mat_file': 'example_mats_med/tet/p2/shunn-ham/m132.txt'}
{'a_cols': 10, 'a_nonzero': 252, 'a_rows': 30, 'a_size': 300, 'a_unique': 46, 'alpha': 1.0, 'beta': 0.0, 'density': 0.84, 'gimmik_avg': 9.499979166666666, 'gimmik_best': 9.208, 'mat_file': 'example_mats_med/tet/p2/shunn-ham/m460.txt'}
{'a_cols': 20, 'a_nonzero': 800, 'a_rows': 40, 'a_size': 800, 'a_unique': 40, 'alpha': 1.0, 'beta': 0.0, 'density': 1.0, 'gimmik_avg': 40.60481250000001, 'gimmik_best': 40.188, 'mat_file': 'example_mats_med/tet/p3/shunn-ham/m0.txt'}
{'a_cols': 40, 'a_nonzero': 800, 'a_rows': 20, 'a_size': 800, 'a_unique': 80, 'alpha': 1.0, 'beta': 0.0, 'density': 1.0, 'gimmik_avg': 28.534104166666676, 'gimmik_best': 27.797, 'mat_file': 'example_mats_med/tet/p3/shunn-ham/m3.txt'}
{'a_cols': 40, 'a_nonzero': 1200, 'a_rows': 60, 'a_size': 2400, 'a_unique': 80, 'alpha': 1.0, 'beta': 0.0, 'density': 0.5, 'gimmik_avg': 58.27193749999998, 'gimmik_best': 56.801, 'mat_file': 'example_mats_med/tet/p3/shunn-ham/m6.txt'}
{'a_cols': 35, 'a_nonzero': 2100, 'a_rows': 60, 'a_size': 2100, 'a_unique': 101, 'alpha': 1.0, 'beta': 0.0, 'density': 1.0, 'gimmik_avg': 78.59872916666666, 'gimmik_best': 78.083, 'mat_file': 'example_mats_med/tet/p4/shunn-ham/m0.txt'}
{'a_cols': 3, 'a_nonzero': 18, 'a_rows': 6, 'a_size': 18, 'a_unique': 3, 'alpha': 1.0, 'beta': 0.0, 'density': 1.0, 'gimmik_avg': 0.9015416666666662, 'gimmik_best': 0.884, 'mat_file': 'example_mats_med/tri/p1/williams-shunn/m0.txt'}
{'a_cols': 6, 'a_nonzero': 18, 'a_rows': 3, 'a_size': 18, 'a_unique': 6, 'alpha': 1.0, 'beta': 0.0, 'density': 1.0, 'gimmik_avg': 0.7391249999999999, 'gimmik_best': 0.726, 'mat_file': 'example_mats_med/tri/p1/williams-shunn/m3.txt'}
{'a_cols': 6, 'a_nonzero': 24, 'a_rows': 6, 'a_size': 36, 'a_unique': 6, 'alpha': 1.0, 'beta': 0.0, 'density': 0.6666666666666666, 'gimmik_avg': 0.8440833333333334, 'gimmik_best': 0.821, 'mat_file': 'example_mats_med/tri/p1/williams-shunn/m6.txt'}
{'a_cols': 6, 'a_nonzero': 12, 'a_rows': 3, 'a_size': 18, 'a_unique': 2, 'alpha': 1.0, 'beta': 0.0, 'density': 0.6666666666666666, 'gimmik_avg': 0.5804374999999998, 'gimmik_best': 0.576, 'mat_file': 'example_mats_med/tri/p1/williams-shunn/m132.txt'}
{'a_cols': 3, 'a_nonzero': 12, 'a_rows': 6, 'a_size': 18, 'a_unique': 2, 'alpha': 1.0, 'beta': 0.0, 'density': 0.6666666666666666, 'gimmik_avg': 0.6977291666666665, 'gimmik_best': 0.683, 'mat_file': 'example_mats_med/tri/p1/williams-shunn/m460.txt'}
{'a_cols': 6, 'a_nonzero': 54, 'a_rows': 9, 'a_size': 54, 'a_unique': 10, 'alpha': 1.0, 'beta': 0.0, 'density': 1.0, 'gimmik_avg': 1.5543749999999996, 'gimmik_best': 1.481, 'mat_file': 'example_mats_med/tri/p2/williams-shunn/m0.txt'}
{'a_cols': 9, 'a_nonzero': 54, 'a_rows': 6, 'a_size': 54, 'a_unique': 20, 'alpha': 1.0, 'beta': 0.0, 'density': 1.0, 'gimmik_avg': 1.131520833333334, 'gimmik_best': 1.109, 'mat_file': 'example_mats_med/tri/p2/williams-shunn/m3.txt'}
{'a_cols': 9, 'a_nonzero': 72, 'a_rows': 12, 'a_size': 108, 'a_unique': 20, 'alpha': 1.0, 'beta': 0.0, 'density': 0.6666666666666666, 'gimmik_avg': 2.1614166666666668, 'gimmik_best': 1.965, 'mat_file': 'example_mats_med/tri/p2/williams-shunn/m6.txt'}
{'a_cols': 12, 'a_nonzero': 64, 'a_rows': 6, 'a_size': 72, 'a_unique': 28, 'alpha': 1.0, 'beta': 0.0, 'density': 0.8888888888888888, 'gimmik_avg': 1.3277500000000004, 'gimmik_best': 1.289, 'mat_file': 'example_mats_med/tri/p2/williams-shunn/m132.txt'}
{'a_cols': 6, 'a_nonzero': 64, 'a_rows': 12, 'a_size': 72, 'a_unique': 28, 'alpha': 1.0, 'beta': 0.0, 'density': 0.8888888888888888, 'gimmik_avg': 2.6144791666666665, 'gimmik_best': 2.559, 'mat_file': 'example_mats_med/tri/p2/williams-shunn/m460.txt'}
{'a_cols': 10, 'a_nonzero': 120, 'a_rows': 12, 'a_size': 120, 'a_unique': 20, 'alpha': 1.0, 'beta': 0.0, 'density': 1.0, 'gimmik_avg': 3.2808333333333337, 'gimmik_best': 3.157, 'mat_file': 'example_mats_med/tri/p3/williams-shunn/m0.txt'}
{'a_cols': 12, 'a_nonzero': 120, 'a_rows': 10, 'a_size': 120, 'a_unique': 40, 'alpha': 1.0, 'beta': 0.0, 'density': 1.0, 'gimmik_avg': 2.626562500000001, 'gimmik_best': 2.546, 'mat_file': 'example_mats_med/tri/p3/williams-shunn/m3.txt'}
{'a_cols': 12, 'a_nonzero': 160, 'a_rows': 20, 'a_size': 240, 'a_unique': 40, 'alpha': 1.0, 'beta': 0.0, 'density': 0.6666666666666666, 'gimmik_avg': 6.056791666666662, 'gimmik_best': 5.903, 'mat_file': 'example_mats_med/tri/p3/williams-shunn/m6.txt'}
{'a_cols': 20, 'a_nonzero': 192, 'a_rows': 10, 'a_size': 200, 'a_unique': 96, 'alpha': 1.0, 'beta': 0.0, 'density': 0.96, 'gimmik_avg': 3.8537291666666653, 'gimmik_best': 3.746, 'mat_file': 'example_mats_med/tri/p3/williams-shunn/m132.txt'}
{'a_cols': 10, 'a_nonzero': 192, 'a_rows': 20, 'a_size': 200, 'a_unique': 96, 'alpha': 1.0, 'beta': 0.0, 'density': 0.96, 'gimmik_avg': 4.990708333333333, 'gimmik_best': 4.682, 'mat_file': 'example_mats_med/tri/p3/williams-shunn/m460.txt'}
{'a_cols': 15, 'a_nonzero': 225, 'a_rows': 15, 'a_size': 225, 'a_unique': 39, 'alpha': 1.0, 'beta': 0.0, 'density': 1.0, 'gimmik_avg': 5.460729166666667, 'gimmik_best': 5.297, 'mat_file': 'example_mats_med/tri/p4/williams-shunn/m0.txt'}
{'a_cols': 15, 'a_nonzero': 225, 'a_rows': 15, 'a_size': 225, 'a_unique': 78, 'alpha': 1.0, 'beta': 0.0, 'density': 1.0, 'gimmik_avg': 4.323874999999998, 'gimmik_best': 4.17, 'mat_file': 'example_mats_med/tri/p4/williams-shunn/m3.txt'}
{'a_cols': 15, 'a_nonzero': 300, 'a_rows': 30, 'a_size': 450, 'a_unique': 78, 'alpha': 1.0, 'beta': 0.0, 'density': 0.6666666666666666, 'gimmik_avg': 23.701979166666664, 'gimmik_best': 21.788, 'mat_file': 'example_mats_med/tri/p4/williams-shunn/m6.txt'}
{'a_cols': 21, 'a_nonzero': 378, 'a_rows': 18, 'a_size': 378, 'a_unique': 63, 'alpha': 1.0, 'beta': 0.0, 'density': 1.0, 'gimmik_avg': 8.071479166666665, 'gimmik_best': 7.803, 'mat_file': 'example_mats_med/tri/p5/williams-shunn/m0.txt'}
{'a_cols': 18, 'a_nonzero': 378, 'a_rows': 21, 'a_size': 378, 'a_unique': 126, 'alpha': 1.0, 'beta': 0.0, 'density': 1.0, 'gimmik_avg': 7.259125000000001, 'gimmik_best': 7.059999999999945, 'mat_file': 'example_mats_med/tri/p5/williams-shunn/m3.txt'}
{'a_cols': 18, 'a_nonzero': 504, 'a_rows': 42, 'a_size': 756, 'a_unique': 126, 'alpha': 1.0, 'beta': 0.0, 'density': 0.6666666666666666, 'gimmik_avg': 39.383687499999986, 'gimmik_best': 38.731, 'mat_file': 'example_mats_med/tri/p5/williams-shunn/m6.txt'}
{'a_cols': 28, 'a_nonzero': 588, 'a_rows': 21, 'a_size': 588, 'a_unique': 100, 'alpha': 1.0, 'beta': 0.0, 'density': 1.0, 'gimmik_avg': 20.954229166666668, 'gimmik_best': 20.557, 'mat_file': 'example_mats_med/tri/p6/williams-shunn/m0.txt'}
