{'a_cols': 8, 'a_nonzero': 48, 'a_rows': 24, 'a_size': 192, 'a_unique': 2, 'alpha': 1.0, 'beta': 0.0, 'density': 0.25, 'gimmik_avg': 5.100812499999999, 'gimmik_best': 4.834, 'mat_file': 'example_mats_med/hex/p1/gauss-legendre/m0.txt'}
{'a_cols': 24, 'a_nonzero': 48, 'a_rows': 8, 'a_size': 192, 'a_unique': 2, 'alpha': 1.0, 'beta': 0.0, 'density': 0.25, 'gimmik_avg': 3.026708333333333, 'gimmik_best': 2.857, 'mat_file': 'example_mats_med/hex/p1/gauss-legendre/m3.txt'}
{'a_cols': 24, 'a_nonzero': 48, 'a_rows': 24, 'a_size': 576, 'a_unique': 4, 'alpha': 1.0, 'beta': 0.0, 'density': 0.08333333333333333, 'gimmik_avg': 11.910833333333334, 'gimmik_best': 8.632, 'mat_file': 'example_mats_med/hex/p1/gauss-legendre/m6.txt'}
{'a_cols': 24, 'a_nonzero': 48, 'a_rows': 8, 'a_size': 192, 'a_unique': 2, 'alpha': 1.0, 'beta': 0.0, 'density': 0.25, 'gimmik_avg': 3.357208333333334, 'gimmik_best': 3.184, 'mat_file': 'example_mats_med/hex/p1/gauss-legendre/m132.txt'}
{'a_cols': 8, 'a_nonzero': 48, 'a_rows': 24, 'a_size': 192, 'a_unique': 2, 'alpha': 1.0, 'beta': 0.0, 'density': 0.25, 'gimmik_avg': 5.190791666666667, 'gimmik_best': 4.857, 'mat_file': 'example_mats_med/hex/p1/gauss-legendre/m460.txt'}
{'a_cols': 27, 'a_nonzero': 54, 'a_rows': 54, 'a_size': 1458, 'a_unique': 1, 'alpha': 1.0, 'beta': 0.0, 'density': 0.037037037037037035, 'gimmik_avg': 33.79870833333334, 'gimmik_best': 33.371, 'mat_file': 'example_mats_med/hex/p2/gauss-legendre-lobatto/m0.txt'}
{'a_cols': 54, 'a_nonzero': 162, 'a_rows': 27, 'a_size': 1458, 'a_unique': 3, 'alpha': 1.0, 'beta': 0.0, 'density': 0.1111111111111111, 'gimmik_avg': 25.549854166666666, 'gimmik_best': 24.935, 'mat_file': 'example_mats_med/hex/p2/gauss-legendre-lobatto/m3.txt'}
{'a_cols': 54, 'a_nonzero': 162, 'a_rows': 81, 'a_size': 4374, 'a_unique': 6, 'alpha': 1.0, 'beta': 0.0, 'density': 0.037037037037037035, 'gimmik_avg': 57.44456250000001, 'gimmik_best': 56.648, 'mat_file': 'example_mats_med/hex/p2/gauss-legendre-lobatto/m6.txt'}
{'a_cols': 81, 'a_nonzero': 216, 'a_rows': 27, 'a_size': 2187, 'a_unique': 6, 'alpha': 1.0, 'beta': 0.0, 'density': 0.09876543209876543, 'gimmik_avg': 35.427479166666664, 'gimmik_best': 35.177, 'mat_file': 'example_mats_med/hex/p2/gauss-legendre-lobatto/m132.txt'}
{'a_cols': 27, 'a_nonzero': 216, 'a_rows': 81, 'a_size': 2187, 'a_unique': 6, 'alpha': 1.0, 'beta': 0.0, 'density': 0.09876543209876543, 'gimmik_avg': 58.7930625, 'gimmik_best': 58.0, 'mat_file': 'example_mats_med/hex/p2/gauss-legendre-lobatto/m460.txt'}
{'a_cols': 27, 'a_nonzero': 162, 'a_rows': 54, 'a_size': 1458, 'a_unique': 3, 'alpha': 1.0, 'beta': 0.0, 'density': 0.1111111111111111, 'gimmik_avg': 40.74762499999999, 'gimmik_best': 40.404, 'mat_file': 'example_mats_med/hex/p2/gauss-legendre/m0.txt'}
{'a_cols': 54, 'a_nonzero': 162, 'a_rows': 27, 'a_size': 1458, 'a_unique': 3, 'alpha': 1.0, 'beta': 0.0, 'density': 0.1111111111111111, 'gimmik_avg': 26.120145833333336, 'gimmik_best': 25.546, 'mat_file': 'example_mats_med/hex/p2/gauss-legendre/m3.txt'}
{'a_cols': 54, 'a_nonzero': 162, 'a_rows': 81, 'a_size': 4374, 'a_unique': 6, 'alpha': 1.0, 'beta': 0.0, 'density': 0.037037037037037035, 'gimmik_avg': 57.07797916666667, 'gimmik_best': 56.498, 'mat_file': 'example_mats_med/hex/p2/gauss-legendre/m6.txt'}
{'a_cols': 81, 'a_nonzero': 216, 'a_rows': 27, 'a_size': 2187, 'a_unique': 8, 'alpha': 1.0, 'beta': 0.0, 'density': 0.09876543209876543, 'gimmik_avg': 35.73514583333334, 'gimmik_best': 34.908, 'mat_file': 'example_mats_med/hex/p2/gauss-legendre/m132.txt'}
{'a_cols': 27, 'a_nonzero': 216, 'a_rows': 81, 'a_size': 2187, 'a_unique': 8, 'alpha': 1.0, 'beta': 0.0, 'density': 0.09876543209876543, 'gimmik_avg': 55.41356249999998, 'gimmik_best': 54.85, 'mat_file': 'example_mats_med/hex/p2/gauss-legendre/m460.txt'}
{'a_cols': 64, 'a_nonzero': 96, 'a_rows': 96, 'a_size': 6144, 'a_unique': 1, 'alpha': 1.0, 'beta': 0.0, 'density': 0.015625, 'gimmik_avg': 66.42064583333335, 'gimmik_best': 65.702, 'mat_file': 'example_mats_med/hex/p3/gauss-legendre-lobatto/m0.txt'}
{'a_cols': 96, 'a_nonzero': 384, 'a_rows': 64, 'a_size': 6144, 'a_unique': 4, 'alpha': 1.0, 'beta': 0.0, 'density': 0.0625, 'gimmik_avg': 59.469666666666676, 'gimmik_best': 58.872, 'mat_file': 'example_mats_med/hex/p3/gauss-legendre-lobatto/m3.txt'}
{'a_cols': 96, 'a_nonzero': 384, 'a_rows': 192, 'a_size': 18432, 'a_unique': 6, 'alpha': 1.0, 'beta': 0.0, 'density': 0.020833333333333332, 'gimmik_avg': 145.7197708333333, 'gimmik_best': 144.643, 'mat_file': 'example_mats_med/hex/p3/gauss-legendre-lobatto/m6.txt'}
{'a_cols': 192, 'a_nonzero': 672, 'a_rows': 64, 'a_size': 12288, 'a_unique': 14, 'alpha': 1.0, 'beta': 0.0, 'density': 0.0546875, 'gimmik_avg': 97.10208333333331, 'gimmik_best': 96.493, 'mat_file': 'example_mats_med/hex/p3/gauss-legendre-lobatto/m132.txt'}
{'a_cols': 64, 'a_nonzero': 672, 'a_rows': 192, 'a_size': 12288, 'a_unique': 14, 'alpha': 1.0, 'beta': 0.0, 'density': 0.0546875, 'gimmik_avg': 187.7195833333333, 'gimmik_best': 185.607, 'mat_file': 'example_mats_med/hex/p3/gauss-legendre-lobatto/m460.txt'}
{'a_cols': 64, 'a_nonzero': 384, 'a_rows': 96, 'a_size': 6144, 'a_unique': 4, 'alpha': 1.0, 'beta': 0.0, 'density': 0.0625, 'gimmik_avg': 92.77327083333331, 'gimmik_best': 92.067, 'mat_file': 'example_mats_med/hex/p3/gauss-legendre/m0.txt'}
{'a_cols': 96, 'a_nonzero': 384, 'a_rows': 64, 'a_size': 6144, 'a_unique': 4, 'alpha': 1.0, 'beta': 0.0, 'density': 0.0625, 'gimmik_avg': 60.10918749999999, 'gimmik_best': 59.385, 'mat_file': 'example_mats_med/hex/p3/gauss-legendre/m3.txt'}
{'a_cols': 96, 'a_nonzero': 384, 'a_rows': 192, 'a_size': 18432, 'a_unique': 8, 'alpha': 1.0, 'beta': 0.0, 'density': 0.020833333333333332, 'gimmik_avg': 148.419375, 'gimmik_best': 146.917, 'mat_file': 'example_mats_med/hex/p3/gauss-legendre/m6.txt'}
{'a_cols': 192, 'a_nonzero': 768, 'a_rows': 64, 'a_size': 12288, 'a_unique': 16, 'alpha': 1.0, 'beta': 0.0, 'density': 0.0625, 'gimmik_avg': 97.93683333333335, 'gimmik_best': 97.293, 'mat_file': 'example_mats_med/hex/p3/gauss-legendre/m132.txt'}
{'a_cols': 64, 'a_nonzero': 768, 'a_rows': 192, 'a_size': 12288, 'a_unique': 16, 'alpha': 1.0, 'beta': 0.0, 'density': 0.0625, 'gimmik_avg': 185.97845833333335, 'gimmik_best': 184.689, 'mat_file': 'example_mats_med/hex/p3/gauss-legendre/m460.txt'}
{'a_cols': 125, 'a_nonzero': 150, 'a_rows': 150, 'a_size': 18750, 'a_unique': 1, 'alpha': 1.0, 'beta': 0.0, 'density': 0.008, 'gimmik_avg': 107.9870625, 'gimmik_best': 106.889, 'mat_file': 'example_mats_med/hex/p4/gauss-legendre-lobatto/m0.txt'}
{'a_cols': 150, 'a_nonzero': 750, 'a_rows': 125, 'a_size': 18750, 'a_unique': 4, 'alpha': 1.0, 'beta': 0.0, 'density': 0.04, 'gimmik_avg': 147.37045833333332, 'gimmik_best': 146.036, 'mat_file': 'example_mats_med/hex/p4/gauss-legendre-lobatto/m3.txt'}
{'a_cols': 150, 'a_nonzero': 750, 'a_rows': 375, 'a_size': 56250, 'a_unique': 8, 'alpha': 1.0, 'beta': 0.0, 'density': 0.013333333333333334, 'gimmik_avg': 285.77131249999996, 'gimmik_best': 284.555, 'mat_file': 'example_mats_med/hex/p4/gauss-legendre-lobatto/m6.txt'}
{'a_cols': 375, 'a_nonzero': 1650, 'a_rows': 125, 'a_size': 46875, 'a_unique': 22, 'alpha': 1.0, 'beta': 0.0, 'density': 0.0352, 'gimmik_avg': 192.44247916666663, 'gimmik_best': 191.633, 'mat_file': 'example_mats_med/hex/p4/gauss-legendre-lobatto/m132.txt'}
{'a_cols': 125, 'a_nonzero': 1650, 'a_rows': 375, 'a_size': 46875, 'a_unique': 22, 'alpha': 1.0, 'beta': 0.0, 'density': 0.0352, 'gimmik_avg': 379.13593749999995, 'gimmik_best': 376.152, 'mat_file': 'example_mats_med/hex/p4/gauss-legendre-lobatto/m460.txt'}
{'a_cols': 125, 'a_nonzero': 750, 'a_rows': 150, 'a_size': 18750, 'a_unique': 5, 'alpha': 1.0, 'beta': 0.0, 'density': 0.04, 'gimmik_avg': 168.72393749999992, 'gimmik_best': 167.622, 'mat_file': 'example_mats_med/hex/p4/gauss-legendre/m0.txt'}
{'a_cols': 150, 'a_nonzero': 750, 'a_rows': 125, 'a_size': 18750, 'a_unique': 5, 'alpha': 1.0, 'beta': 0.0, 'density': 0.04, 'gimmik_avg': 128.17937499999996, 'gimmik_best': 127.649, 'mat_file': 'example_mats_med/hex/p4/gauss-legendre/m3.txt'}
{'a_cols': 150, 'a_nonzero': 750, 'a_rows': 375, 'a_size': 56250, 'a_unique': 10, 'alpha': 1.0, 'beta': 0.0, 'density': 0.013333333333333334, 'gimmik_avg': 283.1661666666667, 'gimmik_best': 281.105, 'mat_file': 'example_mats_med/hex/p4/gauss-legendre/m6.txt'}
{'a_cols': 375, 'a_nonzero': 1800, 'a_rows': 125, 'a_size': 46875, 'a_unique': 24, 'alpha': 1.0, 'beta': 0.0, 'density': 0.0384, 'gimmik_avg': 191.7121875, 'gimmik_best': 190.525, 'mat_file': 'example_mats_med/hex/p4/gauss-legendre/m132.txt'}
{'a_cols': 125, 'a_nonzero': 1800, 'a_rows': 375, 'a_size': 46875, 'a_unique': 24, 'alpha': 1.0, 'beta': 0.0, 'density': 0.0384, 'gimmik_avg': 392.5541458333334, 'gimmik_best': 390.547, 'mat_file': 'example_mats_med/hex/p4/gauss-legendre/m460.txt'}
{'a_cols': 216, 'a_nonzero': 216, 'a_rows': 216, 'a_size': 46656, 'a_unique': 1, 'alpha': 1.0, 'beta': 0.0, 'density': 0.004629629629629629, 'gimmik_avg': 165.23245833333334, 'gimmik_best': 163.356, 'mat_file': 'example_mats_med/hex/p5/gauss-legendre-lobatto/m0.txt'}
{'a_cols': 216, 'a_nonzero': 1296, 'a_rows': 216, 'a_size': 46656, 'a_unique': 6, 'alpha': 1.0, 'beta': 0.0, 'density': 0.027777777777777776, 'gimmik_avg': 198.31633333333332, 'gimmik_best': 197.124, 'mat_file': 'example_mats_med/hex/p5/gauss-legendre-lobatto/m3.txt'}
{'a_cols': 216, 'a_nonzero': 1296, 'a_rows': 648, 'a_size': 139968, 'a_unique': 8, 'alpha': 1.0, 'beta': 0.0, 'density': 0.009259259259259259, 'gimmik_avg': 475.84789583333344, 'gimmik_best': 472.557, 'mat_file': 'example_mats_med/hex/p5/gauss-legendre-lobatto/m6.txt'}
{'a_cols': 648, 'a_nonzero': 3456, 'a_rows': 216, 'a_size': 139968, 'a_unique': 32, 'alpha': 1.0, 'beta': 0.0, 'density': 0.024691358024691357, 'gimmik_avg': 328.63370833333335, 'gimmik_best': 326.96, 'mat_file': 'example_mats_med/hex/p5/gauss-legendre-lobatto/m132.txt'}
{'a_cols': 216, 'a_nonzero': 3456, 'a_rows': 648, 'a_size': 139968, 'a_unique': 32, 'alpha': 1.0, 'beta': 0.0, 'density': 0.024691358024691357, 'gimmik_avg': 694.4898125, 'gimmik_best': 690.2660000000001, 'mat_file': 'example_mats_med/hex/p5/gauss-legendre-lobatto/m460.txt'}
{'a_cols': 216, 'a_nonzero': 1296, 'a_rows': 216, 'a_size': 46656, 'a_unique': 6, 'alpha': 1.0, 'beta': 0.0, 'density': 0.027777777777777776, 'gimmik_avg': 260.29616666666664, 'gimmik_best': 259.277, 'mat_file': 'example_mats_med/hex/p5/gauss-legendre/m0.txt'}
{'a_cols': 216, 'a_nonzero': 1296, 'a_rows': 216, 'a_size': 46656, 'a_unique': 6, 'alpha': 1.0, 'beta': 0.0, 'density': 0.027777777777777776, 'gimmik_avg': 199.16370833333335, 'gimmik_best': 198.054, 'mat_file': 'example_mats_med/hex/p5/gauss-legendre/m3.txt'}
{'a_cols': 216, 'a_nonzero': 1296, 'a_rows': 648, 'a_size': 139968, 'a_unique': 12, 'alpha': 1.0, 'beta': 0.0, 'density': 0.009259259259259259, 'gimmik_avg': 481.0448958333332, 'gimmik_best': 475.413, 'mat_file': 'example_mats_med/hex/p5/gauss-legendre/m6.txt'}
{'a_cols': 648, 'a_nonzero': 3888, 'a_rows': 216, 'a_size': 139968, 'a_unique': 36, 'alpha': 1.0, 'beta': 0.0, 'density': 0.027777777777777776, 'gimmik_avg': 333.27850000000007, 'gimmik_best': 331.264, 'mat_file': 'example_mats_med/hex/p5/gauss-legendre/m132.txt'}
{'a_cols': 216, 'a_nonzero': 3888, 'a_rows': 648, 'a_size': 139968, 'a_unique': 36, 'alpha': 1.0, 'beta': 0.0, 'density': 0.027777777777777776, 'gimmik_avg': 716.3352500000001, 'gimmik_best': 711.842, 'mat_file': 'example_mats_med/hex/p5/gauss-legendre/m460.txt'}
{'a_cols': 343, 'a_nonzero': 294, 'a_rows': 294, 'a_size': 100842, 'a_unique': 1, 'alpha': 1.0, 'beta': 0.0, 'density': 0.0029154518950437317, 'gimmik_avg': 230.15537500000008, 'gimmik_best': 227.226, 'mat_file': 'example_mats_med/hex/p6/gauss-legendre-lobatto/m0.txt'}
{'a_cols': 294, 'a_nonzero': 2058, 'a_rows': 343, 'a_size': 100842, 'a_unique': 5, 'alpha': 1.0, 'beta': 0.0, 'density': 0.02040816326530612, 'gimmik_avg': 402.2013750000003, 'gimmik_best': 398.201, 'mat_file': 'example_mats_med/hex/p6/gauss-legendre-lobatto/m3.txt'}
{'a_cols': 294, 'a_nonzero': 2058, 'a_rows': 1029, 'a_size': 302526, 'a_unique': 10, 'alpha': 1.0, 'beta': 0.0, 'density': 0.006802721088435374, 'gimmik_avg': 2062.0740833333334, 'gimmik_best': 2033.284, 'mat_file': 'example_mats_med/hex/p6/gauss-legendre-lobatto/m6.txt'}
{'a_cols': 1029, 'a_nonzero': 6468, 'a_rows': 343, 'a_size': 352947, 'a_unique': 44, 'alpha': 1.0, 'beta': 0.0, 'density': 0.018325697625989172, 'gimmik_avg': 2033.5802708333338, 'gimmik_best': 2022.758, 'mat_file': 'example_mats_med/hex/p6/gauss-legendre-lobatto/m132.txt'}
{'a_cols': 343, 'a_nonzero': 6468, 'a_rows': 1029, 'a_size': 352947, 'a_unique': 44, 'alpha': 1.0, 'beta': 0.0, 'density': 0.018325697625989172, 'gimmik_avg': 3249.562937499999, 'gimmik_best': 3233.957, 'mat_file': 'example_mats_med/hex/p6/gauss-legendre-lobatto/m460.txt'}
{'a_cols': 343, 'a_nonzero': 2058, 'a_rows': 294, 'a_size': 100842, 'a_unique': 7, 'alpha': 1.0, 'beta': 0.0, 'density': 0.02040816326530612, 'gimmik_avg': 397.6012916666668, 'gimmik_best': 394.38, 'mat_file': 'example_mats_med/hex/p6/gauss-legendre/m0.txt'}
{'a_cols': 294, 'a_nonzero': 2058, 'a_rows': 343, 'a_size': 100842, 'a_unique': 7, 'alpha': 1.0, 'beta': 0.0, 'density': 0.02040816326530612, 'gimmik_avg': 307.8286666666667, 'gimmik_best': 305.509, 'mat_file': 'example_mats_med/hex/p6/gauss-legendre/m3.txt'}
{'a_cols': 294, 'a_nonzero': 2058, 'a_rows': 1029, 'a_size': 302526, 'a_unique': 14, 'alpha': 1.0, 'beta': 0.0, 'density': 0.006802721088435374, 'gimmik_avg': 1576.3441875, 'gimmik_best': 1563.81, 'mat_file': 'example_mats_med/hex/p6/gauss-legendre/m6.txt'}
{'a_cols': 1029, 'a_nonzero': 7056, 'a_rows': 343, 'a_size': 352947, 'a_unique': 48, 'alpha': 1.0, 'beta': 0.0, 'density': 0.019991670137442734, 'gimmik_avg': 2106.0670833333334, 'gimmik_best': 2094.741, 'mat_file': 'example_mats_med/hex/p6/gauss-legendre/m132.txt'}
{'a_cols': 343, 'a_nonzero': 7056, 'a_rows': 1029, 'a_size': 352947, 'a_unique': 48, 'alpha': 1.0, 'beta': 0.0, 'density': 0.019991670137442734, 'gimmik_avg': 3401.5766249999997, 'gimmik_best': 3386.171, 'mat_file': 'example_mats_med/hex/p6/gauss-legendre/m460.txt'}
{'a_cols': 4, 'a_nonzero': 16, 'a_rows': 8, 'a_size': 32, 'a_unique': 2, 'alpha': 1.0, 'beta': 0.0, 'density': 0.5, 'gimmik_avg': 1.218208333333334, 'gimmik_best': 1.183, 'mat_file': 'example_mats_med/quad/p1/gauss-legendre/m0.txt'}
{'a_cols': 8, 'a_nonzero': 16, 'a_rows': 4, 'a_size': 32, 'a_unique': 2, 'alpha': 1.0, 'beta': 0.0, 'density': 0.5, 'gimmik_avg': 0.9696041666666662, 'gimmik_best': 0.946, 'mat_file': 'example_mats_med/quad/p1/gauss-legendre/m3.txt'}
{'a_cols': 8, 'a_nonzero': 16, 'a_rows': 8, 'a_size': 64, 'a_unique': 4, 'alpha': 1.0, 'beta': 0.0, 'density': 0.25, 'gimmik_avg': 1.2043333333333337, 'gimmik_best': 1.135, 'mat_file': 'example_mats_med/quad/p1/gauss-legendre/m6.txt'}
{'a_cols': 8, 'a_nonzero': 16, 'a_rows': 4, 'a_size': 32, 'a_unique': 2, 'alpha': 1.0, 'beta': 0.0, 'density': 0.5, 'gimmik_avg': 0.9679166666666665, 'gimmik_best': 0.946, 'mat_file': 'example_mats_med/quad/p1/gauss-legendre/m132.txt'}
{'a_cols': 4, 'a_nonzero': 16, 'a_rows': 8, 'a_size': 32, 'a_unique': 2, 'alpha': 1.0, 'beta': 0.0, 'density': 0.5, 'gimmik_avg': 1.1911041666666666, 'gimmik_best': 1.174, 'mat_file': 'example_mats_med/quad/p1/gauss-legendre/m460.txt'}
{'a_cols': 9, 'a_nonzero': 12, 'a_rows': 12, 'a_size': 108, 'a_unique': 1, 'alpha': 1.0, 'beta': 0.0, 'density': 0.1111111111111111, 'gimmik_avg': 2.6279999999999997, 'gimmik_best': 2.533, 'mat_file': 'example_mats_med/quad/p2/gauss-legendre-lobatto/m0.txt'}
{'a_cols': 12, 'a_nonzero': 36, 'a_rows': 9, 'a_size': 108, 'a_unique': 3, 'alpha': 1.0, 'beta': 0.0, 'density': 0.3333333333333333, 'gimmik_avg': 1.9829791666666658, 'gimmik_best': 1.906, 'mat_file': 'example_mats_med/quad/p2/gauss-legendre-lobatto/m3.txt'}
{'a_cols': 12, 'a_nonzero': 36, 'a_rows': 18, 'a_size': 216, 'a_unique': 6, 'alpha': 1.0, 'beta': 0.0, 'density': 0.16666666666666666, 'gimmik_avg': 2.9025624999999997, 'gimmik_best': 2.771, 'mat_file': 'example_mats_med/quad/p2/gauss-legendre-lobatto/m6.txt'}
{'a_cols': 18, 'a_nonzero': 48, 'a_rows': 9, 'a_size': 162, 'a_unique': 6, 'alpha': 1.0, 'beta': 0.0, 'density': 0.2962962962962963, 'gimmik_avg': 2.3953125, 'gimmik_best': 2.32, 'mat_file': 'example_mats_med/quad/p2/gauss-legendre-lobatto/m132.txt'}
{'a_cols': 9, 'a_nonzero': 48, 'a_rows': 18, 'a_size': 162, 'a_unique': 6, 'alpha': 1.0, 'beta': 0.0, 'density': 0.2962962962962963, 'gimmik_avg': 3.8771250000000013, 'gimmik_best': 3.737, 'mat_file': 'example_mats_med/quad/p2/gauss-legendre-lobatto/m460.txt'}
{'a_cols': 9, 'a_nonzero': 36, 'a_rows': 12, 'a_size': 108, 'a_unique': 3, 'alpha': 1.0, 'beta': 0.0, 'density': 0.3333333333333333, 'gimmik_avg': 2.845333333333333, 'gimmik_best': 2.777, 'mat_file': 'example_mats_med/quad/p2/gauss-legendre/m0.txt'}
{'a_cols': 12, 'a_nonzero': 36, 'a_rows': 9, 'a_size': 108, 'a_unique': 3, 'alpha': 1.0, 'beta': 0.0, 'density': 0.3333333333333333, 'gimmik_avg': 1.9301041666666656, 'gimmik_best': 1.838, 'mat_file': 'example_mats_med/quad/p2/gauss-legendre/m3.txt'}
{'a_cols': 12, 'a_nonzero': 36, 'a_rows': 18, 'a_size': 216, 'a_unique': 6, 'alpha': 1.0, 'beta': 0.0, 'density': 0.16666666666666666, 'gimmik_avg': 2.912479166666667, 'gimmik_best': 2.773, 'mat_file': 'example_mats_med/quad/p2/gauss-legendre/m6.txt'}
{'a_cols': 18, 'a_nonzero': 48, 'a_rows': 9, 'a_size': 162, 'a_unique': 8, 'alpha': 1.0, 'beta': 0.0, 'density': 0.2962962962962963, 'gimmik_avg': 2.476729166666667, 'gimmik_best': 2.39, 'mat_file': 'example_mats_med/quad/p2/gauss-legendre/m132.txt'}
{'a_cols': 9, 'a_nonzero': 48, 'a_rows': 18, 'a_size': 162, 'a_unique': 8, 'alpha': 1.0, 'beta': 0.0, 'density': 0.2962962962962963, 'gimmik_avg': 3.988729166666665, 'gimmik_best': 3.64, 'mat_file': 'example_mats_med/quad/p2/gauss-legendre/m460.txt'}
{'a_cols': 16, 'a_nonzero': 16, 'a_rows': 16, 'a_size': 256, 'a_unique': 1, 'alpha': 1.0, 'beta': 0.0, 'density': 0.0625, 'gimmik_avg': 3.4103541666666675, 'gimmik_best': 3.209, 'mat_file': 'example_mats_med/quad/p3/gauss-legendre-lobatto/m0.txt'}
{'a_cols': 16, 'a_nonzero': 64, 'a_rows': 16, 'a_size': 256, 'a_unique': 4, 'alpha': 1.0, 'beta': 0.0, 'density': 0.25, 'gimmik_avg': 3.908854166666666, 'gimmik_best': 3.71, 'mat_file': 'example_mats_med/quad/p3/gauss-legendre-lobatto/m3.txt'}
{'a_cols': 16, 'a_nonzero': 64, 'a_rows': 32, 'a_size': 512, 'a_unique': 6, 'alpha': 1.0, 'beta': 0.0, 'density': 0.125, 'gimmik_avg': 14.035750000000002, 'gimmik_best': 12.555, 'mat_file': 'example_mats_med/quad/p3/gauss-legendre-lobatto/m6.txt'}
{'a_cols': 32, 'a_nonzero': 112, 'a_rows': 16, 'a_size': 512, 'a_unique': 14, 'alpha': 1.0, 'beta': 0.0, 'density': 0.21875, 'gimmik_avg': 14.849604166666671, 'gimmik_best': 13.815, 'mat_file': 'example_mats_med/quad/p3/gauss-legendre-lobatto/m132.txt'}
{'a_cols': 16, 'a_nonzero': 112, 'a_rows': 32, 'a_size': 512, 'a_unique': 14, 'alpha': 1.0, 'beta': 0.0, 'density': 0.21875, 'gimmik_avg': 19.681791666666665, 'gimmik_best': 14.459, 'mat_file': 'example_mats_med/quad/p3/gauss-legendre-lobatto/m460.txt'}
{'a_cols': 16, 'a_nonzero': 64, 'a_rows': 16, 'a_size': 256, 'a_unique': 4, 'alpha': 1.0, 'beta': 0.0, 'density': 0.25, 'gimmik_avg': 4.063333333333333, 'gimmik_best': 3.895, 'mat_file': 'example_mats_med/quad/p3/gauss-legendre/m0.txt'}
{'a_cols': 16, 'a_nonzero': 64, 'a_rows': 16, 'a_size': 256, 'a_unique': 4, 'alpha': 1.0, 'beta': 0.0, 'density': 0.25, 'gimmik_avg': 4.172479166666668, 'gimmik_best': 3.938, 'mat_file': 'example_mats_med/quad/p3/gauss-legendre/m3.txt'}
{'a_cols': 16, 'a_nonzero': 64, 'a_rows': 32, 'a_size': 512, 'a_unique': 8, 'alpha': 1.0, 'beta': 0.0, 'density': 0.125, 'gimmik_avg': 14.60991666666667, 'gimmik_best': 13.037, 'mat_file': 'example_mats_med/quad/p3/gauss-legendre/m6.txt'}
{'a_cols': 32, 'a_nonzero': 128, 'a_rows': 16, 'a_size': 512, 'a_unique': 16, 'alpha': 1.0, 'beta': 0.0, 'density': 0.25, 'gimmik_avg': 15.527916666666668, 'gimmik_best': 14.811, 'mat_file': 'example_mats_med/quad/p3/gauss-legendre/m132.txt'}
{'a_cols': 16, 'a_nonzero': 128, 'a_rows': 32, 'a_size': 512, 'a_unique': 16, 'alpha': 1.0, 'beta': 0.0, 'density': 0.25, 'gimmik_avg': 20.682104166666665, 'gimmik_best': 20.316, 'mat_file': 'example_mats_med/quad/p3/gauss-legendre/m460.txt'}
{'a_cols': 25, 'a_nonzero': 20, 'a_rows': 20, 'a_size': 500, 'a_unique': 1, 'alpha': 1.0, 'beta': 0.0, 'density': 0.04, 'gimmik_avg': 4.656583333333333, 'gimmik_best': 4.368, 'mat_file': 'example_mats_med/quad/p4/gauss-legendre-lobatto/m0.txt'}
{'a_cols': 20, 'a_nonzero': 100, 'a_rows': 25, 'a_size': 500, 'a_unique': 4, 'alpha': 1.0, 'beta': 0.0, 'density': 0.2, 'gimmik_avg': 17.15458333333333, 'gimmik_best': 16.108, 'mat_file': 'example_mats_med/quad/p4/gauss-legendre-lobatto/m3.txt'}
{'a_cols': 20, 'a_nonzero': 100, 'a_rows': 50, 'a_size': 1000, 'a_unique': 8, 'alpha': 1.0, 'beta': 0.0, 'density': 0.1, 'gimmik_avg': 20.636541666666663, 'gimmik_best': 20.259, 'mat_file': 'example_mats_med/quad/p4/gauss-legendre-lobatto/m6.txt'}
{'a_cols': 50, 'a_nonzero': 220, 'a_rows': 25, 'a_size': 1250, 'a_unique': 22, 'alpha': 1.0, 'beta': 0.0, 'density': 0.176, 'gimmik_avg': 25.35408333333333, 'gimmik_best': 24.68, 'mat_file': 'example_mats_med/quad/p4/gauss-legendre-lobatto/m132.txt'}
{'a_cols': 25, 'a_nonzero': 220, 'a_rows': 50, 'a_size': 1250, 'a_unique': 22, 'alpha': 1.0, 'beta': 0.0, 'density': 0.176, 'gimmik_avg': 36.9563125, 'gimmik_best': 35.929, 'mat_file': 'example_mats_med/quad/p4/gauss-legendre-lobatto/m460.txt'}
{'a_cols': 25, 'a_nonzero': 100, 'a_rows': 20, 'a_size': 500, 'a_unique': 5, 'alpha': 1.0, 'beta': 0.0, 'density': 0.2, 'gimmik_avg': 16.82679166666667, 'gimmik_best': 15.439, 'mat_file': 'example_mats_med/quad/p4/gauss-legendre/m0.txt'}
{'a_cols': 20, 'a_nonzero': 100, 'a_rows': 25, 'a_size': 500, 'a_unique': 5, 'alpha': 1.0, 'beta': 0.0, 'density': 0.2, 'gimmik_avg': 16.12622916666667, 'gimmik_best': 14.865, 'mat_file': 'example_mats_med/quad/p4/gauss-legendre/m3.txt'}
{'a_cols': 20, 'a_nonzero': 100, 'a_rows': 50, 'a_size': 1000, 'a_unique': 10, 'alpha': 1.0, 'beta': 0.0, 'density': 0.1, 'gimmik_avg': 29.711083333333335, 'gimmik_best': 28.978, 'mat_file': 'example_mats_med/quad/p4/gauss-legendre/m6.txt'}
{'a_cols': 50, 'a_nonzero': 240, 'a_rows': 25, 'a_size': 1250, 'a_unique': 24, 'alpha': 1.0, 'beta': 0.0, 'density': 0.192, 'gimmik_avg': 25.158333333333335, 'gimmik_best': 23.758, 'mat_file': 'example_mats_med/quad/p4/gauss-legendre/m132.txt'}
{'a_cols': 25, 'a_nonzero': 240, 'a_rows': 50, 'a_size': 1250, 'a_unique': 24, 'alpha': 1.0, 'beta': 0.0, 'density': 0.192, 'gimmik_avg': 36.099354166666664, 'gimmik_best': 35.056, 'mat_file': 'example_mats_med/quad/p4/gauss-legendre/m460.txt'}
{'a_cols': 36, 'a_nonzero': 24, 'a_rows': 24, 'a_size': 864, 'a_unique': 1, 'alpha': 1.0, 'beta': 0.0, 'density': 0.027777777777777776, 'gimmik_avg': 14.148604166666665, 'gimmik_best': 6.361, 'mat_file': 'example_mats_med/quad/p5/gauss-legendre-lobatto/m0.txt'}
{'a_cols': 24, 'a_nonzero': 144, 'a_rows': 36, 'a_size': 864, 'a_unique': 6, 'alpha': 1.0, 'beta': 0.0, 'density': 0.16666666666666666, 'gimmik_avg': 24.1718125, 'gimmik_best': 21.896, 'mat_file': 'example_mats_med/quad/p5/gauss-legendre-lobatto/m3.txt'}
{'a_cols': 24, 'a_nonzero': 144, 'a_rows': 72, 'a_size': 1728, 'a_unique': 8, 'alpha': 1.0, 'beta': 0.0, 'density': 0.08333333333333333, 'gimmik_avg': 45.2725, 'gimmik_best': 44.492, 'mat_file': 'example_mats_med/quad/p5/gauss-legendre-lobatto/m6.txt'}
{'a_cols': 72, 'a_nonzero': 384, 'a_rows': 36, 'a_size': 2592, 'a_unique': 32, 'alpha': 1.0, 'beta': 0.0, 'density': 0.14814814814814814, 'gimmik_avg': 39.3446875, 'gimmik_best': 38.602, 'mat_file': 'example_mats_med/quad/p5/gauss-legendre-lobatto/m132.txt'}
{'a_cols': 36, 'a_nonzero': 384, 'a_rows': 72, 'a_size': 2592, 'a_unique': 32, 'alpha': 1.0, 'beta': 0.0, 'density': 0.14814814814814814, 'gimmik_avg': 57.724520833333344, 'gimmik_best': 57.116, 'mat_file': 'example_mats_med/quad/p5/gauss-legendre-lobatto/m460.txt'}
{'a_cols': 36, 'a_nonzero': 144, 'a_rows': 24, 'a_size': 864, 'a_unique': 6, 'alpha': 1.0, 'beta': 0.0, 'density': 0.16666666666666666, 'gimmik_avg': 21.409125, 'gimmik_best': 20.782, 'mat_file': 'example_mats_med/quad/p5/gauss-legendre/m0.txt'}
{'a_cols': 24, 'a_nonzero': 144, 'a_rows': 36, 'a_size': 864, 'a_unique': 6, 'alpha': 1.0, 'beta': 0.0, 'density': 0.16666666666666666, 'gimmik_avg': 24.395249999999994, 'gimmik_best': 23.006, 'mat_file': 'example_mats_med/quad/p5/gauss-legendre/m3.txt'}
{'a_cols': 24, 'a_nonzero': 144, 'a_rows': 72, 'a_size': 1728, 'a_unique': 12, 'alpha': 1.0, 'beta': 0.0, 'density': 0.08333333333333333, 'gimmik_avg': 45.4956875, 'gimmik_best': 44.901, 'mat_file': 'example_mats_med/quad/p5/gauss-legendre/m6.txt'}
{'a_cols': 72, 'a_nonzero': 432, 'a_rows': 36, 'a_size': 2592, 'a_unique': 36, 'alpha': 1.0, 'beta': 0.0, 'density': 0.16666666666666666, 'gimmik_avg': 39.436062500000006, 'gimmik_best': 38.661, 'mat_file': 'example_mats_med/quad/p5/gauss-legendre/m132.txt'}
{'a_cols': 36, 'a_nonzero': 432, 'a_rows': 72, 'a_size': 2592, 'a_unique': 36, 'alpha': 1.0, 'beta': 0.0, 'density': 0.16666666666666666, 'gimmik_avg': 58.95022916666667, 'gimmik_best': 58.399, 'mat_file': 'example_mats_med/quad/p5/gauss-legendre/m460.txt'}
{'a_cols': 49, 'a_nonzero': 28, 'a_rows': 28, 'a_size': 1372, 'a_unique': 1, 'alpha': 1.0, 'beta': 0.0, 'density': 0.02040816326530612, 'gimmik_avg': 18.488208333333333, 'gimmik_best': 17.097, 'mat_file': 'example_mats_med/quad/p6/gauss-legendre-lobatto/m0.txt'}
{'a_cols': 28, 'a_nonzero': 196, 'a_rows': 49, 'a_size': 1372, 'a_unique': 5, 'alpha': 1.0, 'beta': 0.0, 'density': 0.14285714285714285, 'gimmik_avg': 36.132833333333345, 'gimmik_best': 33.699, 'mat_file': 'example_mats_med/quad/p6/gauss-legendre-lobatto/m3.txt'}
{'a_cols': 28, 'a_nonzero': 196, 'a_rows': 98, 'a_size': 2744, 'a_unique': 10, 'alpha': 1.0, 'beta': 0.0, 'density': 0.07142857142857142, 'gimmik_avg': 67.47889583333333, 'gimmik_best': 66.925, 'mat_file': 'example_mats_med/quad/p6/gauss-legendre-lobatto/m6.txt'}
{'a_cols': 98, 'a_nonzero': 616, 'a_rows': 49, 'a_size': 4802, 'a_unique': 44, 'alpha': 1.0, 'beta': 0.0, 'density': 0.1282798833819242, 'gimmik_avg': 54.3905, 'gimmik_best': 53.133, 'mat_file': 'example_mats_med/quad/p6/gauss-legendre-lobatto/m132.txt'}
{'a_cols': 49, 'a_nonzero': 616, 'a_rows': 98, 'a_size': 4802, 'a_unique': 44, 'alpha': 1.0, 'beta': 0.0, 'density': 0.1282798833819242, 'gimmik_avg': 82.52639583333332, 'gimmik_best': 82.11, 'mat_file': 'example_mats_med/quad/p6/gauss-legendre-lobatto/m460.txt'}
{'a_cols': 49, 'a_nonzero': 196, 'a_rows': 28, 'a_size': 1372, 'a_unique': 7, 'alpha': 1.0, 'beta': 0.0, 'density': 0.14285714285714285, 'gimmik_avg': 28.630708333333335, 'gimmik_best': 27.443, 'mat_file': 'example_mats_med/quad/p6/gauss-legendre/m0.txt'}
{'a_cols': 28, 'a_nonzero': 196, 'a_rows': 49, 'a_size': 1372, 'a_unique': 7, 'alpha': 1.0, 'beta': 0.0, 'density': 0.14285714285714285, 'gimmik_avg': 31.11104166666666, 'gimmik_best': 29.006, 'mat_file': 'example_mats_med/quad/p6/gauss-legendre/m3.txt'}
{'a_cols': 28, 'a_nonzero': 196, 'a_rows': 98, 'a_size': 2744, 'a_unique': 14, 'alpha': 1.0, 'beta': 0.0, 'density': 0.07142857142857142, 'gimmik_avg': 62.92645833333331, 'gimmik_best': 61.694, 'mat_file': 'example_mats_med/quad/p6/gauss-legendre/m6.txt'}
{'a_cols': 98, 'a_nonzero': 672, 'a_rows': 49, 'a_size': 4802, 'a_unique': 48, 'alpha': 1.0, 'beta': 0.0, 'density': 0.13994169096209913, 'gimmik_avg': 54.606479166666645, 'gimmik_best': 54.191, 'mat_file': 'example_mats_med/quad/p6/gauss-legendre/m132.txt'}
{'a_cols': 49, 'a_nonzero': 672, 'a_rows': 98, 'a_size': 4802, 'a_unique': 48, 'alpha': 1.0, 'beta': 0.0, 'density': 0.13994169096209913, 'gimmik_avg': 86.30589583333334, 'gimmik_best': 85.246, 'mat_file': 'example_mats_med/quad/p6/gauss-legendre/m460.txt'}
{'a_cols': 4, 'a_nonzero': 48, 'a_rows': 12, 'a_size': 48, 'a_unique': 3, 'alpha': 1.0, 'beta': 0.0, 'density': 1.0, 'gimmik_avg': 2.6452916666666675, 'gimmik_best': 2.605, 'mat_file': 'example_mats_med/tet/p1/shunn-ham/m0.txt'}
{'a_cols': 12, 'a_nonzero': 48, 'a_rows': 4, 'a_size': 48, 'a_unique': 6, 'alpha': 1.0, 'beta': 0.0, 'density': 1.0, 'gimmik_avg': 1.1384166666666655, 'gimmik_best': 1.096, 'mat_file': 'example_mats_med/tet/p1/shunn-ham/m3.txt'}
{'a_cols': 12, 'a_nonzero': 72, 'a_rows': 12, 'a_size': 144, 'a_unique': 6, 'alpha': 1.0, 'beta': 0.0, 'density': 0.5, 'gimmik_avg': 2.0100208333333334, 'gimmik_best': 1.929, 'mat_file': 'example_mats_med/tet/p1/shunn-ham/m6.txt'}
{'a_cols': 12, 'a_nonzero': 24, 'a_rows': 4, 'a_size': 48, 'a_unique': 2, 'alpha': 1.0, 'beta': 0.0, 'density': 0.5, 'gimmik_avg': 1.1001666666666663, 'gimmik_best': 1.072, 'mat_file': 'example_mats_med/tet/p1/shunn-ham/m132.txt'}
{'a_cols': 4, 'a_nonzero': 24, 'a_rows': 12, 'a_size': 48, 'a_unique': 2, 'alpha': 1.0, 'beta': 0.0, 'density': 0.5, 'gimmik_avg': 1.3730416666666667, 'gimmik_best': 1.331, 'mat_file': 'example_mats_med/tet/p1/shunn-ham/m460.txt'}
{'a_cols': 10, 'a_nonzero': 240, 'a_rows': 24, 'a_size': 240, 'a_unique': 14, 'alpha': 1.0, 'beta': 0.0, 'density': 1.0, 'gimmik_avg': 7.451375000000001, 'gimmik_best': 7.119, 'mat_file': 'example_mats_med/tet/p2/shunn-ham/m0.txt'}
{'a_cols': 24, 'a_nonzero': 240, 'a_rows': 10, 'a_size': 240, 'a_unique': 28, 'alpha': 1.0, 'beta': 0.0, 'density': 1.0, 'gimmik_avg': 5.520229166666666, 'gimmik_best': 5.381, 'mat_file': 'example_mats_med/tet/p2/shunn-ham/m3.txt'}
{'a_cols': 24, 'a_nonzero': 360, 'a_rows': 30, 'a_size': 720, 'a_unique': 28, 'alpha': 1.0, 'beta': 0.0, 'density': 0.5, 'gimmik_avg': 24.711375, 'gimmik_best': 23.238, 'mat_file': 'example_mats_med/tet/p2/shunn-ham/m6.txt'}
{'a_cols': 30, 'a_nonzero': 252, 'a_rows': 10, 'a_size': 300, 'a_unique': 46, 'alpha': 1.0, 'beta': 0.0, 'density': 0.84, 'gimmik_avg': 11.505562500000002, 'gimmik_best': 11.156, 'mat_file': 'example_mats_med/tet/p2/shunn-ham/m132.txt'}
{'a_cols': 10, 'a_nonzero': 252, 'a_rows': 30, 'a_size': 300, 'a_unique': 46, 'alpha': 1.0, 'beta': 0.0, 'density': 0.84, 'gimmik_avg': 9.324520833333333, 'gimmik_best': 9.099, 'mat_file': 'example_mats_med/tet/p2/shunn-ham/m460.txt'}
{'a_cols': 20, 'a_nonzero': 800, 'a_rows': 40, 'a_size': 800, 'a_unique': 40, 'alpha': 1.0, 'beta': 0.0, 'density': 1.0, 'gimmik_avg': 39.44720833333334, 'gimmik_best': 38.059, 'mat_file': 'example_mats_med/tet/p3/shunn-ham/m0.txt'}
{'a_cols': 40, 'a_nonzero': 800, 'a_rows': 20, 'a_size': 800, 'a_unique': 80, 'alpha': 1.0, 'beta': 0.0, 'density': 1.0, 'gimmik_avg': 28.84985416666667, 'gimmik_best': 28.009, 'mat_file': 'example_mats_med/tet/p3/shunn-ham/m3.txt'}
{'a_cols': 40, 'a_nonzero': 1200, 'a_rows': 60, 'a_size': 2400, 'a_unique': 80, 'alpha': 1.0, 'beta': 0.0, 'density': 0.5, 'gimmik_avg': 57.801437499999984, 'gimmik_best': 56.918, 'mat_file': 'example_mats_med/tet/p3/shunn-ham/m6.txt'}
{'a_cols': 35, 'a_nonzero': 2100, 'a_rows': 60, 'a_size': 2100, 'a_unique': 101, 'alpha': 1.0, 'beta': 0.0, 'density': 1.0, 'gimmik_avg': 79.713375, 'gimmik_best': 79.037, 'mat_file': 'example_mats_med/tet/p4/shunn-ham/m0.txt'}
{'a_cols': 3, 'a_nonzero': 18, 'a_rows': 6, 'a_size': 18, 'a_unique': 3, 'alpha': 1.0, 'beta': 0.0, 'density': 1.0, 'gimmik_avg': 0.9304999999999999, 'gimmik_best': 0.916, 'mat_file': 'example_mats_med/tri/p1/williams-shunn/m0.txt'}
{'a_cols': 6, 'a_nonzero': 18, 'a_rows': 3, 'a_size': 18, 'a_unique': 6, 'alpha': 1.0, 'beta': 0.0, 'density': 1.0, 'gimmik_avg': 0.7460625000000002, 'gimmik_best': 0.732, 'mat_file': 'example_mats_med/tri/p1/williams-shunn/m3.txt'}
{'a_cols': 6, 'a_nonzero': 24, 'a_rows': 6, 'a_size': 36, 'a_unique': 6, 'alpha': 1.0, 'beta': 0.0, 'density': 0.6666666666666666, 'gimmik_avg': 0.8314583333333333, 'gimmik_best': 0.816, 'mat_file': 'example_mats_med/tri/p1/williams-shunn/m6.txt'}
{'a_cols': 6, 'a_nonzero': 12, 'a_rows': 3, 'a_size': 18, 'a_unique': 2, 'alpha': 1.0, 'beta': 0.0, 'density': 0.6666666666666666, 'gimmik_avg': 0.5817291666666665, 'gimmik_best': 0.577, 'mat_file': 'example_mats_med/tri/p1/williams-shunn/m132.txt'}
{'a_cols': 3, 'a_nonzero': 12, 'a_rows': 6, 'a_size': 18, 'a_unique': 2, 'alpha': 1.0, 'beta': 0.0, 'density': 0.6666666666666666, 'gimmik_avg': 0.6927083333333334, 'gimmik_best': 0.683, 'mat_file': 'example_mats_med/tri/p1/williams-shunn/m460.txt'}
{'a_cols': 6, 'a_nonzero': 54, 'a_rows': 9, 'a_size': 54, 'a_unique': 10, 'alpha': 1.0, 'beta': 0.0, 'density': 1.0, 'gimmik_avg': 1.507479166666667, 'gimmik_best': 1.48, 'mat_file': 'example_mats_med/tri/p2/williams-shunn/m0.txt'}
{'a_cols': 9, 'a_nonzero': 54, 'a_rows': 6, 'a_size': 54, 'a_unique': 20, 'alpha': 1.0, 'beta': 0.0, 'density': 1.0, 'gimmik_avg': 1.125416666666667, 'gimmik_best': 1.104, 'mat_file': 'example_mats_med/tri/p2/williams-shunn/m3.txt'}
{'a_cols': 9, 'a_nonzero': 72, 'a_rows': 12, 'a_size': 108, 'a_unique': 20, 'alpha': 1.0, 'beta': 0.0, 'density': 0.6666666666666666, 'gimmik_avg': 1.855833333333334, 'gimmik_best': 1.75, 'mat_file': 'example_mats_med/tri/p2/williams-shunn/m6.txt'}
{'a_cols': 12, 'a_nonzero': 64, 'a_rows': 6, 'a_size': 72, 'a_unique': 28, 'alpha': 1.0, 'beta': 0.0, 'density': 0.8888888888888888, 'gimmik_avg': 1.4033333333333333, 'gimmik_best': 1.359, 'mat_file': 'example_mats_med/tri/p2/williams-shunn/m132.txt'}
{'a_cols': 6, 'a_nonzero': 64, 'a_rows': 12, 'a_size': 72, 'a_unique': 28, 'alpha': 1.0, 'beta': 0.0, 'density': 0.8888888888888888, 'gimmik_avg': 2.6276250000000005, 'gimmik_best': 2.571, 'mat_file': 'example_mats_med/tri/p2/williams-shunn/m460.txt'}
{'a_cols': 10, 'a_nonzero': 120, 'a_rows': 12, 'a_size': 120, 'a_unique': 20, 'alpha': 1.0, 'beta': 0.0, 'density': 1.0, 'gimmik_avg': 3.3188125, 'gimmik_best': 3.202, 'mat_file': 'example_mats_med/tri/p3/williams-shunn/m0.txt'}
{'a_cols': 12, 'a_nonzero': 120, 'a_rows': 10, 'a_size': 120, 'a_unique': 40, 'alpha': 1.0, 'beta': 0.0, 'density': 1.0, 'gimmik_avg': 2.5807499999999997, 'gimmik_best': 2.479, 'mat_file': 'example_mats_med/tri/p3/williams-shunn/m3.txt'}
{'a_cols': 12, 'a_nonzero': 160, 'a_rows': 20, 'a_size': 240, 'a_unique': 40, 'alpha': 1.0, 'beta': 0.0, 'density': 0.6666666666666666, 'gimmik_avg': 6.074020833333336, 'gimmik_best': 5.877, 'mat_file': 'example_mats_med/tri/p3/williams-shunn/m6.txt'}
{'a_cols': 20, 'a_nonzero': 192, 'a_rows': 10, 'a_size': 200, 'a_unique': 96, 'alpha': 1.0, 'beta': 0.0, 'density': 0.96, 'gimmik_avg': 3.8010208333333324, 'gimmik_best': 3.64, 'mat_file': 'example_mats_med/tri/p3/williams-shunn/m132.txt'}
{'a_cols': 10, 'a_nonzero': 192, 'a_rows': 20, 'a_size': 200, 'a_unique': 96, 'alpha': 1.0, 'beta': 0.0, 'density': 0.96, 'gimmik_avg': 4.933958333333335, 'gimmik_best': 4.788, 'mat_file': 'example_mats_med/tri/p3/williams-shunn/m460.txt'}
{'a_cols': 15, 'a_nonzero': 225, 'a_rows': 15, 'a_size': 225, 'a_unique': 39, 'alpha': 1.0, 'beta': 0.0, 'density': 1.0, 'gimmik_avg': 5.567125, 'gimmik_best': 5.363, 'mat_file': 'example_mats_med/tri/p4/williams-shunn/m0.txt'}
{'a_cols': 15, 'a_nonzero': 225, 'a_rows': 15, 'a_size': 225, 'a_unique': 78, 'alpha': 1.0, 'beta': 0.0, 'density': 1.0, 'gimmik_avg': 4.46675, 'gimmik_best': 4.256, 'mat_file': 'example_mats_med/tri/p4/williams-shunn/m3.txt'}
{'a_cols': 15, 'a_nonzero': 300, 'a_rows': 30, 'a_size': 450, 'a_unique': 78, 'alpha': 1.0, 'beta': 0.0, 'density': 0.6666666666666666, 'gimmik_avg': 23.946166666666667, 'gimmik_best': 21.974, 'mat_file': 'example_mats_med/tri/p4/williams-shunn/m6.txt'}
{'a_cols': 21, 'a_nonzero': 378, 'a_rows': 18, 'a_size': 378, 'a_unique': 63, 'alpha': 1.0, 'beta': 0.0, 'density': 1.0, 'gimmik_avg': 7.782937499999999, 'gimmik_best': 7.452, 'mat_file': 'example_mats_med/tri/p5/williams-shunn/m0.txt'}
{'a_cols': 18, 'a_nonzero': 378, 'a_rows': 21, 'a_size': 378, 'a_unique': 126, 'alpha': 1.0, 'beta': 0.0, 'density': 1.0, 'gimmik_avg': 7.374395833333334, 'gimmik_best': 7.174, 'mat_file': 'example_mats_med/tri/p5/williams-shunn/m3.txt'}
{'a_cols': 18, 'a_nonzero': 504, 'a_rows': 42, 'a_size': 756, 'a_unique': 126, 'alpha': 1.0, 'beta': 0.0, 'density': 0.6666666666666666, 'gimmik_avg': 39.32335416666666, 'gimmik_best': 38.114, 'mat_file': 'example_mats_med/tri/p5/williams-shunn/m6.txt'}
{'a_cols': 28, 'a_nonzero': 588, 'a_rows': 21, 'a_size': 588, 'a_unique': 100, 'alpha': 1.0, 'beta': 0.0, 'density': 1.0, 'gimmik_avg': 20.163541666666664, 'gimmik_best': 19.012, 'mat_file': 'example_mats_med/tri/p6/williams-shunn/m0.txt'}
