Generating and Compiling synth_mats_small/vary_col/q_16/r_128_c_32_p_0.05_uniq_16.txt
Running synth_mats_small/vary_col/q_16/r_128_c_32_p_0.05_uniq_16.txt
Finished running in 29.128ms
Generating and Compiling synth_mats_small/vary_col/q_16/r_128_c_64_p_0.05_uniq_16.txt
Running synth_mats_small/vary_col/q_16/r_128_c_64_p_0.05_uniq_16.txt
Finished running in 39.736ms
Generating and Compiling synth_mats_small/vary_col/q_16/r_128_c_128_p_0.05_uniq_16.txt
Running synth_mats_small/vary_col/q_16/r_128_c_128_p_0.05_uniq_16.txt
Finished running in 63.28ms
Generating and Compiling synth_mats_small/vary_col/q_16/r_128_c_256_p_0.05_uniq_16.txt
Running synth_mats_small/vary_col/q_16/r_128_c_256_p_0.05_uniq_16.txt
Finished running in 136.53499999999997ms
Generating and Compiling synth_mats_small/vary_col/q_16/r_128_c_512_p_0.05_uniq_16.txt
Running synth_mats_small/vary_col/q_16/r_128_c_512_p_0.05_uniq_16.txt
Finished running in 315.582ms
Generating and Compiling synth_mats_small/vary_col/q_16/r_128_c_1024_p_0.05_uniq_16.txt
Running synth_mats_small/vary_col/q_16/r_128_c_1024_p_0.05_uniq_16.txt
Finished running in 734.992ms
Generating and Compiling synth_mats_small/vary_density/q_16/r_128_c_128_p_0.01_uniq_16.txt
Running synth_mats_small/vary_density/q_16/r_128_c_128_p_0.01_uniq_16.txt
Finished running in 43.68799999999999ms
Generating and Compiling synth_mats_small/vary_density/q_16/r_128_c_128_p_0.1_uniq_16.txt
Running synth_mats_small/vary_density/q_16/r_128_c_128_p_0.1_uniq_16.txt
Finished running in 76.259ms
Generating and Compiling synth_mats_small/vary_density/q_16/r_128_c_128_p_0.2_uniq_16.txt
Running synth_mats_small/vary_density/q_16/r_128_c_128_p_0.2_uniq_16.txt
Finished running in 118.52300000000002ms
Generating and Compiling synth_mats_small/vary_density/q_16/r_128_c_128_p_0.3_uniq_16.txt
Running synth_mats_small/vary_density/q_16/r_128_c_128_p_0.3_uniq_16.txt
Finished running in 161.599ms
Generating and Compiling synth_mats_small/vary_density/q_16/r_128_c_128_p_0.4_uniq_16.txt
Running synth_mats_small/vary_density/q_16/r_128_c_128_p_0.4_uniq_16.txt
Finished running in 206.07000000000005ms
Generating and Compiling synth_mats_small/vary_density/q_16/r_128_c_128_p_0.5_uniq_16.txt
Running synth_mats_small/vary_density/q_16/r_128_c_128_p_0.5_uniq_16.txt
Finished running in 249.219ms
Generating and Compiling synth_mats_small/vary_density/q_16/r_128_c_128_p_0.05_uniq_16.txt
Running synth_mats_small/vary_density/q_16/r_128_c_128_p_0.05_uniq_16.txt
Finished running in 62.328ms
Generating and Compiling synth_mats_small/vary_density/q_16/r_128_c_128_p_0.15_uniq_16.txt
Running synth_mats_small/vary_density/q_16/r_128_c_128_p_0.15_uniq_16.txt
Finished running in 97.929ms
Generating and Compiling synth_mats_small/vary_density/q_16/r_128_c_128_p_0.025_uniq_16.txt
Running synth_mats_small/vary_density/q_16/r_128_c_128_p_0.025_uniq_16.txt
Finished running in 62.057ms
Generating and Compiling synth_mats_small/vary_density/q_16/r_128_c_128_p_0.25_uniq_16.txt
Running synth_mats_small/vary_density/q_16/r_128_c_128_p_0.25_uniq_16.txt
Finished running in 139.597ms
Generating and Compiling synth_mats_small/vary_density/q_16/r_128_c_128_p_0.075_uniq_16.txt
Running synth_mats_small/vary_density/q_16/r_128_c_128_p_0.075_uniq_16.txt
Finished running in 68.912ms
Generating and Compiling synth_mats_small/vary_density/q_16/r_128_c_128_p_0.125_uniq_16.txt
Running synth_mats_small/vary_density/q_16/r_128_c_128_p_0.125_uniq_16.txt
Finished running in 86.96ms
Generating and Compiling synth_mats_small/vary_row/q_16/r_32_c_128_p_0.05_uniq_16.txt
Running synth_mats_small/vary_row/q_16/r_32_c_128_p_0.05_uniq_16.txt
Finished running in 35.568ms
Generating and Compiling synth_mats_small/vary_row/q_16/r_64_c_128_p_0.05_uniq_16.txt
Running synth_mats_small/vary_row/q_16/r_64_c_128_p_0.05_uniq_16.txt
Finished running in 49.749ms
Generating and Compiling synth_mats_small/vary_row/q_16/r_128_c_128_p_0.05_uniq_16.txt
Running synth_mats_small/vary_row/q_16/r_128_c_128_p_0.05_uniq_16.txt
Finished running in 61.994ms
Generating and Compiling synth_mats_small/vary_row/q_16/r_256_c_128_p_0.05_uniq_16.txt
Running synth_mats_small/vary_row/q_16/r_256_c_128_p_0.05_uniq_16.txt
Finished running in 103.81299999999999ms
Generating and Compiling synth_mats_small/vary_row/q_16/r_512_c_128_p_0.05_uniq_16.txt
Running synth_mats_small/vary_row/q_16/r_512_c_128_p_0.05_uniq_16.txt
Finished running in 191.394ms
Generating and Compiling synth_mats_small/vary_row/q_16/r_1024_c_128_p_0.05_uniq_16.txt
Running synth_mats_small/vary_row/q_16/r_1024_c_128_p_0.05_uniq_16.txt
Finished running in 377.153ms
Generating and Compiling synth_mats_small/vary_unique/r_128_c_128_p_0.05_uniq_8.txt
Running synth_mats_small/vary_unique/r_128_c_128_p_0.05_uniq_8.txt
Finished running in 63.092ms
Generating and Compiling synth_mats_small/vary_unique/r_128_c_128_p_0.05_uniq_16.txt
Running synth_mats_small/vary_unique/r_128_c_128_p_0.05_uniq_16.txt
Finished running in 62.43ms
Generating and Compiling synth_mats_small/vary_unique/r_128_c_128_p_0.05_uniq_24.txt
Running synth_mats_small/vary_unique/r_128_c_128_p_0.05_uniq_24.txt
Finished running in 61.475ms
