Generating and Compiling synth_mats_small/vary_col/q_16/r_128_c_32_p_0.05_uniq_16.txt
Running synth_mats_small/vary_col/q_16/r_128_c_32_p_0.05_uniq_16.txt
Finished running in 28.649ms
Generating and Compiling synth_mats_small/vary_col/q_16/r_128_c_64_p_0.05_uniq_16.txt
Running synth_mats_small/vary_col/q_16/r_128_c_64_p_0.05_uniq_16.txt
Finished running in 39.146ms
Generating and Compiling synth_mats_small/vary_col/q_16/r_128_c_128_p_0.05_uniq_16.txt
Running synth_mats_small/vary_col/q_16/r_128_c_128_p_0.05_uniq_16.txt
Finished running in 62.543ms
Generating and Compiling synth_mats_small/vary_col/q_16/r_128_c_256_p_0.05_uniq_16.txt
Running synth_mats_small/vary_col/q_16/r_128_c_256_p_0.05_uniq_16.txt
Finished running in 138.593ms
Generating and Compiling synth_mats_small/vary_col/q_16/r_128_c_512_p_0.05_uniq_16.txt
Running synth_mats_small/vary_col/q_16/r_128_c_512_p_0.05_uniq_16.txt
Finished running in 329.385ms
Generating and Compiling synth_mats_small/vary_col/q_16/r_128_c_1024_p_0.05_uniq_16.txt
Running synth_mats_small/vary_col/q_16/r_128_c_1024_p_0.05_uniq_16.txt
Finished running in 730.205ms
Generating and Compiling synth_mats_small/vary_density/q_16/r_128_c_128_p_0.01_uniq_16.txt
Running synth_mats_small/vary_density/q_16/r_128_c_128_p_0.01_uniq_16.txt
Finished running in 43.338ms
Generating and Compiling synth_mats_small/vary_density/q_16/r_128_c_128_p_0.1_uniq_16.txt
Running synth_mats_small/vary_density/q_16/r_128_c_128_p_0.1_uniq_16.txt
Finished running in 75.677ms
Generating and Compiling synth_mats_small/vary_density/q_16/r_128_c_128_p_0.2_uniq_16.txt
Running synth_mats_small/vary_density/q_16/r_128_c_128_p_0.2_uniq_16.txt
Finished running in 118.382ms
Generating and Compiling synth_mats_small/vary_density/q_16/r_128_c_128_p_0.3_uniq_16.txt
Running synth_mats_small/vary_density/q_16/r_128_c_128_p_0.3_uniq_16.txt
Finished running in 160.71299999999997ms
Generating and Compiling synth_mats_small/vary_density/q_16/r_128_c_128_p_0.4_uniq_16.txt
Running synth_mats_small/vary_density/q_16/r_128_c_128_p_0.4_uniq_16.txt
Finished running in 203.949ms
Generating and Compiling synth_mats_small/vary_density/q_16/r_128_c_128_p_0.5_uniq_16.txt
Running synth_mats_small/vary_density/q_16/r_128_c_128_p_0.5_uniq_16.txt
Finished running in 244.355ms
Generating and Compiling synth_mats_small/vary_density/q_16/r_128_c_128_p_0.05_uniq_16.txt
Running synth_mats_small/vary_density/q_16/r_128_c_128_p_0.05_uniq_16.txt
Finished running in 61.535ms
Generating and Compiling synth_mats_small/vary_density/q_16/r_128_c_128_p_0.15_uniq_16.txt
Running synth_mats_small/vary_density/q_16/r_128_c_128_p_0.15_uniq_16.txt
Finished running in 96.889ms
Generating and Compiling synth_mats_small/vary_density/q_16/r_128_c_128_p_0.025_uniq_16.txt
Running synth_mats_small/vary_density/q_16/r_128_c_128_p_0.025_uniq_16.txt
Finished running in 61.518ms
Generating and Compiling synth_mats_small/vary_density/q_16/r_128_c_128_p_0.25_uniq_16.txt
Running synth_mats_small/vary_density/q_16/r_128_c_128_p_0.25_uniq_16.txt
Finished running in 138.976ms
Generating and Compiling synth_mats_small/vary_density/q_16/r_128_c_128_p_0.075_uniq_16.txt
Running synth_mats_small/vary_density/q_16/r_128_c_128_p_0.075_uniq_16.txt
Finished running in 68.468ms
Generating and Compiling synth_mats_small/vary_density/q_16/r_128_c_128_p_0.125_uniq_16.txt
Running synth_mats_small/vary_density/q_16/r_128_c_128_p_0.125_uniq_16.txt
Finished running in 86.399ms
Generating and Compiling synth_mats_small/vary_row/q_16/r_32_c_128_p_0.05_uniq_16.txt
Running synth_mats_small/vary_row/q_16/r_32_c_128_p_0.05_uniq_16.txt
Finished running in 34.444ms
Generating and Compiling synth_mats_small/vary_row/q_16/r_64_c_128_p_0.05_uniq_16.txt
Running synth_mats_small/vary_row/q_16/r_64_c_128_p_0.05_uniq_16.txt
Finished running in 49.59500000000003ms
Generating and Compiling synth_mats_small/vary_row/q_16/r_128_c_128_p_0.05_uniq_16.txt
Running synth_mats_small/vary_row/q_16/r_128_c_128_p_0.05_uniq_16.txt
Finished running in 61.483ms
Generating and Compiling synth_mats_small/vary_row/q_16/r_256_c_128_p_0.05_uniq_16.txt
Running synth_mats_small/vary_row/q_16/r_256_c_128_p_0.05_uniq_16.txt
Finished running in 102.751ms
Generating and Compiling synth_mats_small/vary_row/q_16/r_512_c_128_p_0.05_uniq_16.txt
Running synth_mats_small/vary_row/q_16/r_512_c_128_p_0.05_uniq_16.txt
Finished running in 189.768ms
Generating and Compiling synth_mats_small/vary_row/q_16/r_1024_c_128_p_0.05_uniq_16.txt
Running synth_mats_small/vary_row/q_16/r_1024_c_128_p_0.05_uniq_16.txt
Finished running in 372.644ms
Generating and Compiling synth_mats_small/vary_unique/r_128_c_128_p_0.05_uniq_8.txt
Running synth_mats_small/vary_unique/r_128_c_128_p_0.05_uniq_8.txt
Finished running in 62.282ms
Generating and Compiling synth_mats_small/vary_unique/r_128_c_128_p_0.05_uniq_16.txt
Running synth_mats_small/vary_unique/r_128_c_128_p_0.05_uniq_16.txt
Finished running in 61.709ms
Generating and Compiling synth_mats_small/vary_unique/r_128_c_128_p_0.05_uniq_24.txt
Running synth_mats_small/vary_unique/r_128_c_128_p_0.05_uniq_24.txt
Finished running in 60.65ms
