Generating and Compiling example_mats_large/tet/p3/shunn-ham/m132.txt
Running example_mats_large/tet/p3/shunn-ham/m132.txt
Finished running in 24.222ms
Generating and Compiling example_mats_large/tet/p3/shunn-ham/m460.txt
Running example_mats_large/tet/p3/shunn-ham/m460.txt
Finished running in 21.053ms
Generating and Compiling example_mats_large/tet/p4/shunn-ham/m3.txt
Running example_mats_large/tet/p4/shunn-ham/m3.txt
Finished running in 35.212ms
Generating and Compiling example_mats_large/tet/p4/shunn-ham/m6.txt
Running example_mats_large/tet/p4/shunn-ham/m6.txt
Finished running in 73.445ms
Generating and Compiling example_mats_large/tet/p4/shunn-ham/m132.txt
Running example_mats_large/tet/p4/shunn-ham/m132.txt
Finished running in 59.099ms
Generating and Compiling example_mats_large/tet/p4/shunn-ham/m460.txt
Running example_mats_large/tet/p4/shunn-ham/m460.txt
Finished running in 49.774ms
Generating and Compiling example_mats_large/tet/p5/shunn-ham/m0.txt
Running example_mats_large/tet/p5/shunn-ham/m0.txt
Finished running in 57.259ms
Generating and Compiling example_mats_large/tet/p5/shunn-ham/m3.txt
Running example_mats_large/tet/p5/shunn-ham/m3.txt
Finished running in 61.225ms
Generating and Compiling example_mats_large/tet/p5/shunn-ham/m6.txt
Running example_mats_large/tet/p5/shunn-ham/m6.txt
Finished running in 151.89ms
Generating and Compiling example_mats_large/tet/p5/shunn-ham/m132.txt
Running example_mats_large/tet/p5/shunn-ham/m132.txt
Finished running in 134.90099999999995ms
Generating and Compiling example_mats_large/tet/p5/shunn-ham/m460.txt
Running example_mats_large/tet/p5/shunn-ham/m460.txt
Finished running in 109.847ms
Generating and Compiling example_mats_large/tet/p6/shunn-ham/m0.txt
Running example_mats_large/tet/p6/shunn-ham/m0.txt
Finished running in 103.344ms
Generating and Compiling example_mats_large/tet/p6/shunn-ham/m3.txt
Running example_mats_large/tet/p6/shunn-ham/m3.txt
Finished running in 108.28700000000003ms
Generating and Compiling example_mats_large/tet/p6/shunn-ham/m6.txt
Running example_mats_large/tet/p6/shunn-ham/m6.txt
Finished running in 282.467ms
Generating and Compiling example_mats_large/tet/p6/shunn-ham/m132.txt
Running example_mats_large/tet/p6/shunn-ham/m132.txt
Finished running in 352.006ms
Generating and Compiling example_mats_large/tet/p6/shunn-ham/m460.txt
Running example_mats_large/tet/p6/shunn-ham/m460.txt
Finished running in 218.696ms
Generating and Compiling example_mats_large/tri/p4/williams-shunn/m132.txt
Running example_mats_large/tri/p4/williams-shunn/m132.txt
Finished running in 10.109ms
Generating and Compiling example_mats_large/tri/p4/williams-shunn/m460.txt
Running example_mats_large/tri/p4/williams-shunn/m460.txt
Finished running in 9.337ms
Generating and Compiling example_mats_large/tri/p5/williams-shunn/m3.txt
Running example_mats_large/tri/p5/williams-shunn/m3.txt
Finished running in 7.091ms
Generating and Compiling example_mats_large/tri/p5/williams-shunn/m6.txt
Running example_mats_large/tri/p5/williams-shunn/m6.txt
Finished running in 14.493ms
Generating and Compiling example_mats_large/tri/p5/williams-shunn/m132.txt
Running example_mats_large/tri/p5/williams-shunn/m132.txt
Finished running in 18.704ms
Generating and Compiling example_mats_large/tri/p5/williams-shunn/m460.txt
Running example_mats_large/tri/p5/williams-shunn/m460.txt
Finished running in 15.816ms
Generating and Compiling example_mats_large/tri/p6/williams-shunn/m3.txt
Running example_mats_large/tri/p6/williams-shunn/m3.txt
Finished running in 10.727ms
Generating and Compiling example_mats_large/tri/p6/williams-shunn/m6.txt
Running example_mats_large/tri/p6/williams-shunn/m6.txt
Finished running in 19.581ms
Generating and Compiling example_mats_large/tri/p6/williams-shunn/m132.txt
Running example_mats_large/tri/p6/williams-shunn/m132.txt
Finished running in 29.4ms
Generating and Compiling example_mats_large/tri/p6/williams-shunn/m460.txt
Running example_mats_large/tri/p6/williams-shunn/m460.txt
Finished running in 22.704ms
