Generating and Compiling example_mats_large/tet/p3/shunn-ham/m132.txt
Running example_mats_large/tet/p3/shunn-ham/m132.txt
Finished running in 25.865ms
Generating and Compiling example_mats_large/tet/p3/shunn-ham/m460.txt
Running example_mats_large/tet/p3/shunn-ham/m460.txt
Finished running in 22.086ms
Generating and Compiling example_mats_large/tet/p4/shunn-ham/m3.txt
Running example_mats_large/tet/p4/shunn-ham/m3.txt
Finished running in 40.603ms
Generating and Compiling example_mats_large/tet/p4/shunn-ham/m6.txt
Running example_mats_large/tet/p4/shunn-ham/m6.txt
Finished running in 90.542ms
Generating and Compiling example_mats_large/tet/p4/shunn-ham/m132.txt
Running example_mats_large/tet/p4/shunn-ham/m132.txt
Finished running in 64.107ms
Generating and Compiling example_mats_large/tet/p4/shunn-ham/m460.txt
Running example_mats_large/tet/p4/shunn-ham/m460.txt
Finished running in 50.357ms
Generating and Compiling example_mats_large/tet/p5/shunn-ham/m0.txt
Running example_mats_large/tet/p5/shunn-ham/m0.txt
Finished running in 62.159ms
Generating and Compiling example_mats_large/tet/p5/shunn-ham/m3.txt
Running example_mats_large/tet/p5/shunn-ham/m3.txt
Finished running in 68.732ms
Generating and Compiling example_mats_large/tet/p5/shunn-ham/m6.txt
Running example_mats_large/tet/p5/shunn-ham/m6.txt
Finished running in 153.941ms
Generating and Compiling example_mats_large/tet/p5/shunn-ham/m132.txt
Running example_mats_large/tet/p5/shunn-ham/m132.txt
Finished running in 132.041ms
Generating and Compiling example_mats_large/tet/p5/shunn-ham/m460.txt
Running example_mats_large/tet/p5/shunn-ham/m460.txt
Finished running in 109.229ms
Generating and Compiling example_mats_large/tet/p6/shunn-ham/m0.txt
Running example_mats_large/tet/p6/shunn-ham/m0.txt
Finished running in 104.233ms
Generating and Compiling example_mats_large/tet/p6/shunn-ham/m3.txt
Running example_mats_large/tet/p6/shunn-ham/m3.txt
Finished running in 112.081ms
Generating and Compiling example_mats_large/tet/p6/shunn-ham/m6.txt
Running example_mats_large/tet/p6/shunn-ham/m6.txt
Finished running in 284.562ms
Generating and Compiling example_mats_large/tet/p6/shunn-ham/m132.txt
Running example_mats_large/tet/p6/shunn-ham/m132.txt
Finished running in 340.821ms
Generating and Compiling example_mats_large/tet/p6/shunn-ham/m460.txt
Running example_mats_large/tet/p6/shunn-ham/m460.txt
Finished running in 218.469ms
Generating and Compiling example_mats_large/tri/p4/williams-shunn/m132.txt
Running example_mats_large/tri/p4/williams-shunn/m132.txt
Finished running in 10.464ms
Generating and Compiling example_mats_large/tri/p4/williams-shunn/m460.txt
Running example_mats_large/tri/p4/williams-shunn/m460.txt
Finished running in 9.608ms
Generating and Compiling example_mats_large/tri/p5/williams-shunn/m3.txt
Running example_mats_large/tri/p5/williams-shunn/m3.txt
Finished running in 7.23ms
Generating and Compiling example_mats_large/tri/p5/williams-shunn/m6.txt
Running example_mats_large/tri/p5/williams-shunn/m6.txt
Finished running in 14.574ms
Generating and Compiling example_mats_large/tri/p5/williams-shunn/m132.txt
Running example_mats_large/tri/p5/williams-shunn/m132.txt
Finished running in 19.707ms
Generating and Compiling example_mats_large/tri/p5/williams-shunn/m460.txt
Running example_mats_large/tri/p5/williams-shunn/m460.txt
Finished running in 15.891ms
Generating and Compiling example_mats_large/tri/p6/williams-shunn/m3.txt
Running example_mats_large/tri/p6/williams-shunn/m3.txt
Finished running in 10.703ms
Generating and Compiling example_mats_large/tri/p6/williams-shunn/m6.txt
Running example_mats_large/tri/p6/williams-shunn/m6.txt
Finished running in 20.1ms
Generating and Compiling example_mats_large/tri/p6/williams-shunn/m132.txt
Running example_mats_large/tri/p6/williams-shunn/m132.txt
Finished running in 29.78ms
Generating and Compiling example_mats_large/tri/p6/williams-shunn/m460.txt
Running example_mats_large/tri/p6/williams-shunn/m460.txt
Finished running in 23.064ms
