Generating and Compiling example_mats_large/tet/p3/shunn-ham/m132.txt
Running example_mats_large/tet/p3/shunn-ham/m132.txt
Finished running in 24.107ms
Generating and Compiling example_mats_large/tet/p3/shunn-ham/m460.txt
Running example_mats_large/tet/p3/shunn-ham/m460.txt
Finished running in 21.102ms
Generating and Compiling example_mats_large/tet/p4/shunn-ham/m3.txt
Running example_mats_large/tet/p4/shunn-ham/m3.txt
Finished running in 35.052ms
Generating and Compiling example_mats_large/tet/p4/shunn-ham/m6.txt
Running example_mats_large/tet/p4/shunn-ham/m6.txt
Finished running in 73.604ms
Generating and Compiling example_mats_large/tet/p4/shunn-ham/m132.txt
Running example_mats_large/tet/p4/shunn-ham/m132.txt
Finished running in 58.884ms
Generating and Compiling example_mats_large/tet/p4/shunn-ham/m460.txt
Running example_mats_large/tet/p4/shunn-ham/m460.txt
Finished running in 49.315ms
Generating and Compiling example_mats_large/tet/p5/shunn-ham/m0.txt
Running example_mats_large/tet/p5/shunn-ham/m0.txt
Finished running in 57.428ms
Generating and Compiling example_mats_large/tet/p5/shunn-ham/m3.txt
Running example_mats_large/tet/p5/shunn-ham/m3.txt
Finished running in 61.315ms
Generating and Compiling example_mats_large/tet/p5/shunn-ham/m6.txt
Running example_mats_large/tet/p5/shunn-ham/m6.txt
Finished running in 148.87ms
Generating and Compiling example_mats_large/tet/p5/shunn-ham/m132.txt
Running example_mats_large/tet/p5/shunn-ham/m132.txt
Finished running in 133.461ms
Generating and Compiling example_mats_large/tet/p5/shunn-ham/m460.txt
Running example_mats_large/tet/p5/shunn-ham/m460.txt
Finished running in 108.303ms
Generating and Compiling example_mats_large/tet/p6/shunn-ham/m0.txt
Running example_mats_large/tet/p6/shunn-ham/m0.txt
Finished running in 104.019ms
Generating and Compiling example_mats_large/tet/p6/shunn-ham/m3.txt
Running example_mats_large/tet/p6/shunn-ham/m3.txt
Finished running in 110.19000000000005ms
Generating and Compiling example_mats_large/tet/p6/shunn-ham/m6.txt
Running example_mats_large/tet/p6/shunn-ham/m6.txt
Finished running in 282.078ms
Generating and Compiling example_mats_large/tet/p6/shunn-ham/m132.txt
Running example_mats_large/tet/p6/shunn-ham/m132.txt
Finished running in 343.887ms
Generating and Compiling example_mats_large/tet/p6/shunn-ham/m460.txt
Running example_mats_large/tet/p6/shunn-ham/m460.txt
Finished running in 218.45100000000002ms
Generating and Compiling example_mats_large/tri/p4/williams-shunn/m132.txt
Running example_mats_large/tri/p4/williams-shunn/m132.txt
Finished running in 10.221ms
Generating and Compiling example_mats_large/tri/p4/williams-shunn/m460.txt
Running example_mats_large/tri/p4/williams-shunn/m460.txt
Finished running in 9.395ms
Generating and Compiling example_mats_large/tri/p5/williams-shunn/m3.txt
Running example_mats_large/tri/p5/williams-shunn/m3.txt
Finished running in 7.056ms
Generating and Compiling example_mats_large/tri/p5/williams-shunn/m6.txt
Running example_mats_large/tri/p5/williams-shunn/m6.txt
Finished running in 14.332ms
Generating and Compiling example_mats_large/tri/p5/williams-shunn/m132.txt
Running example_mats_large/tri/p5/williams-shunn/m132.txt
Finished running in 19.169ms
Generating and Compiling example_mats_large/tri/p5/williams-shunn/m460.txt
Running example_mats_large/tri/p5/williams-shunn/m460.txt
Finished running in 15.681ms
Generating and Compiling example_mats_large/tri/p6/williams-shunn/m3.txt
Running example_mats_large/tri/p6/williams-shunn/m3.txt
Finished running in 10.4ms
Generating and Compiling example_mats_large/tri/p6/williams-shunn/m6.txt
Running example_mats_large/tri/p6/williams-shunn/m6.txt
Finished running in 19.857ms
Generating and Compiling example_mats_large/tri/p6/williams-shunn/m132.txt
Running example_mats_large/tri/p6/williams-shunn/m132.txt
Finished running in 29.537ms
Generating and Compiling example_mats_large/tri/p6/williams-shunn/m460.txt
Running example_mats_large/tri/p6/williams-shunn/m460.txt
Finished running in 22.815ms
