Generating and Compiling example_mats_med/hex/p1/gauss-legendre/m0.txt
Running example_mats_med/hex/p1/gauss-legendre/m0.txt
Finished running in 5.555ms
Generating and Compiling example_mats_med/hex/p1/gauss-legendre/m3.txt
Running example_mats_med/hex/p1/gauss-legendre/m3.txt
Finished running in 3.296ms
Generating and Compiling example_mats_med/hex/p1/gauss-legendre/m6.txt
Running example_mats_med/hex/p1/gauss-legendre/m6.txt
Finished running in 6.562ms
Generating and Compiling example_mats_med/hex/p1/gauss-legendre/m132.txt
Running example_mats_med/hex/p1/gauss-legendre/m132.txt
Finished running in 3.308ms
Generating and Compiling example_mats_med/hex/p1/gauss-legendre/m460.txt
Running example_mats_med/hex/p1/gauss-legendre/m460.txt
Finished running in 5.345ms
Generating and Compiling example_mats_med/hex/p2/gauss-legendre-lobatto/m0.txt
Running example_mats_med/hex/p2/gauss-legendre-lobatto/m0.txt
Finished running in 13.588ms
Generating and Compiling example_mats_med/hex/p2/gauss-legendre-lobatto/m3.txt
Running example_mats_med/hex/p2/gauss-legendre-lobatto/m3.txt
Finished running in 18.346ms
Generating and Compiling example_mats_med/hex/p2/gauss-legendre-lobatto/m6.txt
Running example_mats_med/hex/p2/gauss-legendre-lobatto/m6.txt
Finished running in 30.313ms
Generating and Compiling example_mats_med/hex/p2/gauss-legendre-lobatto/m132.txt
Running example_mats_med/hex/p2/gauss-legendre-lobatto/m132.txt
Finished running in 26.444ms
Generating and Compiling example_mats_med/hex/p2/gauss-legendre-lobatto/m460.txt
Running example_mats_med/hex/p2/gauss-legendre-lobatto/m460.txt
Finished running in 23.12ms
Generating and Compiling example_mats_med/hex/p2/gauss-legendre/m0.txt
Running example_mats_med/hex/p2/gauss-legendre/m0.txt
Finished running in 16.967ms
Generating and Compiling example_mats_med/hex/p2/gauss-legendre/m3.txt
Running example_mats_med/hex/p2/gauss-legendre/m3.txt
Finished running in 18.617ms
Generating and Compiling example_mats_med/hex/p2/gauss-legendre/m6.txt
Running example_mats_med/hex/p2/gauss-legendre/m6.txt
Finished running in 30.207ms
Generating and Compiling example_mats_med/hex/p2/gauss-legendre/m132.txt
Running example_mats_med/hex/p2/gauss-legendre/m132.txt
Finished running in 26.056ms
Generating and Compiling example_mats_med/hex/p2/gauss-legendre/m460.txt
Running example_mats_med/hex/p2/gauss-legendre/m460.txt
Finished running in 23.061ms
Generating and Compiling example_mats_med/hex/p3/gauss-legendre-lobatto/m0.txt
Running example_mats_med/hex/p3/gauss-legendre-lobatto/m0.txt
Finished running in 34.31ms
Generating and Compiling example_mats_med/hex/p3/gauss-legendre-lobatto/m3.txt
Running example_mats_med/hex/p3/gauss-legendre-lobatto/m3.txt
Finished running in 41.219ms
Generating and Compiling example_mats_med/hex/p3/gauss-legendre-lobatto/m6.txt
Running example_mats_med/hex/p3/gauss-legendre-lobatto/m6.txt
Finished running in 69.159ms
Generating and Compiling example_mats_med/hex/p3/gauss-legendre-lobatto/m132.txt
Running example_mats_med/hex/p3/gauss-legendre-lobatto/m132.txt
Finished running in 72.051ms
Generating and Compiling example_mats_med/hex/p3/gauss-legendre-lobatto/m460.txt
Running example_mats_med/hex/p3/gauss-legendre-lobatto/m460.txt
Finished running in 64.23ms
Generating and Compiling example_mats_med/hex/p3/gauss-legendre/m0.txt
Running example_mats_med/hex/p3/gauss-legendre/m0.txt
Finished running in 43.343ms
Generating and Compiling example_mats_med/hex/p3/gauss-legendre/m3.txt
Running example_mats_med/hex/p3/gauss-legendre/m3.txt
Finished running in 42.016ms
Generating and Compiling example_mats_med/hex/p3/gauss-legendre/m6.txt
Running example_mats_med/hex/p3/gauss-legendre/m6.txt
Finished running in 69.994ms
Generating and Compiling example_mats_med/hex/p3/gauss-legendre/m132.txt
Running example_mats_med/hex/p3/gauss-legendre/m132.txt
Finished running in 75.67ms
Generating and Compiling example_mats_med/hex/p3/gauss-legendre/m460.txt
Running example_mats_med/hex/p3/gauss-legendre/m460.txt
Finished running in 65.398ms
Generating and Compiling example_mats_med/hex/p4/gauss-legendre-lobatto/m0.txt
Running example_mats_med/hex/p4/gauss-legendre-lobatto/m0.txt
Finished running in 57.512ms
Generating and Compiling example_mats_med/hex/p4/gauss-legendre-lobatto/m3.txt
Running example_mats_med/hex/p4/gauss-legendre-lobatto/m3.txt
Finished running in 78.33ms
Generating and Compiling example_mats_med/hex/p4/gauss-legendre-lobatto/m6.txt
Running example_mats_med/hex/p4/gauss-legendre-lobatto/m6.txt
Finished running in 128.655ms
Generating and Compiling example_mats_med/hex/p4/gauss-legendre-lobatto/m132.txt
Running example_mats_med/hex/p4/gauss-legendre-lobatto/m132.txt
Finished running in 173.16700000000003ms
Generating and Compiling example_mats_med/hex/p4/gauss-legendre-lobatto/m460.txt
Running example_mats_med/hex/p4/gauss-legendre-lobatto/m460.txt
Finished running in 142.494ms
Generating and Compiling example_mats_med/hex/p4/gauss-legendre/m0.txt
Running example_mats_med/hex/p4/gauss-legendre/m0.txt
Finished running in 80.682ms
Generating and Compiling example_mats_med/hex/p4/gauss-legendre/m3.txt
Running example_mats_med/hex/p4/gauss-legendre/m3.txt
Finished running in 77.10699999999997ms
Generating and Compiling example_mats_med/hex/p4/gauss-legendre/m6.txt
Running example_mats_med/hex/p4/gauss-legendre/m6.txt
Finished running in 128.967ms
Generating and Compiling example_mats_med/hex/p4/gauss-legendre/m132.txt
Running example_mats_med/hex/p4/gauss-legendre/m132.txt
Finished running in 176.921ms
Generating and Compiling example_mats_med/hex/p4/gauss-legendre/m460.txt
Running example_mats_med/hex/p4/gauss-legendre/m460.txt
Finished running in 145.434ms
Generating and Compiling example_mats_med/hex/p5/gauss-legendre-lobatto/m0.txt
Running example_mats_med/hex/p5/gauss-legendre-lobatto/m0.txt
Finished running in 88.163ms
Generating and Compiling example_mats_med/hex/p5/gauss-legendre-lobatto/m3.txt
Running example_mats_med/hex/p5/gauss-legendre-lobatto/m3.txt
Finished running in 121.439ms
Generating and Compiling example_mats_med/hex/p5/gauss-legendre-lobatto/m6.txt
Running example_mats_med/hex/p5/gauss-legendre-lobatto/m6.txt
Finished running in 217.713ms
Generating and Compiling example_mats_med/hex/p5/gauss-legendre-lobatto/m132.txt
Running example_mats_med/hex/p5/gauss-legendre-lobatto/m132.txt
Finished running in 385.808ms
Generating and Compiling example_mats_med/hex/p5/gauss-legendre-lobatto/m460.txt
Running example_mats_med/hex/p5/gauss-legendre-lobatto/m460.txt
Finished running in 269.463ms
Generating and Compiling example_mats_med/hex/p5/gauss-legendre/m0.txt
Running example_mats_med/hex/p5/gauss-legendre/m0.txt
Finished running in 143.345ms
Generating and Compiling example_mats_med/hex/p5/gauss-legendre/m3.txt
Running example_mats_med/hex/p5/gauss-legendre/m3.txt
Finished running in 121.37599999999998ms
Generating and Compiling example_mats_med/hex/p5/gauss-legendre/m6.txt
Running example_mats_med/hex/p5/gauss-legendre/m6.txt
Finished running in 217.6ms
Generating and Compiling example_mats_med/hex/p5/gauss-legendre/m132.txt
Running example_mats_med/hex/p5/gauss-legendre/m132.txt
Finished running in 407.645ms
Generating and Compiling example_mats_med/hex/p5/gauss-legendre/m460.txt
Running example_mats_med/hex/p5/gauss-legendre/m460.txt
Finished running in 280.611ms
Generating and Compiling example_mats_med/hex/p6/gauss-legendre-lobatto/m0.txt
Running example_mats_med/hex/p6/gauss-legendre-lobatto/m0.txt
Finished running in 122.188ms
Generating and Compiling example_mats_med/hex/p6/gauss-legendre-lobatto/m3.txt
Running example_mats_med/hex/p6/gauss-legendre-lobatto/m3.txt
Finished running in 191.242ms
Generating and Compiling example_mats_med/hex/p6/gauss-legendre-lobatto/m6.txt
Running example_mats_med/hex/p6/gauss-legendre-lobatto/m6.txt
Finished running in 339.904ms
Generating and Compiling example_mats_med/hex/p6/gauss-legendre-lobatto/m132.txt
Running example_mats_med/hex/p6/gauss-legendre-lobatto/m132.txt
Finished running in 739.252ms
Generating and Compiling example_mats_med/hex/p6/gauss-legendre-lobatto/m460.txt
Running example_mats_med/hex/p6/gauss-legendre-lobatto/m460.txt
Finished running in 596.506ms
Generating and Compiling example_mats_med/hex/p6/gauss-legendre/m0.txt
Running example_mats_med/hex/p6/gauss-legendre/m0.txt
Finished running in 318.954ms
Generating and Compiling example_mats_med/hex/p6/gauss-legendre/m3.txt
Running example_mats_med/hex/p6/gauss-legendre/m3.txt
Finished running in 188.462ms
Generating and Compiling example_mats_med/hex/p6/gauss-legendre/m6.txt
Running example_mats_med/hex/p6/gauss-legendre/m6.txt
Finished running in 339.59400000000005ms
Generating and Compiling example_mats_med/hex/p6/gauss-legendre/m132.txt
Running example_mats_med/hex/p6/gauss-legendre/m132.txt
Finished running in 791.136ms
Generating and Compiling example_mats_med/hex/p6/gauss-legendre/m460.txt
Running example_mats_med/hex/p6/gauss-legendre/m460.txt
Finished running in 640.229ms
Generating and Compiling example_mats_med/quad/p1/gauss-legendre/m0.txt
Running example_mats_med/quad/p1/gauss-legendre/m0.txt
Finished running in 1.42ms
Generating and Compiling example_mats_med/quad/p1/gauss-legendre/m3.txt
Running example_mats_med/quad/p1/gauss-legendre/m3.txt
Finished running in 1.145ms
Generating and Compiling example_mats_med/quad/p1/gauss-legendre/m6.txt
Running example_mats_med/quad/p1/gauss-legendre/m6.txt
Finished running in 1.895ms
Generating and Compiling example_mats_med/quad/p1/gauss-legendre/m132.txt
Running example_mats_med/quad/p1/gauss-legendre/m132.txt
Finished running in 1.168ms
Generating and Compiling example_mats_med/quad/p1/gauss-legendre/m460.txt
Running example_mats_med/quad/p1/gauss-legendre/m460.txt
Finished running in 1.524ms
Generating and Compiling example_mats_med/quad/p2/gauss-legendre-lobatto/m0.txt
Running example_mats_med/quad/p2/gauss-legendre-lobatto/m0.txt
Finished running in 2.85ms
Generating and Compiling example_mats_med/quad/p2/gauss-legendre-lobatto/m3.txt
Running example_mats_med/quad/p2/gauss-legendre-lobatto/m3.txt
Finished running in 2.606ms
Generating and Compiling example_mats_med/quad/p2/gauss-legendre-lobatto/m6.txt
Running example_mats_med/quad/p2/gauss-legendre-lobatto/m6.txt
Finished running in 4.377ms
Generating and Compiling example_mats_med/quad/p2/gauss-legendre-lobatto/m132.txt
Running example_mats_med/quad/p2/gauss-legendre-lobatto/m132.txt
Finished running in 3.092ms
Generating and Compiling example_mats_med/quad/p2/gauss-legendre-lobatto/m460.txt
Running example_mats_med/quad/p2/gauss-legendre-lobatto/m460.txt
Finished running in 4.237ms
Generating and Compiling example_mats_med/quad/p2/gauss-legendre/m0.txt
Running example_mats_med/quad/p2/gauss-legendre/m0.txt
Finished running in 3.068ms
Generating and Compiling example_mats_med/quad/p2/gauss-legendre/m3.txt
Running example_mats_med/quad/p2/gauss-legendre/m3.txt
Finished running in 2.547ms
Generating and Compiling example_mats_med/quad/p2/gauss-legendre/m6.txt
Running example_mats_med/quad/p2/gauss-legendre/m6.txt
Finished running in 4.326ms
Generating and Compiling example_mats_med/quad/p2/gauss-legendre/m132.txt
Running example_mats_med/quad/p2/gauss-legendre/m132.txt
Finished running in 3.073ms
Generating and Compiling example_mats_med/quad/p2/gauss-legendre/m460.txt
Running example_mats_med/quad/p2/gauss-legendre/m460.txt
Finished running in 4.331ms
Generating and Compiling example_mats_med/quad/p3/gauss-legendre-lobatto/m0.txt
Running example_mats_med/quad/p3/gauss-legendre-lobatto/m0.txt
Finished running in 3.875ms
Generating and Compiling example_mats_med/quad/p3/gauss-legendre-lobatto/m3.txt
Running example_mats_med/quad/p3/gauss-legendre-lobatto/m3.txt
Finished running in 4.586ms
Generating and Compiling example_mats_med/quad/p3/gauss-legendre-lobatto/m6.txt
Running example_mats_med/quad/p3/gauss-legendre-lobatto/m6.txt
Finished running in 7.977ms
Generating and Compiling example_mats_med/quad/p3/gauss-legendre-lobatto/m132.txt
Running example_mats_med/quad/p3/gauss-legendre-lobatto/m132.txt
Finished running in 6.866ms
Generating and Compiling example_mats_med/quad/p3/gauss-legendre-lobatto/m460.txt
Running example_mats_med/quad/p3/gauss-legendre-lobatto/m460.txt
Finished running in 8.663ms
Generating and Compiling example_mats_med/quad/p3/gauss-legendre/m0.txt
Running example_mats_med/quad/p3/gauss-legendre/m0.txt
Finished running in 4.918ms
Generating and Compiling example_mats_med/quad/p3/gauss-legendre/m3.txt
Running example_mats_med/quad/p3/gauss-legendre/m3.txt
Finished running in 4.456ms
Generating and Compiling example_mats_med/quad/p3/gauss-legendre/m6.txt
Running example_mats_med/quad/p3/gauss-legendre/m6.txt
Finished running in 8.087ms
Generating and Compiling example_mats_med/quad/p3/gauss-legendre/m132.txt
Running example_mats_med/quad/p3/gauss-legendre/m132.txt
Finished running in 7.371ms
Generating and Compiling example_mats_med/quad/p3/gauss-legendre/m460.txt
Running example_mats_med/quad/p3/gauss-legendre/m460.txt
Finished running in 9.001ms
Generating and Compiling example_mats_med/quad/p4/gauss-legendre-lobatto/m0.txt
Running example_mats_med/quad/p4/gauss-legendre-lobatto/m0.txt
Finished running in 4.89ms
Generating and Compiling example_mats_med/quad/p4/gauss-legendre-lobatto/m3.txt
Running example_mats_med/quad/p4/gauss-legendre-lobatto/m3.txt
Finished running in 7.245ms
Generating and Compiling example_mats_med/quad/p4/gauss-legendre-lobatto/m6.txt
Running example_mats_med/quad/p4/gauss-legendre-lobatto/m6.txt
Finished running in 12.638ms
Generating and Compiling example_mats_med/quad/p4/gauss-legendre-lobatto/m132.txt
Running example_mats_med/quad/p4/gauss-legendre-lobatto/m132.txt
Finished running in 14.837ms
Generating and Compiling example_mats_med/quad/p4/gauss-legendre-lobatto/m460.txt
Running example_mats_med/quad/p4/gauss-legendre-lobatto/m460.txt
Finished running in 15.283ms
Generating and Compiling example_mats_med/quad/p4/gauss-legendre/m0.txt
Running example_mats_med/quad/p4/gauss-legendre/m0.txt
Finished running in 7.408ms
Generating and Compiling example_mats_med/quad/p4/gauss-legendre/m3.txt
Running example_mats_med/quad/p4/gauss-legendre/m3.txt
Finished running in 7.269ms
Generating and Compiling example_mats_med/quad/p4/gauss-legendre/m6.txt
Running example_mats_med/quad/p4/gauss-legendre/m6.txt
Finished running in 12.559ms
Generating and Compiling example_mats_med/quad/p4/gauss-legendre/m132.txt
Running example_mats_med/quad/p4/gauss-legendre/m132.txt
Finished running in 14.825ms
Generating and Compiling example_mats_med/quad/p4/gauss-legendre/m460.txt
Running example_mats_med/quad/p4/gauss-legendre/m460.txt
Finished running in 15.697ms
Generating and Compiling example_mats_med/quad/p5/gauss-legendre-lobatto/m0.txt
Running example_mats_med/quad/p5/gauss-legendre-lobatto/m0.txt
Finished running in 6.121ms
Generating and Compiling example_mats_med/quad/p5/gauss-legendre-lobatto/m3.txt
Running example_mats_med/quad/p5/gauss-legendre-lobatto/m3.txt
Finished running in 10.709ms
Generating and Compiling example_mats_med/quad/p5/gauss-legendre-lobatto/m6.txt
Running example_mats_med/quad/p5/gauss-legendre-lobatto/m6.txt
Finished running in 18.326ms
Generating and Compiling example_mats_med/quad/p5/gauss-legendre-lobatto/m132.txt
Running example_mats_med/quad/p5/gauss-legendre-lobatto/m132.txt
Finished running in 30.931ms
Generating and Compiling example_mats_med/quad/p5/gauss-legendre-lobatto/m460.txt
Running example_mats_med/quad/p5/gauss-legendre-lobatto/m460.txt
Finished running in 25.595ms
Generating and Compiling example_mats_med/quad/p5/gauss-legendre/m0.txt
Running example_mats_med/quad/p5/gauss-legendre/m0.txt
Finished running in 11.308ms
Generating and Compiling example_mats_med/quad/p5/gauss-legendre/m3.txt
Running example_mats_med/quad/p5/gauss-legendre/m3.txt
Finished running in 10.731ms
Generating and Compiling example_mats_med/quad/p5/gauss-legendre/m6.txt
Running example_mats_med/quad/p5/gauss-legendre/m6.txt
Finished running in 18.224ms
Generating and Compiling example_mats_med/quad/p5/gauss-legendre/m132.txt
Running example_mats_med/quad/p5/gauss-legendre/m132.txt
Finished running in 31.889ms
Generating and Compiling example_mats_med/quad/p5/gauss-legendre/m460.txt
Running example_mats_med/quad/p5/gauss-legendre/m460.txt
Finished running in 26.536ms
Generating and Compiling example_mats_med/quad/p6/gauss-legendre-lobatto/m0.txt
Running example_mats_med/quad/p6/gauss-legendre-lobatto/m0.txt
Finished running in 7.364ms
Generating and Compiling example_mats_med/quad/p6/gauss-legendre-lobatto/m3.txt
Running example_mats_med/quad/p6/gauss-legendre-lobatto/m3.txt
Finished running in 14.9ms
Generating and Compiling example_mats_med/quad/p6/gauss-legendre-lobatto/m6.txt
Running example_mats_med/quad/p6/gauss-legendre-lobatto/m6.txt
Finished running in 25.095ms
Generating and Compiling example_mats_med/quad/p6/gauss-legendre-lobatto/m132.txt
Running example_mats_med/quad/p6/gauss-legendre-lobatto/m132.txt
Finished running in 45.353ms
Generating and Compiling example_mats_med/quad/p6/gauss-legendre-lobatto/m460.txt
Running example_mats_med/quad/p6/gauss-legendre-lobatto/m460.txt
Finished running in 38.931ms
Generating and Compiling example_mats_med/quad/p6/gauss-legendre/m0.txt
Running example_mats_med/quad/p6/gauss-legendre/m0.txt
Finished running in 15.767ms
Generating and Compiling example_mats_med/quad/p6/gauss-legendre/m3.txt
Running example_mats_med/quad/p6/gauss-legendre/m3.txt
Finished running in 14.828ms
Generating and Compiling example_mats_med/quad/p6/gauss-legendre/m6.txt
Running example_mats_med/quad/p6/gauss-legendre/m6.txt
Finished running in 25.065ms
Generating and Compiling example_mats_med/quad/p6/gauss-legendre/m132.txt
Running example_mats_med/quad/p6/gauss-legendre/m132.txt
Finished running in 46.764ms
Generating and Compiling example_mats_med/quad/p6/gauss-legendre/m460.txt
Running example_mats_med/quad/p6/gauss-legendre/m460.txt
Finished running in 39.068ms
Generating and Compiling example_mats_med/tet/p1/shunn-ham/m0.txt
Running example_mats_med/tet/p1/shunn-ham/m0.txt
Finished running in 2.602ms
Generating and Compiling example_mats_med/tet/p1/shunn-ham/m3.txt
Running example_mats_med/tet/p1/shunn-ham/m3.txt
Finished running in 1.681ms
Generating and Compiling example_mats_med/tet/p1/shunn-ham/m6.txt
Running example_mats_med/tet/p1/shunn-ham/m6.txt
Finished running in 3.385ms
Generating and Compiling example_mats_med/tet/p1/shunn-ham/m132.txt
Running example_mats_med/tet/p1/shunn-ham/m132.txt
Finished running in 1.434ms
Generating and Compiling example_mats_med/tet/p1/shunn-ham/m460.txt
Running example_mats_med/tet/p1/shunn-ham/m460.txt
Finished running in 1.469ms
Generating and Compiling example_mats_med/tet/p2/shunn-ham/m0.txt
Running example_mats_med/tet/p2/shunn-ham/m0.txt
Finished running in 7.366ms
Generating and Compiling example_mats_med/tet/p2/shunn-ham/m3.txt
Running example_mats_med/tet/p2/shunn-ham/m3.txt
Finished running in 7.116ms
Generating and Compiling example_mats_med/tet/p2/shunn-ham/m6.txt
Running example_mats_med/tet/p2/shunn-ham/m6.txt
Finished running in 11.586ms
Generating and Compiling example_mats_med/tet/p2/shunn-ham/m132.txt
Running example_mats_med/tet/p2/shunn-ham/m132.txt
Finished running in 8.342ms
Generating and Compiling example_mats_med/tet/p2/shunn-ham/m460.txt
Running example_mats_med/tet/p2/shunn-ham/m460.txt
Finished running in 8.99ms
Generating and Compiling example_mats_med/tet/p3/shunn-ham/m0.txt
Running example_mats_med/tet/p3/shunn-ham/m0.txt
Finished running in 20.857ms
Generating and Compiling example_mats_med/tet/p3/shunn-ham/m3.txt
Running example_mats_med/tet/p3/shunn-ham/m3.txt
Finished running in 22.417ms
Generating and Compiling example_mats_med/tet/p3/shunn-ham/m6.txt
Running example_mats_med/tet/p3/shunn-ham/m6.txt
Finished running in 33.33699999999999ms
Generating and Compiling example_mats_med/tet/p4/shunn-ham/m0.txt
Running example_mats_med/tet/p4/shunn-ham/m0.txt
Finished running in 53.415ms
Generating and Compiling example_mats_med/tri/p1/williams-shunn/m0.txt
Running example_mats_med/tri/p1/williams-shunn/m0.txt
Finished running in 1.289ms
Generating and Compiling example_mats_med/tri/p1/williams-shunn/m3.txt
Running example_mats_med/tri/p1/williams-shunn/m3.txt
Finished running in 0.747ms
Generating and Compiling example_mats_med/tri/p1/williams-shunn/m6.txt
Running example_mats_med/tri/p1/williams-shunn/m6.txt
Finished running in 1.282ms
Generating and Compiling example_mats_med/tri/p1/williams-shunn/m132.txt
Running example_mats_med/tri/p1/williams-shunn/m132.txt
Finished running in 0.723ms
Generating and Compiling example_mats_med/tri/p1/williams-shunn/m460.txt
Running example_mats_med/tri/p1/williams-shunn/m460.txt
Finished running in 0.763ms
Generating and Compiling example_mats_med/tri/p2/williams-shunn/m0.txt
Running example_mats_med/tri/p2/williams-shunn/m0.txt
Finished running in 2.125ms
Generating and Compiling example_mats_med/tri/p2/williams-shunn/m3.txt
Running example_mats_med/tri/p2/williams-shunn/m3.txt
Finished running in 1.96ms
Generating and Compiling example_mats_med/tri/p2/williams-shunn/m6.txt
Running example_mats_med/tri/p2/williams-shunn/m6.txt
Finished running in 3.221ms
Generating and Compiling example_mats_med/tri/p2/williams-shunn/m132.txt
Running example_mats_med/tri/p2/williams-shunn/m132.txt
Finished running in 2.305ms
Generating and Compiling example_mats_med/tri/p2/williams-shunn/m460.txt
Running example_mats_med/tri/p2/williams-shunn/m460.txt
Finished running in 2.969ms
Generating and Compiling example_mats_med/tri/p3/williams-shunn/m0.txt
Running example_mats_med/tri/p3/williams-shunn/m0.txt
Finished running in 3.909ms
Generating and Compiling example_mats_med/tri/p3/williams-shunn/m3.txt
Running example_mats_med/tri/p3/williams-shunn/m3.txt
Finished running in 3.747ms
Generating and Compiling example_mats_med/tri/p3/williams-shunn/m6.txt
Running example_mats_med/tri/p3/williams-shunn/m6.txt
Finished running in 5.936ms
Generating and Compiling example_mats_med/tri/p3/williams-shunn/m132.txt
Running example_mats_med/tri/p3/williams-shunn/m132.txt
Finished running in 5.825ms
Generating and Compiling example_mats_med/tri/p3/williams-shunn/m460.txt
Running example_mats_med/tri/p3/williams-shunn/m460.txt
Finished running in 6.244ms
Generating and Compiling example_mats_med/tri/p4/williams-shunn/m0.txt
Running example_mats_med/tri/p4/williams-shunn/m0.txt
Finished running in 6.274ms
Generating and Compiling example_mats_med/tri/p4/williams-shunn/m3.txt
Running example_mats_med/tri/p4/williams-shunn/m3.txt
Finished running in 6.351ms
Generating and Compiling example_mats_med/tri/p4/williams-shunn/m6.txt
Running example_mats_med/tri/p4/williams-shunn/m6.txt
Finished running in 9.428ms
Generating and Compiling example_mats_med/tri/p5/williams-shunn/m0.txt
Running example_mats_med/tri/p5/williams-shunn/m0.txt
Finished running in 10.073ms
Generating and Compiling example_mats_med/tri/p5/williams-shunn/m3.txt
Running example_mats_med/tri/p5/williams-shunn/m3.txt
Finished running in 10.082ms
Generating and Compiling example_mats_med/tri/p5/williams-shunn/m6.txt
Running example_mats_med/tri/p5/williams-shunn/m6.txt
Finished running in 15.09ms
Generating and Compiling example_mats_med/tri/p6/williams-shunn/m0.txt
Running example_mats_med/tri/p6/williams-shunn/m0.txt
Finished running in 15.64ms
