Generating and Compiling example_mats_med/hex/p1/gauss-legendre/m0.txt
Running example_mats_med/hex/p1/gauss-legendre/m0.txt
Finished running in 5.741ms
Generating and Compiling example_mats_med/hex/p1/gauss-legendre/m3.txt
Running example_mats_med/hex/p1/gauss-legendre/m3.txt
Finished running in 3.343ms
Generating and Compiling example_mats_med/hex/p1/gauss-legendre/m6.txt
Running example_mats_med/hex/p1/gauss-legendre/m6.txt
Finished running in 6.708ms
Generating and Compiling example_mats_med/hex/p1/gauss-legendre/m132.txt
Running example_mats_med/hex/p1/gauss-legendre/m132.txt
Finished running in 3.455ms
Generating and Compiling example_mats_med/hex/p1/gauss-legendre/m460.txt
Running example_mats_med/hex/p1/gauss-legendre/m460.txt
Finished running in 5.791ms
Generating and Compiling example_mats_med/hex/p2/gauss-legendre-lobatto/m0.txt
Running example_mats_med/hex/p2/gauss-legendre-lobatto/m0.txt
Finished running in 13.881ms
Generating and Compiling example_mats_med/hex/p2/gauss-legendre-lobatto/m3.txt
Running example_mats_med/hex/p2/gauss-legendre-lobatto/m3.txt
Finished running in 18.953ms
Generating and Compiling example_mats_med/hex/p2/gauss-legendre-lobatto/m6.txt
Running example_mats_med/hex/p2/gauss-legendre-lobatto/m6.txt
Finished running in 30.853ms
Generating and Compiling example_mats_med/hex/p2/gauss-legendre-lobatto/m132.txt
Running example_mats_med/hex/p2/gauss-legendre-lobatto/m132.txt
Finished running in 27.278ms
Generating and Compiling example_mats_med/hex/p2/gauss-legendre-lobatto/m460.txt
Running example_mats_med/hex/p2/gauss-legendre-lobatto/m460.txt
Finished running in 23.564ms
Generating and Compiling example_mats_med/hex/p2/gauss-legendre/m0.txt
Running example_mats_med/hex/p2/gauss-legendre/m0.txt
Finished running in 17.443ms
Generating and Compiling example_mats_med/hex/p2/gauss-legendre/m3.txt
Running example_mats_med/hex/p2/gauss-legendre/m3.txt
Finished running in 19.417ms
Generating and Compiling example_mats_med/hex/p2/gauss-legendre/m6.txt
Running example_mats_med/hex/p2/gauss-legendre/m6.txt
Finished running in 31.062ms
Generating and Compiling example_mats_med/hex/p2/gauss-legendre/m132.txt
Running example_mats_med/hex/p2/gauss-legendre/m132.txt
Finished running in 27.111ms
Generating and Compiling example_mats_med/hex/p2/gauss-legendre/m460.txt
Running example_mats_med/hex/p2/gauss-legendre/m460.txt
Finished running in 23.34699999999998ms
Generating and Compiling example_mats_med/hex/p3/gauss-legendre-lobatto/m0.txt
Running example_mats_med/hex/p3/gauss-legendre-lobatto/m0.txt
Finished running in 35.352ms
Generating and Compiling example_mats_med/hex/p3/gauss-legendre-lobatto/m3.txt
Running example_mats_med/hex/p3/gauss-legendre-lobatto/m3.txt
Finished running in 42.458ms
Generating and Compiling example_mats_med/hex/p3/gauss-legendre-lobatto/m6.txt
Running example_mats_med/hex/p3/gauss-legendre-lobatto/m6.txt
Finished running in 69.364ms
Generating and Compiling example_mats_med/hex/p3/gauss-legendre-lobatto/m132.txt
Running example_mats_med/hex/p3/gauss-legendre-lobatto/m132.txt
Finished running in 74.688ms
Generating and Compiling example_mats_med/hex/p3/gauss-legendre-lobatto/m460.txt
Running example_mats_med/hex/p3/gauss-legendre-lobatto/m460.txt
Finished running in 64.811ms
Generating and Compiling example_mats_med/hex/p3/gauss-legendre/m0.txt
Running example_mats_med/hex/p3/gauss-legendre/m0.txt
Finished running in 43.991ms
Generating and Compiling example_mats_med/hex/p3/gauss-legendre/m3.txt
Running example_mats_med/hex/p3/gauss-legendre/m3.txt
Finished running in 43.014ms
Generating and Compiling example_mats_med/hex/p3/gauss-legendre/m6.txt
Running example_mats_med/hex/p3/gauss-legendre/m6.txt
Finished running in 70.747ms
Generating and Compiling example_mats_med/hex/p3/gauss-legendre/m132.txt
Running example_mats_med/hex/p3/gauss-legendre/m132.txt
Finished running in 77.133ms
Generating and Compiling example_mats_med/hex/p3/gauss-legendre/m460.txt
Running example_mats_med/hex/p3/gauss-legendre/m460.txt
Finished running in 65.912ms
Generating and Compiling example_mats_med/hex/p4/gauss-legendre-lobatto/m0.txt
Running example_mats_med/hex/p4/gauss-legendre-lobatto/m0.txt
Finished running in 59.256ms
Generating and Compiling example_mats_med/hex/p4/gauss-legendre-lobatto/m3.txt
Running example_mats_med/hex/p4/gauss-legendre-lobatto/m3.txt
Finished running in 77.538ms
Generating and Compiling example_mats_med/hex/p4/gauss-legendre-lobatto/m6.txt
Running example_mats_med/hex/p4/gauss-legendre-lobatto/m6.txt
Finished running in 130.712ms
Generating and Compiling example_mats_med/hex/p4/gauss-legendre-lobatto/m132.txt
Running example_mats_med/hex/p4/gauss-legendre-lobatto/m132.txt
Finished running in 167.032ms
Generating and Compiling example_mats_med/hex/p4/gauss-legendre-lobatto/m460.txt
Running example_mats_med/hex/p4/gauss-legendre-lobatto/m460.txt
Finished running in 144.62ms
Generating and Compiling example_mats_med/hex/p4/gauss-legendre/m0.txt
Running example_mats_med/hex/p4/gauss-legendre/m0.txt
Finished running in 82.573ms
Generating and Compiling example_mats_med/hex/p4/gauss-legendre/m3.txt
Running example_mats_med/hex/p4/gauss-legendre/m3.txt
Finished running in 79.901ms
Generating and Compiling example_mats_med/hex/p4/gauss-legendre/m6.txt
Running example_mats_med/hex/p4/gauss-legendre/m6.txt
Finished running in 130.474ms
Generating and Compiling example_mats_med/hex/p4/gauss-legendre/m132.txt
Running example_mats_med/hex/p4/gauss-legendre/m132.txt
Finished running in 176.962ms
Generating and Compiling example_mats_med/hex/p4/gauss-legendre/m460.txt
Running example_mats_med/hex/p4/gauss-legendre/m460.txt
Finished running in 147.468ms
Generating and Compiling example_mats_med/hex/p5/gauss-legendre-lobatto/m0.txt
Running example_mats_med/hex/p5/gauss-legendre-lobatto/m0.txt
Finished running in 89.879ms
Generating and Compiling example_mats_med/hex/p5/gauss-legendre-lobatto/m3.txt
Running example_mats_med/hex/p5/gauss-legendre-lobatto/m3.txt
Finished running in 123.311ms
Generating and Compiling example_mats_med/hex/p5/gauss-legendre-lobatto/m6.txt
Running example_mats_med/hex/p5/gauss-legendre-lobatto/m6.txt
Finished running in 221.244ms
Generating and Compiling example_mats_med/hex/p5/gauss-legendre-lobatto/m132.txt
Running example_mats_med/hex/p5/gauss-legendre-lobatto/m132.txt
Finished running in 381.99800000000005ms
Generating and Compiling example_mats_med/hex/p5/gauss-legendre-lobatto/m460.txt
Running example_mats_med/hex/p5/gauss-legendre-lobatto/m460.txt
Finished running in 276.08ms
Generating and Compiling example_mats_med/hex/p5/gauss-legendre/m0.txt
Running example_mats_med/hex/p5/gauss-legendre/m0.txt
Finished running in 144.021ms
Generating and Compiling example_mats_med/hex/p5/gauss-legendre/m3.txt
Running example_mats_med/hex/p5/gauss-legendre/m3.txt
Finished running in 123.525ms
Generating and Compiling example_mats_med/hex/p5/gauss-legendre/m6.txt
Running example_mats_med/hex/p5/gauss-legendre/m6.txt
Finished running in 221.865ms
Generating and Compiling example_mats_med/hex/p5/gauss-legendre/m132.txt
Running example_mats_med/hex/p5/gauss-legendre/m132.txt
Finished running in 413.50300000000004ms
Generating and Compiling example_mats_med/hex/p5/gauss-legendre/m460.txt
Running example_mats_med/hex/p5/gauss-legendre/m460.txt
Finished running in 285.004ms
Generating and Compiling example_mats_med/hex/p6/gauss-legendre-lobatto/m0.txt
Running example_mats_med/hex/p6/gauss-legendre-lobatto/m0.txt
Finished running in 124.534ms
Generating and Compiling example_mats_med/hex/p6/gauss-legendre-lobatto/m3.txt
Running example_mats_med/hex/p6/gauss-legendre-lobatto/m3.txt
Finished running in 191.5ms
Generating and Compiling example_mats_med/hex/p6/gauss-legendre-lobatto/m6.txt
Running example_mats_med/hex/p6/gauss-legendre-lobatto/m6.txt
Finished running in 346.59ms
Generating and Compiling example_mats_med/hex/p6/gauss-legendre-lobatto/m132.txt
Running example_mats_med/hex/p6/gauss-legendre-lobatto/m132.txt
Finished running in 763.008ms
Generating and Compiling example_mats_med/hex/p6/gauss-legendre-lobatto/m460.txt
Running example_mats_med/hex/p6/gauss-legendre-lobatto/m460.txt
Finished running in 616.309ms
Generating and Compiling example_mats_med/hex/p6/gauss-legendre/m0.txt
Running example_mats_med/hex/p6/gauss-legendre/m0.txt
Finished running in 320.451ms
Generating and Compiling example_mats_med/hex/p6/gauss-legendre/m3.txt
Running example_mats_med/hex/p6/gauss-legendre/m3.txt
Finished running in 193.239ms
Generating and Compiling example_mats_med/hex/p6/gauss-legendre/m6.txt
Running example_mats_med/hex/p6/gauss-legendre/m6.txt
Finished running in 345.671ms
Generating and Compiling example_mats_med/hex/p6/gauss-legendre/m132.txt
Running example_mats_med/hex/p6/gauss-legendre/m132.txt
Finished running in 814.466ms
Generating and Compiling example_mats_med/hex/p6/gauss-legendre/m460.txt
Running example_mats_med/hex/p6/gauss-legendre/m460.txt
Finished running in 664.174ms
Generating and Compiling example_mats_med/quad/p1/gauss-legendre/m0.txt
Running example_mats_med/quad/p1/gauss-legendre/m0.txt
Finished running in 1.494ms
Generating and Compiling example_mats_med/quad/p1/gauss-legendre/m3.txt
Running example_mats_med/quad/p1/gauss-legendre/m3.txt
Finished running in 1.127ms
Generating and Compiling example_mats_med/quad/p1/gauss-legendre/m6.txt
Running example_mats_med/quad/p1/gauss-legendre/m6.txt
Finished running in 2.07ms
Generating and Compiling example_mats_med/quad/p1/gauss-legendre/m132.txt
Running example_mats_med/quad/p1/gauss-legendre/m132.txt
Finished running in 1.192ms
Generating and Compiling example_mats_med/quad/p1/gauss-legendre/m460.txt
Running example_mats_med/quad/p1/gauss-legendre/m460.txt
Finished running in 1.569ms
Generating and Compiling example_mats_med/quad/p2/gauss-legendre-lobatto/m0.txt
Running example_mats_med/quad/p2/gauss-legendre-lobatto/m0.txt
Finished running in 2.871ms
Generating and Compiling example_mats_med/quad/p2/gauss-legendre-lobatto/m3.txt
Running example_mats_med/quad/p2/gauss-legendre-lobatto/m3.txt
Finished running in 2.555ms
Generating and Compiling example_mats_med/quad/p2/gauss-legendre-lobatto/m6.txt
Running example_mats_med/quad/p2/gauss-legendre-lobatto/m6.txt
Finished running in 4.644ms
Generating and Compiling example_mats_med/quad/p2/gauss-legendre-lobatto/m132.txt
Running example_mats_med/quad/p2/gauss-legendre-lobatto/m132.txt
Finished running in 3.137ms
Generating and Compiling example_mats_med/quad/p2/gauss-legendre-lobatto/m460.txt
Running example_mats_med/quad/p2/gauss-legendre-lobatto/m460.txt
Finished running in 4.565ms
Generating and Compiling example_mats_med/quad/p2/gauss-legendre/m0.txt
Running example_mats_med/quad/p2/gauss-legendre/m0.txt
Finished running in 2.949ms
Generating and Compiling example_mats_med/quad/p2/gauss-legendre/m3.txt
Running example_mats_med/quad/p2/gauss-legendre/m3.txt
Finished running in 2.516ms
Generating and Compiling example_mats_med/quad/p2/gauss-legendre/m6.txt
Running example_mats_med/quad/p2/gauss-legendre/m6.txt
Finished running in 4.56ms
Generating and Compiling example_mats_med/quad/p2/gauss-legendre/m132.txt
Running example_mats_med/quad/p2/gauss-legendre/m132.txt
Finished running in 3.137ms
Generating and Compiling example_mats_med/quad/p2/gauss-legendre/m460.txt
Running example_mats_med/quad/p2/gauss-legendre/m460.txt
Finished running in 4.507ms
Generating and Compiling example_mats_med/quad/p3/gauss-legendre-lobatto/m0.txt
Running example_mats_med/quad/p3/gauss-legendre-lobatto/m0.txt
Finished running in 4.012ms
Generating and Compiling example_mats_med/quad/p3/gauss-legendre-lobatto/m3.txt
Running example_mats_med/quad/p3/gauss-legendre-lobatto/m3.txt
Finished running in 4.645ms
Generating and Compiling example_mats_med/quad/p3/gauss-legendre-lobatto/m6.txt
Running example_mats_med/quad/p3/gauss-legendre-lobatto/m6.txt
Finished running in 8.186ms
Generating and Compiling example_mats_med/quad/p3/gauss-legendre-lobatto/m132.txt
Running example_mats_med/quad/p3/gauss-legendre-lobatto/m132.txt
Finished running in 7.091ms
Generating and Compiling example_mats_med/quad/p3/gauss-legendre-lobatto/m460.txt
Running example_mats_med/quad/p3/gauss-legendre-lobatto/m460.txt
Finished running in 9.025ms
Generating and Compiling example_mats_med/quad/p3/gauss-legendre/m0.txt
Running example_mats_med/quad/p3/gauss-legendre/m0.txt
Finished running in 4.968ms
Generating and Compiling example_mats_med/quad/p3/gauss-legendre/m3.txt
Running example_mats_med/quad/p3/gauss-legendre/m3.txt
Finished running in 4.642ms
Generating and Compiling example_mats_med/quad/p3/gauss-legendre/m6.txt
Running example_mats_med/quad/p3/gauss-legendre/m6.txt
Finished running in 8.146ms
Generating and Compiling example_mats_med/quad/p3/gauss-legendre/m132.txt
Running example_mats_med/quad/p3/gauss-legendre/m132.txt
Finished running in 7.347ms
Generating and Compiling example_mats_med/quad/p3/gauss-legendre/m460.txt
Running example_mats_med/quad/p3/gauss-legendre/m460.txt
Finished running in 9.105ms
Generating and Compiling example_mats_med/quad/p4/gauss-legendre-lobatto/m0.txt
Running example_mats_med/quad/p4/gauss-legendre-lobatto/m0.txt
Finished running in 5.123ms
Generating and Compiling example_mats_med/quad/p4/gauss-legendre-lobatto/m3.txt
Running example_mats_med/quad/p4/gauss-legendre-lobatto/m3.txt
Finished running in 7.367ms
Generating and Compiling example_mats_med/quad/p4/gauss-legendre-lobatto/m6.txt
Running example_mats_med/quad/p4/gauss-legendre-lobatto/m6.txt
Finished running in 12.802ms
Generating and Compiling example_mats_med/quad/p4/gauss-legendre-lobatto/m132.txt
Running example_mats_med/quad/p4/gauss-legendre-lobatto/m132.txt
Finished running in 15.545ms
Generating and Compiling example_mats_med/quad/p4/gauss-legendre-lobatto/m460.txt
Running example_mats_med/quad/p4/gauss-legendre-lobatto/m460.txt
Finished running in 15.792ms
Generating and Compiling example_mats_med/quad/p4/gauss-legendre/m0.txt
Running example_mats_med/quad/p4/gauss-legendre/m0.txt
Finished running in 7.631ms
Generating and Compiling example_mats_med/quad/p4/gauss-legendre/m3.txt
Running example_mats_med/quad/p4/gauss-legendre/m3.txt
Finished running in 7.434ms
Generating and Compiling example_mats_med/quad/p4/gauss-legendre/m6.txt
Running example_mats_med/quad/p4/gauss-legendre/m6.txt
Finished running in 12.789ms
Generating and Compiling example_mats_med/quad/p4/gauss-legendre/m132.txt
Running example_mats_med/quad/p4/gauss-legendre/m132.txt
Finished running in 15.549ms
Generating and Compiling example_mats_med/quad/p4/gauss-legendre/m460.txt
Running example_mats_med/quad/p4/gauss-legendre/m460.txt
Finished running in 16.189ms
Generating and Compiling example_mats_med/quad/p5/gauss-legendre-lobatto/m0.txt
Running example_mats_med/quad/p5/gauss-legendre-lobatto/m0.txt
Finished running in 6.342ms
Generating and Compiling example_mats_med/quad/p5/gauss-legendre-lobatto/m3.txt
Running example_mats_med/quad/p5/gauss-legendre-lobatto/m3.txt
Finished running in 10.878ms
Generating and Compiling example_mats_med/quad/p5/gauss-legendre-lobatto/m6.txt
Running example_mats_med/quad/p5/gauss-legendre-lobatto/m6.txt
Finished running in 18.572ms
Generating and Compiling example_mats_med/quad/p5/gauss-legendre-lobatto/m132.txt
Running example_mats_med/quad/p5/gauss-legendre-lobatto/m132.txt
Finished running in 31.329ms
Generating and Compiling example_mats_med/quad/p5/gauss-legendre-lobatto/m460.txt
Running example_mats_med/quad/p5/gauss-legendre-lobatto/m460.txt
Finished running in 25.635ms
Generating and Compiling example_mats_med/quad/p5/gauss-legendre/m0.txt
Running example_mats_med/quad/p5/gauss-legendre/m0.txt
Finished running in 11.385ms
Generating and Compiling example_mats_med/quad/p5/gauss-legendre/m3.txt
Running example_mats_med/quad/p5/gauss-legendre/m3.txt
Finished running in 10.836ms
Generating and Compiling example_mats_med/quad/p5/gauss-legendre/m6.txt
Running example_mats_med/quad/p5/gauss-legendre/m6.txt
Finished running in 18.644ms
Generating and Compiling example_mats_med/quad/p5/gauss-legendre/m132.txt
Running example_mats_med/quad/p5/gauss-legendre/m132.txt
Finished running in 32.444ms
Generating and Compiling example_mats_med/quad/p5/gauss-legendre/m460.txt
Running example_mats_med/quad/p5/gauss-legendre/m460.txt
Finished running in 26.946ms
Generating and Compiling example_mats_med/quad/p6/gauss-legendre-lobatto/m0.txt
Running example_mats_med/quad/p6/gauss-legendre-lobatto/m0.txt
Finished running in 7.546ms
Generating and Compiling example_mats_med/quad/p6/gauss-legendre-lobatto/m3.txt
Running example_mats_med/quad/p6/gauss-legendre-lobatto/m3.txt
Finished running in 15.204ms
Generating and Compiling example_mats_med/quad/p6/gauss-legendre-lobatto/m6.txt
Running example_mats_med/quad/p6/gauss-legendre-lobatto/m6.txt
Finished running in 25.581ms
Generating and Compiling example_mats_med/quad/p6/gauss-legendre-lobatto/m132.txt
Running example_mats_med/quad/p6/gauss-legendre-lobatto/m132.txt
Finished running in 46.262ms
Generating and Compiling example_mats_med/quad/p6/gauss-legendre-lobatto/m460.txt
Running example_mats_med/quad/p6/gauss-legendre-lobatto/m460.txt
Finished running in 39.536ms
Generating and Compiling example_mats_med/quad/p6/gauss-legendre/m0.txt
Running example_mats_med/quad/p6/gauss-legendre/m0.txt
Finished running in 16.519ms
Generating and Compiling example_mats_med/quad/p6/gauss-legendre/m3.txt
Running example_mats_med/quad/p6/gauss-legendre/m3.txt
Finished running in 15.31ms
Generating and Compiling example_mats_med/quad/p6/gauss-legendre/m6.txt
Running example_mats_med/quad/p6/gauss-legendre/m6.txt
Finished running in 25.258ms
Generating and Compiling example_mats_med/quad/p6/gauss-legendre/m132.txt
Running example_mats_med/quad/p6/gauss-legendre/m132.txt
Finished running in 46.858ms
Generating and Compiling example_mats_med/quad/p6/gauss-legendre/m460.txt
Running example_mats_med/quad/p6/gauss-legendre/m460.txt
Finished running in 40.435ms
Generating and Compiling example_mats_med/tet/p1/shunn-ham/m0.txt
Running example_mats_med/tet/p1/shunn-ham/m0.txt
Finished running in 2.602ms
Generating and Compiling example_mats_med/tet/p1/shunn-ham/m3.txt
Running example_mats_med/tet/p1/shunn-ham/m3.txt
Finished running in 1.718ms
Generating and Compiling example_mats_med/tet/p1/shunn-ham/m6.txt
Running example_mats_med/tet/p1/shunn-ham/m6.txt
Finished running in 3.479ms
Generating and Compiling example_mats_med/tet/p1/shunn-ham/m132.txt
Running example_mats_med/tet/p1/shunn-ham/m132.txt
Finished running in 1.503ms
Generating and Compiling example_mats_med/tet/p1/shunn-ham/m460.txt
Running example_mats_med/tet/p1/shunn-ham/m460.txt
Finished running in 1.421ms
Generating and Compiling example_mats_med/tet/p2/shunn-ham/m0.txt
Running example_mats_med/tet/p2/shunn-ham/m0.txt
Finished running in 7.47ms
Generating and Compiling example_mats_med/tet/p2/shunn-ham/m3.txt
Running example_mats_med/tet/p2/shunn-ham/m3.txt
Finished running in 7.227ms
Generating and Compiling example_mats_med/tet/p2/shunn-ham/m6.txt
Running example_mats_med/tet/p2/shunn-ham/m6.txt
Finished running in 11.68ms
Generating and Compiling example_mats_med/tet/p2/shunn-ham/m132.txt
Running example_mats_med/tet/p2/shunn-ham/m132.txt
Finished running in 8.494ms
Generating and Compiling example_mats_med/tet/p2/shunn-ham/m460.txt
Running example_mats_med/tet/p2/shunn-ham/m460.txt
Finished running in 9.149ms
Generating and Compiling example_mats_med/tet/p3/shunn-ham/m0.txt
Running example_mats_med/tet/p3/shunn-ham/m0.txt
Finished running in 20.99ms
Generating and Compiling example_mats_med/tet/p3/shunn-ham/m3.txt
Running example_mats_med/tet/p3/shunn-ham/m3.txt
Finished running in 22.798ms
Generating and Compiling example_mats_med/tet/p3/shunn-ham/m6.txt
Running example_mats_med/tet/p3/shunn-ham/m6.txt
Finished running in 33.942ms
Generating and Compiling example_mats_med/tet/p4/shunn-ham/m0.txt
Running example_mats_med/tet/p4/shunn-ham/m0.txt
Finished running in 53.526ms
Generating and Compiling example_mats_med/tri/p1/williams-shunn/m0.txt
Running example_mats_med/tri/p1/williams-shunn/m0.txt
Finished running in 0.995ms
Generating and Compiling example_mats_med/tri/p1/williams-shunn/m3.txt
Running example_mats_med/tri/p1/williams-shunn/m3.txt
Finished running in 0.843ms
Generating and Compiling example_mats_med/tri/p1/williams-shunn/m6.txt
Running example_mats_med/tri/p1/williams-shunn/m6.txt
Finished running in 1.479ms
Generating and Compiling example_mats_med/tri/p1/williams-shunn/m132.txt
Running example_mats_med/tri/p1/williams-shunn/m132.txt
Finished running in 0.75ms
Generating and Compiling example_mats_med/tri/p1/williams-shunn/m460.txt
Running example_mats_med/tri/p1/williams-shunn/m460.txt
Finished running in 0.838ms
Generating and Compiling example_mats_med/tri/p2/williams-shunn/m0.txt
Running example_mats_med/tri/p2/williams-shunn/m0.txt
Finished running in 2.362ms
Generating and Compiling example_mats_med/tri/p2/williams-shunn/m3.txt
Running example_mats_med/tri/p2/williams-shunn/m3.txt
Finished running in 1.984ms
Generating and Compiling example_mats_med/tri/p2/williams-shunn/m6.txt
Running example_mats_med/tri/p2/williams-shunn/m6.txt
Finished running in 3.332ms
Generating and Compiling example_mats_med/tri/p2/williams-shunn/m132.txt
Running example_mats_med/tri/p2/williams-shunn/m132.txt
Finished running in 2.305ms
Generating and Compiling example_mats_med/tri/p2/williams-shunn/m460.txt
Running example_mats_med/tri/p2/williams-shunn/m460.txt
Finished running in 2.928ms
Generating and Compiling example_mats_med/tri/p3/williams-shunn/m0.txt
Running example_mats_med/tri/p3/williams-shunn/m0.txt
Finished running in 3.93ms
Generating and Compiling example_mats_med/tri/p3/williams-shunn/m3.txt
Running example_mats_med/tri/p3/williams-shunn/m3.txt
Finished running in 3.789ms
Generating and Compiling example_mats_med/tri/p3/williams-shunn/m6.txt
Running example_mats_med/tri/p3/williams-shunn/m6.txt
Finished running in 5.856ms
Generating and Compiling example_mats_med/tri/p3/williams-shunn/m132.txt
Running example_mats_med/tri/p3/williams-shunn/m132.txt
Finished running in 5.932ms
Generating and Compiling example_mats_med/tri/p3/williams-shunn/m460.txt
Running example_mats_med/tri/p3/williams-shunn/m460.txt
Finished running in 6.306ms
Generating and Compiling example_mats_med/tri/p4/williams-shunn/m0.txt
Running example_mats_med/tri/p4/williams-shunn/m0.txt
Finished running in 6.367ms
Generating and Compiling example_mats_med/tri/p4/williams-shunn/m3.txt
Running example_mats_med/tri/p4/williams-shunn/m3.txt
Finished running in 6.427ms
Generating and Compiling example_mats_med/tri/p4/williams-shunn/m6.txt
Running example_mats_med/tri/p4/williams-shunn/m6.txt
Finished running in 9.557ms
Generating and Compiling example_mats_med/tri/p5/williams-shunn/m0.txt
Running example_mats_med/tri/p5/williams-shunn/m0.txt
Finished running in 10.022ms
Generating and Compiling example_mats_med/tri/p5/williams-shunn/m3.txt
Running example_mats_med/tri/p5/williams-shunn/m3.txt
Finished running in 10.593ms
Generating and Compiling example_mats_med/tri/p5/williams-shunn/m6.txt
Running example_mats_med/tri/p5/williams-shunn/m6.txt
Finished running in 15.435ms
Generating and Compiling example_mats_med/tri/p6/williams-shunn/m0.txt
Running example_mats_med/tri/p6/williams-shunn/m0.txt
Finished running in 15.919ms
