Generating and Compiling example_mats_small/hex/p1/gauss-legendre/m0.txt
Running example_mats_small/hex/p1/gauss-legendre/m0.txt
Finished running in 5.403ms
Generating and Compiling example_mats_small/hex/p1/gauss-legendre/m3.txt
Running example_mats_small/hex/p1/gauss-legendre/m3.txt
Finished running in 3.199ms
Generating and Compiling example_mats_small/hex/p1/gauss-legendre/m6.txt
Running example_mats_small/hex/p1/gauss-legendre/m6.txt
Finished running in 6.354ms
Generating and Compiling example_mats_small/hex/p1/gauss-legendre/m132.txt
Running example_mats_small/hex/p1/gauss-legendre/m132.txt
Finished running in 3.176ms
Generating and Compiling example_mats_small/hex/p1/gauss-legendre/m460.txt
Running example_mats_small/hex/p1/gauss-legendre/m460.txt
Finished running in 5.246ms
Generating and Compiling example_mats_small/hex/p2/gauss-legendre-lobatto/m0.txt
Running example_mats_small/hex/p2/gauss-legendre-lobatto/m0.txt
Finished running in 13.372ms
Generating and Compiling example_mats_small/hex/p2/gauss-legendre-lobatto/m3.txt
Running example_mats_small/hex/p2/gauss-legendre-lobatto/m3.txt
Finished running in 18.952ms
Generating and Compiling example_mats_small/hex/p2/gauss-legendre-lobatto/m6.txt
Running example_mats_small/hex/p2/gauss-legendre-lobatto/m6.txt
Finished running in 30.733ms
Generating and Compiling example_mats_small/hex/p2/gauss-legendre-lobatto/m132.txt
Running example_mats_small/hex/p2/gauss-legendre-lobatto/m132.txt
Finished running in 28.626ms
Generating and Compiling example_mats_small/hex/p2/gauss-legendre-lobatto/m460.txt
Running example_mats_small/hex/p2/gauss-legendre-lobatto/m460.txt
Finished running in 21.894ms
Generating and Compiling example_mats_small/hex/p2/gauss-legendre/m0.txt
Running example_mats_small/hex/p2/gauss-legendre/m0.txt
Finished running in 16.291ms
Generating and Compiling example_mats_small/hex/p2/gauss-legendre/m3.txt
Running example_mats_small/hex/p2/gauss-legendre/m3.txt
Finished running in 19.299ms
Generating and Compiling example_mats_small/hex/p2/gauss-legendre/m6.txt
Running example_mats_small/hex/p2/gauss-legendre/m6.txt
Finished running in 31.166ms
Generating and Compiling example_mats_small/hex/p2/gauss-legendre/m132.txt
Running example_mats_small/hex/p2/gauss-legendre/m132.txt
Finished running in 28.286ms
Generating and Compiling example_mats_small/hex/p2/gauss-legendre/m460.txt
Running example_mats_small/hex/p2/gauss-legendre/m460.txt
Finished running in 21.765ms
Generating and Compiling example_mats_small/hex/p3/gauss-legendre-lobatto/m0.txt
Running example_mats_small/hex/p3/gauss-legendre-lobatto/m0.txt
Finished running in 34.251ms
Generating and Compiling example_mats_small/hex/p3/gauss-legendre-lobatto/m3.txt
Running example_mats_small/hex/p3/gauss-legendre-lobatto/m3.txt
Finished running in 43.23ms
Generating and Compiling example_mats_small/hex/p3/gauss-legendre-lobatto/m6.txt
Running example_mats_small/hex/p3/gauss-legendre-lobatto/m6.txt
Finished running in 66.492ms
Generating and Compiling example_mats_small/hex/p3/gauss-legendre-lobatto/m132.txt
Running example_mats_small/hex/p3/gauss-legendre-lobatto/m132.txt
Finished running in 74.082ms
Generating and Compiling example_mats_small/hex/p3/gauss-legendre-lobatto/m460.txt
Running example_mats_small/hex/p3/gauss-legendre-lobatto/m460.txt
Finished running in 57.263ms
Generating and Compiling example_mats_small/hex/p3/gauss-legendre/m0.txt
Running example_mats_small/hex/p3/gauss-legendre/m0.txt
Finished running in 33.981ms
Generating and Compiling example_mats_small/hex/p3/gauss-legendre/m3.txt
Running example_mats_small/hex/p3/gauss-legendre/m3.txt
Finished running in 43.047ms
Generating and Compiling example_mats_small/hex/p3/gauss-legendre/m6.txt
Running example_mats_small/hex/p3/gauss-legendre/m6.txt
Finished running in 66.398ms
Generating and Compiling example_mats_small/hex/p3/gauss-legendre/m132.txt
Running example_mats_small/hex/p3/gauss-legendre/m132.txt
Finished running in 72.792ms
Generating and Compiling example_mats_small/hex/p3/gauss-legendre/m460.txt
Running example_mats_small/hex/p3/gauss-legendre/m460.txt
Finished running in 58.576ms
Generating and Compiling example_mats_small/hex/p4/gauss-legendre-lobatto/m0.txt
Running example_mats_small/hex/p4/gauss-legendre-lobatto/m0.txt
Finished running in 58.642ms
Generating and Compiling example_mats_small/hex/p4/gauss-legendre-lobatto/m3.txt
Running example_mats_small/hex/p4/gauss-legendre-lobatto/m3.txt
Finished running in 75.409ms
Generating and Compiling example_mats_small/hex/p4/gauss-legendre-lobatto/m6.txt
Running example_mats_small/hex/p4/gauss-legendre-lobatto/m6.txt
Finished running in 121.275ms
Generating and Compiling example_mats_small/hex/p4/gauss-legendre-lobatto/m132.txt
Running example_mats_small/hex/p4/gauss-legendre-lobatto/m132.txt
Finished running in 169.342ms
Generating and Compiling example_mats_small/hex/p4/gauss-legendre-lobatto/m460.txt
Running example_mats_small/hex/p4/gauss-legendre-lobatto/m460.txt
Finished running in 136.484ms
Generating and Compiling example_mats_small/hex/p4/gauss-legendre/m0.txt
Running example_mats_small/hex/p4/gauss-legendre/m0.txt
Finished running in 66.96ms
Generating and Compiling example_mats_small/hex/p4/gauss-legendre/m3.txt
Running example_mats_small/hex/p4/gauss-legendre/m3.txt
Finished running in 75.358ms
Generating and Compiling example_mats_small/hex/p4/gauss-legendre/m6.txt
Running example_mats_small/hex/p4/gauss-legendre/m6.txt
Finished running in 121.38199999999995ms
Generating and Compiling example_mats_small/hex/p4/gauss-legendre/m132.txt
Running example_mats_small/hex/p4/gauss-legendre/m132.txt
Finished running in 173.642ms
Generating and Compiling example_mats_small/hex/p4/gauss-legendre/m460.txt
Running example_mats_small/hex/p4/gauss-legendre/m460.txt
Finished running in 138.564ms
Generating and Compiling example_mats_small/hex/p5/gauss-legendre-lobatto/m0.txt
Running example_mats_small/hex/p5/gauss-legendre-lobatto/m0.txt
Finished running in 87.133ms
Generating and Compiling example_mats_small/hex/p5/gauss-legendre-lobatto/m3.txt
Running example_mats_small/hex/p5/gauss-legendre-lobatto/m3.txt
Finished running in 112.951ms
Generating and Compiling example_mats_small/hex/p5/gauss-legendre-lobatto/m6.txt
Running example_mats_small/hex/p5/gauss-legendre-lobatto/m6.txt
Finished running in 207.113ms
Generating and Compiling example_mats_small/hex/p5/gauss-legendre/m0.txt
Running example_mats_small/hex/p5/gauss-legendre/m0.txt
Finished running in 142.821ms
Generating and Compiling example_mats_small/hex/p5/gauss-legendre/m3.txt
Running example_mats_small/hex/p5/gauss-legendre/m3.txt
Finished running in 112.936ms
Generating and Compiling example_mats_small/hex/p5/gauss-legendre/m6.txt
Running example_mats_small/hex/p5/gauss-legendre/m6.txt
Finished running in 207.093ms
Generating and Compiling example_mats_small/hex/p6/gauss-legendre-lobatto/m0.txt
Running example_mats_small/hex/p6/gauss-legendre-lobatto/m0.txt
Finished running in 125.941ms
Generating and Compiling example_mats_small/hex/p6/gauss-legendre-lobatto/m3.txt
Running example_mats_small/hex/p6/gauss-legendre-lobatto/m3.txt
Finished running in 169.088ms
Generating and Compiling example_mats_small/hex/p6/gauss-legendre-lobatto/m6.txt
Running example_mats_small/hex/p6/gauss-legendre-lobatto/m6.txt
Finished running in 323.922ms
Generating and Compiling example_mats_small/hex/p6/gauss-legendre/m0.txt
Running example_mats_small/hex/p6/gauss-legendre/m0.txt
Finished running in 289.128ms
Generating and Compiling example_mats_small/hex/p6/gauss-legendre/m3.txt
Running example_mats_small/hex/p6/gauss-legendre/m3.txt
Finished running in 169.788ms
Generating and Compiling example_mats_small/hex/p6/gauss-legendre/m6.txt
Running example_mats_small/hex/p6/gauss-legendre/m6.txt
Finished running in 325.263ms
Generating and Compiling example_mats_small/quad/p1/gauss-legendre/m0.txt
Running example_mats_small/quad/p1/gauss-legendre/m0.txt
Finished running in 1.296ms
Generating and Compiling example_mats_small/quad/p1/gauss-legendre/m3.txt
Running example_mats_small/quad/p1/gauss-legendre/m3.txt
Finished running in 1.002ms
Generating and Compiling example_mats_small/quad/p1/gauss-legendre/m6.txt
Running example_mats_small/quad/p1/gauss-legendre/m6.txt
Finished running in 1.767ms
Generating and Compiling example_mats_small/quad/p1/gauss-legendre/m132.txt
Running example_mats_small/quad/p1/gauss-legendre/m132.txt
Finished running in 1.139ms
Generating and Compiling example_mats_small/quad/p1/gauss-legendre/m460.txt
Running example_mats_small/quad/p1/gauss-legendre/m460.txt
Finished running in 1.443ms
Generating and Compiling example_mats_small/quad/p2/gauss-legendre-lobatto/m0.txt
Running example_mats_small/quad/p2/gauss-legendre-lobatto/m0.txt
Finished running in 2.485ms
Generating and Compiling example_mats_small/quad/p2/gauss-legendre-lobatto/m3.txt
Running example_mats_small/quad/p2/gauss-legendre-lobatto/m3.txt
Finished running in 2.396ms
Generating and Compiling example_mats_small/quad/p2/gauss-legendre-lobatto/m6.txt
Running example_mats_small/quad/p2/gauss-legendre-lobatto/m6.txt
Finished running in 4.184ms
Generating and Compiling example_mats_small/quad/p2/gauss-legendre-lobatto/m132.txt
Running example_mats_small/quad/p2/gauss-legendre-lobatto/m132.txt
Finished running in 2.946ms
Generating and Compiling example_mats_small/quad/p2/gauss-legendre-lobatto/m460.txt
Running example_mats_small/quad/p2/gauss-legendre-lobatto/m460.txt
Finished running in 3.879ms
Generating and Compiling example_mats_small/quad/p2/gauss-legendre/m0.txt
Running example_mats_small/quad/p2/gauss-legendre/m0.txt
Finished running in 2.809ms
Generating and Compiling example_mats_small/quad/p2/gauss-legendre/m3.txt
Running example_mats_small/quad/p2/gauss-legendre/m3.txt
Finished running in 2.315ms
Generating and Compiling example_mats_small/quad/p2/gauss-legendre/m6.txt
Running example_mats_small/quad/p2/gauss-legendre/m6.txt
Finished running in 4.165ms
Generating and Compiling example_mats_small/quad/p2/gauss-legendre/m132.txt
Running example_mats_small/quad/p2/gauss-legendre/m132.txt
Finished running in 2.966ms
Generating and Compiling example_mats_small/quad/p2/gauss-legendre/m460.txt
Running example_mats_small/quad/p2/gauss-legendre/m460.txt
Finished running in 4.193ms
Generating and Compiling example_mats_small/quad/p3/gauss-legendre-lobatto/m0.txt
Running example_mats_small/quad/p3/gauss-legendre-lobatto/m0.txt
Finished running in 3.786ms
Generating and Compiling example_mats_small/quad/p3/gauss-legendre-lobatto/m3.txt
Running example_mats_small/quad/p3/gauss-legendre-lobatto/m3.txt
Finished running in 4.404ms
Generating and Compiling example_mats_small/quad/p3/gauss-legendre-lobatto/m6.txt
Running example_mats_small/quad/p3/gauss-legendre-lobatto/m6.txt
Finished running in 7.65ms
Generating and Compiling example_mats_small/quad/p3/gauss-legendre-lobatto/m132.txt
Running example_mats_small/quad/p3/gauss-legendre-lobatto/m132.txt
Finished running in 6.462ms
Generating and Compiling example_mats_small/quad/p3/gauss-legendre-lobatto/m460.txt
Running example_mats_small/quad/p3/gauss-legendre-lobatto/m460.txt
Finished running in 8.627ms
Generating and Compiling example_mats_small/quad/p3/gauss-legendre/m0.txt
Running example_mats_small/quad/p3/gauss-legendre/m0.txt
Finished running in 4.75ms
Generating and Compiling example_mats_small/quad/p3/gauss-legendre/m3.txt
Running example_mats_small/quad/p3/gauss-legendre/m3.txt
Finished running in 4.393ms
Generating and Compiling example_mats_small/quad/p3/gauss-legendre/m6.txt
Running example_mats_small/quad/p3/gauss-legendre/m6.txt
Finished running in 7.498ms
Generating and Compiling example_mats_small/quad/p3/gauss-legendre/m132.txt
Running example_mats_small/quad/p3/gauss-legendre/m132.txt
Finished running in 6.733ms
Generating and Compiling example_mats_small/quad/p3/gauss-legendre/m460.txt
Running example_mats_small/quad/p3/gauss-legendre/m460.txt
Finished running in 8.591ms
Generating and Compiling example_mats_small/quad/p4/gauss-legendre-lobatto/m0.txt
Running example_mats_small/quad/p4/gauss-legendre-lobatto/m0.txt
Finished running in 4.802ms
Generating and Compiling example_mats_small/quad/p4/gauss-legendre-lobatto/m3.txt
Running example_mats_small/quad/p4/gauss-legendre-lobatto/m3.txt
Finished running in 7.139ms
Generating and Compiling example_mats_small/quad/p4/gauss-legendre-lobatto/m6.txt
Running example_mats_small/quad/p4/gauss-legendre-lobatto/m6.txt
Finished running in 12.208ms
Generating and Compiling example_mats_small/quad/p4/gauss-legendre-lobatto/m132.txt
Running example_mats_small/quad/p4/gauss-legendre-lobatto/m132.txt
Finished running in 13.24ms
Generating and Compiling example_mats_small/quad/p4/gauss-legendre-lobatto/m460.txt
Running example_mats_small/quad/p4/gauss-legendre-lobatto/m460.txt
Finished running in 14.958ms
Generating and Compiling example_mats_small/quad/p4/gauss-legendre/m0.txt
Running example_mats_small/quad/p4/gauss-legendre/m0.txt
Finished running in 6.948ms
Generating and Compiling example_mats_small/quad/p4/gauss-legendre/m3.txt
Running example_mats_small/quad/p4/gauss-legendre/m3.txt
Finished running in 6.993ms
Generating and Compiling example_mats_small/quad/p4/gauss-legendre/m6.txt
Running example_mats_small/quad/p4/gauss-legendre/m6.txt
Finished running in 12.058ms
Generating and Compiling example_mats_small/quad/p4/gauss-legendre/m132.txt
Running example_mats_small/quad/p4/gauss-legendre/m132.txt
Finished running in 13.585ms
Generating and Compiling example_mats_small/quad/p4/gauss-legendre/m460.txt
Running example_mats_small/quad/p4/gauss-legendre/m460.txt
Finished running in 15.304ms
Generating and Compiling example_mats_small/quad/p5/gauss-legendre-lobatto/m0.txt
Running example_mats_small/quad/p5/gauss-legendre-lobatto/m0.txt
Finished running in 6.086000000000013ms
Generating and Compiling example_mats_small/quad/p5/gauss-legendre-lobatto/m3.txt
Running example_mats_small/quad/p5/gauss-legendre-lobatto/m3.txt
Finished running in 10.472ms
Generating and Compiling example_mats_small/quad/p5/gauss-legendre-lobatto/m6.txt
Running example_mats_small/quad/p5/gauss-legendre-lobatto/m6.txt
Finished running in 17.777ms
Generating and Compiling example_mats_small/quad/p5/gauss-legendre/m0.txt
Running example_mats_small/quad/p5/gauss-legendre/m0.txt
Finished running in 9.982ms
Generating and Compiling example_mats_small/quad/p5/gauss-legendre/m3.txt
Running example_mats_small/quad/p5/gauss-legendre/m3.txt
Finished running in 10.282ms
Generating and Compiling example_mats_small/quad/p5/gauss-legendre/m6.txt
Running example_mats_small/quad/p5/gauss-legendre/m6.txt
Finished running in 17.925ms
Generating and Compiling example_mats_small/quad/p6/gauss-legendre-lobatto/m0.txt
Running example_mats_small/quad/p6/gauss-legendre-lobatto/m0.txt
Finished running in 7.159ms
Generating and Compiling example_mats_small/quad/p6/gauss-legendre-lobatto/m3.txt
Running example_mats_small/quad/p6/gauss-legendre-lobatto/m3.txt
Finished running in 14.395ms
Generating and Compiling example_mats_small/quad/p6/gauss-legendre-lobatto/m6.txt
Running example_mats_small/quad/p6/gauss-legendre-lobatto/m6.txt
Finished running in 24.51ms
Generating and Compiling example_mats_small/quad/p6/gauss-legendre/m0.txt
Running example_mats_small/quad/p6/gauss-legendre/m0.txt
Finished running in 13.529ms
Generating and Compiling example_mats_small/quad/p6/gauss-legendre/m3.txt
Running example_mats_small/quad/p6/gauss-legendre/m3.txt
Finished running in 14.471ms
Generating and Compiling example_mats_small/quad/p6/gauss-legendre/m6.txt
Running example_mats_small/quad/p6/gauss-legendre/m6.txt
Finished running in 24.547ms
Generating and Compiling example_mats_small/tet/p1/shunn-ham/m0.txt
Running example_mats_small/tet/p1/shunn-ham/m0.txt
Finished running in 2.48ms
Generating and Compiling example_mats_small/tet/p1/shunn-ham/m3.txt
Running example_mats_small/tet/p1/shunn-ham/m3.txt
Finished running in 1.669ms
Generating and Compiling example_mats_small/tet/p1/shunn-ham/m6.txt
Running example_mats_small/tet/p1/shunn-ham/m6.txt
Finished running in 3.148ms
Generating and Compiling example_mats_small/tet/p1/shunn-ham/m132.txt
Running example_mats_small/tet/p1/shunn-ham/m132.txt
Finished running in 1.434ms
Generating and Compiling example_mats_small/tet/p1/shunn-ham/m460.txt
Running example_mats_small/tet/p1/shunn-ham/m460.txt
Finished running in 1.446ms
Generating and Compiling example_mats_small/tet/p2/shunn-ham/m0.txt
Running example_mats_small/tet/p2/shunn-ham/m0.txt
Finished running in 7.281ms
Generating and Compiling example_mats_small/tet/p2/shunn-ham/m3.txt
Running example_mats_small/tet/p2/shunn-ham/m3.txt
Finished running in 8.855ms
Generating and Compiling example_mats_small/tet/p2/shunn-ham/m6.txt
Running example_mats_small/tet/p2/shunn-ham/m6.txt
Finished running in 11.757ms
Generating and Compiling example_mats_small/tri/p1/williams-shunn/m0.txt
Running example_mats_small/tri/p1/williams-shunn/m0.txt
Finished running in 1.04ms
Generating and Compiling example_mats_small/tri/p1/williams-shunn/m3.txt
Running example_mats_small/tri/p1/williams-shunn/m3.txt
Finished running in 0.809ms
Generating and Compiling example_mats_small/tri/p1/williams-shunn/m6.txt
Running example_mats_small/tri/p1/williams-shunn/m6.txt
Finished running in 1.169ms
Generating and Compiling example_mats_small/tri/p1/williams-shunn/m132.txt
Running example_mats_small/tri/p1/williams-shunn/m132.txt
Finished running in 0.687ms
Generating and Compiling example_mats_small/tri/p1/williams-shunn/m460.txt
Running example_mats_small/tri/p1/williams-shunn/m460.txt
Finished running in 0.703ms
Generating and Compiling example_mats_small/tri/p2/williams-shunn/m0.txt
Running example_mats_small/tri/p2/williams-shunn/m0.txt
Finished running in 1.925ms
Generating and Compiling example_mats_small/tri/p2/williams-shunn/m3.txt
Running example_mats_small/tri/p2/williams-shunn/m3.txt
Finished running in 1.728ms
Generating and Compiling example_mats_small/tri/p2/williams-shunn/m6.txt
Running example_mats_small/tri/p2/williams-shunn/m6.txt
Finished running in 2.809ms
Generating and Compiling example_mats_small/tri/p2/williams-shunn/m132.txt
Running example_mats_small/tri/p2/williams-shunn/m132.txt
Finished running in 2.233ms
Generating and Compiling example_mats_small/tri/p2/williams-shunn/m460.txt
Running example_mats_small/tri/p2/williams-shunn/m460.txt
Finished running in 2.551ms
Generating and Compiling example_mats_small/tri/p3/williams-shunn/m0.txt
Running example_mats_small/tri/p3/williams-shunn/m0.txt
Finished running in 3.592ms
