Generating and Compiling example_mats_small/hex/p1/gauss-legendre/m0.txt
Running example_mats_small/hex/p1/gauss-legendre/m0.txt
Finished running in 5.343ms
Generating and Compiling example_mats_small/hex/p1/gauss-legendre/m3.txt
Running example_mats_small/hex/p1/gauss-legendre/m3.txt
Finished running in 3.116ms
Generating and Compiling example_mats_small/hex/p1/gauss-legendre/m6.txt
Running example_mats_small/hex/p1/gauss-legendre/m6.txt
Finished running in 6.306ms
Generating and Compiling example_mats_small/hex/p1/gauss-legendre/m132.txt
Running example_mats_small/hex/p1/gauss-legendre/m132.txt
Finished running in 3.111ms
Generating and Compiling example_mats_small/hex/p1/gauss-legendre/m460.txt
Running example_mats_small/hex/p1/gauss-legendre/m460.txt
Finished running in 5.352ms
Generating and Compiling example_mats_small/hex/p2/gauss-legendre-lobatto/m0.txt
Running example_mats_small/hex/p2/gauss-legendre-lobatto/m0.txt
Finished running in 13.458ms
Generating and Compiling example_mats_small/hex/p2/gauss-legendre-lobatto/m3.txt
Running example_mats_small/hex/p2/gauss-legendre-lobatto/m3.txt
Finished running in 18.447ms
Generating and Compiling example_mats_small/hex/p2/gauss-legendre-lobatto/m6.txt
Running example_mats_small/hex/p2/gauss-legendre-lobatto/m6.txt
Finished running in 30.37ms
Generating and Compiling example_mats_small/hex/p2/gauss-legendre-lobatto/m132.txt
Running example_mats_small/hex/p2/gauss-legendre-lobatto/m132.txt
Finished running in 27.23ms
Generating and Compiling example_mats_small/hex/p2/gauss-legendre-lobatto/m460.txt
Running example_mats_small/hex/p2/gauss-legendre-lobatto/m460.txt
Finished running in 22.066ms
Generating and Compiling example_mats_small/hex/p2/gauss-legendre/m0.txt
Running example_mats_small/hex/p2/gauss-legendre/m0.txt
Finished running in 16.28ms
Generating and Compiling example_mats_small/hex/p2/gauss-legendre/m3.txt
Running example_mats_small/hex/p2/gauss-legendre/m3.txt
Finished running in 19.116ms
Generating and Compiling example_mats_small/hex/p2/gauss-legendre/m6.txt
Running example_mats_small/hex/p2/gauss-legendre/m6.txt
Finished running in 31.602ms
Generating and Compiling example_mats_small/hex/p2/gauss-legendre/m132.txt
Running example_mats_small/hex/p2/gauss-legendre/m132.txt
Finished running in 27.705ms
Generating and Compiling example_mats_small/hex/p2/gauss-legendre/m460.txt
Running example_mats_small/hex/p2/gauss-legendre/m460.txt
Finished running in 21.895ms
Generating and Compiling example_mats_small/hex/p3/gauss-legendre-lobatto/m0.txt
Running example_mats_small/hex/p3/gauss-legendre-lobatto/m0.txt
Finished running in 33.558ms
Generating and Compiling example_mats_small/hex/p3/gauss-legendre-lobatto/m3.txt
Running example_mats_small/hex/p3/gauss-legendre-lobatto/m3.txt
Finished running in 43.242ms
Generating and Compiling example_mats_small/hex/p3/gauss-legendre-lobatto/m6.txt
Running example_mats_small/hex/p3/gauss-legendre-lobatto/m6.txt
Finished running in 66.624ms
Generating and Compiling example_mats_small/hex/p3/gauss-legendre-lobatto/m132.txt
Running example_mats_small/hex/p3/gauss-legendre-lobatto/m132.txt
Finished running in 75.4ms
Generating and Compiling example_mats_small/hex/p3/gauss-legendre-lobatto/m460.txt
Running example_mats_small/hex/p3/gauss-legendre-lobatto/m460.txt
Finished running in 57.585ms
Generating and Compiling example_mats_small/hex/p3/gauss-legendre/m0.txt
Running example_mats_small/hex/p3/gauss-legendre/m0.txt
Finished running in 34.917ms
Generating and Compiling example_mats_small/hex/p3/gauss-legendre/m3.txt
Running example_mats_small/hex/p3/gauss-legendre/m3.txt
Finished running in 42.312ms
Generating and Compiling example_mats_small/hex/p3/gauss-legendre/m6.txt
Running example_mats_small/hex/p3/gauss-legendre/m6.txt
Finished running in 66.522ms
Generating and Compiling example_mats_small/hex/p3/gauss-legendre/m132.txt
Running example_mats_small/hex/p3/gauss-legendre/m132.txt
Finished running in 72.852ms
Generating and Compiling example_mats_small/hex/p3/gauss-legendre/m460.txt
Running example_mats_small/hex/p3/gauss-legendre/m460.txt
Finished running in 58.78899999999999ms
Generating and Compiling example_mats_small/hex/p4/gauss-legendre-lobatto/m0.txt
Running example_mats_small/hex/p4/gauss-legendre-lobatto/m0.txt
Finished running in 58.371ms
Generating and Compiling example_mats_small/hex/p4/gauss-legendre-lobatto/m3.txt
Running example_mats_small/hex/p4/gauss-legendre-lobatto/m3.txt
Finished running in 75.383ms
Generating and Compiling example_mats_small/hex/p4/gauss-legendre-lobatto/m6.txt
Running example_mats_small/hex/p4/gauss-legendre-lobatto/m6.txt
Finished running in 121.283ms
Generating and Compiling example_mats_small/hex/p4/gauss-legendre-lobatto/m132.txt
Running example_mats_small/hex/p4/gauss-legendre-lobatto/m132.txt
Finished running in 168.083ms
Generating and Compiling example_mats_small/hex/p4/gauss-legendre-lobatto/m460.txt
Running example_mats_small/hex/p4/gauss-legendre-lobatto/m460.txt
Finished running in 136.869ms
Generating and Compiling example_mats_small/hex/p4/gauss-legendre/m0.txt
Running example_mats_small/hex/p4/gauss-legendre/m0.txt
Finished running in 67.004ms
Generating and Compiling example_mats_small/hex/p4/gauss-legendre/m3.txt
Running example_mats_small/hex/p4/gauss-legendre/m3.txt
Finished running in 75.609ms
Generating and Compiling example_mats_small/hex/p4/gauss-legendre/m6.txt
Running example_mats_small/hex/p4/gauss-legendre/m6.txt
Finished running in 121.425ms
Generating and Compiling example_mats_small/hex/p4/gauss-legendre/m132.txt
Running example_mats_small/hex/p4/gauss-legendre/m132.txt
Finished running in 172.465ms
Generating and Compiling example_mats_small/hex/p4/gauss-legendre/m460.txt
Running example_mats_small/hex/p4/gauss-legendre/m460.txt
Finished running in 138.679ms
Generating and Compiling example_mats_small/hex/p5/gauss-legendre-lobatto/m0.txt
Running example_mats_small/hex/p5/gauss-legendre-lobatto/m0.txt
Finished running in 87.483ms
Generating and Compiling example_mats_small/hex/p5/gauss-legendre-lobatto/m3.txt
Running example_mats_small/hex/p5/gauss-legendre-lobatto/m3.txt
Finished running in 113.308ms
Generating and Compiling example_mats_small/hex/p5/gauss-legendre-lobatto/m6.txt
Running example_mats_small/hex/p5/gauss-legendre-lobatto/m6.txt
Finished running in 207.298ms
Generating and Compiling example_mats_small/hex/p5/gauss-legendre/m0.txt
Running example_mats_small/hex/p5/gauss-legendre/m0.txt
Finished running in 138.511ms
Generating and Compiling example_mats_small/hex/p5/gauss-legendre/m3.txt
Running example_mats_small/hex/p5/gauss-legendre/m3.txt
Finished running in 113.012ms
Generating and Compiling example_mats_small/hex/p5/gauss-legendre/m6.txt
Running example_mats_small/hex/p5/gauss-legendre/m6.txt
Finished running in 207.244ms
Generating and Compiling example_mats_small/hex/p6/gauss-legendre-lobatto/m0.txt
Running example_mats_small/hex/p6/gauss-legendre-lobatto/m0.txt
Finished running in 122.68200000000002ms
Generating and Compiling example_mats_small/hex/p6/gauss-legendre-lobatto/m3.txt
Running example_mats_small/hex/p6/gauss-legendre-lobatto/m3.txt
Finished running in 167.985ms
Generating and Compiling example_mats_small/hex/p6/gauss-legendre-lobatto/m6.txt
Running example_mats_small/hex/p6/gauss-legendre-lobatto/m6.txt
Finished running in 322.85ms
Generating and Compiling example_mats_small/hex/p6/gauss-legendre/m0.txt
Running example_mats_small/hex/p6/gauss-legendre/m0.txt
Finished running in 279.64ms
Generating and Compiling example_mats_small/hex/p6/gauss-legendre/m3.txt
Running example_mats_small/hex/p6/gauss-legendre/m3.txt
Finished running in 168.88199999999995ms
Generating and Compiling example_mats_small/hex/p6/gauss-legendre/m6.txt
Running example_mats_small/hex/p6/gauss-legendre/m6.txt
Finished running in 323.954ms
Generating and Compiling example_mats_small/quad/p1/gauss-legendre/m0.txt
Running example_mats_small/quad/p1/gauss-legendre/m0.txt
Finished running in 1.452ms
Generating and Compiling example_mats_small/quad/p1/gauss-legendre/m3.txt
Running example_mats_small/quad/p1/gauss-legendre/m3.txt
Finished running in 1.058ms
Generating and Compiling example_mats_small/quad/p1/gauss-legendre/m6.txt
Running example_mats_small/quad/p1/gauss-legendre/m6.txt
Finished running in 1.773ms
Generating and Compiling example_mats_small/quad/p1/gauss-legendre/m132.txt
Running example_mats_small/quad/p1/gauss-legendre/m132.txt
Finished running in 1.061ms
Generating and Compiling example_mats_small/quad/p1/gauss-legendre/m460.txt
Running example_mats_small/quad/p1/gauss-legendre/m460.txt
Finished running in 1.423ms
Generating and Compiling example_mats_small/quad/p2/gauss-legendre-lobatto/m0.txt
Running example_mats_small/quad/p2/gauss-legendre-lobatto/m0.txt
Finished running in 2.657ms
Generating and Compiling example_mats_small/quad/p2/gauss-legendre-lobatto/m3.txt
Running example_mats_small/quad/p2/gauss-legendre-lobatto/m3.txt
Finished running in 2.541ms
Generating and Compiling example_mats_small/quad/p2/gauss-legendre-lobatto/m6.txt
Running example_mats_small/quad/p2/gauss-legendre-lobatto/m6.txt
Finished running in 4.261ms
Generating and Compiling example_mats_small/quad/p2/gauss-legendre-lobatto/m132.txt
Running example_mats_small/quad/p2/gauss-legendre-lobatto/m132.txt
Finished running in 2.994ms
Generating and Compiling example_mats_small/quad/p2/gauss-legendre-lobatto/m460.txt
Running example_mats_small/quad/p2/gauss-legendre-lobatto/m460.txt
Finished running in 4.045ms
Generating and Compiling example_mats_small/quad/p2/gauss-legendre/m0.txt
Running example_mats_small/quad/p2/gauss-legendre/m0.txt
Finished running in 2.6920000000000073ms
Generating and Compiling example_mats_small/quad/p2/gauss-legendre/m3.txt
Running example_mats_small/quad/p2/gauss-legendre/m3.txt
Finished running in 2.427ms
Generating and Compiling example_mats_small/quad/p2/gauss-legendre/m6.txt
Running example_mats_small/quad/p2/gauss-legendre/m6.txt
Finished running in 4.25ms
Generating and Compiling example_mats_small/quad/p2/gauss-legendre/m132.txt
Running example_mats_small/quad/p2/gauss-legendre/m132.txt
Finished running in 2.973ms
Generating and Compiling example_mats_small/quad/p2/gauss-legendre/m460.txt
Running example_mats_small/quad/p2/gauss-legendre/m460.txt
Finished running in 4.152ms
Generating and Compiling example_mats_small/quad/p3/gauss-legendre-lobatto/m0.txt
Running example_mats_small/quad/p3/gauss-legendre-lobatto/m0.txt
Finished running in 3.706ms
Generating and Compiling example_mats_small/quad/p3/gauss-legendre-lobatto/m3.txt
Running example_mats_small/quad/p3/gauss-legendre-lobatto/m3.txt
Finished running in 4.486ms
Generating and Compiling example_mats_small/quad/p3/gauss-legendre-lobatto/m6.txt
Running example_mats_small/quad/p3/gauss-legendre-lobatto/m6.txt
Finished running in 7.644ms
Generating and Compiling example_mats_small/quad/p3/gauss-legendre-lobatto/m132.txt
Running example_mats_small/quad/p3/gauss-legendre-lobatto/m132.txt
Finished running in 6.473ms
Generating and Compiling example_mats_small/quad/p3/gauss-legendre-lobatto/m460.txt
Running example_mats_small/quad/p3/gauss-legendre-lobatto/m460.txt
Finished running in 8.49ms
Generating and Compiling example_mats_small/quad/p3/gauss-legendre/m0.txt
Running example_mats_small/quad/p3/gauss-legendre/m0.txt
Finished running in 4.816ms
Generating and Compiling example_mats_small/quad/p3/gauss-legendre/m3.txt
Running example_mats_small/quad/p3/gauss-legendre/m3.txt
Finished running in 4.414ms
Generating and Compiling example_mats_small/quad/p3/gauss-legendre/m6.txt
Running example_mats_small/quad/p3/gauss-legendre/m6.txt
Finished running in 7.64ms
Generating and Compiling example_mats_small/quad/p3/gauss-legendre/m132.txt
Running example_mats_small/quad/p3/gauss-legendre/m132.txt
Finished running in 6.835ms
Generating and Compiling example_mats_small/quad/p3/gauss-legendre/m460.txt
Running example_mats_small/quad/p3/gauss-legendre/m460.txt
Finished running in 8.807ms
Generating and Compiling example_mats_small/quad/p4/gauss-legendre-lobatto/m0.txt
Running example_mats_small/quad/p4/gauss-legendre-lobatto/m0.txt
Finished running in 4.992ms
Generating and Compiling example_mats_small/quad/p4/gauss-legendre-lobatto/m3.txt
Running example_mats_small/quad/p4/gauss-legendre-lobatto/m3.txt
Finished running in 7.181ms
Generating and Compiling example_mats_small/quad/p4/gauss-legendre-lobatto/m6.txt
Running example_mats_small/quad/p4/gauss-legendre-lobatto/m6.txt
Finished running in 12.139ms
Generating and Compiling example_mats_small/quad/p4/gauss-legendre-lobatto/m132.txt
Running example_mats_small/quad/p4/gauss-legendre-lobatto/m132.txt
Finished running in 13.002ms
Generating and Compiling example_mats_small/quad/p4/gauss-legendre-lobatto/m460.txt
Running example_mats_small/quad/p4/gauss-legendre-lobatto/m460.txt
Finished running in 14.896ms
Generating and Compiling example_mats_small/quad/p4/gauss-legendre/m0.txt
Running example_mats_small/quad/p4/gauss-legendre/m0.txt
Finished running in 7.019ms
Generating and Compiling example_mats_small/quad/p4/gauss-legendre/m3.txt
Running example_mats_small/quad/p4/gauss-legendre/m3.txt
Finished running in 7.112ms
Generating and Compiling example_mats_small/quad/p4/gauss-legendre/m6.txt
Running example_mats_small/quad/p4/gauss-legendre/m6.txt
Finished running in 12.224ms
Generating and Compiling example_mats_small/quad/p4/gauss-legendre/m132.txt
Running example_mats_small/quad/p4/gauss-legendre/m132.txt
Finished running in 13.21ms
Generating and Compiling example_mats_small/quad/p4/gauss-legendre/m460.txt
Running example_mats_small/quad/p4/gauss-legendre/m460.txt
Finished running in 15.271ms
Generating and Compiling example_mats_small/quad/p5/gauss-legendre-lobatto/m0.txt
Running example_mats_small/quad/p5/gauss-legendre-lobatto/m0.txt
Finished running in 5.874ms
Generating and Compiling example_mats_small/quad/p5/gauss-legendre-lobatto/m3.txt
Running example_mats_small/quad/p5/gauss-legendre-lobatto/m3.txt
Finished running in 10.49ms
Generating and Compiling example_mats_small/quad/p5/gauss-legendre-lobatto/m6.txt
Running example_mats_small/quad/p5/gauss-legendre-lobatto/m6.txt
Finished running in 17.868000000000052ms
Generating and Compiling example_mats_small/quad/p5/gauss-legendre/m0.txt
Running example_mats_small/quad/p5/gauss-legendre/m0.txt
Finished running in 10.021ms
Generating and Compiling example_mats_small/quad/p5/gauss-legendre/m3.txt
Running example_mats_small/quad/p5/gauss-legendre/m3.txt
Finished running in 10.309ms
Generating and Compiling example_mats_small/quad/p5/gauss-legendre/m6.txt
Running example_mats_small/quad/p5/gauss-legendre/m6.txt
Finished running in 17.815ms
Generating and Compiling example_mats_small/quad/p6/gauss-legendre-lobatto/m0.txt
Running example_mats_small/quad/p6/gauss-legendre-lobatto/m0.txt
Finished running in 7.19ms
Generating and Compiling example_mats_small/quad/p6/gauss-legendre-lobatto/m3.txt
Running example_mats_small/quad/p6/gauss-legendre-lobatto/m3.txt
Finished running in 14.39ms
Generating and Compiling example_mats_small/quad/p6/gauss-legendre-lobatto/m6.txt
Running example_mats_small/quad/p6/gauss-legendre-lobatto/m6.txt
Finished running in 24.565ms
Generating and Compiling example_mats_small/quad/p6/gauss-legendre/m0.txt
Running example_mats_small/quad/p6/gauss-legendre/m0.txt
Finished running in 13.721ms
Generating and Compiling example_mats_small/quad/p6/gauss-legendre/m3.txt
Running example_mats_small/quad/p6/gauss-legendre/m3.txt
Finished running in 14.537ms
Generating and Compiling example_mats_small/quad/p6/gauss-legendre/m6.txt
Running example_mats_small/quad/p6/gauss-legendre/m6.txt
Finished running in 24.647000000000048ms
Generating and Compiling example_mats_small/tet/p1/shunn-ham/m0.txt
Running example_mats_small/tet/p1/shunn-ham/m0.txt
Finished running in 2.433ms
Generating and Compiling example_mats_small/tet/p1/shunn-ham/m3.txt
Running example_mats_small/tet/p1/shunn-ham/m3.txt
Finished running in 1.713ms
Generating and Compiling example_mats_small/tet/p1/shunn-ham/m6.txt
Running example_mats_small/tet/p1/shunn-ham/m6.txt
Finished running in 3.308ms
Generating and Compiling example_mats_small/tet/p1/shunn-ham/m132.txt
Running example_mats_small/tet/p1/shunn-ham/m132.txt
Finished running in 1.43ms
Generating and Compiling example_mats_small/tet/p1/shunn-ham/m460.txt
Running example_mats_small/tet/p1/shunn-ham/m460.txt
Finished running in 1.294ms
Generating and Compiling example_mats_small/tet/p2/shunn-ham/m0.txt
Running example_mats_small/tet/p2/shunn-ham/m0.txt
Finished running in 7.346ms
Generating and Compiling example_mats_small/tet/p2/shunn-ham/m3.txt
Running example_mats_small/tet/p2/shunn-ham/m3.txt
Finished running in 8.897000000000048ms
Generating and Compiling example_mats_small/tet/p2/shunn-ham/m6.txt
Running example_mats_small/tet/p2/shunn-ham/m6.txt
Finished running in 11.719ms
Generating and Compiling example_mats_small/tri/p1/williams-shunn/m0.txt
Running example_mats_small/tri/p1/williams-shunn/m0.txt
Finished running in 0.948ms
Generating and Compiling example_mats_small/tri/p1/williams-shunn/m3.txt
Running example_mats_small/tri/p1/williams-shunn/m3.txt
Finished running in 0.74ms
Generating and Compiling example_mats_small/tri/p1/williams-shunn/m6.txt
Running example_mats_small/tri/p1/williams-shunn/m6.txt
Finished running in 1.197ms
Generating and Compiling example_mats_small/tri/p1/williams-shunn/m132.txt
Running example_mats_small/tri/p1/williams-shunn/m132.txt
Finished running in 0.735ms
Generating and Compiling example_mats_small/tri/p1/williams-shunn/m460.txt
Running example_mats_small/tri/p1/williams-shunn/m460.txt
Finished running in 0.737ms
Generating and Compiling example_mats_small/tri/p2/williams-shunn/m0.txt
Running example_mats_small/tri/p2/williams-shunn/m0.txt
Finished running in 2.026ms
Generating and Compiling example_mats_small/tri/p2/williams-shunn/m3.txt
Running example_mats_small/tri/p2/williams-shunn/m3.txt
Finished running in 1.837ms
Generating and Compiling example_mats_small/tri/p2/williams-shunn/m6.txt
Running example_mats_small/tri/p2/williams-shunn/m6.txt
Finished running in 2.879ms
Generating and Compiling example_mats_small/tri/p2/williams-shunn/m132.txt
Running example_mats_small/tri/p2/williams-shunn/m132.txt
Finished running in 2.212ms
Generating and Compiling example_mats_small/tri/p2/williams-shunn/m460.txt
Running example_mats_small/tri/p2/williams-shunn/m460.txt
Finished running in 2.936ms
Generating and Compiling example_mats_small/tri/p3/williams-shunn/m0.txt
Running example_mats_small/tri/p3/williams-shunn/m0.txt
Finished running in 3.578ms
