Generating and Compiling synth_mats/vary_col/q_16/r_128_c_32_p_0.05_uniq_16.txt
Running synth_mats/vary_col/q_16/r_128_c_32_p_0.05_uniq_16.txt
Finished running in 29.489ms
Generating and Compiling synth_mats/vary_col/q_16/r_128_c_64_p_0.05_uniq_16.txt
Running synth_mats/vary_col/q_16/r_128_c_64_p_0.05_uniq_16.txt
Finished running in 49.301ms
Generating and Compiling synth_mats/vary_col/q_16/r_128_c_128_p_0.05_uniq_16.txt
Running synth_mats/vary_col/q_16/r_128_c_128_p_0.05_uniq_16.txt
Finished running in 76.986ms
Generating and Compiling synth_mats/vary_col/q_16/r_128_c_256_p_0.05_uniq_16.txt
Running synth_mats/vary_col/q_16/r_128_c_256_p_0.05_uniq_16.txt
Finished running in 146.15ms
Generating and Compiling synth_mats/vary_col/q_16/r_128_c_512_p_0.05_uniq_16.txt
Running synth_mats/vary_col/q_16/r_128_c_512_p_0.05_uniq_16.txt
Finished running in 371.104ms
Generating and Compiling synth_mats/vary_col/q_16/r_128_c_1024_p_0.05_uniq_16.txt
Running synth_mats/vary_col/q_16/r_128_c_1024_p_0.05_uniq_16.txt
Finished running in 838.359ms
Generating and Compiling synth_mats/vary_col/q_64/r_128_c_32_p_0.05_uniq_64.txt
Running synth_mats/vary_col/q_64/r_128_c_32_p_0.05_uniq_64.txt
Finished running in 28.062ms
Generating and Compiling synth_mats/vary_col/q_64/r_128_c_64_p_0.05_uniq_64.txt
Running synth_mats/vary_col/q_64/r_128_c_64_p_0.05_uniq_64.txt
Finished running in 49.554ms
Generating and Compiling synth_mats/vary_col/q_64/r_128_c_128_p_0.05_uniq_64.txt
Running synth_mats/vary_col/q_64/r_128_c_128_p_0.05_uniq_64.txt
Finished running in 77.292ms
Generating and Compiling synth_mats/vary_col/q_64/r_128_c_256_p_0.05_uniq_64.txt
Running synth_mats/vary_col/q_64/r_128_c_256_p_0.05_uniq_64.txt
Finished running in 144.114ms
Generating and Compiling synth_mats/vary_col/q_64/r_128_c_512_p_0.05_uniq_64.txt
Running synth_mats/vary_col/q_64/r_128_c_512_p_0.05_uniq_64.txt
Finished running in 368.619ms
Generating and Compiling synth_mats/vary_col/q_64/r_128_c_1024_p_0.05_uniq_64.txt
Running synth_mats/vary_col/q_64/r_128_c_1024_p_0.05_uniq_64.txt
Finished running in 800.131ms
Generating and Compiling synth_mats/vary_density/q_16/r_128_c_128_p_0.01_uniq_16.txt
Running synth_mats/vary_density/q_16/r_128_c_128_p_0.01_uniq_16.txt
Finished running in 42.585ms
Generating and Compiling synth_mats/vary_density/q_16/r_128_c_128_p_0.1_uniq_16.txt
Running synth_mats/vary_density/q_16/r_128_c_128_p_0.1_uniq_16.txt
Finished running in 100.752ms
Generating and Compiling synth_mats/vary_density/q_16/r_128_c_128_p_0.2_uniq_16.txt
Running synth_mats/vary_density/q_16/r_128_c_128_p_0.2_uniq_16.txt
Finished running in 152.118ms
Generating and Compiling synth_mats/vary_density/q_16/r_128_c_128_p_0.3_uniq_16.txt
Running synth_mats/vary_density/q_16/r_128_c_128_p_0.3_uniq_16.txt
Finished running in 218.033ms
Generating and Compiling synth_mats/vary_density/q_16/r_128_c_128_p_0.4_uniq_16.txt
Running synth_mats/vary_density/q_16/r_128_c_128_p_0.4_uniq_16.txt
Finished running in 285.174ms
Generating and Compiling synth_mats/vary_density/q_16/r_128_c_128_p_0.5_uniq_16.txt
Running synth_mats/vary_density/q_16/r_128_c_128_p_0.5_uniq_16.txt
Finished running in 353.418ms
Generating and Compiling synth_mats/vary_density/q_16/r_128_c_128_p_0.05_uniq_16.txt
Running synth_mats/vary_density/q_16/r_128_c_128_p_0.05_uniq_16.txt
Finished running in 75.336ms
Generating and Compiling synth_mats/vary_density/q_16/r_128_c_128_p_0.15_uniq_16.txt
Running synth_mats/vary_density/q_16/r_128_c_128_p_0.15_uniq_16.txt
Finished running in 120.736ms
Generating and Compiling synth_mats/vary_density/q_16/r_128_c_128_p_0.025_uniq_16.txt
Running synth_mats/vary_density/q_16/r_128_c_128_p_0.025_uniq_16.txt
Finished running in 63.315ms
Generating and Compiling synth_mats/vary_density/q_16/r_128_c_128_p_0.25_uniq_16.txt
Running synth_mats/vary_density/q_16/r_128_c_128_p_0.25_uniq_16.txt
Finished running in 184.872ms
Generating and Compiling synth_mats/vary_density/q_16/r_128_c_128_p_0.075_uniq_16.txt
Running synth_mats/vary_density/q_16/r_128_c_128_p_0.075_uniq_16.txt
Finished running in 89.303ms
Generating and Compiling synth_mats/vary_density/q_16/r_128_c_128_p_0.125_uniq_16.txt
Running synth_mats/vary_density/q_16/r_128_c_128_p_0.125_uniq_16.txt
Finished running in 107.697ms
Generating and Compiling synth_mats/vary_density/q_64/r_128_c_128_p_0.1_uniq_64.txt
Running synth_mats/vary_density/q_64/r_128_c_128_p_0.1_uniq_64.txt
Finished running in 98.992ms
Generating and Compiling synth_mats/vary_density/q_64/r_128_c_128_p_0.01_uniq_64.txt
Running synth_mats/vary_density/q_64/r_128_c_128_p_0.01_uniq_64.txt
Finished running in 42.949ms
Generating and Compiling synth_mats/vary_density/q_64/r_128_c_128_p_0.2_uniq_64.txt
Running synth_mats/vary_density/q_64/r_128_c_128_p_0.2_uniq_64.txt
Finished running in 152.491ms
Generating and Compiling synth_mats/vary_density/q_64/r_128_c_128_p_0.3_uniq_64.txt
Running synth_mats/vary_density/q_64/r_128_c_128_p_0.3_uniq_64.txt
Finished running in 176.505ms
Generating and Compiling synth_mats/vary_density/q_64/r_128_c_128_p_0.4_uniq_64.txt
Running synth_mats/vary_density/q_64/r_128_c_128_p_0.4_uniq_64.txt
Finished running in 176.68100000000004ms
Generating and Compiling synth_mats/vary_density/q_64/r_128_c_128_p_0.05_uniq_64.txt
Running synth_mats/vary_density/q_64/r_128_c_128_p_0.05_uniq_64.txt
Finished running in 77.766ms
Generating and Compiling synth_mats/vary_density/q_64/r_128_c_128_p_0.5_uniq_64.txt
Running synth_mats/vary_density/q_64/r_128_c_128_p_0.5_uniq_64.txt
Finished running in 175.838ms
Generating and Compiling synth_mats/vary_density/q_64/r_128_c_128_p_0.15_uniq_64.txt
Running synth_mats/vary_density/q_64/r_128_c_128_p_0.15_uniq_64.txt
Finished running in 121.512ms
Generating and Compiling synth_mats/vary_density/q_64/r_128_c_128_p_0.025_uniq_64.txt
Running synth_mats/vary_density/q_64/r_128_c_128_p_0.025_uniq_64.txt
Finished running in 62.728ms
Generating and Compiling synth_mats/vary_density/q_64/r_128_c_128_p_0.25_uniq_64.txt
Running synth_mats/vary_density/q_64/r_128_c_128_p_0.25_uniq_64.txt
Finished running in 176.675ms
Generating and Compiling synth_mats/vary_density/q_64/r_128_c_128_p_0.075_uniq_64.txt
Running synth_mats/vary_density/q_64/r_128_c_128_p_0.075_uniq_64.txt
Finished running in 86.738ms
Generating and Compiling synth_mats/vary_density/q_64/r_128_c_128_p_0.125_uniq_64.txt
Running synth_mats/vary_density/q_64/r_128_c_128_p_0.125_uniq_64.txt
Finished running in 108.505ms
Generating and Compiling synth_mats/vary_row/q_16/r_32_c_128_p_0.05_uniq_16.txt
Running synth_mats/vary_row/q_16/r_32_c_128_p_0.05_uniq_16.txt
Finished running in 32.262ms
Generating and Compiling synth_mats/vary_row/q_16/r_64_c_128_p_0.05_uniq_16.txt
Running synth_mats/vary_row/q_16/r_64_c_128_p_0.05_uniq_16.txt
Finished running in 49.226ms
Generating and Compiling synth_mats/vary_row/q_16/r_128_c_128_p_0.05_uniq_16.txt
Running synth_mats/vary_row/q_16/r_128_c_128_p_0.05_uniq_16.txt
Finished running in 76.88ms
Generating and Compiling synth_mats/vary_row/q_16/r_256_c_128_p_0.05_uniq_16.txt
Running synth_mats/vary_row/q_16/r_256_c_128_p_0.05_uniq_16.txt
Finished running in 124.314ms
Generating and Compiling synth_mats/vary_row/q_16/r_512_c_128_p_0.05_uniq_16.txt
Running synth_mats/vary_row/q_16/r_512_c_128_p_0.05_uniq_16.txt
Finished running in 221.816ms
Generating and Compiling synth_mats/vary_row/q_16/r_1024_c_128_p_0.05_uniq_16.txt
Running synth_mats/vary_row/q_16/r_1024_c_128_p_0.05_uniq_16.txt
Finished running in 425.846ms
Generating and Compiling synth_mats/vary_row/q_64/r_32_c_128_p_0.05_uniq_64.txt
Running synth_mats/vary_row/q_64/r_32_c_128_p_0.05_uniq_64.txt
Finished running in 31.845ms
Generating and Compiling synth_mats/vary_row/q_64/r_64_c_128_p_0.05_uniq_64.txt
Running synth_mats/vary_row/q_64/r_64_c_128_p_0.05_uniq_64.txt
Finished running in 50.554ms
Generating and Compiling synth_mats/vary_row/q_64/r_128_c_128_p_0.05_uniq_64.txt
Running synth_mats/vary_row/q_64/r_128_c_128_p_0.05_uniq_64.txt
Finished running in 75.28ms
Generating and Compiling synth_mats/vary_row/q_64/r_256_c_128_p_0.05_uniq_64.txt
Running synth_mats/vary_row/q_64/r_256_c_128_p_0.05_uniq_64.txt
Finished running in 124.363ms
Generating and Compiling synth_mats/vary_row/q_64/r_512_c_128_p_0.05_uniq_64.txt
Running synth_mats/vary_row/q_64/r_512_c_128_p_0.05_uniq_64.txt
Finished running in 223.392ms
Generating and Compiling synth_mats/vary_row/q_64/r_1024_c_128_p_0.05_uniq_64.txt
Running synth_mats/vary_row/q_64/r_1024_c_128_p_0.05_uniq_64.txt
Finished running in 428.57399999999996ms
Generating and Compiling synth_mats/vary_unique/r_128_c_128_p_0.05_uniq_8.txt
Running synth_mats/vary_unique/r_128_c_128_p_0.05_uniq_8.txt
Finished running in 77.494ms
Generating and Compiling synth_mats/vary_unique/r_128_c_128_p_0.05_uniq_16.txt
Running synth_mats/vary_unique/r_128_c_128_p_0.05_uniq_16.txt
Finished running in 77.374ms
Generating and Compiling synth_mats/vary_unique/r_128_c_128_p_0.05_uniq_24.txt
Running synth_mats/vary_unique/r_128_c_128_p_0.05_uniq_24.txt
Finished running in 76.964ms
Generating and Compiling synth_mats/vary_unique/r_128_c_128_p_0.05_uniq_31.txt
Running synth_mats/vary_unique/r_128_c_128_p_0.05_uniq_31.txt
Finished running in 77.329ms
Generating and Compiling synth_mats/vary_unique/r_128_c_128_p_0.05_uniq_40.txt
Running synth_mats/vary_unique/r_128_c_128_p_0.05_uniq_40.txt
Finished running in 75.891ms
Generating and Compiling synth_mats/vary_unique/r_128_c_128_p_0.05_uniq_48.txt
Running synth_mats/vary_unique/r_128_c_128_p_0.05_uniq_48.txt
Finished running in 75.83ms
Generating and Compiling synth_mats/vary_unique/r_128_c_128_p_0.05_uniq_56.txt
Running synth_mats/vary_unique/r_128_c_128_p_0.05_uniq_56.txt
Finished running in 76.026ms
Generating and Compiling synth_mats/vary_unique/r_128_c_128_p_0.05_uniq_64.txt
Running synth_mats/vary_unique/r_128_c_128_p_0.05_uniq_64.txt
Finished running in 75.686ms
Generating and Compiling synth_mats/vary_unique/r_128_c_128_p_0.05_uniq_78.txt
Running synth_mats/vary_unique/r_128_c_128_p_0.05_uniq_78.txt
Finished running in 75.006ms
Generating and Compiling synth_mats/vary_unique/r_128_c_128_p_0.05_uniq_96.txt
Running synth_mats/vary_unique/r_128_c_128_p_0.05_uniq_96.txt
Finished running in 75.718ms
Generating and Compiling synth_mats/vary_unique/r_128_c_128_p_0.05_uniq_112.txt
Running synth_mats/vary_unique/r_128_c_128_p_0.05_uniq_112.txt
Finished running in 78.195ms
Generating and Compiling synth_mats/vary_unique/r_128_c_128_p_0.05_uniq_120.txt
Running synth_mats/vary_unique/r_128_c_128_p_0.05_uniq_120.txt
Finished running in 78.512ms
Generating and Compiling synth_mats/vary_unique/r_128_c_128_p_0.05_uniq_128.txt
Running synth_mats/vary_unique/r_128_c_128_p_0.05_uniq_128.txt
Finished running in 176.81899999999996ms
