Generating and Compiling example_mats_med/hex/p1/gauss-legendre/m0.txt
Running example_mats_med/hex/p1/gauss-legendre/m0.txt with number of columns in B = 1398101
Finished running in 43.698ms
Generating and Compiling example_mats_med/hex/p1/gauss-legendre/m3.txt
Running example_mats_med/hex/p1/gauss-legendre/m3.txt with number of columns in B = 1398101
Finished running in 27.461ms
Generating and Compiling example_mats_med/hex/p1/gauss-legendre/m6.txt
Running example_mats_med/hex/p1/gauss-legendre/m6.txt with number of columns in B = 1398101
Finished running in 49.032ms
Generating and Compiling example_mats_med/hex/p1/gauss-legendre/m132.txt
Running example_mats_med/hex/p1/gauss-legendre/m132.txt with number of columns in B = 1398101
Finished running in 27.528ms
Generating and Compiling example_mats_med/hex/p1/gauss-legendre/m460.txt
Running example_mats_med/hex/p1/gauss-legendre/m460.txt with number of columns in B = 1398101
Finished running in 43.469ms
Generating and Compiling example_mats_med/hex/p2/gauss-legendre-lobatto/m0.txt
Running example_mats_med/hex/p2/gauss-legendre-lobatto/m0.txt with number of columns in B = 621378
Finished running in 43.924ms
Generating and Compiling example_mats_med/hex/p2/gauss-legendre-lobatto/m3.txt
Running example_mats_med/hex/p2/gauss-legendre-lobatto/m3.txt with number of columns in B = 621378
Finished running in 65.91ms
Generating and Compiling example_mats_med/hex/p2/gauss-legendre-lobatto/m6.txt
Running example_mats_med/hex/p2/gauss-legendre-lobatto/m6.txt with number of columns in B = 414252
Finished running in 69.131ms
Generating and Compiling example_mats_med/hex/p2/gauss-legendre-lobatto/m132.txt
Running example_mats_med/hex/p2/gauss-legendre-lobatto/m132.txt with number of columns in B = 414252
Finished running in 63.034ms
Generating and Compiling example_mats_med/hex/p2/gauss-legendre-lobatto/m460.txt
Running example_mats_med/hex/p2/gauss-legendre-lobatto/m460.txt with number of columns in B = 414252
Finished running in 56.61ms
Generating and Compiling example_mats_med/hex/p2/gauss-legendre/m0.txt
Running example_mats_med/hex/p2/gauss-legendre/m0.txt with number of columns in B = 621378
Finished running in 49.587ms
Generating and Compiling example_mats_med/hex/p2/gauss-legendre/m3.txt
Running example_mats_med/hex/p2/gauss-legendre/m3.txt with number of columns in B = 621378
Finished running in 65.155ms
Generating and Compiling example_mats_med/hex/p2/gauss-legendre/m6.txt
Running example_mats_med/hex/p2/gauss-legendre/m6.txt with number of columns in B = 414252
Finished running in 68.713ms
Generating and Compiling example_mats_med/hex/p2/gauss-legendre/m132.txt
Running example_mats_med/hex/p2/gauss-legendre/m132.txt with number of columns in B = 414252
Finished running in 61.275ms
Generating and Compiling example_mats_med/hex/p2/gauss-legendre/m460.txt
Running example_mats_med/hex/p2/gauss-legendre/m460.txt with number of columns in B = 414252
Finished running in 57.141ms
Generating and Compiling example_mats_med/hex/p3/gauss-legendre-lobatto/m0.txt
Running example_mats_med/hex/p3/gauss-legendre-lobatto/m0.txt with number of columns in B = 349525
Finished running in 64.603ms
Generating and Compiling example_mats_med/hex/p3/gauss-legendre-lobatto/m3.txt
Running example_mats_med/hex/p3/gauss-legendre-lobatto/m3.txt with number of columns in B = 349525
Finished running in 74.497ms
Generating and Compiling example_mats_med/hex/p3/gauss-legendre-lobatto/m6.txt
Running example_mats_med/hex/p3/gauss-legendre-lobatto/m6.txt with number of columns in B = 174762
Finished running in 63.706ms
Generating and Compiling example_mats_med/hex/p3/gauss-legendre-lobatto/m132.txt
Running example_mats_med/hex/p3/gauss-legendre-lobatto/m132.txt with number of columns in B = 174762
Finished running in 69.675ms
Generating and Compiling example_mats_med/hex/p3/gauss-legendre-lobatto/m460.txt
Running example_mats_med/hex/p3/gauss-legendre-lobatto/m460.txt with number of columns in B = 174762
Finished running in 63.23ms
Generating and Compiling example_mats_med/hex/p3/gauss-legendre/m0.txt
Running example_mats_med/hex/p3/gauss-legendre/m0.txt with number of columns in B = 349525
Finished running in 77.788ms
Generating and Compiling example_mats_med/hex/p3/gauss-legendre/m3.txt
Running example_mats_med/hex/p3/gauss-legendre/m3.txt with number of columns in B = 349525
Finished running in 74.91ms
Generating and Compiling example_mats_med/hex/p3/gauss-legendre/m6.txt
Running example_mats_med/hex/p3/gauss-legendre/m6.txt with number of columns in B = 174762
Finished running in 62.706ms
Generating and Compiling example_mats_med/hex/p3/gauss-legendre/m132.txt
Running example_mats_med/hex/p3/gauss-legendre/m132.txt with number of columns in B = 174762
Finished running in 71.992ms
Generating and Compiling example_mats_med/hex/p3/gauss-legendre/m460.txt
Running example_mats_med/hex/p3/gauss-legendre/m460.txt with number of columns in B = 174762
Finished running in 62.981ms
Generating and Compiling example_mats_med/hex/p4/gauss-legendre-lobatto/m0.txt
Running example_mats_med/hex/p4/gauss-legendre-lobatto/m0.txt with number of columns in B = 223696
Finished running in 68.991ms
Generating and Compiling example_mats_med/hex/p4/gauss-legendre-lobatto/m3.txt
Running example_mats_med/hex/p4/gauss-legendre-lobatto/m3.txt with number of columns in B = 223696
Finished running in 89.345ms
Generating and Compiling example_mats_med/hex/p4/gauss-legendre-lobatto/m6.txt
Running example_mats_med/hex/p4/gauss-legendre-lobatto/m6.txt with number of columns in B = 89478
Finished running in 59.308ms
Generating and Compiling example_mats_med/hex/p4/gauss-legendre-lobatto/m132.txt
Running example_mats_med/hex/p4/gauss-legendre-lobatto/m132.txt with number of columns in B = 89478
Finished running in 67.935ms
Generating and Compiling example_mats_med/hex/p4/gauss-legendre-lobatto/m460.txt
Running example_mats_med/hex/p4/gauss-legendre-lobatto/m460.txt with number of columns in B = 89478
Finished running in 64.6ms
Generating and Compiling example_mats_med/hex/p4/gauss-legendre/m0.txt
Running example_mats_med/hex/p4/gauss-legendre/m0.txt with number of columns in B = 223696
Finished running in 95.504ms
Generating and Compiling example_mats_med/hex/p4/gauss-legendre/m3.txt
Running example_mats_med/hex/p4/gauss-legendre/m3.txt with number of columns in B = 223696
Finished running in 84.712ms
Generating and Compiling example_mats_med/hex/p4/gauss-legendre/m6.txt
Running example_mats_med/hex/p4/gauss-legendre/m6.txt with number of columns in B = 89478
Finished running in 59.41ms
Generating and Compiling example_mats_med/hex/p4/gauss-legendre/m132.txt
Running example_mats_med/hex/p4/gauss-legendre/m132.txt with number of columns in B = 89478
Finished running in 69.569ms
Generating and Compiling example_mats_med/hex/p4/gauss-legendre/m460.txt
Running example_mats_med/hex/p4/gauss-legendre/m460.txt with number of columns in B = 89478
Finished running in 65.551ms
Generating and Compiling example_mats_med/hex/p5/gauss-legendre-lobatto/m0.txt
Running example_mats_med/hex/p5/gauss-legendre-lobatto/m0.txt with number of columns in B = 155344
Finished running in 70.16ms
Generating and Compiling example_mats_med/hex/p5/gauss-legendre-lobatto/m3.txt
Running example_mats_med/hex/p5/gauss-legendre-lobatto/m3.txt with number of columns in B = 155344
Finished running in 94.493ms
Generating and Compiling example_mats_med/hex/p5/gauss-legendre-lobatto/m6.txt
Running example_mats_med/hex/p5/gauss-legendre-lobatto/m6.txt with number of columns in B = 51781
Finished running in 58.844ms
Generating and Compiling example_mats_med/hex/p5/gauss-legendre-lobatto/m132.txt
Running example_mats_med/hex/p5/gauss-legendre-lobatto/m132.txt with number of columns in B = 51781
Finished running in 72.357ms
Generating and Compiling example_mats_med/hex/p5/gauss-legendre-lobatto/m460.txt
Running example_mats_med/hex/p5/gauss-legendre-lobatto/m460.txt with number of columns in B = 51781
Finished running in 67.791ms
Generating and Compiling example_mats_med/hex/p5/gauss-legendre/m0.txt
Running example_mats_med/hex/p5/gauss-legendre/m0.txt with number of columns in B = 155344
Finished running in 106.891ms
Generating and Compiling example_mats_med/hex/p5/gauss-legendre/m3.txt
Running example_mats_med/hex/p5/gauss-legendre/m3.txt with number of columns in B = 155344
Finished running in 95.024ms
Generating and Compiling example_mats_med/hex/p5/gauss-legendre/m6.txt
Running example_mats_med/hex/p5/gauss-legendre/m6.txt with number of columns in B = 51781
Finished running in 58.953ms
Generating and Compiling example_mats_med/hex/p5/gauss-legendre/m132.txt
Running example_mats_med/hex/p5/gauss-legendre/m132.txt with number of columns in B = 51781
Finished running in 75.525ms
Generating and Compiling example_mats_med/hex/p5/gauss-legendre/m460.txt
Running example_mats_med/hex/p5/gauss-legendre/m460.txt with number of columns in B = 51781
Finished running in 69.635ms
Generating and Compiling example_mats_med/hex/p6/gauss-legendre-lobatto/m0.txt
Running example_mats_med/hex/p6/gauss-legendre-lobatto/m0.txt with number of columns in B = 97826
Finished running in 64.547ms
Generating and Compiling example_mats_med/hex/p6/gauss-legendre-lobatto/m3.txt
Running example_mats_med/hex/p6/gauss-legendre-lobatto/m3.txt with number of columns in B = 97826
Finished running in 100.12ms
Generating and Compiling example_mats_med/hex/p6/gauss-legendre-lobatto/m6.txt
Running example_mats_med/hex/p6/gauss-legendre-lobatto/m6.txt with number of columns in B = 32608
Finished running in 68.753ms
Generating and Compiling example_mats_med/hex/p6/gauss-legendre-lobatto/m132.txt
Running example_mats_med/hex/p6/gauss-legendre-lobatto/m132.txt with number of columns in B = 32608
Finished running in 1416.617ms
Generating and Compiling example_mats_med/hex/p6/gauss-legendre-lobatto/m460.txt
Running example_mats_med/hex/p6/gauss-legendre-lobatto/m460.txt with number of columns in B = 32608
Finished running in 548.817ms
Generating and Compiling example_mats_med/hex/p6/gauss-legendre/m0.txt
Running example_mats_med/hex/p6/gauss-legendre/m0.txt with number of columns in B = 97826
Finished running in 171.614ms
Generating and Compiling example_mats_med/hex/p6/gauss-legendre/m3.txt
Running example_mats_med/hex/p6/gauss-legendre/m3.txt with number of columns in B = 97826
Finished running in 99.006ms
Generating and Compiling example_mats_med/hex/p6/gauss-legendre/m6.txt
Running example_mats_med/hex/p6/gauss-legendre/m6.txt with number of columns in B = 32608
Finished running in 70.082ms
Generating and Compiling example_mats_med/hex/p6/gauss-legendre/m132.txt
Running example_mats_med/hex/p6/gauss-legendre/m132.txt with number of columns in B = 32608
Finished running in 1415.911ms
Generating and Compiling example_mats_med/hex/p6/gauss-legendre/m460.txt
Running example_mats_med/hex/p6/gauss-legendre/m460.txt with number of columns in B = 32608
Finished running in 556.425ms
Generating and Compiling example_mats_med/quad/p1/gauss-legendre/m0.txt
Running example_mats_med/quad/p1/gauss-legendre/m0.txt with number of columns in B = 4194304
Finished running in 43.996ms
Generating and Compiling example_mats_med/quad/p1/gauss-legendre/m3.txt
Running example_mats_med/quad/p1/gauss-legendre/m3.txt with number of columns in B = 4194304
Finished running in 32.975ms
Generating and Compiling example_mats_med/quad/p1/gauss-legendre/m6.txt
Running example_mats_med/quad/p1/gauss-legendre/m6.txt with number of columns in B = 4194304
Finished running in 49.851ms
Generating and Compiling example_mats_med/quad/p1/gauss-legendre/m132.txt
Running example_mats_med/quad/p1/gauss-legendre/m132.txt with number of columns in B = 4194304
Finished running in 32.967ms
Generating and Compiling example_mats_med/quad/p1/gauss-legendre/m460.txt
Running example_mats_med/quad/p1/gauss-legendre/m460.txt with number of columns in B = 4194304
Finished running in 43.868ms
Generating and Compiling example_mats_med/quad/p2/gauss-legendre-lobatto/m0.txt
Running example_mats_med/quad/p2/gauss-legendre-lobatto/m0.txt with number of columns in B = 2796202
Finished running in 43.88900000000001ms
Generating and Compiling example_mats_med/quad/p2/gauss-legendre-lobatto/m3.txt
Running example_mats_med/quad/p2/gauss-legendre-lobatto/m3.txt with number of columns in B = 2796202
Finished running in 40.604ms
Generating and Compiling example_mats_med/quad/p2/gauss-legendre-lobatto/m6.txt
Running example_mats_med/quad/p2/gauss-legendre-lobatto/m6.txt with number of columns in B = 1864135
Finished running in 45.122ms
Generating and Compiling example_mats_med/quad/p2/gauss-legendre-lobatto/m132.txt
Running example_mats_med/quad/p2/gauss-legendre-lobatto/m132.txt with number of columns in B = 1864135
Finished running in 33.111ms
Generating and Compiling example_mats_med/quad/p2/gauss-legendre-lobatto/m460.txt
Running example_mats_med/quad/p2/gauss-legendre-lobatto/m460.txt with number of columns in B = 1864135
Finished running in 45.311ms
Generating and Compiling example_mats_med/quad/p2/gauss-legendre/m0.txt
Running example_mats_med/quad/p2/gauss-legendre/m0.txt with number of columns in B = 2796202
Finished running in 48.146ms
Generating and Compiling example_mats_med/quad/p2/gauss-legendre/m3.txt
Running example_mats_med/quad/p2/gauss-legendre/m3.txt with number of columns in B = 2796202
Finished running in 40.981ms
Generating and Compiling example_mats_med/quad/p2/gauss-legendre/m6.txt
Running example_mats_med/quad/p2/gauss-legendre/m6.txt with number of columns in B = 1864135
Finished running in 45.064ms
Generating and Compiling example_mats_med/quad/p2/gauss-legendre/m132.txt
Running example_mats_med/quad/p2/gauss-legendre/m132.txt with number of columns in B = 1864135
Finished running in 33.168ms
Generating and Compiling example_mats_med/quad/p2/gauss-legendre/m460.txt
Running example_mats_med/quad/p2/gauss-legendre/m460.txt with number of columns in B = 1864135
Finished running in 45.426ms
Generating and Compiling example_mats_med/quad/p3/gauss-legendre-lobatto/m0.txt
Running example_mats_med/quad/p3/gauss-legendre-lobatto/m0.txt with number of columns in B = 2097152
Finished running in 48.009ms
Generating and Compiling example_mats_med/quad/p3/gauss-legendre-lobatto/m3.txt
Running example_mats_med/quad/p3/gauss-legendre-lobatto/m3.txt with number of columns in B = 2097152
Finished running in 57.611ms
Generating and Compiling example_mats_med/quad/p3/gauss-legendre-lobatto/m6.txt
Running example_mats_med/quad/p3/gauss-legendre-lobatto/m6.txt with number of columns in B = 1048576
Finished running in 46.241ms
Generating and Compiling example_mats_med/quad/p3/gauss-legendre-lobatto/m132.txt
Running example_mats_med/quad/p3/gauss-legendre-lobatto/m132.txt with number of columns in B = 1048576
Finished running in 89.41ms
Generating and Compiling example_mats_med/quad/p3/gauss-legendre-lobatto/m460.txt
Running example_mats_med/quad/p3/gauss-legendre-lobatto/m460.txt with number of columns in B = 1048576
Finished running in 53.72ms
Generating and Compiling example_mats_med/quad/p3/gauss-legendre/m0.txt
Running example_mats_med/quad/p3/gauss-legendre/m0.txt with number of columns in B = 2097152
Finished running in 64.729ms
Generating and Compiling example_mats_med/quad/p3/gauss-legendre/m3.txt
Running example_mats_med/quad/p3/gauss-legendre/m3.txt with number of columns in B = 2097152
Finished running in 58.005ms
Generating and Compiling example_mats_med/quad/p3/gauss-legendre/m6.txt
Running example_mats_med/quad/p3/gauss-legendre/m6.txt with number of columns in B = 1048576
Finished running in 46.058ms
Generating and Compiling example_mats_med/quad/p3/gauss-legendre/m132.txt
Running example_mats_med/quad/p3/gauss-legendre/m132.txt with number of columns in B = 1048576
Finished running in 98.309ms
Generating and Compiling example_mats_med/quad/p3/gauss-legendre/m460.txt
Running example_mats_med/quad/p3/gauss-legendre/m460.txt with number of columns in B = 1048576
Finished running in 55.489ms
Generating and Compiling example_mats_med/quad/p4/gauss-legendre-lobatto/m0.txt
Running example_mats_med/quad/p4/gauss-legendre-lobatto/m0.txt with number of columns in B = 1342177
Finished running in 36.44ms
Generating and Compiling example_mats_med/quad/p4/gauss-legendre-lobatto/m3.txt
Running example_mats_med/quad/p4/gauss-legendre-lobatto/m3.txt with number of columns in B = 1342177
Finished running in 51.337ms
Generating and Compiling example_mats_med/quad/p4/gauss-legendre-lobatto/m6.txt
Running example_mats_med/quad/p4/gauss-legendre-lobatto/m6.txt with number of columns in B = 671088
Finished running in 44.142ms
Generating and Compiling example_mats_med/quad/p4/gauss-legendre-lobatto/m132.txt
Running example_mats_med/quad/p4/gauss-legendre-lobatto/m132.txt with number of columns in B = 671088
Finished running in 69.904ms
Generating and Compiling example_mats_med/quad/p4/gauss-legendre-lobatto/m460.txt
Running example_mats_med/quad/p4/gauss-legendre-lobatto/m460.txt with number of columns in B = 671088
Finished running in 50.446ms
Generating and Compiling example_mats_med/quad/p4/gauss-legendre/m0.txt
Running example_mats_med/quad/p4/gauss-legendre/m0.txt with number of columns in B = 1342177
Finished running in 48.524ms
Generating and Compiling example_mats_med/quad/p4/gauss-legendre/m3.txt
Running example_mats_med/quad/p4/gauss-legendre/m3.txt with number of columns in B = 1342177
Finished running in 51.682ms
Generating and Compiling example_mats_med/quad/p4/gauss-legendre/m6.txt
Running example_mats_med/quad/p4/gauss-legendre/m6.txt with number of columns in B = 671088
Finished running in 44.051ms
Generating and Compiling example_mats_med/quad/p4/gauss-legendre/m132.txt
Running example_mats_med/quad/p4/gauss-legendre/m132.txt with number of columns in B = 671088
Finished running in 70.295ms
Generating and Compiling example_mats_med/quad/p4/gauss-legendre/m460.txt
Running example_mats_med/quad/p4/gauss-legendre/m460.txt with number of columns in B = 671088
Finished running in 51.103ms
Generating and Compiling example_mats_med/quad/p5/gauss-legendre-lobatto/m0.txt
Running example_mats_med/quad/p5/gauss-legendre-lobatto/m0.txt with number of columns in B = 932067
Finished running in 31.05ms
Generating and Compiling example_mats_med/quad/p5/gauss-legendre-lobatto/m3.txt
Running example_mats_med/quad/p5/gauss-legendre-lobatto/m3.txt with number of columns in B = 932067
Finished running in 51.22ms
Generating and Compiling example_mats_med/quad/p5/gauss-legendre-lobatto/m6.txt
Running example_mats_med/quad/p5/gauss-legendre-lobatto/m6.txt with number of columns in B = 466033
Finished running in 44.361ms
Generating and Compiling example_mats_med/quad/p5/gauss-legendre-lobatto/m132.txt
Running example_mats_med/quad/p5/gauss-legendre-lobatto/m132.txt with number of columns in B = 466033
Finished running in 74.651ms
Generating and Compiling example_mats_med/quad/p5/gauss-legendre-lobatto/m460.txt
Running example_mats_med/quad/p5/gauss-legendre-lobatto/m460.txt with number of columns in B = 466033
Finished running in 54.934ms
Generating and Compiling example_mats_med/quad/p5/gauss-legendre/m0.txt
Running example_mats_med/quad/p5/gauss-legendre/m0.txt with number of columns in B = 932067
Finished running in 43.658ms
Generating and Compiling example_mats_med/quad/p5/gauss-legendre/m3.txt
Running example_mats_med/quad/p5/gauss-legendre/m3.txt with number of columns in B = 932067
Finished running in 51.329ms
Generating and Compiling example_mats_med/quad/p5/gauss-legendre/m6.txt
Running example_mats_med/quad/p5/gauss-legendre/m6.txt with number of columns in B = 466033
Finished running in 44.25ms
Generating and Compiling example_mats_med/quad/p5/gauss-legendre/m132.txt
Running example_mats_med/quad/p5/gauss-legendre/m132.txt with number of columns in B = 466033
Finished running in 75.426ms
Generating and Compiling example_mats_med/quad/p5/gauss-legendre/m460.txt
Running example_mats_med/quad/p5/gauss-legendre/m460.txt with number of columns in B = 466033
Finished running in 54.417ms
Generating and Compiling example_mats_med/quad/p6/gauss-legendre-lobatto/m0.txt
Running example_mats_med/quad/p6/gauss-legendre-lobatto/m0.txt with number of columns in B = 684784
Finished running in 26.724ms
Generating and Compiling example_mats_med/quad/p6/gauss-legendre-lobatto/m3.txt
Running example_mats_med/quad/p6/gauss-legendre-lobatto/m3.txt with number of columns in B = 684784
Finished running in 49.948ms
Generating and Compiling example_mats_med/quad/p6/gauss-legendre-lobatto/m6.txt
Running example_mats_med/quad/p6/gauss-legendre-lobatto/m6.txt with number of columns in B = 342392
Finished running in 43.461ms
Generating and Compiling example_mats_med/quad/p6/gauss-legendre-lobatto/m132.txt
Running example_mats_med/quad/p6/gauss-legendre-lobatto/m132.txt with number of columns in B = 342392
Finished running in 77.478ms
Generating and Compiling example_mats_med/quad/p6/gauss-legendre-lobatto/m460.txt
Running example_mats_med/quad/p6/gauss-legendre-lobatto/m460.txt with number of columns in B = 342392
Finished running in 69.518ms
Generating and Compiling example_mats_med/quad/p6/gauss-legendre/m0.txt
Running example_mats_med/quad/p6/gauss-legendre/m0.txt with number of columns in B = 684784
Finished running in 72.548ms
Generating and Compiling example_mats_med/quad/p6/gauss-legendre/m3.txt
Running example_mats_med/quad/p6/gauss-legendre/m3.txt with number of columns in B = 684784
Finished running in 49.72ms
Generating and Compiling example_mats_med/quad/p6/gauss-legendre/m6.txt
Running example_mats_med/quad/p6/gauss-legendre/m6.txt with number of columns in B = 342392
Finished running in 43.735ms
Generating and Compiling example_mats_med/quad/p6/gauss-legendre/m132.txt
Running example_mats_med/quad/p6/gauss-legendre/m132.txt with number of columns in B = 342392
Finished running in 77.45ms
Generating and Compiling example_mats_med/quad/p6/gauss-legendre/m460.txt
Running example_mats_med/quad/p6/gauss-legendre/m460.txt with number of columns in B = 342392
Finished running in 70.832ms
Generating and Compiling example_mats_med/tet/p1/shunn-ham/m0.txt
Running example_mats_med/tet/p1/shunn-ham/m0.txt with number of columns in B = 2796202
Finished running in 44.387ms
Generating and Compiling example_mats_med/tet/p1/shunn-ham/m3.txt
Running example_mats_med/tet/p1/shunn-ham/m3.txt with number of columns in B = 2796202
Finished running in 29.847ms
Generating and Compiling example_mats_med/tet/p1/shunn-ham/m6.txt
Running example_mats_med/tet/p1/shunn-ham/m6.txt with number of columns in B = 2796202
Finished running in 52.475ms
Generating and Compiling example_mats_med/tet/p1/shunn-ham/m132.txt
Running example_mats_med/tet/p1/shunn-ham/m132.txt with number of columns in B = 2796202
Finished running in 26.323ms
Generating and Compiling example_mats_med/tet/p1/shunn-ham/m460.txt
Running example_mats_med/tet/p1/shunn-ham/m460.txt with number of columns in B = 2796202
Finished running in 23.602ms
Generating and Compiling example_mats_med/tet/p2/shunn-ham/m0.txt
Running example_mats_med/tet/p2/shunn-ham/m0.txt with number of columns in B = 1398101
Finished running in 58.047ms
Generating and Compiling example_mats_med/tet/p2/shunn-ham/m3.txt
Running example_mats_med/tet/p2/shunn-ham/m3.txt with number of columns in B = 1398101
Finished running in 51.79ms
Generating and Compiling example_mats_med/tet/p2/shunn-ham/m6.txt
Running example_mats_med/tet/p2/shunn-ham/m6.txt with number of columns in B = 1118481
Finished running in 70.432ms
Generating and Compiling example_mats_med/tet/p2/shunn-ham/m132.txt
Running example_mats_med/tet/p2/shunn-ham/m132.txt with number of columns in B = 1118481
Finished running in 64.2ms
Generating and Compiling example_mats_med/tet/p2/shunn-ham/m460.txt
Running example_mats_med/tet/p2/shunn-ham/m460.txt with number of columns in B = 1118481
Finished running in 41.629ms
Generating and Compiling example_mats_med/tet/p3/shunn-ham/m0.txt
Running example_mats_med/tet/p3/shunn-ham/m0.txt with number of columns in B = 838860
Finished running in 65.298ms
Generating and Compiling example_mats_med/tet/p3/shunn-ham/m3.txt
Running example_mats_med/tet/p3/shunn-ham/m3.txt with number of columns in B = 838860
Finished running in 70.482ms
Generating and Compiling example_mats_med/tet/p3/shunn-ham/m6.txt
Running example_mats_med/tet/p3/shunn-ham/m6.txt with number of columns in B = 559240
Finished running in 93.422ms
Generating and Compiling example_mats_med/tet/p4/shunn-ham/m0.txt
Running example_mats_med/tet/p4/shunn-ham/m0.txt with number of columns in B = 559240
Finished running in 88.352ms
Generating and Compiling example_mats_med/tri/p1/williams-shunn/m0.txt
Running example_mats_med/tri/p1/williams-shunn/m0.txt with number of columns in B = 5592405
Finished running in 45.721ms
Generating and Compiling example_mats_med/tri/p1/williams-shunn/m3.txt
Running example_mats_med/tri/p1/williams-shunn/m3.txt with number of columns in B = 5592405
Finished running in 30.532ms
Generating and Compiling example_mats_med/tri/p1/williams-shunn/m6.txt
Running example_mats_med/tri/p1/williams-shunn/m6.txt with number of columns in B = 5592405
Finished running in 49.766ms
Generating and Compiling example_mats_med/tri/p1/williams-shunn/m132.txt
Running example_mats_med/tri/p1/williams-shunn/m132.txt with number of columns in B = 5592405
Finished running in 29.39ms
Generating and Compiling example_mats_med/tri/p1/williams-shunn/m460.txt
Running example_mats_med/tri/p1/williams-shunn/m460.txt with number of columns in B = 5592405
Finished running in 29.83ms
Generating and Compiling example_mats_med/tri/p2/williams-shunn/m0.txt
Running example_mats_med/tri/p2/williams-shunn/m0.txt with number of columns in B = 3728270
Finished running in 49.4ms
Generating and Compiling example_mats_med/tri/p2/williams-shunn/m3.txt
Running example_mats_med/tri/p2/williams-shunn/m3.txt with number of columns in B = 3728270
Finished running in 41.917ms
Generating and Compiling example_mats_med/tri/p2/williams-shunn/m6.txt
Running example_mats_med/tri/p2/williams-shunn/m6.txt with number of columns in B = 2796202
Finished running in 50.757ms
Generating and Compiling example_mats_med/tri/p2/williams-shunn/m132.txt
Running example_mats_med/tri/p2/williams-shunn/m132.txt with number of columns in B = 2796202
Finished running in 36.692ms
Generating and Compiling example_mats_med/tri/p2/williams-shunn/m460.txt
Running example_mats_med/tri/p2/williams-shunn/m460.txt with number of columns in B = 2796202
Finished running in 48.017ms
Generating and Compiling example_mats_med/tri/p3/williams-shunn/m0.txt
Running example_mats_med/tri/p3/williams-shunn/m0.txt with number of columns in B = 2796202
Finished running in 59.901ms
Generating and Compiling example_mats_med/tri/p3/williams-shunn/m3.txt
Running example_mats_med/tri/p3/williams-shunn/m3.txt with number of columns in B = 2796202
Finished running in 42.214ms
Generating and Compiling example_mats_med/tri/p3/williams-shunn/m6.txt
Running example_mats_med/tri/p3/williams-shunn/m6.txt with number of columns in B = 1677721
Finished running in 44.327ms
Generating and Compiling example_mats_med/tri/p3/williams-shunn/m132.txt
Running example_mats_med/tri/p3/williams-shunn/m132.txt with number of columns in B = 1677721
Finished running in 52.115ms
Generating and Compiling example_mats_med/tri/p3/williams-shunn/m460.txt
Running example_mats_med/tri/p3/williams-shunn/m460.txt with number of columns in B = 1677721
Finished running in 42.801ms
Generating and Compiling example_mats_med/tri/p4/williams-shunn/m0.txt
Running example_mats_med/tri/p4/williams-shunn/m0.txt with number of columns in B = 2236962
Finished running in 62.406ms
Generating and Compiling example_mats_med/tri/p4/williams-shunn/m3.txt
Running example_mats_med/tri/p4/williams-shunn/m3.txt with number of columns in B = 2236962
Finished running in 62.445ms
Generating and Compiling example_mats_med/tri/p4/williams-shunn/m6.txt
Running example_mats_med/tri/p4/williams-shunn/m6.txt with number of columns in B = 1118481
Finished running in 50.765ms
Generating and Compiling example_mats_med/tri/p5/williams-shunn/m0.txt
Running example_mats_med/tri/p5/williams-shunn/m0.txt with number of columns in B = 1597830
Finished running in 68.777ms
Generating and Compiling example_mats_med/tri/p6/williams-shunn/m0.txt
Running example_mats_med/tri/p6/williams-shunn/m0.txt with number of columns in B = 1198372
Finished running in 67.117ms
