Generating and Compiling example_mats_l240/tet/p3/shunn-ham/m132.txt
Running example_mats_l240/tet/p3/shunn-ham/m132.txt
Finished running in 26.033ms
Generating and Compiling example_mats_l240/tet/p3/shunn-ham/m460.txt
Running example_mats_l240/tet/p3/shunn-ham/m460.txt
Finished running in 21.04ms
Generating and Compiling example_mats_l240/tet/p4/shunn-ham/m3.txt
Running example_mats_l240/tet/p4/shunn-ham/m3.txt
Finished running in 30.201000000000022ms
Generating and Compiling example_mats_l240/tet/p4/shunn-ham/m6.txt
Running example_mats_l240/tet/p4/shunn-ham/m6.txt
Finished running in 73.063ms
Generating and Compiling example_mats_l240/tet/p5/shunn-ham/m0.txt
Running example_mats_l240/tet/p5/shunn-ham/m0.txt
Finished running in 57.69ms
Generating and Compiling example_mats_l240/tri/p4/williams-shunn/m132.txt
Running example_mats_l240/tri/p4/williams-shunn/m132.txt
Finished running in 9.268ms
Generating and Compiling example_mats_l240/tri/p4/williams-shunn/m460.txt
Running example_mats_l240/tri/p4/williams-shunn/m460.txt
Finished running in 9.716ms
Generating and Compiling example_mats_l240/tri/p6/williams-shunn/m3.txt
Running example_mats_l240/tri/p6/williams-shunn/m3.txt
Finished running in 9.88ms
Generating and Compiling example_mats_l240/tri/p6/williams-shunn/m6.txt
Running example_mats_l240/tri/p6/williams-shunn/m6.txt
Finished running in 19.036ms
